  Using 'git status' to determine working set for adaptive non-unity build.
  Performing 3 actions (4 in parallel)
  RyzenCharacter.cpp
C:\Users\logix\Desktop\RAProject\RA-Git\Ryzen\Source\Ryzen\RyzenCharacter.cpp : warning C4828: The file contains a character starting at offset 0x1b88 that is illegal in the current source character set (codepage 65001).
C:\Users\logix\Desktop\RAProject\RA-Git\Ryzen\Source\Ryzen\RyzenCharacter.cpp : warning C4828: The file contains a character starting at offset 0x1b89 that is illegal in the current source character set (codepage 65001).
C:\Users\logix\Desktop\RAProject\RA-Git\Ryzen\Source\Ryzen\RyzenCharacter.cpp : warning C4828: The file contains a character starting at offset 0x1b8f that is illegal in the current source character set (codepage 65001).
C:\Users\logix\Desktop\RAProject\RA-Git\Ryzen\Source\Ryzen\RyzenCharacter.cpp : warning C4828: The file contains a character starting at offset 0x1b90 that is illegal in the current source character set (codepage 65001).
C:\Users\logix\Desktop\RAProject\RA-Git\Ryzen\Source\Ryzen\RyzenCharacter.cpp : warning C4828: The file contains a character starting at offset 0x1b91 that is illegal in the current source character set (codepage 65001).
C:\Users\logix\Desktop\RAProject\RA-Git\Ryzen\Source\Ryzen\RyzenCharacter.cpp : warning C4828: The file contains a character starting at offset 0x1b92 that is illegal in the current source character set (codepage 65001).
C:\Users\logix\Desktop\RAProject\RA-Git\Ryzen\Source\Ryzen\RyzenCharacter.cpp : warning C4828: The file contains a character starting at offset 0x1b96 that is illegal in the current source character set (codepage 65001).
C:\Users\logix\Desktop\RAProject\RA-Git\Ryzen\Source\Ryzen\RyzenCharacter.cpp : warning C4828: The file contains a character starting at offset 0x1b97 that is illegal in the current source character set (codepage 65001).
C:\Users\logix\Desktop\RAProject\RA-Git\Ryzen\Source\Ryzen\RyzenCharacter.cpp : warning C4828: The file contains a character starting at offset 0x1c1a that is illegal in the current source character set (codepage 65001).
C:\Users\logix\Desktop\RAProject\RA-Git\Ryzen\Source\Ryzen\RyzenCharacter.cpp : warning C4828: The file contains a character starting at offset 0x1c1e that is illegal in the current source character set (codepage 65001).
C:\Users\logix\Desktop\RAProject\RA-Git\Ryzen\Source\Ryzen\RyzenCharacter.cpp : warning C4828: The file contains a character starting at offset 0x1c1f that is illegal in the current source character set (codepage 65001).
C:\Users\logix\Desktop\RAProject\RA-Git\Ryzen\Source\Ryzen\RyzenCharacter.cpp : warning C4828: The file contains a character starting at offset 0x1c21 that is illegal in the current source character set (codepage 65001).
C:\Users\logix\Desktop\RAProject\RA-Git\Ryzen\Source\Ryzen\RyzenCharacter.cpp : warning C4828: The file contains a character starting at offset 0x1c22 that is illegal in the current source character set (codepage 65001).
C:\Users\logix\Desktop\RAProject\RA-Git\Ryzen\Source\Ryzen\RyzenCharacter.cpp : warning C4828: The file contains a character starting at offset 0x1c23 that is illegal in the current source character set (codepage 65001).
C:\Users\logix\Desktop\RAProject\RA-Git\Ryzen\Source\Ryzen\RyzenCharacter.cpp : warning C4828: The file contains a character starting at offset 0x1c24 that is illegal in the current source character set (codepage 65001).
C:\Users\logix\Desktop\RAProject\RA-Git\Ryzen\Source\Ryzen\RyzenCharacter.cpp : warning C4828: The file contains a character starting at offset 0x1c39 that is illegal in the current source character set (codepage 65001).
C:\Users\logix\Desktop\RAProject\RA-Git\Ryzen\Source\Ryzen\RyzenCharacter.cpp : warning C4828: The file contains a character starting at offset 0x1c3a that is illegal in the current source character set (codepage 65001).
C:\Users\logix\Desktop\RAProject\RA-Git\Ryzen\Source\Ryzen\RyzenCharacter.cpp : warning C4828: The file contains a character starting at offset 0x1c3c that is illegal in the current source character set (codepage 65001).
C:\Users\logix\Desktop\RAProject\RA-Git\Ryzen\Source\Ryzen\RyzenCharacter.cpp : warning C4828: The file contains a character starting at offset 0x1c3d that is illegal in the current source character set (codepage 65001).
C:\Users\logix\Desktop\RAProject\RA-Git\Ryzen\Source\Ryzen\RyzenCharacter.cpp : warning C4828: The file contains a character starting at offset 0x1c3e that is illegal in the current source character set (codepage 65001).
C:\Users\logix\Desktop\RAProject\RA-Git\Ryzen\Source\Ryzen\RyzenCharacter.cpp : warning C4828: The file contains a character starting at offset 0x1c3f that is illegal in the current source character set (codepage 65001).
C:\Users\logix\Desktop\RAProject\RA-Git\Ryzen\Source\Ryzen\RyzenCharacter.cpp : warning C4828: The file contains a character starting at offset 0x1c43 that is illegal in the current source character set (codepage 65001).
C:\Users\logix\Desktop\RAProject\RA-Git\Ryzen\Source\Ryzen\RyzenCharacter.cpp : warning C4828: The file contains a character starting at offset 0x1c45 that is illegal in the current source character set (codepage 65001).
C:\Users\logix\Desktop\RAProject\RA-Git\Ryzen\Source\Ryzen\RyzenCharacter.cpp : warning C4828: The file contains a character starting at offset 0x1c46 that is illegal in the current source character set (codepage 65001).
C:\Users\logix\Desktop\RAProject\RA-Git\Ryzen\Source\Ryzen\RyzenCharacter.cpp : warning C4828: The file contains a character starting at offset 0x1c4a that is illegal in the current source character set (codepage 65001).
C:\Users\logix\Desktop\RAProject\RA-Git\Ryzen\Source\Ryzen\RyzenCharacter.cpp : warning C4828: The file contains a character starting at offset 0x1c4c that is illegal in the current source character set (codepage 65001).
C:\Users\logix\Desktop\RAProject\RA-Git\Ryzen\Source\Ryzen\RyzenCharacter.cpp : warning C4828: The file contains a character starting at offset 0x1c50 that is illegal in the current source character set (codepage 65001).
C:\Users\logix\Desktop\RAProject\RA-Git\Ryzen\Source\Ryzen\RyzenCharacter.cpp : warning C4828: The file contains a character starting at offset 0x1c51 that is illegal in the current source character set (codepage 65001).
C:\Users\logix\Desktop\RAProject\RA-Git\Ryzen\Source\Ryzen\RyzenCharacter.cpp : warning C4828: The file contains a character starting at offset 0x1c53 that is illegal in the current source character set (codepage 65001).
C:\Users\logix\Desktop\RAProject\RA-Git\Ryzen\Source\Ryzen\RyzenCharacter.cpp : warning C4828: The file contains a character starting at offset 0x1c55 that is illegal in the current source character set (codepage 65001).
C:\Users\logix\Desktop\RAProject\RA-Git\Ryzen\Source\Ryzen\RyzenCharacter.cpp : warning C4828: The file contains a character starting at offset 0x1c56 that is illegal in the current source character set (codepage 65001).
C:\Users\logix\Desktop\RAProject\RA-Git\Ryzen\Source\Ryzen\RyzenCharacter.cpp : warning C4828: The file contains a character starting at offset 0x1ccb that is illegal in the current source character set (codepage 65001).
C:\Users\logix\Desktop\RAProject\RA-Git\Ryzen\Source\Ryzen\RyzenCharacter.cpp : warning C4828: The file contains a character starting at offset 0x1ccc that is illegal in the current source character set (codepage 65001).
C:\Users\logix\Desktop\RAProject\RA-Git\Ryzen\Source\Ryzen\RyzenCharacter.cpp : warning C4828: The file contains a character starting at offset 0x1cce that is illegal in the current source character set (codepage 65001).
C:\Users\logix\Desktop\RAProject\RA-Git\Ryzen\Source\Ryzen\RyzenCharacter.cpp : warning C4828: The file contains a character starting at offset 0x1cd0 that is illegal in the current source character set (codepage 65001).
C:\Users\logix\Desktop\RAProject\RA-Git\Ryzen\Source\Ryzen\RyzenCharacter.cpp : warning C4828: The file contains a character starting at offset 0x1cd1 that is illegal in the current source character set (codepage 65001).
C:\Users\logix\Desktop\RAProject\RA-Git\Ryzen\Source\Ryzen\RyzenCharacter.cpp : warning C4828: The file contains a character starting at offset 0x1cd4 that is illegal in the current source character set (codepage 65001).
C:\Users\logix\Desktop\RAProject\RA-Git\Ryzen\Source\Ryzen\RyzenCharacter.cpp : warning C4828: The file contains a character starting at offset 0x1cd7 that is illegal in the current source character set (codepage 65001).
C:\Users\logix\Desktop\RAProject\RA-Git\Ryzen\Source\Ryzen\RyzenCharacter.cpp : warning C4828: The file contains a character starting at offset 0x1cda that is illegal in the current source character set (codepage 65001).
C:\Users\logix\Desktop\RAProject\RA-Git\Ryzen\Source\Ryzen\RyzenCharacter.cpp : warning C4828: The file contains a character starting at offset 0x1cdb that is illegal in the current source character set (codepage 65001).
C:\Users\logix\Desktop\RAProject\RA-Git\Ryzen\Source\Ryzen\RyzenCharacter.cpp : warning C4828: The file contains a character starting at offset 0x1cdc that is illegal in the current source character set (codepage 65001).
C:\Users\logix\Desktop\RAProject\RA-Git\Ryzen\Source\Ryzen\RyzenCharacter.cpp : warning C4828: The file contains a character starting at offset 0x1cde that is illegal in the current source character set (codepage 65001).
C:\Users\logix\Desktop\RAProject\RA-Git\Ryzen\Source\Ryzen\RyzenCharacter.cpp : warning C4828: The file contains a character starting at offset 0x1ce3 that is illegal in the current source character set (codepage 65001).
C:\Users\logix\Desktop\RAProject\RA-Git\Ryzen\Source\Ryzen\RyzenCharacter.cpp : warning C4828: The file contains a character starting at offset 0x1cf4 that is illegal in the current source character set (codepage 65001).
C:\Users\logix\Desktop\RAProject\RA-Git\Ryzen\Source\Ryzen\RyzenCharacter.cpp : warning C4828: The file contains a character starting at offset 0x1cf5 that is illegal in the current source character set (codepage 65001).
C:\Users\logix\Desktop\RAProject\RA-Git\Ryzen\Source\Ryzen\RyzenCharacter.cpp : warning C4828: The file contains a character starting at offset 0x1cf9 that is illegal in the current source character set (codepage 65001).
C:\Users\logix\Desktop\RAProject\RA-Git\Ryzen\Source\Ryzen\RyzenCharacter.cpp : warning C4828: The file contains a character starting at offset 0x1cfa that is illegal in the current source character set (codepage 65001).
C:\Users\logix\Desktop\RAProject\RA-Git\Ryzen\Source\Ryzen\RyzenCharacter.cpp : warning C4828: The file contains a character starting at offset 0x1cfd that is illegal in the current source character set (codepage 65001).
C:\Users\logix\Desktop\RAProject\RA-Git\Ryzen\Source\Ryzen\RyzenCharacter.cpp : warning C4828: The file contains a character starting at offset 0x1cfe that is illegal in the current source character set (codepage 65001).
C:\Users\logix\Desktop\RAProject\RA-Git\Ryzen\Source\Ryzen\RyzenCharacter.cpp : warning C4828: The file contains a character starting at offset 0x1d00 that is illegal in the current source character set (codepage 65001).
C:\Users\logix\Desktop\RAProject\RA-Git\Ryzen\Source\Ryzen\RyzenCharacter.cpp : warning C4828: The file contains a character starting at offset 0x1e35 that is illegal in the current source character set (codepage 65001).
C:\Users\logix\Desktop\RAProject\RA-Git\Ryzen\Source\Ryzen\RyzenCharacter.cpp : warning C4828: The file contains a character starting at offset 0x1e36 that is illegal in the current source character set (codepage 65001).
C:\Users\logix\Desktop\RAProject\RA-Git\Ryzen\Source\Ryzen\RyzenCharacter.cpp : warning C4828: The file contains a character starting at offset 0x1e3d that is illegal in the current source character set (codepage 65001).
C:\Users\logix\Desktop\RAProject\RA-Git\Ryzen\Source\Ryzen\RyzenCharacter.cpp : warning C4828: The file contains a character starting at offset 0x1e3e that is illegal in the current source character set (codepage 65001).
C:\Users\logix\Desktop\RAProject\RA-Git\Ryzen\Source\Ryzen\RyzenCharacter.cpp : warning C4828: The file contains a character starting at offset 0x1e40 that is illegal in the current source character set (codepage 65001).
C:\Users\logix\Desktop\RAProject\RA-Git\Ryzen\Source\Ryzen\RyzenCharacter.cpp : warning C4828: The file contains a character starting at offset 0x1e41 that is illegal in the current source character set (codepage 65001).
C:\Users\logix\Desktop\RAProject\RA-Git\Ryzen\Source\Ryzen\RyzenCharacter.cpp : warning C4828: The file contains a character starting at offset 0x1e43 that is illegal in the current source character set (codepage 65001).
C:\Users\logix\Desktop\RAProject\RA-Git\Ryzen\Source\Ryzen\RyzenCharacter.cpp : warning C4828: The file contains a character starting at offset 0x1e47 that is illegal in the current source character set (codepage 65001).
C:\Users\logix\Desktop\RAProject\RA-Git\Ryzen\Source\Ryzen\RyzenCharacter.cpp : warning C4828: The file contains a character starting at offset 0x1e48 that is illegal in the current source character set (codepage 65001).
C:\Users\logix\Desktop\RAProject\RA-Git\Ryzen\Source\Ryzen\RyzenCharacter.cpp : warning C4828: The file contains a character starting at offset 0x1e4a that is illegal in the current source character set (codepage 65001).
C:\Users\logix\Desktop\RAProject\RA-Git\Ryzen\Source\Ryzen\RyzenCharacter.cpp : warning C4828: The file contains a character starting at offset 0x1e4b that is illegal in the current source character set (codepage 65001).
C:\Users\logix\Desktop\RAProject\RA-Git\Ryzen\Source\Ryzen\RyzenCharacter.cpp : warning C4828: The file contains a character starting at offset 0x1e4e that is illegal in the current source character set (codepage 65001).
C:\Users\logix\Desktop\RAProject\RA-Git\Ryzen\Source\Ryzen\RyzenCharacter.cpp : warning C4828: The file contains a character starting at offset 0x1e4f that is illegal in the current source character set (codepage 65001).
C:\Users\logix\Desktop\RAProject\RA-Git\Ryzen\Source\Ryzen\RyzenCharacter.cpp : warning C4828: The file contains a character starting at offset 0x1e51 that is illegal in the current source character set (codepage 65001).
C:\Users\logix\Desktop\RAProject\RA-Git\Ryzen\Source\Ryzen\RyzenCharacter.cpp : warning C4828: The file contains a character starting at offset 0x1e58 that is illegal in the current source character set (codepage 65001).
C:\Users\logix\Desktop\RAProject\RA-Git\Ryzen\Source\Ryzen\RyzenCharacter.cpp : warning C4828: The file contains a character starting at offset 0x1e5a that is illegal in the current source character set (codepage 65001).
C:\Users\logix\Desktop\RAProject\RA-Git\Ryzen\Source\Ryzen\RyzenCharacter.cpp : warning C4828: The file contains a character starting at offset 0x1e5b that is illegal in the current source character set (codepage 65001).
C:\Users\logix\Desktop\RAProject\RA-Git\Ryzen\Source\Ryzen\RyzenCharacter.cpp : warning C4828: The file contains a character starting at offset 0x1e5d that is illegal in the current source character set (codepage 65001).
C:\Users\logix\Desktop\RAProject\RA-Git\Ryzen\Source\Ryzen\RyzenCharacter.cpp : warning C4828: The file contains a character starting at offset 0x1e61 that is illegal in the current source character set (codepage 65001).
C:\Users\logix\Desktop\RAProject\RA-Git\Ryzen\Source\Ryzen\RyzenCharacter.cpp : warning C4828: The file contains a character starting at offset 0x1e62 that is illegal in the current source character set (codepage 65001).
C:\Users\logix\Desktop\RAProject\RA-Git\Ryzen\Source\Ryzen\RyzenCharacter.cpp : warning C4828: The file contains a character starting at offset 0x1e63 that is illegal in the current source character set (codepage 65001).
C:\Users\logix\Desktop\RAProject\RA-Git\Ryzen\Source\Ryzen\RyzenCharacter.cpp : warning C4828: The file contains a character starting at offset 0x1e64 that is illegal in the current source character set (codepage 65001).
C:\Users\logix\Desktop\RAProject\RA-Git\Ryzen\Source\Ryzen\RyzenCharacter.cpp : warning C4828: The file contains a character starting at offset 0x1e66 that is illegal in the current source character set (codepage 65001).
C:\Users\logix\Desktop\RAProject\RA-Git\Ryzen\Source\Ryzen\RyzenCharacter.cpp : warning C4828: The file contains a character starting at offset 0x1e6a that is illegal in the current source character set (codepage 65001).
C:\Users\logix\Desktop\RAProject\RA-Git\Ryzen\Source\Ryzen\RyzenCharacter.cpp : warning C4828: The file contains a character starting at offset 0x1e6d that is illegal in the current source character set (codepage 65001).
C:\Users\logix\Desktop\RAProject\RA-Git\Ryzen\Source\Ryzen\RyzenCharacter.cpp : warning C4828: The file contains a character starting at offset 0x1e6f that is illegal in the current source character set (codepage 65001).
C:\Users\logix\Desktop\RAProject\RA-Git\Ryzen\Source\Ryzen\RyzenCharacter.cpp : warning C4828: The file contains a character starting at offset 0x1e73 that is illegal in the current source character set (codepage 65001).
C:\Users\logix\Desktop\RAProject\RA-Git\Ryzen\Source\Ryzen\RyzenCharacter.cpp : warning C4828: The file contains a character starting at offset 0x1e75 that is illegal in the current source character set (codepage 65001).
C:\Users\logix\Desktop\RAProject\RA-Git\Ryzen\Source\Ryzen\RyzenCharacter.cpp : warning C4828: The file contains a character starting at offset 0x1e76 that is illegal in the current source character set (codepage 65001).
C:\Users\logix\Desktop\RAProject\RA-Git\Ryzen\Source\Ryzen\RyzenCharacter.cpp : warning C4828: The file contains a character starting at offset 0x1e7a that is illegal in the current source character set (codepage 65001).
C:\Users\logix\Desktop\RAProject\RA-Git\Ryzen\Source\Ryzen\RyzenCharacter.cpp : warning C4828: The file contains a character starting at offset 0x1e7c that is illegal in the current source character set (codepage 65001).
C:\Users\logix\Desktop\RAProject\RA-Git\Ryzen\Source\Ryzen\RyzenCharacter.cpp : warning C4828: The file contains a character starting at offset 0x1e7e that is illegal in the current source character set (codepage 65001).
C:\Users\logix\Desktop\RAProject\RA-Git\Ryzen\Source\Ryzen\RyzenCharacter.cpp : warning C4828: The file contains a character starting at offset 0x1e7f that is illegal in the current source character set (codepage 65001).
C:\Users\logix\Desktop\RAProject\RA-Git\Ryzen\Source\Ryzen\RyzenCharacter.cpp : warning C4828: The file contains a character starting at offset 0x1f01 that is illegal in the current source character set (codepage 65001).
C:\Users\logix\Desktop\RAProject\RA-Git\Ryzen\Source\Ryzen\RyzenCharacter.cpp : warning C4828: The file contains a character starting at offset 0x1f02 that is illegal in the current source character set (codepage 65001).
C:\Users\logix\Desktop\RAProject\RA-Git\Ryzen\Source\Ryzen\RyzenCharacter.cpp : warning C4828: The file contains a character starting at offset 0x1f10 that is illegal in the current source character set (codepage 65001).
C:\Users\logix\Desktop\RAProject\RA-Git\Ryzen\Source\Ryzen\RyzenCharacter.cpp : warning C4828: The file contains a character starting at offset 0x1f11 that is illegal in the current source character set (codepage 65001).
C:\Users\logix\Desktop\RAProject\RA-Git\Ryzen\Source\Ryzen\RyzenCharacter.cpp : warning C4828: The file contains a character starting at offset 0x1f12 that is illegal in the current source character set (codepage 65001).
C:\Users\logix\Desktop\RAProject\RA-Git\Ryzen\Source\Ryzen\RyzenCharacter.cpp : warning C4828: The file contains a character starting at offset 0x1f13 that is illegal in the current source character set (codepage 65001).
C:\Users\logix\Desktop\RAProject\RA-Git\Ryzen\Source\Ryzen\RyzenCharacter.cpp : warning C4828: The file contains a character starting at offset 0x1f15 that is illegal in the current source character set (codepage 65001).
C:\Users\logix\Desktop\RAProject\RA-Git\Ryzen\Source\Ryzen\RyzenCharacter.cpp : warning C4828: The file contains a character starting at offset 0x1f17 that is illegal in the current source character set (codepage 65001).
C:\Users\logix\Desktop\RAProject\RA-Git\Ryzen\Source\Ryzen\RyzenCharacter.cpp : warning C4828: The file contains a character starting at offset 0x1f18 that is illegal in the current source character set (codepage 65001).
C:\Users\logix\Desktop\RAProject\RA-Git\Ryzen\Source\Ryzen\RyzenCharacter.cpp : warning C4828: The file contains a character starting at offset 0x1f1b that is illegal in the current source character set (codepage 65001).
C:\Users\logix\Desktop\RAProject\RA-Git\Ryzen\Source\Ryzen\RyzenCharacter.cpp : warning C4828: The file contains a character starting at offset 0x1f1c that is illegal in the current source character set (codepage 65001).
C:\Users\logix\Desktop\RAProject\RA-Git\Ryzen\Source\Ryzen\RyzenCharacter.cpp : warning C4828: The file contains a character starting at offset 0x1f1e that is illegal in the current source character set (codepage 65001).
C:\Users\logix\Desktop\RAProject\RA-Git\Ryzen\Source\Ryzen\RyzenCharacter.cpp : warning C4828: The file contains a character starting at offset 0x1f21 that is illegal in the current source character set (codepage 65001).
C:\Users\logix\Desktop\RAProject\RA-Git\Ryzen\Source\Ryzen\RyzenCharacter.cpp : warning C4828: The file contains a character starting at offset 0x1f23 that is illegal in the current source character set (codepage 65001).
C:\Users\logix\Desktop\RAProject\RA-Git\Ryzen\Source\Ryzen\RyzenCharacter.cpp : warning C4828: The file contains a character starting at offset 0x1f27 that is illegal in the current source character set (codepage 65001).
C:\Users\logix\Desktop\RAProject\RA-Git\Ryzen\Source\Ryzen\RyzenCharacter.cpp : warning C4828: The file contains a character starting at offset 0x1f28 that is illegal in the current source character set (codepage 65001).
C:\Users\logix\Desktop\RAProject\RA-Git\Ryzen\Source\Ryzen\RyzenCharacter.cpp : warning C4828: The file contains a character starting at offset 0x1f2c that is illegal in the current source character set (codepage 65001).
C:\Users\logix\Desktop\RAProject\RA-Git\Ryzen\Source\Ryzen\RyzenCharacter.cpp : warning C4828: The file contains a character starting at offset 0x1f2e that is illegal in the current source character set (codepage 65001).
C:\Users\logix\Desktop\RAProject\RA-Git\Ryzen\Source\Ryzen\RyzenCharacter.cpp : warning C4828: The file contains a character starting at offset 0x1f30 that is illegal in the current source character set (codepage 65001).
C:\Users\logix\Desktop\RAProject\RA-Git\Ryzen\Source\Ryzen\RyzenCharacter.cpp : warning C4828: The file contains a character starting at offset 0x1f31 that is illegal in the current source character set (codepage 65001).
C:\Users\logix\Desktop\RAProject\RA-Git\Ryzen\Source\Ryzen\RyzenCharacter.cpp : warning C4828: The file contains a character starting at offset 0x1f73 that is illegal in the current source character set (codepage 65001).
C:\Users\logix\Desktop\RAProject\RA-Git\Ryzen\Source\Ryzen\RyzenCharacter.cpp : warning C4828: The file contains a character starting at offset 0x1f74 that is illegal in the current source character set (codepage 65001).
C:\Users\logix\Desktop\RAProject\RA-Git\Ryzen\Source\Ryzen\RyzenCharacter.cpp : warning C4828: The file contains a character starting at offset 0x1f76 that is illegal in the current source character set (codepage 65001).
C:\Users\logix\Desktop\RAProject\RA-Git\Ryzen\Source\Ryzen\RyzenCharacter.cpp : warning C4828: The file contains a character starting at offset 0x1f7a that is illegal in the current source character set (codepage 65001).
C:\Users\logix\Desktop\RAProject\RA-Git\Ryzen\Source\Ryzen\RyzenCharacter.cpp : warning C4828: The file contains a character starting at offset 0x1f7d that is illegal in the current source character set (codepage 65001).
C:\Users\logix\Desktop\RAProject\RA-Git\Ryzen\Source\Ryzen\RyzenCharacter.cpp : warning C4828: The file contains a character starting at offset 0x1f7f that is illegal in the current source character set (codepage 65001).
C:\Users\logix\Desktop\RAProject\RA-Git\Ryzen\Source\Ryzen\RyzenCharacter.cpp : warning C4828: The file contains a character starting at offset 0x1f80 that is illegal in the current source character set (codepage 65001).
C:\Users\logix\Desktop\RAProject\RA-Git\Ryzen\Source\Ryzen\RyzenCharacter.cpp : warning C4828: The file contains a character starting at offset 0x1f82 that is illegal in the current source character set (codepage 65001).
C:\Users\logix\Desktop\RAProject\RA-Git\Ryzen\Source\Ryzen\RyzenCharacter.cpp : warning C4828: The file contains a character starting at offset 0x204b that is illegal in the current source character set (codepage 65001).
C:\Users\logix\Desktop\RAProject\RA-Git\Ryzen\Source\Ryzen\RyzenCharacter.cpp : warning C4828: The file contains a character starting at offset 0x204c that is illegal in the current source character set (codepage 65001).
C:\Users\logix\Desktop\RAProject\RA-Git\Ryzen\Source\Ryzen\RyzenCharacter.cpp : warning C4828: The file contains a character starting at offset 0x204d that is illegal in the current source character set (codepage 65001).
C:\Users\logix\Desktop\RAProject\RA-Git\Ryzen\Source\Ryzen\RyzenCharacter.cpp : warning C4828: The file contains a character starting at offset 0x2050 that is illegal in the current source character set (codepage 65001).
C:\Users\logix\Desktop\RAProject\RA-Git\Ryzen\Source\Ryzen\RyzenCharacter.cpp : warning C4828: The file contains a character starting at offset 0x2051 that is illegal in the current source character set (codepage 65001).
C:\Users\logix\Desktop\RAProject\RA-Git\Ryzen\Source\Ryzen\RyzenCharacter.cpp : warning C4828: The file contains a character starting at offset 0x2054 that is illegal in the current source character set (codepage 65001).
C:\Users\logix\Desktop\RAProject\RA-Git\Ryzen\Source\Ryzen\RyzenCharacter.cpp : warning C4828: The file contains a character starting at offset 0x2055 that is illegal in the current source character set (codepage 65001).
C:\Users\logix\Desktop\RAProject\RA-Git\Ryzen\Source\Ryzen\RyzenCharacter.cpp : warning C4828: The file contains a character starting at offset 0x2060 that is illegal in the current source character set (codepage 65001).
C:\Users\logix\Desktop\RAProject\RA-Git\Ryzen\Source\Ryzen\RyzenCharacter.cpp : warning C4828: The file contains a character starting at offset 0x2061 that is illegal in the current source character set (codepage 65001).
C:\Users\logix\Desktop\RAProject\RA-Git\Ryzen\Source\Ryzen\RyzenCharacter.cpp : warning C4828: The file contains a character starting at offset 0x2069 that is illegal in the current source character set (codepage 65001).
C:\Users\logix\Desktop\RAProject\RA-Git\Ryzen\Source\Ryzen\RyzenCharacter.cpp : warning C4828: The file contains a character starting at offset 0x206b that is illegal in the current source character set (codepage 65001).
C:\Users\logix\Desktop\RAProject\RA-Git\Ryzen\Source\Ryzen\RyzenCharacter.cpp : warning C4828: The file contains a character starting at offset 0x206c that is illegal in the current source character set (codepage 65001).
C:\Users\logix\Desktop\RAProject\RA-Git\Ryzen\Source\Ryzen\RyzenCharacter.cpp : warning C4828: The file contains a character starting at offset 0x2077 that is illegal in the current source character set (codepage 65001).
C:\Users\logix\Desktop\RAProject\RA-Git\Ryzen\Source\Ryzen\RyzenCharacter.cpp : warning C4828: The file contains a character starting at offset 0x2078 that is illegal in the current source character set (codepage 65001).
C:\Users\logix\Desktop\RAProject\RA-Git\Ryzen\Source\Ryzen\RyzenCharacter.cpp : warning C4828: The file contains a character starting at offset 0x207d that is illegal in the current source character set (codepage 65001).
C:\Users\logix\Desktop\RAProject\RA-Git\Ryzen\Source\Ryzen\RyzenCharacter.cpp : warning C4828: The file contains a character starting at offset 0x207e that is illegal in the current source character set (codepage 65001).
C:\Users\logix\Desktop\RAProject\RA-Git\Ryzen\Source\Ryzen\RyzenCharacter.cpp : warning C4828: The file contains a character starting at offset 0x2080 that is illegal in the current source character set (codepage 65001).
C:\Users\logix\Desktop\RAProject\RA-Git\Ryzen\Source\Ryzen\RyzenCharacter.cpp : warning C4828: The file contains a character starting at offset 0x2084 that is illegal in the current source character set (codepage 65001).
C:\Users\logix\Desktop\RAProject\RA-Git\Ryzen\Source\Ryzen\RyzenCharacter.cpp : warning C4828: The file contains a character starting at offset 0x2086 that is illegal in the current source character set (codepage 65001).
C:\Users\logix\Desktop\RAProject\RA-Git\Ryzen\Source\Ryzen\RyzenCharacter.cpp : warning C4828: The file contains a character starting at offset 0x214d that is illegal in the current source character set (codepage 65001).
C:\Users\logix\Desktop\RAProject\RA-Git\Ryzen\Source\Ryzen\RyzenCharacter.cpp : warning C4828: The file contains a character starting at offset 0x214e that is illegal in the current source character set (codepage 65001).
C:\Users\logix\Desktop\RAProject\RA-Git\Ryzen\Source\Ryzen\RyzenCharacter.cpp : warning C4828: The file contains a character starting at offset 0x2150 that is illegal in the current source character set (codepage 65001).
C:\Users\logix\Desktop\RAProject\RA-Git\Ryzen\Source\Ryzen\RyzenCharacter.cpp : warning C4828: The file contains a character starting at offset 0x2155 that is illegal in the current source character set (codepage 65001).
C:\Users\logix\Desktop\RAProject\RA-Git\Ryzen\Source\Ryzen\RyzenCharacter.cpp : warning C4828: The file contains a character starting at offset 0x2159 that is illegal in the current source character set (codepage 65001).
C:\Users\logix\Desktop\RAProject\RA-Git\Ryzen\Source\Ryzen\RyzenCharacter.cpp : warning C4828: The file contains a character starting at offset 0x215a that is illegal in the current source character set (codepage 65001).
C:\Users\logix\Desktop\RAProject\RA-Git\Ryzen\Source\Ryzen\RyzenCharacter.cpp : warning C4828: The file contains a character starting at offset 0x215b that is illegal in the current source character set (codepage 65001).
C:\Users\logix\Desktop\RAProject\RA-Git\Ryzen\Source\Ryzen\RyzenCharacter.cpp : warning C4828: The file contains a character starting at offset 0x215c that is illegal in the current source character set (codepage 65001).
C:\Users\logix\Desktop\RAProject\RA-Git\Ryzen\Source\Ryzen\RyzenCharacter.cpp : warning C4828: The file contains a character starting at offset 0x2162 that is illegal in the current source character set (codepage 65001).
C:\Users\logix\Desktop\RAProject\RA-Git\Ryzen\Source\Ryzen\RyzenCharacter.cpp : warning C4828: The file contains a character starting at offset 0x2164 that is illegal in the current source character set (codepage 65001).
C:\Users\logix\Desktop\RAProject\RA-Git\Ryzen\Source\Ryzen\RyzenCharacter.cpp : warning C4828: The file contains a character starting at offset 0x2165 that is illegal in the current source character set (codepage 65001).
C:\Users\logix\Desktop\RAProject\RA-Git\Ryzen\Source\Ryzen\RyzenCharacter.cpp : warning C4828: The file contains a character starting at offset 0x2167 that is illegal in the current source character set (codepage 65001).
C:\Users\logix\Desktop\RAProject\RA-Git\Ryzen\Source\Ryzen\RyzenCharacter.cpp : warning C4828: The file contains a character starting at offset 0x2168 that is illegal in the current source character set (codepage 65001).
C:\Users\logix\Desktop\RAProject\RA-Git\Ryzen\Source\Ryzen\RyzenCharacter.cpp : warning C4828: The file contains a character starting at offset 0x2169 that is illegal in the current source character set (codepage 65001).
C:\Users\logix\Desktop\RAProject\RA-Git\Ryzen\Source\Ryzen\RyzenCharacter.cpp : warning C4828: The file contains a character starting at offset 0x2174 that is illegal in the current source character set (codepage 65001).
C:\Users\logix\Desktop\RAProject\RA-Git\Ryzen\Source\Ryzen\RyzenCharacter.cpp : warning C4828: The file contains a character starting at offset 0x2175 that is illegal in the current source character set (codepage 65001).
C:\Users\logix\Desktop\RAProject\RA-Git\Ryzen\Source\Ryzen\RyzenCharacter.cpp : warning C4828: The file contains a character starting at offset 0x2177 that is illegal in the current source character set (codepage 65001).
C:\Users\logix\Desktop\RAProject\RA-Git\Ryzen\Source\Ryzen\RyzenCharacter.cpp : warning C4828: The file contains a character starting at offset 0x217a that is illegal in the current source character set (codepage 65001).
C:\Users\logix\Desktop\RAProject\RA-Git\Ryzen\Source\Ryzen\RyzenCharacter.cpp : warning C4828: The file contains a character starting at offset 0x217d that is illegal in the current source character set (codepage 65001).
C:\Users\logix\Desktop\RAProject\RA-Git\Ryzen\Source\Ryzen\RyzenCharacter.cpp : warning C4828: The file contains a character starting at offset 0x217e that is illegal in the current source character set (codepage 65001).
C:\Users\logix\Desktop\RAProject\RA-Git\Ryzen\Source\Ryzen\RyzenCharacter.cpp : warning C4828: The file contains a character starting at offset 0x2180 that is illegal in the current source character set (codepage 65001).
C:\Users\logix\Desktop\RAProject\RA-Git\Ryzen\Source\Ryzen\RyzenCharacter.cpp : warning C4828: The file contains a character starting at offset 0x2181 that is illegal in the current source character set (codepage 65001).
C:\Users\logix\Desktop\RAProject\RA-Git\Ryzen\Source\Ryzen\RyzenCharacter.cpp : warning C4828: The file contains a character starting at offset 0x2185 that is illegal in the current source character set (codepage 65001).
C:\Users\logix\Desktop\RAProject\RA-Git\Ryzen\Source\Ryzen\RyzenCharacter.cpp : warning C4828: The file contains a character starting at offset 0x2186 that is illegal in the current source character set (codepage 65001).
C:\Users\logix\Desktop\RAProject\RA-Git\Ryzen\Source\Ryzen\RyzenCharacter.cpp : warning C4828: The file contains a character starting at offset 0x218a that is illegal in the current source character set (codepage 65001).
C:\Users\logix\Desktop\RAProject\RA-Git\Ryzen\Source\Ryzen\RyzenCharacter.cpp : warning C4828: The file contains a character starting at offset 0x218c that is illegal in the current source character set (codepage 65001).
C:\Users\logix\Desktop\RAProject\RA-Git\Ryzen\Source\Ryzen\RyzenCharacter.cpp : warning C4828: The file contains a character starting at offset 0x218d that is illegal in the current source character set (codepage 65001).
C:\Users\logix\Desktop\RAProject\RA-Git\Ryzen\Source\Ryzen\RyzenCharacter.cpp : warning C4828: The file contains a character starting at offset 0x2190 that is illegal in the current source character set (codepage 65001).
C:\Users\logix\Desktop\RAProject\RA-Git\Ryzen\Source\Ryzen\RyzenCharacter.cpp : warning C4828: The file contains a character starting at offset 0x2191 that is illegal in the current source character set (codepage 65001).
C:\Users\logix\Desktop\RAProject\RA-Git\Ryzen\Source\Ryzen\RyzenCharacter.cpp : warning C4828: The file contains a character starting at offset 0x2192 that is illegal in the current source character set (codepage 65001).
C:\Users\logix\Desktop\RAProject\RA-Git\Ryzen\Source\Ryzen\RyzenCharacter.cpp : warning C4828: The file contains a character starting at offset 0x2193 that is illegal in the current source character set (codepage 65001).
C:\Users\logix\Desktop\RAProject\RA-Git\Ryzen\Source\Ryzen\RyzenCharacter.cpp : warning C4828: The file contains a character starting at offset 0x22d1 that is illegal in the current source character set (codepage 65001).
C:\Users\logix\Desktop\RAProject\RA-Git\Ryzen\Source\Ryzen\RyzenCharacter.cpp : warning C4828: The file contains a character starting at offset 0x22d2 that is illegal in the current source character set (codepage 65001).
C:\Users\logix\Desktop\RAProject\RA-Git\Ryzen\Source\Ryzen\RyzenCharacter.cpp : warning C4828: The file contains a character starting at offset 0x22d9 that is illegal in the current source character set (codepage 65001).
C:\Users\logix\Desktop\RAProject\RA-Git\Ryzen\Source\Ryzen\RyzenCharacter.cpp : warning C4828: The file contains a character starting at offset 0x22da that is illegal in the current source character set (codepage 65001).
C:\Users\logix\Desktop\RAProject\RA-Git\Ryzen\Source\Ryzen\RyzenCharacter.cpp : warning C4828: The file contains a character starting at offset 0x22dc that is illegal in the current source character set (codepage 65001).
C:\Users\logix\Desktop\RAProject\RA-Git\Ryzen\Source\Ryzen\RyzenCharacter.cpp : warning C4828: The file contains a character starting at offset 0x22dd that is illegal in the current source character set (codepage 65001).
C:\Users\logix\Desktop\RAProject\RA-Git\Ryzen\Source\Ryzen\RyzenCharacter.cpp : warning C4828: The file contains a character starting at offset 0x22de that is illegal in the current source character set (codepage 65001).
C:\Users\logix\Desktop\RAProject\RA-Git\Ryzen\Source\Ryzen\RyzenCharacter.cpp : warning C4828: The file contains a character starting at offset 0x22e1 that is illegal in the current source character set (codepage 65001).
C:\Users\logix\Desktop\RAProject\RA-Git\Ryzen\Source\Ryzen\RyzenCharacter.cpp : warning C4828: The file contains a character starting at offset 0x22ea that is illegal in the current source character set (codepage 65001).
C:\Users\logix\Desktop\RAProject\RA-Git\Ryzen\Source\Ryzen\RyzenCharacter.cpp : warning C4828: The file contains a character starting at offset 0x22eb that is illegal in the current source character set (codepage 65001).
C:\Users\logix\Desktop\RAProject\RA-Git\Ryzen\Source\Ryzen\RyzenCharacter.cpp : warning C4828: The file contains a character starting at offset 0x26e5 that is illegal in the current source character set (codepage 65001).
C:\Users\logix\Desktop\RAProject\RA-Git\Ryzen\Source\Ryzen\RyzenCharacter.cpp : warning C4828: The file contains a character starting at offset 0x26e6 that is illegal in the current source character set (codepage 65001).
C:\Users\logix\Desktop\RAProject\RA-Git\Ryzen\Source\Ryzen\RyzenCharacter.cpp : warning C4828: The file contains a character starting at offset 0x26e8 that is illegal in the current source character set (codepage 65001).
C:\Users\logix\Desktop\RAProject\RA-Git\Ryzen\Source\Ryzen\RyzenCharacter.cpp : warning C4828: The file contains a character starting at offset 0x26ea that is illegal in the current source character set (codepage 65001).
C:\Users\logix\Desktop\RAProject\RA-Git\Ryzen\Source\Ryzen\RyzenCharacter.cpp : warning C4828: The file contains a character starting at offset 0x26ec that is illegal in the current source character set (codepage 65001).
C:\Users\logix\Desktop\RAProject\RA-Git\Ryzen\Source\Ryzen\RyzenCharacter.cpp : warning C4828: The file contains a character starting at offset 0x26ee that is illegal in the current source character set (codepage 65001).
C:\Users\logix\Desktop\RAProject\RA-Git\Ryzen\Source\Ryzen\RyzenCharacter.cpp : warning C4828: The file contains a character starting at offset 0x26ef that is illegal in the current source character set (codepage 65001).
C:\Users\logix\Desktop\RAProject\RA-Git\Ryzen\Source\Ryzen\RyzenCharacter.cpp : warning C4828: The file contains a character starting at offset 0x26f0 that is illegal in the current source character set (codepage 65001).
C:\Users\logix\Desktop\RAProject\RA-Git\Ryzen\Source\Ryzen\RyzenCharacter.cpp : warning C4828: The file contains a character starting at offset 0x26f1 that is illegal in the current source character set (codepage 65001).
C:\Users\logix\Desktop\RAProject\RA-Git\Ryzen\Source\Ryzen\RyzenCharacter.cpp : warning C4828: The file contains a character starting at offset 0x26f2 that is illegal in the current source character set (codepage 65001).
C:\Users\logix\Desktop\RAProject\RA-Git\Ryzen\Source\Ryzen\RyzenCharacter.cpp : warning C4828: The file contains a character starting at offset 0x26f3 that is illegal in the current source character set (codepage 65001).
C:\Users\logix\Desktop\RAProject\RA-Git\Ryzen\Source\Ryzen\RyzenCharacter.cpp : warning C4828: The file contains a character starting at offset 0x26f5 that is illegal in the current source character set (codepage 65001).
C:\Users\logix\Desktop\RAProject\RA-Git\Ryzen\Source\Ryzen\RyzenCharacter.cpp : warning C4828: The file contains a character starting at offset 0x26f6 that is illegal in the current source character set (codepage 65001).
C:\Users\logix\Desktop\RAProject\RA-Git\Ryzen\Source\Ryzen\RyzenCharacter.cpp : warning C4828: The file contains a character starting at offset 0x26f7 that is illegal in the current source character set (codepage 65001).
C:\Users\logix\Desktop\RAProject\RA-Git\Ryzen\Source\Ryzen\RyzenCharacter.cpp : warning C4828: The file contains a character starting at offset 0x26f8 that is illegal in the current source character set (codepage 65001).
C:\Users\logix\Desktop\RAProject\RA-Git\Ryzen\Source\Ryzen\RyzenCharacter.cpp : warning C4828: The file contains a character starting at offset 0x26f9 that is illegal in the current source character set (codepage 65001).
C:\Users\logix\Desktop\RAProject\RA-Git\Ryzen\Source\Ryzen\RyzenCharacter.cpp : warning C4828: The file contains a character starting at offset 0x26fc that is illegal in the current source character set (codepage 65001).
C:\Users\logix\Desktop\RAProject\RA-Git\Ryzen\Source\Ryzen\RyzenCharacter.cpp : warning C4828: The file contains a character starting at offset 0x26fe that is illegal in the current source character set (codepage 65001).
C:\Users\logix\Desktop\RAProject\RA-Git\Ryzen\Source\Ryzen\RyzenCharacter.cpp : warning C4828: The file contains a character starting at offset 0x26ff that is illegal in the current source character set (codepage 65001).
C:\Users\logix\Desktop\RAProject\RA-Git\Ryzen\Source\Ryzen\RyzenCharacter.cpp : warning C4828: The file contains a character starting at offset 0x2700 that is illegal in the current source character set (codepage 65001).
C:\Users\logix\Desktop\RAProject\RA-Git\Ryzen\Source\Ryzen\RyzenCharacter.cpp : warning C4828: The file contains a character starting at offset 0x2705 that is illegal in the current source character set (codepage 65001).
C:\Users\logix\Desktop\RAProject\RA-Git\Ryzen\Source\Ryzen\RyzenCharacter.cpp : warning C4828: The file contains a character starting at offset 0x2707 that is illegal in the current source character set (codepage 65001).
C:\Users\logix\Desktop\RAProject\RA-Git\Ryzen\Source\Ryzen\RyzenCharacter.cpp : warning C4828: The file contains a character starting at offset 0x2709 that is illegal in the current source character set (codepage 65001).
C:\Users\logix\Desktop\RAProject\RA-Git\Ryzen\Source\Ryzen\RyzenCharacter.cpp : warning C4828: The file contains a character starting at offset 0x270a that is illegal in the current source character set (codepage 65001).
C:\Users\logix\Desktop\RAProject\RA-Git\Ryzen\Source\Ryzen\RyzenCharacter.cpp : warning C4828: The file contains a character starting at offset 0x270b that is illegal in the current source character set (codepage 65001).
C:\Users\logix\Desktop\RAProject\RA-Git\Ryzen\Source\Ryzen\RyzenCharacter.cpp : warning C4828: The file contains a character starting at offset 0x270d that is illegal in the current source character set (codepage 65001).
C:\Users\logix\Desktop\RAProject\RA-Git\Ryzen\Source\Ryzen\RyzenCharacter.cpp : warning C4828: The file contains a character starting at offset 0x2712 that is illegal in the current source character set (codepage 65001).
C:\Users\logix\Desktop\RAProject\RA-Git\Ryzen\Source\Ryzen\RyzenCharacter.cpp : warning C4828: The file contains a character starting at offset 0x2713 that is illegal in the current source character set (codepage 65001).
C:\Users\logix\Desktop\RAProject\RA-Git\Ryzen\Source\Ryzen\RyzenCharacter.cpp : warning C4828: The file contains a character starting at offset 0x2714 that is illegal in the current source character set (codepage 65001).
C:\Users\logix\Desktop\RAProject\RA-Git\Ryzen\Source\Ryzen\RyzenCharacter.cpp : warning C4828: The file contains a character starting at offset 0x2715 that is illegal in the current source character set (codepage 65001).
C:\Users\logix\Desktop\RAProject\RA-Git\Ryzen\Source\Ryzen\RyzenCharacter.cpp : warning C4828: The file contains a character starting at offset 0x2716 that is illegal in the current source character set (codepage 65001).
C:\Users\logix\Desktop\RAProject\RA-Git\Ryzen\Source\Ryzen\RyzenCharacter.cpp : warning C4828: The file contains a character starting at offset 0x271b that is illegal in the current source character set (codepage 65001).
C:\Users\logix\Desktop\RAProject\RA-Git\Ryzen\Source\Ryzen\RyzenCharacter.cpp : warning C4828: The file contains a character starting at offset 0x271e that is illegal in the current source character set (codepage 65001).
C:\Users\logix\Desktop\RAProject\RA-Git\Ryzen\Source\Ryzen\RyzenCharacter.cpp : warning C4828: The file contains a character starting at offset 0x271f that is illegal in the current source character set (codepage 65001).
C:\Users\logix\Desktop\RAProject\RA-Git\Ryzen\Source\Ryzen\RyzenCharacter.cpp : warning C4828: The file contains a character starting at offset 0x2720 that is illegal in the current source character set (codepage 65001).
C:\Users\logix\Desktop\RAProject\RA-Git\Ryzen\Source\Ryzen\RyzenCharacter.cpp : warning C4828: The file contains a character starting at offset 0x2721 that is illegal in the current source character set (codepage 65001).
C:\Users\logix\Desktop\RAProject\RA-Git\Ryzen\Source\Ryzen\RyzenCharacter.cpp : warning C4828: The file contains a character starting at offset 0x2723 that is illegal in the current source character set (codepage 65001).
C:\Users\logix\Desktop\RAProject\RA-Git\Ryzen\Source\Ryzen\RyzenCharacter.cpp : warning C4828: The file contains a character starting at offset 0x2724 that is illegal in the current source character set (codepage 65001).
C:\Users\logix\Desktop\RAProject\RA-Git\Ryzen\Source\Ryzen\RyzenCharacter.cpp : warning C4828: The file contains a character starting at offset 0x2728 that is illegal in the current source character set (codepage 65001).
C:\Users\logix\Desktop\RAProject\RA-Git\Ryzen\Source\Ryzen\RyzenCharacter.cpp : warning C4828: The file contains a character starting at offset 0x272a that is illegal in the current source character set (codepage 65001).
C:\Users\logix\Desktop\RAProject\RA-Git\Ryzen\Source\Ryzen\RyzenCharacter.cpp : warning C4828: The file contains a character starting at offset 0x272b that is illegal in the current source character set (codepage 65001).
C:\Users\logix\Desktop\RAProject\RA-Git\Ryzen\Source\Ryzen\RyzenCharacter.cpp : warning C4828: The file contains a character starting at offset 0x272d that is illegal in the current source character set (codepage 65001).
C:\Users\logix\Desktop\RAProject\RA-Git\Ryzen\Source\Ryzen\RyzenCharacter.cpp : warning C4828: The file contains a character starting at offset 0x272e that is illegal in the current source character set (codepage 65001).
C:\Users\logix\Desktop\RAProject\RA-Git\Ryzen\Source\Ryzen\RyzenCharacter.cpp : warning C4828: The file contains a character starting at offset 0x2730 that is illegal in the current source character set (codepage 65001).
C:\Users\logix\Desktop\RAProject\RA-Git\Ryzen\Source\Ryzen\RyzenCharacter.cpp : warning C4828: The file contains a character starting at offset 0x2915 that is illegal in the current source character set (codepage 65001).
C:\Users\logix\Desktop\RAProject\RA-Git\Ryzen\Source\Ryzen\RyzenCharacter.cpp : warning C4828: The file contains a character starting at offset 0x2917 that is illegal in the current source character set (codepage 65001).
C:\Users\logix\Desktop\RAProject\RA-Git\Ryzen\Source\Ryzen\RyzenCharacter.cpp : warning C4828: The file contains a character starting at offset 0x2918 that is illegal in the current source character set (codepage 65001).
C:\Users\logix\Desktop\RAProject\RA-Git\Ryzen\Source\Ryzen\RyzenCharacter.cpp : warning C4828: The file contains a character starting at offset 0x2919 that is illegal in the current source character set (codepage 65001).
C:\Users\logix\Desktop\RAProject\RA-Git\Ryzen\Source\Ryzen\RyzenCharacter.cpp : warning C4828: The file contains a character starting at offset 0x291a that is illegal in the current source character set (codepage 65001).
C:\Users\logix\Desktop\RAProject\RA-Git\Ryzen\Source\Ryzen\RyzenCharacter.cpp : warning C4828: The file contains a character starting at offset 0x2921 that is illegal in the current source character set (codepage 65001).
C:\Users\logix\Desktop\RAProject\RA-Git\Ryzen\Source\Ryzen\RyzenCharacter.cpp : warning C4828: The file contains a character starting at offset 0x2926 that is illegal in the current source character set (codepage 65001).
C:\Users\logix\Desktop\RAProject\RA-Git\Ryzen\Source\Ryzen\RyzenCharacter.cpp : warning C4828: The file contains a character starting at offset 0x292a that is illegal in the current source character set (codepage 65001).
C:\Users\logix\Desktop\RAProject\RA-Git\Ryzen\Source\Ryzen\RyzenCharacter.cpp : warning C4828: The file contains a character starting at offset 0x292c that is illegal in the current source character set (codepage 65001).
C:\Users\logix\Desktop\RAProject\RA-Git\Ryzen\Source\Ryzen\RyzenCharacter.cpp : warning C4828: The file contains a character starting at offset 0x292d that is illegal in the current source character set (codepage 65001).
C:\Users\logix\Desktop\RAProject\RA-Git\Ryzen\Source\Ryzen\RyzenCharacter.cpp : warning C4828: The file contains a character starting at offset 0x2930 that is illegal in the current source character set (codepage 65001).
C:\Users\logix\Desktop\RAProject\RA-Git\Ryzen\Source\Ryzen\RyzenCharacter.cpp : warning C4828: The file contains a character starting at offset 0x2933 that is illegal in the current source character set (codepage 65001).
C:\Users\logix\Desktop\RAProject\RA-Git\Ryzen\Source\Ryzen\RyzenCharacter.cpp : warning C4828: The file contains a character starting at offset 0x2935 that is illegal in the current source character set (codepage 65001).
C:\Users\logix\Desktop\RAProject\RA-Git\Ryzen\Source\Ryzen\RyzenCharacter.cpp : warning C4828: The file contains a character starting at offset 0x2936 that is illegal in the current source character set (codepage 65001).
C:\Users\logix\Desktop\RAProject\RA-Git\Ryzen\Source\Ryzen\RyzenCharacter.cpp : warning C4828: The file contains a character starting at offset 0x2937 that is illegal in the current source character set (codepage 65001).
C:\Users\logix\Desktop\RAProject\RA-Git\Ryzen\Source\Ryzen\RyzenCharacter.cpp : warning C4828: The file contains a character starting at offset 0x2938 that is illegal in the current source character set (codepage 65001).
C:\Users\logix\Desktop\RAProject\RA-Git\Ryzen\Source\Ryzen\RyzenCharacter.cpp : warning C4828: The file contains a character starting at offset 0x2939 that is illegal in the current source character set (codepage 65001).
C:\Users\logix\Desktop\RAProject\RA-Git\Ryzen\Source\Ryzen\RyzenCharacter.cpp : warning C4828: The file contains a character starting at offset 0x293a that is illegal in the current source character set (codepage 65001).
C:\Users\logix\Desktop\RAProject\RA-Git\Ryzen\Source\Ryzen\RyzenCharacter.cpp : warning C4828: The file contains a character starting at offset 0x293b that is illegal in the current source character set (codepage 65001).
C:\Users\logix\Desktop\RAProject\RA-Git\Ryzen\Source\Ryzen\RyzenCharacter.cpp : warning C4828: The file contains a character starting at offset 0x293c that is illegal in the current source character set (codepage 65001).
C:\Users\logix\Desktop\RAProject\RA-Git\Ryzen\Source\Ryzen\RyzenCharacter.cpp : warning C4828: The file contains a character starting at offset 0x293e that is illegal in the current source character set (codepage 65001).
C:\Users\logix\Desktop\RAProject\RA-Git\Ryzen\Source\Ryzen\RyzenCharacter.cpp : warning C4828: The file contains a character starting at offset 0x293f that is illegal in the current source character set (codepage 65001).
C:\Users\logix\Desktop\RAProject\RA-Git\Ryzen\Source\Ryzen\RyzenCharacter.cpp : warning C4828: The file contains a character starting at offset 0x2943 that is illegal in the current source character set (codepage 65001).
C:\Users\logix\Desktop\RAProject\RA-Git\Ryzen\Source\Ryzen\RyzenCharacter.cpp : warning C4828: The file contains a character starting at offset 0x2945 that is illegal in the current source character set (codepage 65001).
C:\Users\logix\Desktop\RAProject\RA-Git\Ryzen\Source\Ryzen\RyzenCharacter.cpp : warning C4828: The file contains a character starting at offset 0x2946 that is illegal in the current source character set (codepage 65001).
C:\Users\logix\Desktop\RAProject\RA-Git\Ryzen\Source\Ryzen\RyzenCharacter.cpp : warning C4828: The file contains a character starting at offset 0x2947 that is illegal in the current source character set (codepage 65001).
C:\Users\logix\Desktop\RAProject\RA-Git\Ryzen\Source\Ryzen\RyzenCharacter.cpp : warning C4828: The file contains a character starting at offset 0x2948 that is illegal in the current source character set (codepage 65001).
C:\Users\logix\Desktop\RAProject\RA-Git\Ryzen\Source\Ryzen\RyzenCharacter.cpp : warning C4828: The file contains a character starting at offset 0x2949 that is illegal in the current source character set (codepage 65001).
C:\Users\logix\Desktop\RAProject\RA-Git\Ryzen\Source\Ryzen\RyzenCharacter.cpp : warning C4828: The file contains a character starting at offset 0x294a that is illegal in the current source character set (codepage 65001).
C:\Users\logix\Desktop\RAProject\RA-Git\Ryzen\Source\Ryzen\RyzenCharacter.cpp : warning C4828: The file contains a character starting at offset 0x294c that is illegal in the current source character set (codepage 65001).
C:\Users\logix\Desktop\RAProject\RA-Git\Ryzen\Source\Ryzen\RyzenCharacter.cpp : warning C4828: The file contains a character starting at offset 0x294d that is illegal in the current source character set (codepage 65001).
C:\Users\logix\Desktop\RAProject\RA-Git\Ryzen\Source\Ryzen\RyzenCharacter.cpp : warning C4828: The file contains a character starting at offset 0x2951 that is illegal in the current source character set (codepage 65001).
C:\Users\logix\Desktop\RAProject\RA-Git\Ryzen\Source\Ryzen\RyzenCharacter.cpp : warning C4828: The file contains a character starting at offset 0x2952 that is illegal in the current source character set (codepage 65001).
C:\Users\logix\Desktop\RAProject\RA-Git\Ryzen\Source\Ryzen\RyzenCharacter.cpp : warning C4828: The file contains a character starting at offset 0x2953 that is illegal in the current source character set (codepage 65001).
C:\Users\logix\Desktop\RAProject\RA-Git\Ryzen\Source\Ryzen\RyzenCharacter.cpp : warning C4828: The file contains a character starting at offset 0x2954 that is illegal in the current source character set (codepage 65001).
  [2/3] Link UE4Editor-Ryzen.dll
  [3/3] Link UE4Editor-Ryzen.lib
     Creating library C:\Users\logix\Desktop\RAProject\RA-Git\Ryzen\Intermediate\Build\Win64\UE4Editor\Development\UE4Editor-Ryzen.lib and object C:\Users\logix\Desktop\RAProject\RA-Git\Ryzen\Intermediate\Build\Win64\UE4Editor\Development\UE4Editor-Ryzen.exp
     Creating library C:\Users\logix\Desktop\RAProject\RA-Git\Ryzen\Intermediate\Build\Win64\UE4Editor\Development\UE4Editor-Ryzen.suppressed.lib and object C:\Users\logix\Desktop\RAProject\RA-Git\Ryzen\Intermediate\Build\Win64\UE4Editor\Development\UE4Editor-Ryzen.suppressed.exp
  Deploying RyzenEditor Win64 Development...
  Total build time: 151.58 seconds (Local executor: 147.83 seconds)
