"../../../Engine/Content/ArtTools/RenderToTexture/Enums/RenderToTexture_Enum.uasset" 0
"../../../Engine/Content/ArtTools/RenderToTexture/Enums/RenderToTexture_Flipbook_Enum.uasset" 1
"../../../Engine/Content/ArtTools/RenderToTexture/Enums/RenderToTexture_Imposter_Enum.uasset" 2
"../../../Engine/Content/EditorBlueprintResources/StandardMacros.uasset" 3
"../../../Engine/Content/ArtTools/RenderToTexture/Enums/EIntTypes.uasset" 4
"../../../Engine/Content/ArtTools/RenderToTexture/Macros/RenderToTextureFunctionLibrary.uasset" 5
"../../../Engine/Content/ArtTools/RenderToTexture/Enums/EFloatTypes.uasset" 6
"../../../Engine/Content/ArtTools/RenderToTexture/Macros/RenderToTextureMacros.uasset" 7
"../../../Engine/Content/Functions/Engine_MaterialFunctions01/Opacity/CameraDepthFade.uasset" 8
"../../../Engine/Content/EngineMaterials/T_Default_Material_Grid_M.uasset" 9
"../../../Engine/Content/EngineMaterials/T_Default_Material_Grid_N.uasset" 10
"../../../Engine/Content/EngineMaterials/WorldGridMaterial.uasset" 11
"../../../Engine/Content/ArtTools/RenderToTexture/Meshes/S_1_Unit_Plane.uasset" 12
"../../../Engine/Content/EngineMaterials/DefaultMaterial.uasset" 13
"../../../Engine/Content/BasicShapes/Cone.uasset" 14
"../../../Engine/Content/BasicShapes/Cylinder.uasset" 15
"../../../Engine/Content/BasicShapes/Plane.uasset" 16
"../../../Engine/Content/BasicShapes/Sphere.uasset" 17
"../../../Engine/Content/EngineMaterials/DefaultPhysicalMaterial.uasset" 18
"../../../Engine/Content/BufferVisualization/AmbientOcclusion.uasset" 19
"../../../Engine/Content/BufferVisualization/BaseColor.uasset" 20
"../../../Engine/Content/BufferVisualization/CustomDepth.uasset" 21
"../../../Engine/Content/Functions/Engine_MaterialFunctions02/Utility/VectorLength.uasset" 22
"../../../Engine/Content/BufferVisualization/CustomDepthWorldUnits.uasset" 23
"../../../Engine/Content/Functions/Engine_MaterialFunctions02/Utility/BreakOutFloat2Components.uasset" 24
"../../../Engine/Content/Functions/Engine_MaterialFunctions01/Texturing/ScaleUVsByCenter.uasset" 25
"../../../Engine/Content/Functions/Engine_MaterialFunctions02/ScreenResolution.uasset" 26
"../../../Engine/Content/Functions/Engine_MaterialFunctions02/Texturing/ScreenAlignedUVs.uasset" 27
"../../../Engine/Content/Functions/Engine_MaterialFunctions02/Utility/MakeFloat2.uasset" 28
"../../../Engine/Content/Functions/Engine_MaterialFunctions02/Utility/MakeFloat3.uasset" 29
"../../../Engine/Content/EngineMaterials/MiniFont.uasset" 30
"../../../Engine/Content/BufferVisualization/CustomStencil.uasset" 31
"../../../Engine/Content/BufferVisualization/FinalImage.uasset" 32
"../../../Engine/Content/BufferVisualization/LightingModel.uasset" 33
"../../../Engine/Content/BufferVisualization/MaterialAO.uasset" 34
"../../../Engine/Content/BufferVisualization/Metallic.uasset" 35
"../../../Engine/Content/BufferVisualization/Opacity.uasset" 36
"../../../Engine/Content/BufferVisualization/PostTonemapHDRColor.uasset" 37
"../../../Engine/Content/BufferVisualization/PreTonemapHDRColor.uasset" 38
"../../../Engine/Content/BufferVisualization/Roughness.uasset" 39
"../../../Engine/Content/BufferVisualization/SceneColor.uasset" 40
"../../../Engine/Content/BufferVisualization/SceneDepth.uasset" 41
"../../../Engine/Content/BufferVisualization/SceneDepthWorldUnits.uasset" 42
"../../../Engine/Content/BufferVisualization/SeparateTranslucencyA.uasset" 43
"../../../Engine/Content/BufferVisualization/SeparateTranslucencyRGB.uasset" 44
"../../../Engine/Content/BufferVisualization/Specular.uasset" 45
"../../../Engine/Content/BufferVisualization/SubsurfaceColor.uasset" 46
"../../../Engine/Content/BufferVisualization/WorldNormal.uasset" 47
"../../../Engine/Content/EditorBlueprintResources/ActorMacros.uasset" 48
"../../../Engine/Content/EditorLandscapeResources/DataLayer.uasset" 49
"../../../Engine/Content/EditorLandscapeResources/DefaultAlphaTexture.uasset" 50
"../../../Engine/Content/EditorLandscapeResources/LandscapeGizmoHeight_Mat.uasset" 51
"../../../Engine/Content/EditorLandscapeResources/LandscapeGizmo_Mat.uasset" 52
"../../../Engine/Content/EditorLandscapeResources/LandscapeGizmo_Mat_Copied.uasset" 53
"../../../Engine/Content/EditorLandscapeResources/SplineEditorMeshMat.uasset" 54
"../../../Engine/Content/EditorLandscapeResources/SplineEditorMesh.uasset" 55
"../../../Engine/Content/EditorMaterials/Cross.uasset" 56
"../../../Engine/Content/EditorMaterials/Cross_Mat.uasset" 57
"../../../Engine/Content/EditorMaterials/GizmoMaterial.uasset" 58
"../../../Engine/Content/Functions/Engine_MaterialFunctions02/Utility/Sign.uasset" 59
"../../../Engine/Content/Functions/Engine_MaterialFunctions02/Utility/Round.uasset" 60
"../../../Engine/Content/Functions/Engine_MaterialFunctions02/ExampleContent/Textures/flipbook.uasset" 61
"../../../Engine/Content/Functions/Engine_MaterialFunctions02/Texturing/FlipBook.uasset" 62
"../../../Engine/Content/EditorResources/T_EditorHelp.uasset" 63
"../../../Engine/Content/EditorMaterials/HelpActorMaterial.uasset" 64
"../../../Engine/Content/EditorMaterials/CompositeARGBLayer.uasset" 65
"../../../Engine/Content/EditorMaterials/TilingAALineIntegral.uasset" 66
"../../../Engine/Content/EditorMaterials/TilingAALineBoxFiltered.uasset" 67
"../../../Engine/Content/Functions/Engine_MaterialFunctions03/Procedurals/ComputeFilterWidth.uasset" 68
"../../../Engine/Content/EditorMaterials/TilingAADots.uasset" 69
"../../../Engine/Content/EditorMaterials/Cascade/CASC_Cross.uasset" 70
"../../../Engine/Content/EditorMaterials/Cascade/CASC_None.uasset" 71
"../../../Engine/Content/Functions/Engine_MaterialFunctions03/Blends/Blend_Screen.uasset" 72
"../../../Engine/Content/EditorMaterials/TilingAAGrid.uasset" 73
"../../../Engine/Content/EditorMaterials/LevelGridMaterial.uasset" 74
"../../../Engine/Content/EditorMaterials/MakeCompositeARGBLayer.uasset" 75
"../../../Engine/Content/EditorResources/LevelGrid1DStripes.uasset" 76
"../../../Engine/Content/EditorMaterials/TextureGridCascaded1D.uasset" 77
"../../../Engine/Content/EditorMaterials/TextureGridCascaded2D.uasset" 78
"../../../Engine/Content/EditorMaterials/LevelGridMaterial2.uasset" 79
"../../../Engine/Content/EditorMaterials/MAT_Groups_Toggle.uasset" 80
"../../../Engine/Content/EditorMaterials/MAT_Groups_Visibility.uasset" 81
"../../../Engine/Content/EditorMaterials/AntialiasedGridFloor.uasset" 82
"../../../Engine/Content/EditorResources/TilePatine_D.uasset" 83
"../../../Engine/Content/EditorResources/TilePatine_N.uasset" 84
"../../../Engine/Content/EngineMaterials/Grid.uasset" 85
"../../../Engine/Content/EditorMaterials/PersonaFloorMat.uasset" 86
"../../../Engine/Content/EditorMaterials/PhAT_BoneSelectedMaterial.uasset" 87
"../../../Engine/Content/EditorMaterials/PhAT_ElemSelectedMaterial.uasset" 88
"../../../Engine/Content/EditorMaterials/PhAT_NoCollisionMaterial.uasset" 89
"../../../Engine/Content/EditorMaterials/PhAT_UnselectedMaterial.uasset" 90
"../../../Engine/Content/EditorMaterials/PreviewShadowIndicator.uasset" 91
"../../../Engine/Content/EditorMaterials/PreviewShadowIndicatorMaterial.uasset" 92
"../../../Engine/Content/EditorMaterials/TargetIcon.uasset" 93
"../../../Engine/Content/EditorMaterials/Tick.uasset" 94
"../../../Engine/Content/EditorMaterials/Tick_Mat.uasset" 95
"../../../Engine/Content/EditorMaterials/WidgetGridVertexColorMaterial.uasset" 96
"../../../Engine/Content/EditorMaterials/WidgetGridVertexColorMaterial_Ma.uasset" 97
"../../../Engine/Content/EditorMaterials/WidgetMaterial.uasset" 98
"../../../Engine/Content/EditorMaterials/WidgetMaterial_Current.uasset" 99
"../../../Engine/Content/EditorMaterials/WidgetMaterial_X.uasset" 100
"../../../Engine/Content/EditorMaterials/WidgetMaterial_Y.uasset" 101
"../../../Engine/Content/EditorMaterials/WidgetMaterial_Z.uasset" 102
"../../../Engine/Content/EditorMaterials/WidgetVertexColorMaterial.uasset" 103
"../../../Engine/Content/EditorMaterials/AssetViewer/EpicQuadPanorama_CC+EV1.uasset" 104
"../../../Engine/Content/MapTemplates/Sky/SunsetAmbientCubemap.uasset" 105
"../../../Engine/Content/EditorMaterials/AssetViewer/M_SkyBox.uasset" 106
"../../../Engine/Content/EditorMaterials/MatineeGroups/MAT_ColorTrack.uasset" 107
"../../../Engine/Content/EditorMaterials/MatineeGroups/MAT_Groups_Anim.uasset" 108
"../../../Engine/Content/EditorMaterials/MatineeGroups/MAT_Groups_AudioMaster.uasset" 109
"../../../Engine/Content/EditorMaterials/MatineeGroups/MAT_Groups_Director.uasset" 110
"../../../Engine/Content/EditorMaterials/MatineeGroups/MAT_Groups_Event.uasset" 111
"../../../Engine/Content/EditorMaterials/MatineeGroups/MAT_Groups_Fade.uasset" 112
"../../../Engine/Content/EditorMaterials/MatineeGroups/MAT_Groups_Float.uasset" 113
"../../../Engine/Content/EditorMaterials/MatineeGroups/MAT_Groups_Move.uasset" 114
"../../../Engine/Content/EditorMaterials/MatineeGroups/MAT_Groups_Slomo.uasset" 115
"../../../Engine/Content/EditorMaterials/MatineeGroups/MAT_Groups_Sound.uasset" 116
"../../../Engine/Content/EditorMaterials/MatineeGroups/MAT_Groups_Vector.uasset" 117
"../../../Engine/Content/EditorMaterials/ParticleSystems/PSysThumbnail_NoImage.uasset" 118
"../../../Engine/Content/EditorMaterials/ParticleSystems/PSysThumbnail_OOD.uasset" 119
"../../../Engine/Content/EditorMaterials/Thumbnails/FloorPlaneMaterial.uasset" 120
"../../../Engine/Content/EditorMeshes/EditorCube.uasset" 121
"../../../Engine/Content/EditorMeshes/EditorCylinder.uasset" 122
"../../../Engine/Content/EditorMeshes/EditorPlane.uasset" 123
"../../../Engine/Content/EditorMaterials/Thumbnails/SkySphereMaterial.uasset" 124
"../../../Engine/Content/EditorMeshes/EditorSkySphere.uasset" 125
"../../../Engine/Content/EditorMeshes/EditorSphere.uasset" 126
"../../../Engine/Content/EditorResources/MatineeCam_D.uasset" 127
"../../../Engine/Content/EditorMaterials/MatineeCam_mat.uasset" 128
"../../../Engine/Content/EditorMeshes/MatineeCam_SM.uasset" 129
"../../../Engine/Content/Functions/Engine_MaterialFunctions01/Shading/ConvertFromDiffSpec.uasset" 130
"../../../Engine/Content/EditorMaterials/GridMaterial.uasset" 131
"../../../Engine/Content/EditorMeshes/PhAT_FloorBox.uasset" 132
"../../../Engine/Content/EditorMeshes/AssetViewer/Floor_Mesh.uasset" 133
"../../../Engine/Content/EditorMeshes/AssetViewer/Sphere_inversenormals.uasset" 134
"../../../Engine/Content/EditorMaterials/Camera/CineMat.uasset" 135
"../../../Engine/Content/EditorMaterials/Camera/MI_CineMat_CameraBody.uasset" 136
"../../../Engine/Content/EngineDebugMaterials/M_SimpleOpaque.uasset" 137
"../../../Engine/Content/EditorMaterials/Camera/MI_CineMat_CamViewFinder.uasset" 138
"../../../Engine/Content/EditorMeshes/Camera/SM_CineCam.uasset" 139
"../../../Engine/Content/EditorMaterials/Camera/MI_CineMat_Rig.uasset" 140
"../../../Engine/Content/EditorMeshes/Camera/SM_CraneRig_Arm.uasset" 141
"../../../Engine/Content/EditorMeshes/Camera/SM_CraneRig_Base.uasset" 142
"../../../Engine/Content/EditorMeshes/Camera/SM_CraneRig_Body.uasset" 143
"../../../Engine/Content/EditorMeshes/Camera/SM_CraneRig_Mount.uasset" 144
"../../../Engine/Content/EditorMeshes/Camera/SM_RailRig_Mount.uasset" 145
"../../../Engine/Content/EditorMeshes/Camera/SM_RailRig_Track.uasset" 146
"../../../Engine/Content/EditorMeshes/ColorCalibrator/M_ChromeBall.uasset" 147
"../../../Engine/Content/EditorMeshes/ColorCalibrator/M_ClearCoat.uasset" 148
"../../../Engine/Content/EditorMeshes/ColorCalibrator/M_ClearCoatBlack.uasset" 149
"../../../Engine/Content/EditorMeshes/ColorCalibrator/Color_checker.uasset" 150
"../../../Engine/Content/EditorMeshes/ColorCalibrator/M_ColorGrid.uasset" 151
"../../../Engine/Content/EditorMeshes/ColorCalibrator/M_GreyBall.uasset" 152
"../../../Engine/Content/EditorMeshes/ColorCalibrator/SM_ColorCalibrator.uasset" 153
"../../../Engine/Content/EditorResources/Bad.uasset" 154
"../../../Engine/Content/EditorResources/BSPVertex.uasset" 155
"../../../Engine/Content/EditorResources/EmptyActor.uasset" 156
"../../../Engine/Content/EditorResources/MatInstActSprite.uasset" 157
"../../../Engine/Content/EditorResources/SceneManager.uasset" 158
"../../../Engine/Content/EditorResources/SmallFont.uasset" 159
"../../../Engine/Content/EditorResources/S_Actor.uasset" 160
"../../../Engine/Content/EditorResources/S_DecalActorIcon.uasset" 161
"../../../Engine/Content/EditorResources/S_Emitter.uasset" 162
"../../../Engine/Content/EditorResources/S_ExpoHeightFog.uasset" 163
"../../../Engine/Content/EditorResources/S_FTest.uasset" 164
"../../../Engine/Content/EditorResources/S_KBSJoint.uasset" 165
"../../../Engine/Content/EditorResources/S_KHinge.uasset" 166
"../../../Engine/Content/EditorResources/S_KPrismatic.uasset" 167
"../../../Engine/Content/EditorResources/S_LevelSequence.uasset" 168
"../../../Engine/Content/EditorResources/S_NavP.uasset" 169
"../../../Engine/Content/EditorResources/S_Note.uasset" 170
"../../../Engine/Content/EditorResources/S_Player.uasset" 171
"../../../Engine/Content/EditorResources/S_PortalActorIcon2.uasset" 172
"../../../Engine/Content/EditorResources/S_RadForce.uasset" 173
"../../../Engine/Content/EditorResources/S_ReflActorIcon.uasset" 174
"../../../Engine/Content/EditorResources/S_Terrain.uasset" 175
"../../../Engine/Content/EditorResources/S_TextRenderActorIcon.uasset" 176
"../../../Engine/Content/EditorResources/S_Thruster.uasset" 177
"../../../Engine/Content/EditorResources/S_Trigger.uasset" 178
"../../../Engine/Content/EditorResources/S_VectorFieldVol.uasset" 179
"../../../Engine/Content/EditorResources/S_WindDirectional.uasset" 180
"../../../Engine/Content/EditorResources/AI/S_NavLink.uasset" 181
"../../../Engine/Content/EditorResources/LightIcons/SkyLight.uasset" 182
"../../../Engine/Content/EditorResources/LightIcons/S_LightDirectional.uasset" 183
"../../../Engine/Content/EditorResources/LightIcons/S_LightDirectionalMove.uasset" 184
"../../../Engine/Content/EditorResources/LightIcons/S_LightError.uasset" 185
"../../../Engine/Content/EditorResources/LightIcons/S_LightPoint.uasset" 186
"../../../Engine/Content/EditorResources/LightIcons/S_LightPointMove.uasset" 187
"../../../Engine/Content/EditorResources/LightIcons/S_LightSpot.uasset" 188
"../../../Engine/Content/EditorResources/LightIcons/S_LightSpotMove.uasset" 189
"../../../Engine/Content/EditorResources/SequenceRecorder/Countdown.uasset" 190
"../../../Engine/Content/EditorResources/SequenceRecorder/RecordingIndicator.uasset" 191
"../../../Engine/Content/EditorResources/Spline/T_Loft_Spline.uasset" 192
"../../../Engine/Content/EditorSounds/Notifications/CompileFailed.uasset" 193
"../../../Engine/Content/EditorSounds/Notifications/CompileFailed_Cue.uasset" 194
"../../../Engine/Content/EditorSounds/Notifications/CompileSuccess.uasset" 195
"../../../Engine/Content/EditorSounds/Notifications/CompileStart_Cue.uasset" 196
"../../../Engine/Content/EditorSounds/Notifications/CompileSuccess_Cue.uasset" 197
"../../../Engine/Content/EngineDamageTypes/DmgTypeBP_Environmental.uasset" 198
"../../../Engine/Content/EngineDebugMaterials/HeatmapGradient.uasset" 199
"../../../Engine/Content/EngineDebugMaterials/BoneWeightMaterial.uasset" 200
"../../../Engine/Content/EngineDebugMaterials/ClothMaterial.uasset" 201
"../../../Engine/Content/EngineDebugMaterials/ClothMaterial_WF.uasset" 202
"../../../Engine/Content/EngineDebugMaterials/DebugEditorMaterial.uasset" 203
"../../../Engine/Content/EngineDebugMaterials/DebugMeshMaterial.uasset" 204
"../../../Engine/Content/EngineDebugMaterials/GeomMaterial.uasset" 205
"../../../Engine/Content/EngineDebugMaterials/LevelColorationLitMaterial.uasset" 206
"../../../Engine/Content/EngineDebugMaterials/LevelColorationUnlitMaterial.uasset" 207
"../../../Engine/Content/EngineMaterials/DefaultWhiteGrid.uasset" 208
"../../../Engine/Content/EngineDebugMaterials/MAT_LevelColorationLitLightmapUV.uasset" 209
"../../../Engine/Content/EngineDebugMaterials/M_SimpleTranslucent.uasset" 210
"../../../Engine/Content/EngineDebugMaterials/ShadedLevelColorationLitMaterial.uasset" 211
"../../../Engine/Content/EngineDebugMaterials/ShadedLevelColorationUnlitMateri.uasset" 212
"../../../Engine/Content/EngineDebugMaterials/VertexColorMaterial.uasset" 213
"../../../Engine/Content/EngineDebugMaterials/VertexColorViewMode_AlphaAsColor.uasset" 214
"../../../Engine/Content/EngineDebugMaterials/VertexColorViewMode_BlueOnly.uasset" 215
"../../../Engine/Content/EngineDebugMaterials/VertexColorViewMode_ColorOnly.uasset" 216
"../../../Engine/Content/EngineDebugMaterials/VertexColorViewMode_GreenOnly.uasset" 217
"../../../Engine/Content/EngineDebugMaterials/VertexColorViewMode_RedOnly.uasset" 218
"../../../Engine/Content/EngineDebugMaterials/WireframeMaterial.uasset" 219
"../../../Engine/Content/EngineFonts/Faces/RobotoBold.uasset" 220
"../../../Engine/Content/EngineFonts/Faces/RobotoBoldItalic.uasset" 221
"../../../Engine/Content/EngineFonts/Faces/RobotoItalic.uasset" 222
"../../../Engine/Content/EngineFonts/Faces/RobotoLight.uasset" 223
"../../../Engine/Content/EngineFonts/Faces/RobotoRegular.uasset" 224
"../../../Engine/Content/EngineFonts/Roboto.uasset" 225
"../../../Engine/Content/EngineFonts/Faces/RobotoTiny.uasset" 226
"../../../Engine/Content/EngineFonts/RobotoTiny.uasset" 227
"../../../Engine/Content/EngineFonts/SmallFont.uasset" 228
"../../../Engine/Content/EngineFonts/TinyFont.uasset" 229
"../../../Engine/Content/EngineResources/WhiteSquareTexture.uasset" 230
"../../../Engine/Content/EngineMaterials/BlinkingCaret.uasset" 231
"../../../Engine/Content/EngineMaterials/DefaultBloomKernel.uasset" 232
"../../../Engine/Content/EngineMaterials/DefaultBokeh.uasset" 233
"../../../Engine/Content/EngineMaterials/DefaultDiffuse.uasset" 234
"../../../Engine/Content/EngineMaterials/DefaultDeferredDecalMaterial.uasset" 235
"../../../Engine/Content/EngineMaterials/DefaultLightFunctionMaterial.uasset" 236
"../../../Engine/Content/EngineMaterials/DefaultPostProcessMaterial.uasset" 237
"../../../Engine/Content/EngineFonts/RobotoDistanceField.uasset" 238
"../../../Engine/Content/EngineMaterials/DefaultTextMaterialOpaque.uasset" 239
"../../../Engine/Content/EngineMaterials/EditorBrushMaterial.uasset" 240
"../../../Engine/Content/EngineMaterials/Grid_N.uasset" 241
"../../../Engine/Content/EngineMaterials/HighResolutionScreenshotMaskFunction.uasset" 242
"../../../Engine/Content/EngineMaterials/HighResScreenshot.uasset" 243
"../../../Engine/Content/EngineMaterials/HighResScreenshotCaptureRegion.uasset" 244
"../../../Engine/Content/EngineMaterials/HighResScreenshotMask.uasset" 245
"../../../Engine/Content/EngineMaterials/LandscapeHolePhysicalMaterial.uasset" 246
"../../../Engine/Content/EngineMaterials/InvalidLightmapSettings.uasset" 247
"../../../Engine/Content/EngineMaterials/M_InvalidLightmapSettings.uasset" 248
"../../../Engine/Content/EngineMaterials/PaperDiffuse.uasset" 249
"../../../Engine/Content/EngineMaterials/PaperNormal.uasset" 250
"../../../Engine/Content/Functions/Engine_MaterialFunctions02/WorldPositionOffset/CameraOffset.uasset" 251
"../../../Engine/Content/EngineMaterials/PhAT_JointLimitMaterial.uasset" 252
"../../../Engine/Content/EngineMaterials/PhysMat_Rubber.uasset" 253
"../../../Engine/Content/EngineMaterials/PreintegratedSkinBRDF.uasset" 254
"../../../Engine/Content/EngineMaterials/RemoveSurfaceMaterial.uasset" 255
"../../../Engine/Content/EngineMaterials/WeightMapPlaceholderTexture.uasset" 256
"../../../Engine/Content/EngineMaterials/Widget3DPassThrough.uasset" 257
"../../../Engine/Content/EngineMaterials/Widget3DPassThrough_Masked.uasset" 258
"../../../Engine/Content/EngineMaterials/Widget3DPassThrough_Opaque.uasset" 259
"../../../Engine/Content/EngineMaterials/Widget3DPassThrough_Masked_OneSided.uasset" 260
"../../../Engine/Content/EngineMaterials/Widget3DPassThrough_Opaque_OneSided.uasset" 261
"../../../Engine/Content/EngineMaterials/Widget3DPassThrough_Translucent.uasset" 262
"../../../Engine/Content/EngineMaterials/Widget3DPassThrough_Translucent_OneSided.uasset" 263
"../../../Engine/Content/EngineMeshes/Cube.uasset" 264
"../../../Engine/Content/EngineMeshes/Cylinder.uasset" 265
"../../../Engine/Content/EngineMeshes/Sphere.uasset" 266
"../../../Engine/Content/EngineResources/Black.uasset" 267
"../../../Engine/Content/EngineResources/DefaultTexture.uasset" 268
"../../../Engine/Content/EngineResources/DefaultTextureCube.uasset" 269
"../../../Engine/Content/EngineResources/GradientTexture0.uasset" 270
"../../../Engine/Content/EngineResources/StreamingPauseIcon.uasset" 271
"../../../Engine/Content/EngineResources/M_StreamingPause.uasset" 272
"../../../Engine/Content/EngineSounds/Master.uasset" 273
"../../../Engine/Content/Functions/Engine_MaterialFunctions01/Shading/PowerToRoughness.uasset" 274
"../../../Engine/Content/Maps/Templates/Thumbnails/Default.uasset" 275
"../../../Engine/Content/Maps/Templates/Thumbnails/VR-Basic.uasset" 276
"../../../Engine/Content/MapTemplates/Sky/DaylightAmbientCubemap.uasset" 277
"../../../Engine/Content/MobileResources/T_MobileControls_texture.uasset" 278
"../../../Engine/Content/MobileResources/T_MobileMenu2.uasset" 279
"../../../Engine/Content/MobileResources/HUD/AnalogHat.uasset" 280
"../../../Engine/Content/MobileResources/HUD/VirtualJoystick_Background.uasset" 281
"../../../Engine/Content/MobileResources/HUD/VirtualJoystick_Thumb.uasset" 282
"../../../Engine/Content/MobileResources/HUD/DefaultVirtualJoysticks.uasset" 283
"../../../Engine/Content/MobileResources/HUD/LeftVirtualJoystickOnly.uasset" 284
"../../../Engine/Content/MobileResources/HUD/MobileHUDButton1_off.uasset" 285
"../../../Engine/Content/MobileResources/HUD/MobileHUDButton1_on.uasset" 286
"../../../Engine/Content/MobileResources/HUD/MobileHUDButton2_off.uasset" 287
"../../../Engine/Content/MobileResources/HUD/MobileHUDButton2_on.uasset" 288
"../../../Engine/Content/MobileResources/HUD/MobileHUDButton3.uasset" 289
"../../../Engine/Content/MobileResources/HUD/MobileHUDButtonFire.uasset" 290
"../../../Engine/Content/MobileResources/HUD/MobileHUDDirectionPad.uasset" 291
"../../../Engine/Content/MobileResources/HUD/MobileHUDDirectionPad2.uasset" 292
"../../../Engine/Content/MobileResources/HUD/MobileHUDDirectionPad3.uasset" 293
"../../../Engine/Content/MobileResources/HUD/MobileHUDDirectionStick.uasset" 294
"../../../Engine/Content/MobileResources/HUD/T_Castle_ThumbstickInner.uasset" 295
"../../../Engine/Content/MobileResources/HUD/T_Castle_ThumbstickOutter.uasset" 296
"../../../Engine/Content/Tutorial/ContentIntroCurve.uasset" 297
"../../../Engine/Content/Tutorial/Basics/TutorialAssets/icon_tab_Levels_40x.uasset" 298
"../../../Engine/Content/Tutorial/BlueprintTutorials/TutorialAssets/BlueprintInterface_64x.uasset" 299
"../../../Engine/Content/Tutorial/BlueprintTutorials/TutorialAssets/BlueprintMacroLibrary_64x.uasset" 300
"../../../Engine/Content/Tutorial/BlueprintTutorials/TutorialAssets/Blueprint_64x.uasset" 301
"../../../Engine/Content/Tutorial/BlueprintTutorials/TutorialAssets/Tutorial_BP_Interface.uasset" 302
"../../../Engine/Content/Tutorial/Foliage/TutorialAssets/Foliage.uasset" 303
"../../../Engine/Content/Tutorial/Landscape/TutorialAssets/Landscape.uasset" 304
"../../../Engine/Content/Tutorial/Paper2D/TutorialAssets/Paper2DFlipbook_TutorialIcon.uasset" 305
"../../../Engine/Content/Tutorial/Paper2D/TutorialAssets/Paper2DSprite_TutorialIcon.uasset" 306
"../../../Engine/Content/Tutorial/SubEditors/TutorialAssets/icon_Editor_Preferences_General_40x.uasset" 307
"../../../Engine/Content/Tutorial/SubEditors/TutorialAssets/icon_ShowSkeletalMeshes_40x.uasset" 308
"../../../Engine/Content/Tutorial/SubEditors/TutorialAssets/TutorialMaterial.uasset" 309
"../../../Engine/Content/Tutorial/SubEditors/TutorialAssets/T_SmokeSubUV_8X8.uasset" 310
"../../../Engine/Content/Tutorial/SubEditors/TutorialAssets/T_soft_smoke.uasset" 311
"../../../Engine/Content/Tutorial/SubEditors/TutorialAssets/M_smoke_subUV_blackbody.uasset" 312
"../../../Engine/Content/Tutorial/SubEditors/TutorialAssets/TutorialParticleSystem.uasset" 313
"../../../Engine/Content/VREditor/Devices/Generic/GenericHMDMaterial.uasset" 314
"../../../Engine/Content/VREditor/Devices/Generic/GenericHMD.uasset" 315
"../../../Engine/Content/Functions/Engine_MaterialFunctions02/Utility/BreakOutFloat3Components.uasset" 316
"../../../Engine/Content/VREditor/Devices/Vive/VivePreController_MasksB.uasset" 317
"../../../Engine/Content/VREditor/Devices/Oculus/OculusControllerMaterial.uasset" 318
"../../../Engine/Content/VREditor/Devices/Oculus/OculusControllerMaterial_Inst.uasset" 319
"../../../Engine/Content/VREditor/Devices/Oculus/OculusControllerMesh.uasset" 320
"../../../Engine/Content/VREditor/Devices/Vive/T_VivePreController_EM.uasset" 321
"../../../Engine/Content/VREditor/Devices/Vive/VivePreController_MasksA.uasset" 322
"../../../Engine/Content/VREditor/Devices/Vive/VivePreControllerDiffuse.uasset" 323
"../../../Engine/Content/VREditor/Devices/Vive/VivePreControllerSpec.uasset" 324
"../../../Engine/Content/VREditor/LaserPointer/VR_LaserPower_01.uasset" 325
"../../../Engine/Content/VREditor/Devices/Vive/VivePreControllerMaterial.uasset" 326
"../../../Engine/Content/VREditor/Devices/Vive/VivePreControllerMaterial_Inst.uasset" 327
"../../../Engine/Content/VREditor/Devices/Vive/VivePreControllerMesh.uasset" 328
"../../../Engine/Content/VREditor/FloatingText/LineMaterial.uasset" 329
"../../../Engine/Content/VREditor/FloatingText/JointSphere.uasset" 330
"../../../Engine/Content/VREditor/FloatingText/LineSegmentCylinder.uasset" 331
"../../../Engine/Content/VREditor/Fonts/VRText_RobotoLarge.uasset" 332
"../../../Engine/Content/VREditor/Fonts/VRTextMaterial.uasset" 333
"../../../Engine/Content/VREditor/Fonts/TranslucentVRTextMaterial.uasset" 334
"../../../Engine/Content/VREditor/LaserPointer/CursorPointer.uasset" 335
"../../../Engine/Content/VREditor/TransformGizmo/TransformGizmoMaterial.uasset" 336
"../../../Engine/Content/VREditor/LaserPointer/HoverMaterial.uasset" 337
"../../../Engine/Content/VREditor/TransformGizmo/TranslucentTransformGizmoMaterial.uasset" 338
"../../../Engine/Content/VREditor/LaserPointer/TranslucentHoverMaterial.uasset" 339
"../../../Engine/Content/VREditor/LaserPointer/HoverMesh.uasset" 340
"../../../Engine/Content/VREditor/LaserPointer/LaserPointerMaterial.uasset" 341
"../../../Engine/Content/VREditor/LaserPointer/LaserPointerMaterialInst.uasset" 342
"../../../Engine/Content/VREditor/LaserPointer/TranslucentLaserPointerMaterialInst.uasset" 343
"../../../Engine/Content/VREditor/LaserPointer/LaserPointerMesh.uasset" 344
"../../../Engine/Content/VREditor/LaserPointer/LaserPointerMesh_End.uasset" 345
"../../../Engine/Content/VREditor/LaserPointer/LaserPointerMesh_Start.uasset" 346
"../../../Engine/Content/VREditor/Sounds/VR_teleport.uasset" 347
"../../../Engine/Content/VREditor/Sounds/UI/Click_on_Button.uasset" 348
"../../../Engine/Content/VREditor/Sounds/UI/Click_on_Button_Cue.uasset" 349
"../../../Engine/Content/VREditor/Sounds/UI/Dockable_Window_Close.uasset" 350
"../../../Engine/Content/VREditor/Sounds/UI/Dockable_Window_Drop.uasset" 351
"../../../Engine/Content/VREditor/Sounds/UI/Dockable_Window_Open.uasset" 352
"../../../Engine/Content/VREditor/Sounds/UI/Dockable_Window_Pick_Up.uasset" 353
"../../../Engine/Content/VREditor/Sounds/UI/Drop_Item_From_ContentBrowser.uasset" 354
"../../../Engine/Content/VREditor/Sounds/UI/Floating_UI_Open-001.uasset" 355
"../../../Engine/Content/VREditor/Sounds/UI/Radial_Menu_FadeOut.uasset" 356
"../../../Engine/Content/VREditor/Sounds/UI/Teleport_Mode_Entered.uasset" 357
"../../../Engine/Content/VREditor/Teleport/TeleportDirectionMaterial.uasset" 358
"../../../Engine/Content/VREditor/Teleport/TeleportDirectionMaterial_Inst.uasset" 359
"../../../Engine/Content/VREditor/Teleport/TeleportDirectionMesh.uasset" 360
"../../../Engine/Content/VREditor/TransformGizmo/BoundingBoxCorner.uasset" 361
"../../../Engine/Content/VREditor/TransformGizmo/BoundingBoxEdge.uasset" 362
"../../../Engine/Content/VREditor/TransformGizmo/PlaneTranslationHandle.uasset" 363
"../../../Engine/Content/VREditor/TransformGizmo/Main.uasset" 364
"../../../Engine/Content/VREditor/TransformGizmo/Xray.uasset" 365
"../../../Engine/Content/VREditor/TransformGizmo/SM_Dialog_Close.uasset" 366
"../../../Engine/Content/VREditor/TransformGizmo/SM_Dialog_Move.uasset" 367
"../../../Engine/Content/VREditor/TransformGizmo/SM_Sequencer_Key.uasset" 368
"../../../Engine/Content/VREditor/TransformGizmo/SM_Sequencer_Node.uasset" 369
"../../../Engine/Content/VREditor/TransformGizmo/TransformGizmoMaterial_Inst.uasset" 370
"../../../Engine/Content/VREditor/TransformGizmo/TranslucentTransformGizmoMaterial_Inst.uasset" 371
"../../../Engine/Content/VREditor/Devices/Vive/UE4_Logo.uasset" 372
"../../../Engine/Content/VREditor/UI/M_ContentWindow.uasset" 373
"../../../Engine/Content/VREditor/UI/SM_ContentWindow_01.uasset" 374
"../../../Engine/Content/VREditor/UI/KeyDiskMaterial.uasset" 375
"../../../Engine/Content/VREditor/UI/DiscMaterial.uasset" 376
"../../../Engine/Content/VREditor/UI/SM_Radial_Disk.uasset" 377
"../../../Engine/Content/VREditor/UI/ArrowMaterial.uasset" 378
"../../../Engine/Content/VREditor/UI/SM_Radial_Pointer.uasset" 379
"../../../Engine/Content/Functions/Engine_MaterialFunctions01/Gradient/RadialGradient.uasset" 380
"../../../Engine/Content/VREditor/WorldMovementGrid/SimpleGrid.uasset" 381
"../../../Engine/Content/VREditor/WorldMovementGrid/GridMaterial.uasset" 382
"../../../Engine/Content/Functions/Engine_MaterialFunctions01/Density/ExponentialDensity.uasset" 383
"../../../Engine/Content/VREditor/WorldMovementGrid/GridPostProcess.uasset" 384
"../../../Engine/Content/EditorLandscapeResources/FlattenHeightMat.uasset" 385
"../../../Engine/Content/VREditor/WorldMovementGrid/PlaneMesh.uasset" 386
"C:/Users/logix/Desktop/RAProject/RA-Git/Ryzen/Content/Assets/Thumbnails/chair.uasset" 387
"C:/Users/logix/Desktop/RAProject/RA-Git/Ryzen/Content/Assets/Thumbnails/Cube.uasset" 388
"C:/Users/logix/Desktop/RAProject/RA-Git/Ryzen/Content/Data/ItemDB.uasset" 389
"C:/Users/logix/Desktop/RAProject/RA-Git/Ryzen/Content/RyzenBP/Texture/FirstPersonCrosshair.uasset" 390
"C:/Users/logix/Desktop/RAProject/RA-Git/Ryzen/Content/ParagonMurdock/Characters/Heroes/Murdock/Meshes/Paragon_Proto_Retarget.uasset" 391
"C:/Users/logix/Desktop/RAProject/RA-Git/Ryzen/Content/ParagonMurdock/Characters/Heroes/Murdock/Meshes/Murdock_Skeleton.uasset" 392
"C:/Users/logix/Desktop/RAProject/RA-Git/Ryzen/Content/ParagonMurdock/Characters/Heroes/Murdock/Animations/Idle_A_Loop.uasset" 393
"C:/Users/logix/Desktop/RAProject/RA-Git/Ryzen/Content/ParagonMurdock/Characters/Heroes/Murdock/Animations/Jump_Apex.uasset" 394
"C:/Users/logix/Desktop/RAProject/RA-Git/Ryzen/Content/ParagonMurdock/Characters/Heroes/Murdock/Animations/Jump_Land.uasset" 395
"C:/Users/logix/Desktop/RAProject/RA-Git/Ryzen/Content/ParagonMurdock/Characters/Heroes/Murdock/Animations/Jump_Recovery_Additive.uasset" 396
"C:/Users/logix/Desktop/RAProject/RA-Git/Ryzen/Content/ParagonMurdock/Characters/Heroes/Murdock/Animations/Jump_Start.uasset" 397
"C:/Users/logix/Desktop/RAProject/RA-Git/Ryzen/Content/ParagonMurdock/Characters/Heroes/Murdock/Animations/Sprint_Jump_InPlace_Loop.uasset" 398
"C:/Users/logix/Desktop/RAProject/RA-Git/Ryzen/Content/ParagonMurdock/Characters/Heroes/Murdock/Animations/Jog_Fwd_Alt.uasset" 399
"C:/Users/logix/Desktop/RAProject/RA-Git/Ryzen/Content/ParagonMurdock/Characters/Heroes/Murdock/Animations/Jog_Fwd_CircleLeft.uasset" 400
"C:/Users/logix/Desktop/RAProject/RA-Git/Ryzen/Content/ParagonMurdock/Characters/Heroes/Murdock/Animations/Jog_Fwd_CircleRight.uasset" 401
"C:/Users/logix/Desktop/RAProject/RA-Git/Ryzen/Content/ParagonMurdock/Characters/Heroes/Murdock/Animations/Jog_Fwd_Downhill.uasset" 402
"C:/Users/logix/Desktop/RAProject/RA-Git/Ryzen/Content/ParagonMurdock/Characters/Heroes/Murdock/Animations/Jog_Fwd_Uphill.uasset" 403
"C:/Users/logix/Desktop/RAProject/RA-Git/Ryzen/Content/ParagonMurdock/Characters/Heroes/Murdock/Animations/BlendSpaces/JogFwdSlopeLean.uasset" 404
"C:/Users/logix/Desktop/RAProject/RA-Git/Ryzen/Content/RyzenBP/Anim_BP/RyzenAnim_BP.uasset" 405
"../../../Engine/Content/Functions/Engine_MaterialFunctions01/Gradient/LinearGradient.uasset" 406
"../../../Engine/Content/Functions/Engine_MaterialFunctions01/ImageAdjustment/BlurSampleOffsets.uasset" 407
"../../../Engine/Content/Functions/Engine_MaterialFunctions01/ImageAdjustment/SceneTextureAverage.uasset" 408
"../../../Engine/Content/Functions/Engine_MaterialFunctions02/Utility/CameraVectorWithWPOOptions.uasset" 409
"C:/Users/logix/Desktop/RAProject/RA-Git/Ryzen/Content/ParagonMurdock/Characters/Global/Eyes/Textures/T_EyeOcclusion2.uasset" 410
"C:/Users/logix/Desktop/RAProject/RA-Git/Ryzen/Content/ParagonMurdock/Characters/Global/Eyes/Materials/M_Eye_Occlusion.uasset" 411
"../../../Engine/Content/Functions/Engine_MaterialFunctions01/ImageAdjustment/CheapContrast.uasset" 412
"../../../Engine/Content/Functions/Engine_MaterialFunctions01/Shading/MetallicShading.uasset" 413
"../../../Engine/Content/Functions/Engine_MaterialFunctions01/Texturing/WorldAlignedTexture.uasset" 414
"../../../Engine/Content/Functions/Engine_MaterialFunctions02/Texturing/ScreenAlignedPixelToPixelUVs.uasset" 415
"../../../Engine/Content/EngineMaterials/Good64x64TilingNoiseHighFreq.uasset" 416
"../../../Engine/Content/Functions/Engine_MaterialFunctions02/Utility/DitherTemporalAA.uasset" 417
"../../../Engine/Content/Functions/Engine_MaterialFunctions03/Blends/Lerp_ScratchGrime.uasset" 418
"../../../Engine/Content/Functions/MaterialLayerFunctions/MatLayerBlend_BreakBaseColor.uasset" 419
"../../../Engine/Content/Functions/MaterialLayerFunctions/MatLayerBlend_Emissive.uasset" 420
"../../../Engine/Content/Functions/MaterialLayerFunctions/MatLayerBlend_OverrideBaseColor.uasset" 421
"../../../Engine/Content/Functions/MaterialLayerFunctions/MatLayerBlend_Standard.uasset" 422
"../../../Engine/Content/Functions/MaterialLayerFunctions/MatLayerBlend_Tint.uasset" 423
"C:/Users/logix/Desktop/RAProject/RA-Git/Ryzen/Content/ParagonMurdock/Characters/Global/MaterialFunctions/MaterialLayerConstructors/MLC_ScratchAndGrime.uasset" 424
"../../../Engine/Content/EngineMaterials/DefaultNormal.uasset" 425
"C:/Users/logix/Desktop/RAProject/RA-Git/Ryzen/Content/ParagonMurdock/Characters/Global/MaterialFunctions/MaterialLayerConstructors/MLC_Standard.uasset" 426
"C:/Users/logix/Desktop/RAProject/RA-Git/Ryzen/Content/ParagonMurdock/Characters/Global/MaterialFunctions/MF_BrightnessAdjust.uasset" 427
"C:/Users/logix/Desktop/RAProject/RA-Git/Ryzen/Content/ParagonMurdock/Characters/Global/Textures/Noise/T_AtmosphericCloudNoise01.uasset" 428
"C:/Users/logix/Desktop/RAProject/RA-Git/Ryzen/Content/ParagonMurdock/Characters/Global/Textures/Noise/T_AtmosphericCloudNoise01_N.uasset" 429
"C:/Users/logix/Desktop/RAProject/RA-Git/Ryzen/Content/ParagonMurdock/Characters/Global/Textures/Noise/T_AtmosphericCloudNoise03.uasset" 430
"C:/Users/logix/Desktop/RAProject/RA-Git/Ryzen/Content/ParagonMurdock/Characters/Global/MaterialFunctions/MF_DeathFade.uasset" 431
"C:/Users/logix/Desktop/RAProject/RA-Git/Ryzen/Content/ParagonMurdock/Characters/Global/T_TestML_Mask.uasset" 432
"C:/Users/logix/Desktop/RAProject/RA-Git/Ryzen/Content/ParagonMurdock/Characters/Global/MaterialLayers/ML__Blank.uasset" 433
"C:/Users/logix/Desktop/RAProject/RA-Git/Ryzen/Content/ParagonMurdock/Characters/Global/ParameterCollections/OrionGlobalGameplayCollection.uasset" 434
"C:/Users/logix/Desktop/RAProject/RA-Git/Ryzen/Content/ParagonMurdock/Characters/Global/MaterialFunctions/MF_HitFlash.uasset" 435
"C:/Users/logix/Desktop/RAProject/RA-Git/Ryzen/Content/ParagonMurdock/Characters/Global/MaterialLayers/Metal/T_Blue_Metal02.uasset" 436
"C:/Users/logix/Desktop/RAProject/RA-Git/Ryzen/Content/ParagonMurdock/Characters/Global/MaterialLayers/Rubber/T_Blank_N.uasset" 437
"C:/Users/logix/Desktop/RAProject/RA-Git/Ryzen/Content/ParagonMurdock/Characters/Global/MaterialLayers/Metal/ML_blue_Metal.uasset" 438
"C:/Users/logix/Desktop/RAProject/RA-Git/Ryzen/Content/ParagonMurdock/Characters/Global/MaterialFunctions/MF_OrionRimlight.uasset" 439
"C:/Users/logix/Desktop/RAProject/RA-Git/Ryzen/Content/ParagonMurdock/Characters/Global/MaterialFunctions/MF_CharacterEffects.uasset" 440
"C:/Users/logix/Desktop/RAProject/RA-Git/Ryzen/Content/ParagonMurdock/Characters/Global/Eyes/Textures/T_Eye_Tearduct__normals2.uasset" 441
"C:/Users/logix/Desktop/RAProject/RA-Git/Ryzen/Content/ParagonMurdock/Characters/Global/Eyes/Textures/TearDuctSubsurfaceProfile.uasset" 442
"C:/Users/logix/Desktop/RAProject/RA-Git/Ryzen/Content/ParagonMurdock/Characters/Global/Eyes/Materials/M_TearDuct_2.uasset" 443
"C:/Users/logix/Desktop/RAProject/RA-Git/Ryzen/Content/ParagonMurdock/Characters/Global/Eyes/Materials/M_TearLine.uasset" 444
"../../../Engine/Content/Functions/Engine_MaterialFunctions01/ImageAdjustment/DeriveHDRfromLDR.uasset" 445
"../../../Engine/Content/Functions/Engine_MaterialFunctions01/Texturing/FlattenNormal.uasset" 446
"../../../Engine/Content/Functions/Engine_MaterialFunctions02/Utility/BlendAngleCorrectedNormals.uasset" 447
"../../../Engine/Content/Functions/MaterialLayerFunctions/MatLayerBlend_BakedNormal.uasset" 448
"../../../Engine/Content/Functions/MaterialLayerFunctions/MatLayerBlend_TenLayerBlend.uasset" 449
"C:/Users/logix/Desktop/RAProject/RA-Git/Ryzen/Content/ParagonMurdock/Characters/Global/MaterialFunctions/MaterialLayerConstructors/MF_BaseColorTintAndContrast.uasset" 450
"C:/Users/logix/Desktop/RAProject/RA-Git/Ryzen/Content/ParagonMurdock/Characters/Global/MaterialFunctions/MaterialLayerConstructors/MF_RoughnessAdjustment.uasset" 451
"C:/Users/logix/Desktop/RAProject/RA-Git/Ryzen/Content/ParagonMurdock/Characters/Global/T_Black_Linear.uasset" 452
"C:/Users/logix/Desktop/RAProject/RA-Git/Ryzen/Content/ParagonMurdock/Characters/Global/MaterialFunctions/MF_OrionCharacterAO.uasset" 453
"../../../Engine/Content/EngineMaterials/FlatNormal.uasset" 454
"C:/Users/logix/Desktop/RAProject/RA-Git/Ryzen/Content/ParagonMurdock/Characters/Heroes/Murdock/Materials/MF_ClothShading.uasset" 455
"C:/Users/logix/Desktop/RAProject/RA-Git/Ryzen/Content/ParagonMurdock/Characters/Global/MaterialLayers/Fabric/T_ML_Fabric_Basic2.uasset" 456
"C:/Users/logix/Desktop/RAProject/RA-Git/Ryzen/Content/ParagonMurdock/Characters/Global/MaterialLayers/Fabric/T_ML_Fabric_Blue_Medium_N.uasset" 457
"C:/Users/logix/Desktop/RAProject/RA-Git/Ryzen/Content/ParagonMurdock/Characters/Global/MaterialLayers/Fabric/ML_Fabric_Basic.uasset" 458
"C:/Users/logix/Desktop/RAProject/RA-Git/Ryzen/Content/ParagonMurdock/Characters/Global/MaterialLayers/Metal/T_RoughMetal01_N.uasset" 459
"C:/Users/logix/Desktop/RAProject/RA-Git/Ryzen/Content/ParagonMurdock/Characters/Global/MaterialLayers/Metal/T_RoughMetal01.uasset" 460
"C:/Users/logix/Desktop/RAProject/RA-Git/Ryzen/Content/ParagonMurdock/Characters/Global/MaterialLayers/Metal/ML_Aluminum.uasset" 461
"C:/Users/logix/Desktop/RAProject/RA-Git/Ryzen/Content/ParagonMurdock/Characters/Global/MaterialLayers/Metal/T_Blank_N.uasset" 462
"C:/Users/logix/Desktop/RAProject/RA-Git/Ryzen/Content/ParagonMurdock/Characters/Global/MaterialLayers/Metal/T_ML_Gold_Metal01.uasset" 463
"C:/Users/logix/Desktop/RAProject/RA-Git/Ryzen/Content/ParagonMurdock/Characters/Global/MaterialLayers/Metal/ML_WarmGold_Light.uasset" 464
"C:/Users/logix/Desktop/RAProject/RA-Git/Ryzen/Content/ParagonMurdock/Characters/Global/MaterialLayers/Painted/T_ML_PaintedConstructionMetal_N.uasset" 465
"C:/Users/logix/Desktop/RAProject/RA-Git/Ryzen/Content/ParagonMurdock/Characters/Global/MaterialLayers/Synthetics/T_Rough_Plastic_N.uasset" 466
"C:/Users/logix/Desktop/RAProject/RA-Git/Ryzen/Content/ParagonMurdock/Characters/Global/MaterialLayers/Synthetics/T_Rough_Plastic_D.uasset" 467
"C:/Users/logix/Desktop/RAProject/RA-Git/Ryzen/Content/ParagonMurdock/Characters/Global/MaterialLayers/Painted/ML_Gray_shinyPaint.uasset" 468
"C:/Users/logix/Desktop/RAProject/RA-Git/Ryzen/Content/ParagonMurdock/Characters/Global/MaterialLayers/Rubber/M_RubberHose_Simple.uasset" 469
"C:/Users/logix/Desktop/RAProject/RA-Git/Ryzen/Content/ParagonMurdock/Characters/Global/MaterialLayers/Rubber/T_ML_Rubber_Blue_01_D.uasset" 470
"C:/Users/logix/Desktop/RAProject/RA-Git/Ryzen/Content/ParagonMurdock/Characters/Global/MaterialLayers/Rubber/T_ML_Rubber_Blue_01_N.uasset" 471
"C:/Users/logix/Desktop/RAProject/RA-Git/Ryzen/Content/ParagonMurdock/Characters/Global/MaterialLayers/Rubber/ML_GlossyBlack_Latex.uasset" 472
"C:/Users/logix/Desktop/RAProject/RA-Git/Ryzen/Content/ParagonMurdock/Characters/Heroes/Murdock/Materials/MF_MatLayerBlend_Decal.uasset" 473
"C:/Users/logix/Desktop/RAProject/RA-Git/Ryzen/Content/ParagonMurdock/Characters/Heroes/Murdock/Materials/MF_MurdockArmEmissive.uasset" 474
"C:/Users/logix/Desktop/RAProject/RA-Git/Ryzen/Content/ParagonMurdock/Characters/Heroes/Murdock/Skins/Tier_1_5/Wasteland/Textures/MurdocSubsurfaceProfile.uasset" 475
"C:/Users/logix/Desktop/RAProject/RA-Git/Ryzen/Content/ParagonMurdock/Characters/Heroes/Murdock/Textures/T_Murdock_Arms_Decals.uasset" 476
"C:/Users/logix/Desktop/RAProject/RA-Git/Ryzen/Content/ParagonMurdock/Characters/Heroes/Murdock/Textures/T_Murdock_Arms_MASK.uasset" 477
"C:/Users/logix/Desktop/RAProject/RA-Git/Ryzen/Content/ParagonMurdock/Characters/Heroes/Murdock/Textures/T_Murdock_Arms_MASK2.uasset" 478
"C:/Users/logix/Desktop/RAProject/RA-Git/Ryzen/Content/ParagonMurdock/Characters/Heroes/Murdock/Textures/T_Murdock_Arms_Normals.uasset" 479
"C:/Users/logix/Desktop/RAProject/RA-Git/Ryzen/Content/ParagonMurdock/Characters/Heroes/Murdock/Textures/T_Murdock_Arms_RGB.uasset" 480
"C:/Users/logix/Desktop/RAProject/RA-Git/Ryzen/Content/ParagonMurdock/Characters/Heroes/Murdock/Materials/M_Murdock_Arms.uasset" 481
"C:/Users/logix/Desktop/RAProject/RA-Git/Ryzen/Content/ParagonMurdock/Characters/Global/MaterialFunctions/MF_Character_MaterialLayerQuality.uasset" 482
"C:/Users/logix/Desktop/RAProject/RA-Git/Ryzen/Content/ParagonMurdock/Characters/Global/MaterialLayers/Rubber/T_Rubber_2_N.uasset" 483
"C:/Users/logix/Desktop/RAProject/RA-Git/Ryzen/Content/ParagonMurdock/Characters/Global/MaterialLayers/Rubber/T_Rubber_2.uasset" 484
"C:/Users/logix/Desktop/RAProject/RA-Git/Ryzen/Content/ParagonMurdock/Characters/Global/MaterialLayers/Rubber/ML_Rubber.uasset" 485
"C:/Users/logix/Desktop/RAProject/RA-Git/Ryzen/Content/ParagonMurdock/Characters/Heroes/Murdock/Materials/Murdock_SubsurfaceProfile.uasset" 486
"C:/Users/logix/Desktop/RAProject/RA-Git/Ryzen/Content/ParagonMurdock/Characters/Heroes/Murdock/Textures/T_Murdock_Body_Decals_01.uasset" 487
"C:/Users/logix/Desktop/RAProject/RA-Git/Ryzen/Content/ParagonMurdock/Characters/Heroes/Murdock/Textures/T_Murdock_Body_MASK.uasset" 488
"C:/Users/logix/Desktop/RAProject/RA-Git/Ryzen/Content/ParagonMurdock/Characters/Heroes/Murdock/Textures/T_Murdock_Body_MASK_2.uasset" 489
"C:/Users/logix/Desktop/RAProject/RA-Git/Ryzen/Content/ParagonMurdock/Characters/Heroes/Murdock/Textures/T_Murdock_Body_Normals.uasset" 490
"C:/Users/logix/Desktop/RAProject/RA-Git/Ryzen/Content/ParagonMurdock/Characters/Heroes/Murdock/Textures/T_Murdock_Body_RGB.uasset" 491
"C:/Users/logix/Desktop/RAProject/RA-Git/Ryzen/Content/ParagonMurdock/Characters/Heroes/Murdock/Materials/M_Murdock_Body.uasset" 492
"C:/Users/logix/Desktop/RAProject/RA-Git/Ryzen/Content/ParagonMurdock/Characters/Heroes/Murdock/Materials/FX_EmissiveModulate.uasset" 493
"C:/Users/logix/Desktop/RAProject/RA-Git/Ryzen/Content/ParagonMurdock/Characters/Heroes/Murdock/Textures/T_Murdock_Canister_EmissiveMask.uasset" 494
"C:/Users/logix/Desktop/RAProject/RA-Git/Ryzen/Content/ParagonMurdock/Characters/Heroes/Murdock/Textures/T_WaterFoam2_D.uasset" 495
"C:/Users/logix/Desktop/RAProject/RA-Git/Ryzen/Content/ParagonMurdock/Characters/Heroes/Murdock/Materials/MF_MurdockCanisterEmissive.uasset" 496
"C:/Users/logix/Desktop/RAProject/RA-Git/Ryzen/Content/ParagonMurdock/Characters/Heroes/Murdock/Materials/M_Murdock_Glass.uasset" 497
"C:/Users/logix/Desktop/RAProject/RA-Git/Ryzen/Content/ParagonMurdock/Characters/Global/MaterialFunctions/MF_HumanSkin.uasset" 498
"C:/Users/logix/Desktop/RAProject/RA-Git/Ryzen/Content/ParagonMurdock/Characters/Global/MaterialLayers/ML_FlatBlack.uasset" 499
"C:/Users/logix/Desktop/RAProject/RA-Git/Ryzen/Content/ParagonMurdock/Characters/Heroes/Murdock/Textures/T_Murdock_Body_SkinColor.uasset" 500
"C:/Users/logix/Desktop/RAProject/RA-Git/Ryzen/Content/ParagonMurdock/Characters/Heroes/Murdock/Textures/T_Murdock_Body_SkinColor_Spec.uasset" 501
"C:/Users/logix/Desktop/RAProject/RA-Git/Ryzen/Content/ParagonMurdock/Characters/Heroes/Murdock/Textures/T_Murdock_Body_SkinColor_Subsurf.uasset" 502
"C:/Users/logix/Desktop/RAProject/RA-Git/Ryzen/Content/ParagonMurdock/Characters/Heroes/Murdock/Materials/M_Murdock_Head.uasset" 503
"C:/Users/logix/Desktop/RAProject/RA-Git/Ryzen/Content/ParagonMurdock/Characters/Global/MaterialLayers/Fabric/T_ML_Fabric_Shiny_Gray.uasset" 504
"C:/Users/logix/Desktop/RAProject/RA-Git/Ryzen/Content/ParagonMurdock/Characters/Global/MaterialLayers/Fabric/ML_Cloth03.uasset" 505
"C:/Users/logix/Desktop/RAProject/RA-Git/Ryzen/Content/ParagonMurdock/Characters/Heroes/Murdock/Textures/T_Murdock_Legs_MASK.uasset" 506
"C:/Users/logix/Desktop/RAProject/RA-Git/Ryzen/Content/ParagonMurdock/Characters/Heroes/Murdock/Textures/T_Murdock_Legs_MASK_2.uasset" 507
"C:/Users/logix/Desktop/RAProject/RA-Git/Ryzen/Content/ParagonMurdock/Characters/Heroes/Murdock/Textures/T_Murdock_Legs_Normals.uasset" 508
"C:/Users/logix/Desktop/RAProject/RA-Git/Ryzen/Content/ParagonMurdock/Characters/Heroes/Murdock/Textures/T_Murdock_Legs_RGB.uasset" 509
"C:/Users/logix/Desktop/RAProject/RA-Git/Ryzen/Content/ParagonMurdock/Characters/Heroes/Murdock/Materials/M_Murdock_Legs.uasset" 510
"C:/Users/logix/Desktop/RAProject/RA-Git/Ryzen/Content/ParagonMurdock/Characters/Global/MaterialLayers/Metal/T_Gray_Flat_Black.uasset" 511
"C:/Users/logix/Desktop/RAProject/RA-Git/Ryzen/Content/ParagonMurdock/Characters/Global/MaterialLayers/Metal/T_Rough_Metal_N.uasset" 512
"C:/Users/logix/Desktop/RAProject/RA-Git/Ryzen/Content/ParagonMurdock/Characters/Global/MaterialLayers/Metal/ML_Gray_Flat_Black_Metal.uasset" 513
"C:/Users/logix/Desktop/RAProject/RA-Git/Ryzen/Content/ParagonMurdock/Characters/Global/MaterialLayers/Synthetics/ML_DarkGlass.uasset" 514
"C:/Users/logix/Desktop/RAProject/RA-Git/Ryzen/Content/ParagonMurdock/Characters/Heroes/Murdock/Textures/T_Murdock_Weapons_MASK.uasset" 515
"C:/Users/logix/Desktop/RAProject/RA-Git/Ryzen/Content/ParagonMurdock/Characters/Heroes/Murdock/Textures/T_Murdock_Weapons_MASK_2.uasset" 516
"C:/Users/logix/Desktop/RAProject/RA-Git/Ryzen/Content/ParagonMurdock/Characters/Heroes/Murdock/Textures/T_Murdock_Weapons_Normals.uasset" 517
"C:/Users/logix/Desktop/RAProject/RA-Git/Ryzen/Content/ParagonMurdock/Characters/Heroes/Murdock/Textures/T_Murdock_Weapons_RGB.uasset" 518
"C:/Users/logix/Desktop/RAProject/RA-Git/Ryzen/Content/ParagonMurdock/Characters/Heroes/Murdock/Materials/M_Murdock_Weapons.uasset" 519
"C:/Users/logix/Desktop/RAProject/RA-Git/Ryzen/Content/ParagonMurdock/Characters/Global/Mouth/Materials/TeethSubsurfaceProfile.uasset" 520
"C:/Users/logix/Desktop/RAProject/RA-Git/Ryzen/Content/ParagonMurdock/Characters/Global/Mouth/Textures/T_Master_Mouth_1_COLOR.uasset" 521
"C:/Users/logix/Desktop/RAProject/RA-Git/Ryzen/Content/ParagonMurdock/Characters/Global/Mouth/Textures/T_Master_Mouth_1_N.uasset" 522
"C:/Users/logix/Desktop/RAProject/RA-Git/Ryzen/Content/ParagonMurdock/Characters/Global/Mouth/Textures/T_Master_Mouth_1_RGB.uasset" 523
"C:/Users/logix/Desktop/RAProject/RA-Git/Ryzen/Content/ParagonMurdock/Characters/Global/Mouth/Materials/M_Mouth_Master.uasset" 524
"C:/Users/logix/Desktop/RAProject/RA-Git/Ryzen/Content/ParagonMurdock/Characters/Global/Mouth/Textures/T_TeethAndTongue_D.uasset" 525
"C:/Users/logix/Desktop/RAProject/RA-Git/Ryzen/Content/ParagonMurdock/Characters/Global/Mouth/Textures/T_TeethAndTongue_N.uasset" 526
"C:/Users/logix/Desktop/RAProject/RA-Git/Ryzen/Content/ParagonMurdock/Characters/Global/Mouth/Materials/MI_Human_Mouth.uasset" 527
"../../../Engine/Content/Functions/Engine_MaterialFunctions02/HueShift.uasset" 528
"../../../Engine/Content/Functions/Engine_MaterialFunctions02/TangentBasis.uasset" 529
"C:/Users/logix/Desktop/RAProject/RA-Git/Ryzen/Content/ParagonMurdock/Characters/Global/Eyes/Textures/T_EyeMidPlaneDisplacement_Example.uasset" 530
"C:/Users/logix/Desktop/RAProject/RA-Git/Ryzen/Content/ParagonMurdock/Characters/Global/Eyes/MaterialFunctions/ML_EyeRefraction.uasset" 531
"../../../Engine/Content/EngineMaterials/BaseFlattenNormalMap.uasset" 532
"C:/Users/logix/Desktop/RAProject/RA-Git/Ryzen/Content/ParagonMurdock/Characters/Global/Eyes/Textures/T_Murdock_Corona_D.uasset" 533
"C:/Users/logix/Desktop/RAProject/RA-Git/Ryzen/Content/ParagonMurdock/Characters/Global/Eyes/Materials/ML_TacticiaULTEye.uasset" 534
"C:/Users/logix/Desktop/RAProject/RA-Git/Ryzen/Content/ParagonMurdock/Characters/Global/Eyes/Textures/EpicQuadPanorama_CC.uasset" 535
"C:/Users/logix/Desktop/RAProject/RA-Git/Ryzen/Content/ParagonMurdock/Characters/Global/Eyes/Textures/EyeInner_Profile.uasset" 536
"C:/Users/logix/Desktop/RAProject/RA-Git/Ryzen/Content/ParagonMurdock/Characters/Global/Eyes/Textures/T_DecalMask_Radial03.uasset" 537
"C:/Users/logix/Desktop/RAProject/RA-Git/Ryzen/Content/ParagonMurdock/Characters/Global/Eyes/Textures/T_EYE_NORMALS.uasset" 538
"C:/Users/logix/Desktop/RAProject/RA-Git/Ryzen/Content/ParagonMurdock/Characters/Global/Eyes/Textures/T_Eye_Wet_Normal.uasset" 539
"C:/Users/logix/Desktop/RAProject/RA-Git/Ryzen/Content/ParagonMurdock/Characters/Global/Eyes/Textures/T_EyeIrisBaseColor_Example_2.uasset" 540
"C:/Users/logix/Desktop/RAProject/RA-Git/Ryzen/Content/ParagonMurdock/Characters/Global/Eyes/Textures/T_EyeScleraBaseColor_Example_2.uasset" 541
"C:/Users/logix/Desktop/RAProject/RA-Git/Ryzen/Content/ParagonMurdock/Characters/Global/Eyes/Textures/T_Sphere_EYE_NORMALS.uasset" 542
"C:/Users/logix/Desktop/RAProject/RA-Git/Ryzen/Content/ParagonMurdock/Characters/Global/Eyes/Textures/T_Swirly_Noise.uasset" 543
"C:/Users/logix/Desktop/RAProject/RA-Git/Ryzen/Content/ParagonMurdock/Characters/Global/Eyes/Materials/M_EyeRefractive.uasset" 544
"C:/Users/logix/Desktop/RAProject/RA-Git/Ryzen/Content/ParagonMurdock/Characters/Global/Eyes/Textures/T_EyeIrisBaseColor_Example_3.uasset" 545
"C:/Users/logix/Desktop/RAProject/RA-Git/Ryzen/Content/ParagonMurdock/Characters/Heroes/Murdock/Materials/MI_Murdock_EyeRefractive.uasset" 546
"C:/Users/logix/Desktop/RAProject/RA-Git/Ryzen/Content/ParagonMurdock/Characters/Heroes/Murdock/Materials/MIC_MurdockVisorGlass.uasset" 547
"C:/Users/logix/Desktop/RAProject/RA-Git/Ryzen/Content/ParagonMurdock/Characters/Heroes/Murdock/Meshes/Murdock_CylShadows.uasset" 548
"C:/Users/logix/Desktop/RAProject/RA-Git/Ryzen/Content/ParagonMurdock/Characters/Heroes/Murdock/Meshes/Murdock_Extents.uasset" 549
"C:/Users/logix/Desktop/RAProject/RA-Git/Ryzen/Content/ParagonMurdock/Characters/Heroes/Murdock/Meshes/Murdock.uasset" 550
"C:/Users/logix/Desktop/RAProject/RA-Git/Ryzen/Content/ThirdPersonCPP/Blueprints/ThirdPersonCharacter.uasset" 551
"../../Plugins/2D/Paper2D/Content/PlaceholderTextures/DummySpriteTexture.uasset" 552
"../../Plugins/2D/Paper2D/Content/DummySprite.uasset" 553
"../../Plugins/2D/Paper2D/Content/DefaultPaperTerrainMaterial.uasset" 554
"../../Plugins/2D/Paper2D/Content/DefaultSpriteMaterial.uasset" 555
"../../Plugins/2D/Paper2D/Content/MaskedUnlitSpriteMaterial.uasset" 556
"../../Plugins/2D/Paper2D/Content/OpaqueUnlitSpriteMaterial.uasset" 557
"../../Plugins/Media/MediaCompositing/Content/DefaultMediaPlaneTexture.uasset" 558
"../../Plugins/Media/MediaCompositing/Content/DefaultMediaPlaneMaterial.uasset" 559
"../../../Engine/Content/Functions/Engine_MaterialFunctions02/Utility/MakeFloat4.uasset" 560
"../../Plugins/Runtime/AppleARKit/Content/ARKitCameraMaterial.uasset" 561
"../../Plugins/Runtime/Oculus/OculusVR/Content/Textures/GearVRController_AO.uasset" 562
"../../Plugins/Runtime/Oculus/OculusVR/Content/Textures/GearVRController_Color.uasset" 563
"../../Plugins/Runtime/Oculus/OculusVR/Content/Textures/GearVRController_Normal.uasset" 564
"../../Plugins/Runtime/Oculus/OculusVR/Content/Materials/GearVRControllerMaterial.uasset" 565
"../../Plugins/Runtime/Oculus/OculusVR/Content/Meshes/GearVrController.uasset" 566
"../../../Engine/Content/Maps/Entry.umap" 567
"C:/Users/logix/Desktop/RAProject/RA-Git/Ryzen/Content/AnimStarterPack/UE4_Mannequin/Mesh/UE4_Mannequin_Skeleton.uasset" 568
"C:/Users/logix/Desktop/RAProject/RA-Git/Ryzen/Content/AnimStarterPack/Crouch_Idle_Rifle_Hip.uasset" 569
"C:/Users/logix/Desktop/RAProject/RA-Git/Ryzen/Content/AnimStarterPack/Idle_Rifle_Hip.uasset" 570
"C:/Users/logix/Desktop/RAProject/RA-Git/Ryzen/Content/AnimStarterPack/Jump_From_Jog.uasset" 571
"C:/Users/logix/Desktop/RAProject/RA-Git/Ryzen/Content/AnimStarterPack/Jump_From_Stand.uasset" 572
"C:/Users/logix/Desktop/RAProject/RA-Git/Ryzen/Content/AnimStarterPack/Crouch_Walk_Bwd_Rifle_Hip.uasset" 573
"C:/Users/logix/Desktop/RAProject/RA-Git/Ryzen/Content/AnimStarterPack/Crouch_Walk_Fwd_Rifle_Hip.uasset" 574
"C:/Users/logix/Desktop/RAProject/RA-Git/Ryzen/Content/AnimStarterPack/Crouch_Walk_Lt_Rifle_Hip.uasset" 575
"C:/Users/logix/Desktop/RAProject/RA-Git/Ryzen/Content/AnimStarterPack/Crouch_Walk_Rt_Rifle_Hip.uasset" 576
"C:/Users/logix/Desktop/RAProject/RA-Git/Ryzen/Content/AnimStarterPack/BS_CrouchWalk.uasset" 577
"C:/Users/logix/Desktop/RAProject/RA-Git/Ryzen/Content/AnimStarterPack/Jog_Bwd_Rifle.uasset" 578
"C:/Users/logix/Desktop/RAProject/RA-Git/Ryzen/Content/AnimStarterPack/Jog_Fwd_Rifle.uasset" 579
"C:/Users/logix/Desktop/RAProject/RA-Git/Ryzen/Content/AnimStarterPack/Jog_Lt_Rifle.uasset" 580
"C:/Users/logix/Desktop/RAProject/RA-Git/Ryzen/Content/AnimStarterPack/Jog_Rt_Rifle.uasset" 581
"C:/Users/logix/Desktop/RAProject/RA-Git/Ryzen/Content/AnimStarterPack/BS_Jog.uasset" 582
"C:/Users/logix/Desktop/RAProject/RA-Git/Ryzen/Content/AnimStarterPack/UE4ASP_HeroTPP_AnimBlueprint.uasset" 583
"C:/Users/logix/Desktop/RAProject/RA-Git/Ryzen/Content/Monster/MonsterBB.uasset" 584
"C:/Users/logix/Desktop/RAProject/RA-Git/Ryzen/Content/Monster/BTTask_NewTargetLoc.uasset" 585
"C:/Users/logix/Desktop/RAProject/RA-Git/Ryzen/Content/Monster/MonsterBT.uasset" 586
"C:/Users/logix/Desktop/RAProject/RA-Git/Ryzen/Content/Monster/MonsterController.uasset" 587
"../../../Engine/Content/Functions/MaterialLayerFunctions/MatLayerBlend_AO.uasset" 588
"../../../Engine/Content/Functions/MaterialLayerFunctions/MatLayerBlend_NormalBlend.uasset" 589
"../../../Engine/Content/Functions/MaterialLayerFunctions/MatLayerBlend_Simple.uasset" 590
"C:/Users/logix/Desktop/RAProject/RA-Git/Ryzen/Content/AnimStarterPack/UE4_Mannequin/Materials/MaterialLayers/T_ML_Rubber_Blue_01_D.uasset" 591
"C:/Users/logix/Desktop/RAProject/RA-Git/Ryzen/Content/AnimStarterPack/UE4_Mannequin/Materials/MaterialLayers/T_ML_Rubber_Blue_01_N.uasset" 592
"C:/Users/logix/Desktop/RAProject/RA-Git/Ryzen/Content/AnimStarterPack/UE4_Mannequin/Materials/MaterialLayers/ML_GlossyBlack_Latex_UE4.uasset" 593
"C:/Users/logix/Desktop/RAProject/RA-Git/Ryzen/Content/AnimStarterPack/UE4_Mannequin/Materials/MaterialLayers/ML_Plastic_Shiny_Beige.uasset" 594
"C:/Users/logix/Desktop/RAProject/RA-Git/Ryzen/Content/AnimStarterPack/UE4_Mannequin/Textures/UE4_LOGO_CARD.uasset" 595
"C:/Users/logix/Desktop/RAProject/RA-Git/Ryzen/Content/AnimStarterPack/UE4_Mannequin/Materials/MaterialLayers/ML_Plastic_Shiny_Beige_LOGO.uasset" 596
"C:/Users/logix/Desktop/RAProject/RA-Git/Ryzen/Content/AnimStarterPack/UE4_Mannequin/Materials/MaterialLayers/T_ML_Aluminum01.uasset" 597
"C:/Users/logix/Desktop/RAProject/RA-Git/Ryzen/Content/AnimStarterPack/UE4_Mannequin/Materials/MaterialLayers/T_ML_Aluminum01_N.uasset" 598
"C:/Users/logix/Desktop/RAProject/RA-Git/Ryzen/Content/AnimStarterPack/UE4_Mannequin/Materials/MaterialLayers/ML_SoftMetal_UE4.uasset" 599
"C:/Users/logix/Desktop/RAProject/RA-Git/Ryzen/Content/AnimStarterPack/UE4_Mannequin/Textures/UE4_Mannequin__normals.uasset" 600
"C:/Users/logix/Desktop/RAProject/RA-Git/Ryzen/Content/AnimStarterPack/UE4_Mannequin/Textures/UE4_Mannequin_MAT_MASKA.uasset" 601
"C:/Users/logix/Desktop/RAProject/RA-Git/Ryzen/Content/AnimStarterPack/UE4_Mannequin/Textures/UE4_Mannequin_occlusion_Mobile.uasset" 602
"C:/Users/logix/Desktop/RAProject/RA-Git/Ryzen/Content/AnimStarterPack/UE4_Mannequin/Materials/M_UE4Man_Body.uasset" 603
"C:/Users/logix/Desktop/RAProject/RA-Git/Ryzen/Content/AnimStarterPack/UE4_Mannequin/Textures/UE4Man_Logo_N.uasset" 604
"C:/Users/logix/Desktop/RAProject/RA-Git/Ryzen/Content/AnimStarterPack/UE4_Mannequin/Materials/M_UE4Man_ChestLogo.uasset" 605
"C:/Users/logix/Desktop/RAProject/RA-Git/Ryzen/Content/AnimStarterPack/UE4_Mannequin/Mesh/SK_Mannequin_PhysicsAsset.uasset" 606
"C:/Users/logix/Desktop/RAProject/RA-Git/Ryzen/Content/AnimStarterPack/UE4_Mannequin/Mesh/SK_Mannequin.uasset" 607
"C:/Users/logix/Desktop/RAProject/RA-Git/Ryzen/Content/AnimStarterPack/Ue4ASP_Character.uasset" 608
"C:/Users/logix/Desktop/RAProject/RA-Git/Ryzen/Content/ParagonMurdock/Characters/Heroes/Murdock/Animations/Fire_Fast.uasset" 609
"C:/Users/logix/Desktop/RAProject/RA-Git/Ryzen/Content/RyzenBP/Anim_BP/Fire_Montage.uasset" 610
"C:/Users/logix/Desktop/RAProject/RA-Git/Ryzen/Content/Geometry/Meshes/CubeMaterial.uasset" 611
"C:/Users/logix/Desktop/RAProject/RA-Git/Ryzen/Content/Geometry/Meshes/1M_Cube.uasset" 612
"C:/Users/logix/Desktop/RAProject/RA-Git/Ryzen/Content/RyzenBP/MyBullet.uasset" 613
"C:/Users/logix/Desktop/RAProject/RA-Git/Ryzen/Content/ParagonMurdock/FX/Materials/Functions/MF_CameraDistanceFade.uasset" 614
"C:/Users/logix/Desktop/RAProject/RA-Git/Ryzen/Content/ParagonMurdock/FX/Textures/Explosions/T_Explosion_Test_v1.uasset" 615
"C:/Users/logix/Desktop/RAProject/RA-Git/Ryzen/Content/ParagonMurdock/FX/Textures/Explosions/T_Explosion_Test_v1_Depth.uasset" 616
"C:/Users/logix/Desktop/RAProject/RA-Git/Ryzen/Content/ParagonMurdock/FX/Textures/Explosions/T_Explosion_Test_v1_Normal.uasset" 617
"C:/Users/logix/Desktop/RAProject/RA-Git/Ryzen/Content/ParagonMurdock/FX/CineRescue/es060/M_Smoke.uasset" 618
"C:/Users/logix/Desktop/RAProject/RA-Git/Ryzen/Content/ParagonMurdock/FX/Materials/ParamCollections/GlobalArtCollection.uasset" 619
"C:/Users/logix/Desktop/RAProject/RA-Git/Ryzen/Content/ParagonMurdock/FX/Textures/Debris/T_Concrete_ChunkSubUV_D.uasset" 620
"C:/Users/logix/Desktop/RAProject/RA-Git/Ryzen/Content/ParagonMurdock/FX/Textures/Debris/T_Concrete_ChunkSubUV_N_TGA.uasset" 621
"C:/Users/logix/Desktop/RAProject/RA-Git/Ryzen/Content/ParagonMurdock/FX/Materials/Debris/M_Invis_Debris.uasset" 622
"../../../Engine/Content/Functions/Engine_MaterialFunctions02/Utility/DebugTimeSine.uasset" 623
"C:/Users/logix/Desktop/RAProject/RA-Git/Ryzen/Content/ParagonMurdock/FX/Materials/Functions/MF_Tile_Isolate_XY.uasset" 624
"C:/Users/logix/Desktop/RAProject/RA-Git/Ryzen/Content/ParagonMurdock/FX/Textures/Masks/T_Beam_Gradient_02.uasset" 625
"C:/Users/logix/Desktop/RAProject/RA-Git/Ryzen/Content/ParagonMurdock/FX/Textures/Tile/Noise/T_NoiseBubbly_Large.uasset" 626
"C:/Users/logix/Desktop/RAProject/RA-Git/Ryzen/Content/ParagonMurdock/FX/Textures/Tile/Water/T_WaveDisplaced_N.uasset" 627
"C:/Users/logix/Desktop/RAProject/RA-Git/Ryzen/Content/ParagonMurdock/FX/Textures/Water/T_WaterTile_Blur_Packed.uasset" 628
"C:/Users/logix/Desktop/RAProject/RA-Git/Ryzen/Content/ParagonMurdock/FX/Materials/Environment/Water/M_WaterRipple_Mesh_Foam.uasset" 629
"C:/Users/logix/Desktop/RAProject/RA-Git/Ryzen/Content/ParagonMurdock/FX/Materials/Functions/MF_FX_EmissiveModulate.uasset" 630
"C:/Users/logix/Desktop/RAProject/RA-Git/Ryzen/Content/ParagonMurdock/FX/Materials/Flares/M_SuperSoft_Glow_LDR.uasset" 631
"C:/Users/logix/Desktop/RAProject/RA-Git/Ryzen/Content/ParagonMurdock/FX/Materials/Flares/M_Tri_Test.uasset" 632
"C:/Users/logix/Desktop/RAProject/RA-Git/Ryzen/Content/ParagonMurdock/FX/Materials/Functions/MF_DitheredRefraction.uasset" 633
"C:/Users/logix/Desktop/RAProject/RA-Git/Ryzen/Content/ParagonMurdock/FX/Materials/Functions/MF_FX_NearCameraFade.uasset" 634
"C:/Users/logix/Desktop/RAProject/RA-Git/Ryzen/Content/ParagonMurdock/FX/Textures/Masks/T_Sphere_A.uasset" 635
"C:/Users/logix/Desktop/RAProject/RA-Git/Ryzen/Content/ParagonMurdock/FX/Textures/NormalShapes/T_Sphere_N.uasset" 636
"C:/Users/logix/Desktop/RAProject/RA-Git/Ryzen/Content/ParagonMurdock/FX/Materials/HeatDistort/M_Shockwave_Refract.uasset" 637
"C:/Users/logix/Desktop/RAProject/RA-Git/Ryzen/Content/ParagonMurdock/FX/Textures/Explosions/T_FireBall.uasset" 638
"C:/Users/logix/Desktop/RAProject/RA-Git/Ryzen/Content/ParagonMurdock/FX/Textures/Smoke/T_SoftSmoke_04.uasset" 639
"C:/Users/logix/Desktop/RAProject/RA-Git/Ryzen/Content/ParagonMurdock/FX/Materials/MuzzleFlashes/M_MurdockMuzzle_02.uasset" 640
"C:/Users/logix/Desktop/RAProject/RA-Git/Ryzen/Content/ParagonMurdock/FX/Materials/Functions/MF_CrossTalkNextChannel.uasset" 641
"C:/Users/logix/Desktop/RAProject/RA-Git/Ryzen/Content/ParagonMurdock/FX/Materials/Functions/MF_ColorTint_HQ.uasset" 642
"C:/Users/logix/Desktop/RAProject/RA-Git/Ryzen/Content/ParagonMurdock/FX/Materials/Functions/MF_FadeBasedOnViewAngle.uasset" 643
"C:/Users/logix/Desktop/RAProject/RA-Git/Ryzen/Content/ParagonMurdock/FX/Materials/MuzzleFlashes/M_MurdockShottyMuzzle_01.uasset" 644
"C:/Users/logix/Desktop/RAProject/RA-Git/Ryzen/Content/ParagonMurdock/FX/Textures/Shells/T_SpreadShot_Shell_Masks.uasset" 645
"C:/Users/logix/Desktop/RAProject/RA-Git/Ryzen/Content/ParagonMurdock/FX/Textures/Shells/T_SpreadShot_Shell_N.uasset" 646
"C:/Users/logix/Desktop/RAProject/RA-Git/Ryzen/Content/ParagonMurdock/FX/Materials/Shells/M_SpreadShot_Shell_Eject.uasset" 647
"C:/Users/logix/Desktop/RAProject/RA-Git/Ryzen/Content/ParagonMurdock/FX/Materials/Functions/MF_ExplosionColor.uasset" 648
"C:/Users/logix/Desktop/RAProject/RA-Git/Ryzen/Content/ParagonMurdock/FX/Textures/Explosions/T_FireBall_Fluid_07_E.uasset" 649
"C:/Users/logix/Desktop/RAProject/RA-Git/Ryzen/Content/ParagonMurdock/FX/Textures/Explosions/T_FireBall_Fluid_07_MeshedDepth_8X8_PreMult.uasset" 650
"C:/Users/logix/Desktop/RAProject/RA-Git/Ryzen/Content/ParagonMurdock/FX/Materials/Smoke/Hyperbreach/M_Smoke_Offset_Particles_SubUV_UNLIT.uasset" 651
"C:/Users/logix/Desktop/RAProject/RA-Git/Ryzen/Content/ParagonMurdock/FX/Materials/Functions/MF_FX_CustomUV_Fade.uasset" 652
"C:/Users/logix/Desktop/RAProject/RA-Git/Ryzen/Content/ParagonMurdock/FX/Textures/Smoke/T_MinionSmokeMask_Test.uasset" 653
"C:/Users/logix/Desktop/RAProject/RA-Git/Ryzen/Content/ParagonMurdock/FX/Textures/Smoke/T_MinionSmokeTile.uasset" 654
"C:/Users/logix/Desktop/RAProject/RA-Git/Ryzen/Content/ParagonMurdock/FX/Textures/trails/T_Smooth_tile.uasset" 655
"C:/Users/logix/Desktop/RAProject/RA-Git/Ryzen/Content/ParagonMurdock/FX/Materials/Smoke/M_InvisSmoke_Master.uasset" 656
"C:/Users/logix/Desktop/RAProject/RA-Git/Ryzen/Content/ParagonMurdock/FX/Textures/Coords/T_Turbulence_AdditiveWarp_Linear.uasset" 657
"C:/Users/logix/Desktop/RAProject/RA-Git/Ryzen/Content/ParagonMurdock/FX/Materials/Smoke/M_InvisSmoke_MasterAdditiveWarp.uasset" 658
"C:/Users/logix/Desktop/RAProject/RA-Git/Ryzen/Content/ParagonMurdock/FX/Materials/Smoke/M_LingerSmoke_MasterAdditiveWarp_Simple.uasset" 659
"C:/Users/logix/Desktop/RAProject/RA-Git/Ryzen/Content/ParagonMurdock/FX/Textures/Smoke/T_MinionSmokeTile_N.uasset" 660
"C:/Users/logix/Desktop/RAProject/RA-Git/Ryzen/Content/ParagonMurdock/FX/Materials/Smoke/M_Minion_Smoke.uasset" 661
"C:/Users/logix/Desktop/RAProject/RA-Git/Ryzen/Content/ParagonMurdock/FX/Textures/Masks/T_SmokeTrailCoord1_Mask.uasset" 662
"C:/Users/logix/Desktop/RAProject/RA-Git/Ryzen/Content/ParagonMurdock/FX/Textures/Smoke/T_SmokeTile_Strip_03_Height_TILE.uasset" 663
"C:/Users/logix/Desktop/RAProject/RA-Git/Ryzen/Content/ParagonMurdock/FX/Textures/Smoke/T_SmokeTile_Strip_03_Soft.uasset" 664
"C:/Users/logix/Desktop/RAProject/RA-Git/Ryzen/Content/ParagonMurdock/FX/Textures/Smoke/T_SmokeTile_Strip_03_Soft_N_TILE.uasset" 665
"C:/Users/logix/Desktop/RAProject/RA-Git/Ryzen/Content/ParagonMurdock/FX/Textures/Smoke/T_SmokeTile_Strip_03_TILE.uasset" 666
"C:/Users/logix/Desktop/RAProject/RA-Git/Ryzen/Content/ParagonMurdock/FX/Textures/Smoke/T_SmokeTile_Strip_03B_N_TILE.uasset" 667
"C:/Users/logix/Desktop/RAProject/RA-Git/Ryzen/Content/ParagonMurdock/FX/Materials/Smoke/Trails/M_TrailSmoke.uasset" 668
"C:/Users/logix/Desktop/RAProject/RA-Git/Ryzen/Content/ParagonMurdock/FX/Textures/Sparks/T_Spark_Soft.uasset" 669
"C:/Users/logix/Desktop/RAProject/RA-Git/Ryzen/Content/ParagonMurdock/FX/Materials/Sparks/M_Hotdog_Spark_VLerp_Rand_Master.uasset" 670
"C:/Users/logix/Desktop/RAProject/RA-Git/Ryzen/Content/ParagonMurdock/FX/Materials/Functions/MF_ParticleRandomSize.uasset" 671
"C:/Users/logix/Desktop/RAProject/RA-Git/Ryzen/Content/ParagonMurdock/FX/Textures/Flares/T_Glow_Sphere_Soft.uasset" 672
"C:/Users/logix/Desktop/RAProject/RA-Git/Ryzen/Content/ParagonMurdock/FX/Textures/Masks/T_TankMoteNoise.uasset" 673
"C:/Users/logix/Desktop/RAProject/RA-Git/Ryzen/Content/ParagonMurdock/FX/Textures/Sparks/T_StretchSpark_01.uasset" 674
"C:/Users/logix/Desktop/RAProject/RA-Git/Ryzen/Content/ParagonMurdock/FX/Materials/Sparks/M_Pellets_InvisMoving.uasset" 675
"C:/Users/logix/Desktop/RAProject/RA-Git/Ryzen/Content/ParagonMurdock/FX/Textures/Liquid/T_Drop_Hard_Mask.uasset" 676
"C:/Users/logix/Desktop/RAProject/RA-Git/Ryzen/Content/ParagonMurdock/FX/Textures/Liquid/T_Drop_Hard_Normal.uasset" 677
"C:/Users/logix/Desktop/RAProject/RA-Git/Ryzen/Content/ParagonMurdock/FX/Textures/Liquid/T_Liquid_Reflection.uasset" 678
"C:/Users/logix/Desktop/RAProject/RA-Git/Ryzen/Content/ParagonMurdock/FX/Textures/Tile/Noise/T_Water_Screen_Noise_Soft2.uasset" 679
"C:/Users/logix/Desktop/RAProject/RA-Git/Ryzen/Content/ParagonMurdock/FX/Textures/Tile/T_Hanging_cloth_normal_b.uasset" 680
"C:/Users/logix/Desktop/RAProject/RA-Git/Ryzen/Content/ParagonMurdock/FX/Materials/Water/M_Water_Drops_Master.uasset" 681
"C:/Users/logix/Desktop/RAProject/RA-Git/Ryzen/Content/ParagonMurdock/FX/Textures/Tile/T_AtmosphericCloudNoise04_N.uasset" 682
"C:/Users/logix/Desktop/RAProject/RA-Git/Ryzen/Content/ParagonMurdock/FX/Textures/Tile/T_Perlin_Noise_M.uasset" 683
"C:/Users/logix/Desktop/RAProject/RA-Git/Ryzen/Content/ParagonMurdock/FX/Textures/Tile/Water/T_Water_M.uasset" 684
"C:/Users/logix/Desktop/RAProject/RA-Git/Ryzen/Content/ParagonMurdock/FX/Textures/Tile/Water/T_Water_N.uasset" 685
"C:/Users/logix/Desktop/RAProject/RA-Git/Ryzen/Content/ParagonMurdock/FX/Materials/Water/M_WaterImpact_Cylinder.uasset" 686
"C:/Users/logix/Desktop/RAProject/RA-Git/Ryzen/Content/ParagonMurdock/FX/Textures/Water/T_WaterSplash2x2.uasset" 687
"C:/Users/logix/Desktop/RAProject/RA-Git/Ryzen/Content/ParagonMurdock/FX/Textures/Water/T_WaterSplash2x2_N.uasset" 688
"C:/Users/logix/Desktop/RAProject/RA-Git/Ryzen/Content/ParagonMurdock/FX/Materials/Water/M_WaterImpact_Strand_Masked.uasset" 689
"C:/Users/logix/Desktop/RAProject/RA-Git/Ryzen/Content/ParagonMurdock/FX/Textures/Explosions/T_FireBall_07D_Depth.uasset" 690
"C:/Users/logix/Desktop/RAProject/RA-Git/Ryzen/Content/ParagonMurdock/FX/Textures/Explosions/T_FireBall_07D_E.uasset" 691
"C:/Users/logix/Desktop/RAProject/RA-Git/Ryzen/Content/ParagonMurdock/FX/Textures/Explosions/T_FireBall_07D_N.uasset" 692
"C:/Users/logix/Desktop/RAProject/RA-Git/Ryzen/Content/ParagonMurdock/FX/Textures/Tile/Heat/T_2ndInfectedMapLinear.uasset" 693
"C:/Users/logix/Desktop/RAProject/RA-Git/Ryzen/Content/ParagonMurdock/FX/Textures/Tile/Heat/T_2ndInfectedMapNormal.uasset" 694
"C:/Users/logix/Desktop/RAProject/RA-Git/Ryzen/Content/ParagonMurdock/FX/Textures/Tile/Noise/T_WispyNoise_8X8.uasset" 695
"C:/Users/logix/Desktop/RAProject/RA-Git/Ryzen/Content/ParagonMurdock/FX/Materials/Explosions/Hyperbreach/M_Fireball_Directional_Lit_Master_2.uasset" 696
"C:/Users/logix/Desktop/RAProject/RA-Git/Ryzen/Content/ParagonMurdock/FX/Materials/Explosions/Hyperbreach/M_Fireball_Directional_Lit_Inst_3.uasset" 697
"C:/Users/logix/Desktop/RAProject/RA-Git/Ryzen/Content/ParagonMurdock/FX/Textures/Smoke/T_SmokeRend_N.uasset" 698
"C:/Users/logix/Desktop/RAProject/RA-Git/Ryzen/Content/ParagonMurdock/FX/Textures/Smoke/T_SoftSmoke.uasset" 699
"C:/Users/logix/Desktop/RAProject/RA-Git/Ryzen/Content/ParagonMurdock/FX/Textures/Smoke/T_SoftSmoke_03.uasset" 700
"C:/Users/logix/Desktop/RAProject/RA-Git/Ryzen/Content/ParagonMurdock/FX/Textures/Smoke/T_SoftSmoke_Mask_01.uasset" 701
"C:/Users/logix/Desktop/RAProject/RA-Git/Ryzen/Content/ParagonMurdock/FX/Materials/Flares/M_SuperSoft_Glow.uasset" 702
"C:/Users/logix/Desktop/RAProject/RA-Git/Ryzen/Content/ParagonMurdock/FX/Textures/Masks/T_FireBall_LerpMask.uasset" 703
"C:/Users/logix/Desktop/RAProject/RA-Git/Ryzen/Content/ParagonMurdock/FX/Materials/Flares/M_SuperSoft_Glow_02_Inst.uasset" 704
"C:/Users/logix/Desktop/RAProject/RA-Git/Ryzen/Content/ParagonMurdock/FX/Materials/Smoke/DirectionalLit/M_Directional_Lit_DepthSmoke_Master.uasset" 705
"C:/Users/logix/Desktop/RAProject/RA-Git/Ryzen/Content/ParagonMurdock/FX/Textures/Flares/T_FlareWide_04.uasset" 706
"C:/Users/logix/Desktop/RAProject/RA-Git/Ryzen/Content/ParagonMurdock/FX/Textures/Smoke/T_FluidSmoke_04.uasset" 707
"C:/Users/logix/Desktop/RAProject/RA-Git/Ryzen/Content/ParagonMurdock/FX/Textures/Smoke/T_FluidSmoke_04_Depth.uasset" 708
"C:/Users/logix/Desktop/RAProject/RA-Git/Ryzen/Content/ParagonMurdock/FX/Textures/Smoke/T_FluidSmoke_04_N.uasset" 709
"C:/Users/logix/Desktop/RAProject/RA-Git/Ryzen/Content/ParagonMurdock/FX/Materials/Smoke/DirectionalLit/M_Directional_Lit_Depth_Smoke_Spikey_Inst.uasset" 710
"C:/Users/logix/Desktop/RAProject/RA-Git/Ryzen/Content/ParagonMurdock/FX/Textures/Smoke/T_SmokeJet_Element_01.uasset" 711
"C:/Users/logix/Desktop/RAProject/RA-Git/Ryzen/Content/ParagonMurdock/FX/Textures/Smoke/T_SmokeJet_Element_01_Depth.uasset" 712
"C:/Users/logix/Desktop/RAProject/RA-Git/Ryzen/Content/ParagonMurdock/FX/Textures/Smoke/T_SmokeJet_Element_01_N.uasset" 713
"C:/Users/logix/Desktop/RAProject/RA-Git/Ryzen/Content/ParagonMurdock/FX/Materials/Smoke/DirectionalLit/M_Directional_Lit_Depth_SmokeElement_Inst.uasset" 714
"C:/Users/logix/Desktop/RAProject/RA-Git/Ryzen/Content/ParagonMurdock/FX/Materials/Smoke/DirectionalLit/M_ResidualMuzzleSmoke_Master.uasset" 715
"C:/Users/logix/Desktop/RAProject/RA-Git/Ryzen/Content/ParagonMurdock/FX/Textures/Smoke/T_PriceSmoke_01_Depth.uasset" 716
"C:/Users/logix/Desktop/RAProject/RA-Git/Ryzen/Content/ParagonMurdock/FX/Textures/Smoke/T_PriceSmoke_01_N.uasset" 717
"C:/Users/logix/Desktop/RAProject/RA-Git/Ryzen/Content/ParagonMurdock/FX/Materials/Smoke/DirectionalLit/M_residualMuzzleSmoke_Inst.uasset" 718
"C:/Users/logix/Desktop/RAProject/RA-Git/Ryzen/Content/ParagonMurdock/FX/Materials/Smoke/M_ThickSmoke_MASTER.uasset" 719
"C:/Users/logix/Desktop/RAProject/RA-Git/Ryzen/Content/ParagonMurdock/FX/Materials/Smoke/M_ThickSmoke_Spears_Inst.uasset" 720
"C:/Users/logix/Desktop/RAProject/RA-Git/Ryzen/Content/ParagonMurdock/FX/Materials/Sparks/M_Spark_VelocityLerp_WorldColor.uasset" 721
"C:/Users/logix/Desktop/RAProject/RA-Git/Ryzen/Content/ParagonMurdock/FX/Materials/Sparks/M_Spark_VelocityLerp_Pellets_Inst.uasset" 722
"C:/Users/logix/Desktop/RAProject/RA-Git/Ryzen/Content/ParagonMurdock/FX/Textures/Water/T_SM_WaterTests_BF_01E_D.uasset" 723
"C:/Users/logix/Desktop/RAProject/RA-Git/Ryzen/Content/ParagonMurdock/FX/Textures/Water/T_SM_WaterTests_BF_01E_N.uasset" 724
"C:/Users/logix/Desktop/RAProject/RA-Git/Ryzen/Content/ParagonMurdock/FX/Materials/Water/Hydro/M_Hydro_Water_Particles.uasset" 725
"C:/Users/logix/Desktop/RAProject/RA-Git/Ryzen/Content/ParagonMurdock/FX/Materials/Water/Hydro/M_Hydro_Water_Particles_Body_Inst.uasset" 726
"C:/Users/logix/Desktop/RAProject/RA-Git/Ryzen/Content/ParagonMurdock/FX/Materials/PhysMats/PM_ShallowWater.uasset" 727
"C:/Users/logix/Desktop/RAProject/RA-Git/Ryzen/Content/ParagonMurdock/FX/Materials/PhysMats/PM_Water.uasset" 728
"C:/Users/logix/Desktop/RAProject/RA-Git/Ryzen/Content/ParagonMurdock/FX/Meshes/Heroes/Murdock/SM_MuzzleCore_02.uasset" 729
"C:/Users/logix/Desktop/RAProject/RA-Git/Ryzen/Content/ParagonMurdock/FX/Meshes/Heroes/Murdock/SM_ShottyMuzzleConeHalf.uasset" 730
"C:/Users/logix/Desktop/RAProject/RA-Git/Ryzen/Content/ParagonMurdock/FX/Meshes/Shells/SM_SpreadShotShell_LOW2.uasset" 731
"C:/Users/logix/Desktop/RAProject/RA-Git/Ryzen/Content/ParagonMurdock/FX/Meshes/Smoke/SM_Plasma_Mesh.uasset" 732
"C:/Users/logix/Desktop/RAProject/RA-Git/Ryzen/Content/ParagonMurdock/FX/Meshes/Smoke/SM_Plasma_Mesh_Reduced.uasset" 733
"C:/Users/logix/Desktop/RAProject/RA-Git/Ryzen/Content/ParagonMurdock/FX/Meshes/Water/SM_WaterFall_RippleMeshes.uasset" 734
"C:/Users/logix/Desktop/RAProject/RA-Git/Ryzen/Content/ParagonMurdock/FX/Meshes/Water/SM_WaterImpact_ImpactCylinder.uasset" 735
"C:/Users/logix/Desktop/RAProject/RA-Git/Ryzen/Content/ParagonMurdock/FX/Particles/Abilities/SpreadShot/FX/P_Murdock_Spreadshot.uasset" 736
"C:/Users/logix/Desktop/RAProject/RA-Git/Ryzen/Content/RyzenBP/FireSound/FireSound.uasset" 737
"C:/Users/logix/Desktop/RAProject/RA-Git/Ryzen/Content/RyzenBP/RyzenCharacter.uasset" 738
"../../../Engine/Content/EngineSky/C_Sky_Cloud_Color.uasset" 739
"../../../Engine/Content/EngineSky/C_Sky_Horizon_Color.uasset" 740
"../../../Engine/Content/EngineSky/C_Sky_Zenith_Color.uasset" 741
"../../../Engine/Content/EngineSky/T_Sky_Blue.uasset" 742
"../../../Engine/Content/EngineSky/T_Sky_Clouds_M.uasset" 743
"../../../Engine/Content/EngineSky/T_Sky_Stars.uasset" 744
"../../../Engine/Content/EngineSky/M_Sky_Panning_Clouds2.uasset" 745
"../../../Engine/Content/EngineSky/SM_SkySphere.uasset" 746
"../../../Engine/Content/EngineSky/BP_Sky_Sphere.uasset" 747
"../../../Engine/Content/BasicShapes/BasicShapeMaterial.uasset" 748
"../../../Engine/Content/BasicShapes/Cube.uasset" 749
"C:/Users/logix/Desktop/RAProject/RA-Git/Ryzen/Content/Monster/NewBlueprint.uasset" 750
"C:/Users/logix/Desktop/RAProject/RA-Git/Ryzen/Content/StarterContent/Textures/T_Chair_M.uasset" 751
"C:/Users/logix/Desktop/RAProject/RA-Git/Ryzen/Content/StarterContent/Textures/T_Chair_N.uasset" 752
"C:/Users/logix/Desktop/RAProject/RA-Git/Ryzen/Content/StarterContent/Props/Materials/M_Chair.uasset" 753
"C:/Users/logix/Desktop/RAProject/RA-Git/Ryzen/Content/StarterContent/Props/SM_Chair.uasset" 754
"C:/Users/logix/Desktop/RAProject/RA-Git/Ryzen/Content/RyzenBP/Item/Chair.uasset" 755
"C:/Users/logix/Desktop/RAProject/RA-Git/Ryzen/Content/RyzenBP/Item/Cube.uasset" 756
"C:/Users/logix/Desktop/RAProject/RA-Git/Ryzen/Content/Mannequin/Character/Textures/UE4_LOGO_CARD.uasset" 757
"C:/Users/logix/Desktop/RAProject/RA-Git/Ryzen/Content/UserInterface/C_InventorySlot_Tooltip.uasset" 758
"C:/Users/logix/Desktop/RAProject/RA-Git/Ryzen/Content/UserInterface/C_InventorySlot.uasset" 759
"C:/Users/logix/Desktop/RAProject/RA-Git/Ryzen/Content/UserInterface/WB_Inventory.uasset" 760
"C:/Users/logix/Desktop/RAProject/RA-Git/Ryzen/Content/RyzenBP/RyzenController_BP.uasset" 761
"C:/Users/logix/Desktop/RAProject/RA-Git/Ryzen/Content/RyzenBP/RyzenGameMode_BP.uasset" 762
"C:/Users/logix/Desktop/RAProject/RA-Git/Ryzen/Content/ThirdPersonCPP/Maps/ThirdPersonExampleMap_BuiltData.uasset" 763
"C:/Users/logix/Desktop/RAProject/RA-Git/Ryzen/Content/Geometry/Meshes/1M_Cube_Chamfer.uasset" 764
"C:/Users/logix/Desktop/RAProject/RA-Git/Ryzen/Content/Geometry/Meshes/TemplateFloor.uasset" 765
"C:/Users/logix/Desktop/RAProject/RA-Git/Ryzen/Content/ThirdPerson/Meshes/RampMaterial.uasset" 766
"C:/Users/logix/Desktop/RAProject/RA-Git/Ryzen/Content/ThirdPerson/Meshes/Bump_StaticMesh.uasset" 767
"C:/Users/logix/Desktop/RAProject/RA-Git/Ryzen/Content/ThirdPerson/Meshes/LeftArm_StaticMesh.uasset" 768
"C:/Users/logix/Desktop/RAProject/RA-Git/Ryzen/Content/ThirdPerson/Meshes/Linear_Stair_StaticMesh.uasset" 769
"C:/Users/logix/Desktop/RAProject/RA-Git/Ryzen/Content/ThirdPerson/Meshes/Ramp_StaticMesh.uasset" 770
"C:/Users/logix/Desktop/RAProject/RA-Git/Ryzen/Content/ThirdPerson/Meshes/RightArm_StaticMesh.uasset" 771
"C:/Users/logix/Desktop/RAProject/RA-Git/Ryzen/Content/UserInterface/WB_ManualPickup.uasset" 772
"C:/Users/logix/Desktop/RAProject/RA-Git/Ryzen/Content/ThirdPersonCPP/Maps/ThirdPersonExampleMap.umap" 773
