Log file open, 05/04/18 03:35:12
LogWindows: Failed to load 'aqProf.dll' (GetLastError=126)
LogWindows: File 'aqProf.dll' does not exist
LogWindows: Failed to load 'VtuneApi.dll' (GetLastError=126)
LogWindows: File 'VtuneApi.dll' does not exist
LogWindows: Failed to load 'VtuneApi32e.dll' (GetLastError=126)
LogWindows: File 'VtuneApi32e.dll' does not exist
LogInit: Display: Running engine for game: Ryzen
LogPlatformFile: Not using cached read wrapper
LogInit: Display: RandInit(-1138818661) SRandInit(-1138818661).
LogInit: Read version file with build ID '3944462'
LogInit: Overriding engine version to CL 3989454, compatible CL 3944462
LogInit: Registered custom module enumerator with build ID '3944462'
LogTaskGraph: Started task graph with 5 named threads and 23 total threads with 3 sets of task threads.
LogStats: Stats thread started at 3.398842
LogD3D11RHI: Aftermath initialized
LogICUInternationalization: Display: ICU TimeZone Detection - Raw Offset: +9:00, Platform Override: ''
LogPluginManager: Mounting plugin Paper2D
LogPluginManager: Mounting plugin LiveLink
LogPluginManager: Mounting plugin LightPropagationVolume
LogPluginManager: Mounting plugin CLionSourceCodeAccess
LogPluginManager: Mounting plugin CodeLiteSourceCodeAccess
LogPluginManager: Mounting plugin GitSourceControl
LogPluginManager: Mounting plugin KDevelopSourceCodeAccess
LogPluginManager: Mounting plugin NullSourceCodeAccess
LogPluginManager: Mounting plugin PerforceSourceControl
LogPluginManager: Mounting plugin SubversionSourceControl
LogPluginManager: Mounting plugin UObjectPlugin
LogPluginManager: Mounting plugin VisualStudioCodeSourceCodeAccess
LogPluginManager: Mounting plugin VisualStudioSourceCodeAccess
LogPluginManager: Mounting plugin XCodeSourceCodeAccess
LogPluginManager: Mounting plugin AssetManagerEditor
LogPluginManager: Mounting plugin CryptoKeys
LogPluginManager: Mounting plugin DataValidation
LogPluginManager: Mounting plugin FacialAnimation
LogPluginManager: Mounting plugin GameplayTagsEditor
LogPluginManager: Mounting plugin MobileLauncherProfileWizard
LogPluginManager: Mounting plugin PluginBrowser
LogPluginManager: Mounting plugin SpeedTreeImporter
LogPluginManager: Mounting plugin DatasmithContent
LogPluginManager: Mounting plugin AlembicImporter
LogPluginManager: Mounting plugin CharacterAI
LogPluginManager: Mounting plugin HTML5Networking
LogPluginManager: Mounting plugin AndroidMedia
LogPluginManager: Mounting plugin AvfMedia
LogPluginManager: Mounting plugin ImgMedia
LogPluginManager: Mounting plugin LinearTimecode
LogPluginManager: Mounting plugin MediaCompositing
LogPluginManager: Mounting plugin MediaPlayerEditor
LogPluginManager: Mounting plugin WmfMedia
LogPluginManager: Mounting plugin TcpMessaging
LogPluginManager: Mounting plugin UdpMessaging
LogPluginManager: Mounting plugin ActorSequence
LogPluginManager: Mounting plugin LevelSequenceEditor
LogPluginManager: Mounting plugin MatineeToLevelSequence
LogPluginManager: Mounting plugin NetcodeUnitTest
LogPluginManager: Mounting plugin NUTUnrealEngine4
LogPluginManager: Mounting plugin OnlineSubsystemGooglePlay
LogPluginManager: Mounting plugin OnlineSubsystemIOS
LogPluginManager: Mounting plugin OnlineSubsystem
LogPluginManager: Mounting plugin OnlineSubsystemNull
LogPluginManager: Mounting plugin OnlineSubsystemUtils
LogPluginManager: Mounting plugin AndroidDeviceProfileSelector
LogPluginManager: Mounting plugin AndroidMoviePlayer
LogPluginManager: Mounting plugin AndroidPermission
LogPluginManager: Mounting plugin AppleARKit
LogPluginManager: Mounting plugin AppleMoviePlayer
LogPluginManager: Mounting plugin ArchVisCharacter
LogPluginManager: Mounting plugin AudioCapture
LogPluginManager: Mounting plugin CableComponent
LogPluginManager: Mounting plugin CustomMeshComponent
LogPluginManager: Mounting plugin ExampleDeviceProfileSelector
LogPluginManager: Mounting plugin GoogleCloudMessaging
LogPluginManager: Mounting plugin ImmediatePhysics
LogPluginManager: Mounting plugin IOSDeviceProfileSelector
LogPluginManager: Mounting plugin LinuxDeviceProfileSelector
LogPluginManager: Mounting plugin LocationServicesBPLibrary
LogPluginManager: Mounting plugin MobilePatchingUtils
LogPluginManager: Mounting plugin OculusVR
LogPluginManager: Plugin shader directory ../../../Engine/Plugins/Runtime/Oculus/OculusVR/Shaders found
LogPluginManager: Mapping shader source directory ../../../Engine/Plugins/Runtime/Oculus/OculusVR/Shaders to virtual directory /Plugin/OculusVR
LogPluginManager: Mounting plugin PhysXVehicles
LogPluginManager: Mounting plugin ProceduralMeshComponent
LogPluginManager: Mounting plugin RuntimePhysXCooking
LogPluginManager: Mounting plugin SteamVR
LogPluginManager: Mounting plugin WindowsMoviePlayer
LogStreaming: Display: Took  0.167s to configure plugins.
LogModuleManager: Display: Found up-to-date module file C:/Users/logix/Desktop/RAProject/RA-Git/Ryzen/Binaries/Win64/UE4Editor-Ryzen.dll (API version 3944462).
LogModuleManager: Display: Found up-to-date module file ../../../Engine/Plugins/2D/Paper2D/Binaries/Win64/UE4Editor-Paper2D.dll (API version 3944462).
LogModuleManager: Display: Found up-to-date module file ../../../Engine/Plugins/2D/Paper2D/Binaries/Win64/UE4Editor-Paper2DEditor.dll (API version 3944462).
LogModuleManager: Display: Found up-to-date module file ../../../Engine/Plugins/2D/Paper2D/Binaries/Win64/UE4Editor-PaperSpriteSheetImporter.dll (API version 3944462).
LogModuleManager: Display: Found up-to-date module file ../../../Engine/Plugins/2D/Paper2D/Binaries/Win64/UE4Editor-PaperTiledImporter.dll (API version 3944462).
LogModuleManager: Display: Found up-to-date module file ../../../Engine/Plugins/2D/Paper2D/Binaries/Win64/UE4Editor-SmartSnapping.dll (API version 3944462).
LogModuleManager: Display: Found up-to-date module file ../../../Engine/Plugins/Animation/LiveLink/Binaries/Win64/UE4Editor-LiveLink.dll (API version 3944462).
LogModuleManager: Display: Found up-to-date module file ../../../Engine/Plugins/Animation/LiveLink/Binaries/Win64/UE4Editor-LiveLinkEditor.dll (API version 3944462).
LogModuleManager: Display: Found up-to-date module file ../../../Engine/Plugins/Blendables/LightPropagationVolume/Binaries/Win64/UE4Editor-LightPropagationVolumeRuntime.dll (API version 3944462).
LogModuleManager: Display: Found up-to-date module file ../../../Engine/Plugins/Blendables/LightPropagationVolume/Binaries/Win64/UE4Editor-LightPropagationVolumeEditor.dll (API version 3944462).
LogModuleManager: Display: Found up-to-date module file ../../../Engine/Plugins/Developer/CLionSourceCodeAccess/Binaries/Win64/UE4Editor-CLionSourceCodeAccess.dll (API version 3944462).
LogModuleManager: Display: Found up-to-date module file ../../../Engine/Plugins/Developer/GitSourceControl/Binaries/Win64/UE4Editor-GitSourceControl.dll (API version 3944462).
LogModuleManager: Display: Found up-to-date module file ../../../Engine/Plugins/Developer/PerforceSourceControl/Binaries/Win64/UE4Editor-PerforceSourceControl.dll (API version 3944462).
LogModuleManager: Display: Found up-to-date module file ../../../Engine/Plugins/Developer/SubversionSourceControl/Binaries/Win64/UE4Editor-SubversionSourceControl.dll (API version 3944462).
LogModuleManager: Display: Found up-to-date module file ../../../Engine/Plugins/Developer/UObjectPlugin/Binaries/Win64/UE4Editor-UObjectPlugin.dll (API version 3944462).
LogModuleManager: Display: Found up-to-date module file ../../../Engine/Plugins/Developer/VisualStudioCodeSourceCodeAccess/Binaries/Win64/UE4Editor-VisualStudioCodeSourceCodeAccess.dll (API version 3944462).
LogModuleManager: Display: Found up-to-date module file ../../../Engine/Plugins/Developer/VisualStudioSourceCodeAccess/Binaries/Win64/UE4Editor-VisualStudioSourceCodeAccess.dll (API version 3944462).
LogModuleManager: Display: Found up-to-date module file ../../../Engine/Plugins/Editor/AssetManagerEditor/Binaries/Win64/UE4Editor-AssetManagerEditor.dll (API version 3944462).
LogModuleManager: Display: Found up-to-date module file ../../../Engine/Plugins/Editor/CryptoKeys/Binaries/Win64/UE4Editor-CryptoKeys.dll (API version 3944462).
LogModuleManager: Display: Found up-to-date module file ../../../Engine/Plugins/Editor/CryptoKeys/Binaries/Win64/UE4Editor-CryptoKeysOpenSSL.dll (API version 3944462).
LogModuleManager: Display: Found up-to-date module file ../../../Engine/Plugins/Editor/DataValidation/Binaries/Win64/UE4Editor-DataValidation.dll (API version 3944462).
LogModuleManager: Display: Found up-to-date module file ../../../Engine/Plugins/Editor/FacialAnimation/Binaries/Win64/UE4Editor-FacialAnimation.dll (API version 3944462).
LogModuleManager: Display: Found up-to-date module file ../../../Engine/Plugins/Editor/FacialAnimation/Binaries/Win64/UE4Editor-FacialAnimationEditor.dll (API version 3944462).
LogModuleManager: Display: Found up-to-date module file ../../../Engine/Plugins/Editor/GameplayTagsEditor/Binaries/Win64/UE4Editor-GameplayTagsEditor.dll (API version 3944462).
LogModuleManager: Display: Found up-to-date module file ../../../Engine/Plugins/Editor/MobileLauncherProfileWizard/Binaries/Win64/UE4Editor-MobileLauncherProfileWizard.dll (API version 3944462).
LogModuleManager: Display: Found up-to-date module file ../../../Engine/Plugins/Editor/PluginBrowser/Binaries/Win64/UE4Editor-PluginBrowser.dll (API version 3944462).
LogModuleManager: Display: Found up-to-date module file ../../../Engine/Plugins/Editor/SpeedTreeImporter/Binaries/Win64/UE4Editor-SpeedTreeImporter.dll (API version 3944462).
LogModuleManager: Display: Found up-to-date module file ../../../Engine/Plugins/Enterprise/DatasmithContent/Binaries/Win64/UE4Editor-DatasmithContent.dll (API version 3944462).
LogModuleManager: Display: Found up-to-date module file ../../../Engine/Plugins/Experimental/AlembicImporter/Binaries/Win64/UE4Editor-AlembicImporter.dll (API version 3944462).
LogModuleManager: Display: Found up-to-date module file ../../../Engine/Plugins/Experimental/AlembicImporter/Binaries/Win64/UE4Editor-AlembicLibrary.dll (API version 3944462).
LogModuleManager: Display: Found up-to-date module file ../../../Engine/Plugins/Experimental/CharacterAI/Binaries/Win64/UE4Editor-CharacterAI.dll (API version 3944462).
LogModuleManager: Display: Found up-to-date module file ../../../Engine/Plugins/Experimental/HTML5Networking/Binaries/Win64/UE4Editor-HTML5Networking.dll (API version 3944462).
LogModuleManager: Display: Found up-to-date module file ../../../Engine/Plugins/Media/AndroidMedia/Binaries/Win64/UE4Editor-AndroidMediaEditor.dll (API version 3944462).
LogModuleManager: Display: Found up-to-date module file ../../../Engine/Plugins/Media/AndroidMedia/Binaries/Win64/UE4Editor-AndroidMediaFactory.dll (API version 3944462).
LogModuleManager: Display: Found up-to-date module file ../../../Engine/Plugins/Media/AvfMedia/Binaries/Win64/UE4Editor-AvfMediaEditor.dll (API version 3944462).
LogModuleManager: Display: Found up-to-date module file ../../../Engine/Plugins/Media/AvfMedia/Binaries/Win64/UE4Editor-AvfMediaFactory.dll (API version 3944462).
LogModuleManager: Display: Found up-to-date module file ../../../Engine/Plugins/Media/AvfMedia/Binaries/Win64/UE4Editor-AvfMediaFactory.dll (API version 3944462).
LogModuleManager: Display: Found up-to-date module file ../../../Engine/Plugins/Media/ImgMedia/Binaries/Win64/UE4Editor-ImgMedia.dll (API version 3944462).
LogModuleManager: Display: Found up-to-date module file ../../../Engine/Plugins/Media/ImgMedia/Binaries/Win64/UE4Editor-ImgMediaEditor.dll (API version 3944462).
LogModuleManager: Display: Found up-to-date module file ../../../Engine/Plugins/Media/ImgMedia/Binaries/Win64/UE4Editor-ImgMediaFactory.dll (API version 3944462).
LogModuleManager: Display: Found up-to-date module file ../../../Engine/Plugins/Media/ImgMedia/Binaries/Win64/UE4Editor-ImgMediaFactory.dll (API version 3944462).
LogModuleManager: Display: Found up-to-date module file ../../../Engine/Plugins/Media/ImgMedia/Binaries/Win64/UE4Editor-OpenExrWrapper.dll (API version 3944462).
LogModuleManager: Display: Found up-to-date module file ../../../Engine/Plugins/Media/LinearTimecode/Binaries/Win64/UE4Editor-LinearTimecode.dll (API version 3944462).
LogModuleManager: Display: Found up-to-date module file ../../../Engine/Plugins/Media/MediaCompositing/Binaries/Win64/UE4Editor-MediaCompositing.dll (API version 3944462).
LogModuleManager: Display: Found up-to-date module file ../../../Engine/Plugins/Media/MediaCompositing/Binaries/Win64/UE4Editor-MediaCompositingEditor.dll (API version 3944462).
LogModuleManager: Display: Found up-to-date module file ../../../Engine/Plugins/Media/MediaPlayerEditor/Binaries/Win64/UE4Editor-MediaPlayerEditor.dll (API version 3944462).
LogModuleManager: Display: Found up-to-date module file ../../../Engine/Plugins/Media/WmfMedia/Binaries/Win64/UE4Editor-WmfMedia.dll (API version 3944462).
LogModuleManager: Display: Found up-to-date module file ../../../Engine/Plugins/Media/WmfMedia/Binaries/Win64/UE4Editor-WmfMediaEditor.dll (API version 3944462).
LogModuleManager: Display: Found up-to-date module file ../../../Engine/Plugins/Media/WmfMedia/Binaries/Win64/UE4Editor-WmfMediaFactory.dll (API version 3944462).
LogModuleManager: Display: Found up-to-date module file ../../../Engine/Plugins/Media/WmfMedia/Binaries/Win64/UE4Editor-WmfMediaFactory.dll (API version 3944462).
LogModuleManager: Display: Found up-to-date module file ../../../Engine/Plugins/Messaging/TcpMessaging/Binaries/Win64/UE4Editor-TcpMessaging.dll (API version 3944462).
LogModuleManager: Display: Found up-to-date module file ../../../Engine/Plugins/Messaging/UdpMessaging/Binaries/Win64/UE4Editor-UdpMessaging.dll (API version 3944462).
LogModuleManager: Display: Found up-to-date module file ../../../Engine/Plugins/MovieScene/ActorSequence/Binaries/Win64/UE4Editor-ActorSequence.dll (API version 3944462).
LogModuleManager: Display: Found up-to-date module file ../../../Engine/Plugins/MovieScene/LevelSequenceEditor/Binaries/Win64/UE4Editor-LevelSequenceEditor.dll (API version 3944462).
LogModuleManager: Display: Found up-to-date module file ../../../Engine/Plugins/MovieScene/MatineeToLevelSequence/Binaries/Win64/UE4Editor-MatineeToLevelSequence.dll (API version 3944462).
LogModuleManager: Display: Found up-to-date module file ../../../Engine/Plugins/NetcodeUnitTest/NetcodeUnitTest/Binaries/Win64/UE4Editor-NetcodeUnitTest.dll (API version 3944462).
LogModuleManager: Display: Found up-to-date module file ../../../Engine/Plugins/NetcodeUnitTest/NUTUnrealEngine4/Binaries/Win64/UE4Editor-NUTUnrealEngine4.dll (API version 3944462).
LogModuleManager: Display: Found up-to-date module file ../../../Engine/Plugins/Online/OnlineSubsystem/Binaries/Win64/UE4Editor-OnlineSubsystem.dll (API version 3944462).
LogModuleManager: Display: Found up-to-date module file ../../../Engine/Plugins/Online/OnlineSubsystemNull/Binaries/Win64/UE4Editor-OnlineSubsystemNull.dll (API version 3944462).
LogModuleManager: Display: Found up-to-date module file ../../../Engine/Plugins/Online/OnlineSubsystemUtils/Binaries/Win64/UE4Editor-OnlineSubsystemUtils.dll (API version 3944462).
LogModuleManager: Display: Found up-to-date module file ../../../Engine/Plugins/Online/OnlineSubsystemUtils/Binaries/Win64/UE4Editor-OnlineBlueprintSupport.dll (API version 3944462).
LogModuleManager: Display: Found up-to-date module file ../../../Engine/Plugins/Runtime/AndroidDeviceProfileSelector/Binaries/Win64/UE4Editor-AndroidDeviceProfileSelector.dll (API version 3944462).
LogModuleManager: Display: Found up-to-date module file ../../../Engine/Plugins/Runtime/AndroidPermission/Binaries/Win64/UE4Editor-AndroidPermission.dll (API version 3944462).
LogModuleManager: Display: Found up-to-date module file ../../../Engine/Plugins/Runtime/AppleARKit/Binaries/Win64/UE4Editor-AppleARKit.dll (API version 3944462).
LogModuleManager: Display: Found up-to-date module file ../../../Engine/Plugins/Runtime/ArchVisCharacter/Binaries/Win64/UE4Editor-ArchVisCharacter.dll (API version 3944462).
LogModuleManager: Display: Found up-to-date module file ../../../Engine/Plugins/Runtime/AudioCapture/Binaries/Win64/UE4Editor-AudioCapture.dll (API version 3944462).
LogModuleManager: Display: Found up-to-date module file ../../../Engine/Plugins/Runtime/AudioCapture/Binaries/Win64/UE4Editor-AudioCaptureEditor.dll (API version 3944462).
LogModuleManager: Display: Found up-to-date module file ../../../Engine/Plugins/Runtime/CableComponent/Binaries/Win64/UE4Editor-CableComponent.dll (API version 3944462).
LogModuleManager: Display: Found up-to-date module file ../../../Engine/Plugins/Runtime/CustomMeshComponent/Binaries/Win64/UE4Editor-CustomMeshComponent.dll (API version 3944462).
LogModuleManager: Display: Found up-to-date module file ../../../Engine/Plugins/Runtime/ExampleDeviceProfileSelector/Binaries/Win64/UE4Editor-ExampleDeviceProfileSelector.dll (API version 3944462).
LogModuleManager: Display: Found up-to-date module file ../../../Engine/Plugins/Runtime/ImmediatePhysics/Binaries/Win64/UE4Editor-ImmediatePhysics.dll (API version 3944462).
LogModuleManager: Display: Found up-to-date module file ../../../Engine/Plugins/Runtime/ImmediatePhysics/Binaries/Win64/UE4Editor-ImmediatePhysicsEditor.dll (API version 3944462).
LogModuleManager: Display: Found up-to-date module file ../../../Engine/Plugins/Runtime/LocationServicesBPLibrary/Binaries/Win64/UE4Editor-LocationServicesBPLibrary.dll (API version 3944462).
LogModuleManager: Display: Found up-to-date module file ../../../Engine/Plugins/Runtime/MobilePatchingUtils/Binaries/Win64/UE4Editor-MobilePatchingUtils.dll (API version 3944462).
LogModuleManager: Display: Found up-to-date module file ../../../Engine/Plugins/Runtime/Oculus/OculusVR/Binaries/Win64/UE4Editor-OculusHMD.dll (API version 3944462).
LogModuleManager: Display: Found up-to-date module file ../../../Engine/Plugins/Runtime/Oculus/OculusVR/Binaries/Win64/UE4Editor-OculusInput.dll (API version 3944462).
LogModuleManager: Display: Found up-to-date module file ../../../Engine/Plugins/Runtime/Oculus/OculusVR/Binaries/Win64/UE4Editor-OculusEditor.dll (API version 3944462).
LogModuleManager: Display: Found up-to-date module file ../../../Engine/Plugins/Runtime/PhysXVehicles/Binaries/Win64/UE4Editor-PhysXVehicles.dll (API version 3944462).
LogModuleManager: Display: Found up-to-date module file ../../../Engine/Plugins/Runtime/PhysXVehicles/Binaries/Win64/UE4Editor-PhysXVehiclesEditor.dll (API version 3944462).
LogModuleManager: Display: Found up-to-date module file ../../../Engine/Plugins/Runtime/ProceduralMeshComponent/Binaries/Win64/UE4Editor-ProceduralMeshComponent.dll (API version 3944462).
LogModuleManager: Display: Found up-to-date module file ../../../Engine/Plugins/Runtime/ProceduralMeshComponent/Binaries/Win64/UE4Editor-ProceduralMeshComponentEditor.dll (API version 3944462).
LogModuleManager: Display: Found up-to-date module file ../../../Engine/Plugins/Runtime/RuntimePhysXCooking/Binaries/Win64/UE4Editor-RuntimePhysXCooking.dll (API version 3944462).
LogModuleManager: Display: Found up-to-date module file ../../../Engine/Plugins/Runtime/Steam/SteamVR/Binaries/Win64/UE4Editor-SteamVR.dll (API version 3944462).
LogModuleManager: Display: Found up-to-date module file ../../../Engine/Plugins/Runtime/Steam/SteamVR/Binaries/Win64/UE4Editor-SteamVRController.dll (API version 3944462).
LogModuleManager: Display: Found up-to-date module file ../../../Engine/Plugins/Runtime/WindowsMoviePlayer/Binaries/Win64/UE4Editor-WindowsMoviePlayer.dll (API version 3944462).
LogInit: Using libcurl 7.47.1
LogInit:  - built for x86_64-pc-win32
LogInit:  - supports SSL with OpenSSL/1.0.2g
LogInit:  - supports HTTP deflate (compression) using libz 1.2.8
LogInit:  - other features:
LogInit:      CURL_VERSION_SSL
LogInit:      CURL_VERSION_LIBZ
LogInit:      CURL_VERSION_IPV6
LogInit:      CURL_VERSION_ASYNCHDNS
LogInit:      CURL_VERSION_LARGEFILE
LogInit:      CURL_VERSION_IDN
LogInit:  CurlRequestOptions (configurable via config and command line):
LogInit:  - bVerifyPeer = false  - Libcurl will NOT verify peer certificate
LogInit:  - bUseHttpProxy = false  - Libcurl will NOT use HTTP proxy
LogInit:  - bDontReuseConnections = false  - Libcurl will reuse connections
LogInit:  - CertBundlePath = nullptr  - Libcurl will use whatever was configured at build time.
LogInit:  - MaxHostConnections = 16  - Libcurl will limit the number of connections to a host
LogInit:  - LocalHostAddr = Default
LogInit: WinSock: version 1.1 (2.2), MaxSocks=32767, MaxUdp=65467
LogInit: WinSock: I am DESKTOP-HBOF36B (192.168.10.100:0)
LogInit: Build: ++UE4+Release-4.19-CL-3989454
LogInit: Engine Version: 4.19.1-3989454+++UE4+Release-4.19
LogInit: Compatible Engine Version: 4.19.0-3944462+++UE4+Release-4.19
LogInit: Net CL: 3944462
LogDevObjectVersion: Number of dev versions registered: 18
LogDevObjectVersion:   Dev-Blueprints (B0D832E4-1F89-4F0D-ACCF-7EB736FD4AA2): 10
LogDevObjectVersion:   Dev-Build (E1C64328-A22C-4D53-A36C-8E866417BD8C): 0
LogDevObjectVersion:   Dev-Core (375EC13C-06E4-48FB-B500-84F0262A717E): 2
LogDevObjectVersion:   Dev-Editor (E4B068ED-F494-42E9-A231-DA0B2E46BB41): 23
LogDevObjectVersion:   Dev-Framework (CFFC743F-43B0-4480-9391-14DF171D2073): 33
LogDevObjectVersion:   Dev-Mobile (B02B49B5-BB20-44E9-A304-32B752E40360): 2
LogDevObjectVersion:   Dev-Networking (A4E4105C-59A1-49B5-A7C5-40C4547EDFEE): 0
LogDevObjectVersion:   Dev-Online (39C831C9-5AE6-47DC-9A44-9C173E1C8E7C): 0
LogDevObjectVersion:   Dev-Physics (78F01B33-EBEA-4F98-B9B4-84EACCB95AA2): 0
LogDevObjectVersion:   Dev-Platform (6631380F-2D4D-43E0-8009-CF276956A95A): 0
LogDevObjectVersion:   Dev-Rendering (12F88B9F-8875-4AFC-A67C-D90C383ABD29): 25
LogDevObjectVersion:   Dev-Sequencer (7B5AE74C-D270-4C10-A958-57980B212A5A): 6
LogDevObjectVersion:   Dev-VR (D7296918-1DD6-4BDD-9DE2-64A83CC13884): 1
LogDevObjectVersion:   Dev-LoadTimes (C2A15278-BFE7-4AFE-6C17-90FF531DF755): 1
LogDevObjectVersion:   Private-Geometry (6EACA3D4-40EC-4CC1-B786-8BED09428FC5): 2
LogDevObjectVersion:   Dev-AnimPhys (29E575DD-E0A3-4627-9D10-D276232CDCEA): 16
LogDevObjectVersion:   Dev-ReflectionCapture (6B266CEC-1EC7-4B8F-A30B-E4D90942FC07): 1
LogDevObjectVersion:   Dev-Automation (0DF73D61-A23F-47EA-B727-89E90C41499A): 1
LogInit: Compiled (64-bit): Apr  6 2018 12:26:04
LogInit: Compiled with Visual C++: 19.00.24215.01
LogInit: Build Configuration: Development
LogInit: Branch Name: ++UE4+Release-4.19
LogInit: Command Line:  
LogInit: Base Directory: D:/EpicGames/UE_4.19/Engine/Binaries/Win64/
LogInit: Installed Engine Build: 1
LogStreaming: Display: Took  0.002s to delete old logs.
LogInit: Presizing for max 8388607 objects, including 0 objects not considered by GC, pre-allocating 0 bytes for permanent pool.
LogInit: Object subsystem initialized
[2018.05.03-18.35.18:965][  0]LogInit: Selected Device Profile: [Windows]
[2018.05.03-18.35.18:965][  0]LogInit: Applying CVar settings loaded from the selected device profile: [Windows]
[2018.05.03-18.35.19:031][  0]LogInit: Computer: DESKTOP-HBOF36B
[2018.05.03-18.35.19:031][  0]LogInit: User: logix
[2018.05.03-18.35.19:031][  0]LogInit: CPU Page size=4096, Cores=4
[2018.05.03-18.35.19:031][  0]LogInit: High frequency timer resolution =3.897882 MHz
[2018.05.03-18.35.19:031][  0]LogMemory: Memory total: Physical=8.0GB (8GB approx)
[2018.05.03-18.35.19:031][  0]LogMemory: Platform Memory Stats for Windows
[2018.05.03-18.35.19:031][  0]LogMemory: Process Physical Memory: 274.81 MB used, 274.81 MB peak
[2018.05.03-18.35.19:031][  0]LogMemory: Process Virtual Memory: 264.52 MB used, 264.52 MB peak
[2018.05.03-18.35.19:031][  0]LogMemory: Physical Memory: 5402.19 MB used,  2762.18 MB free, 8164.38 MB total
[2018.05.03-18.35.19:031][  0]LogMemory: Virtual Memory: 692.79 MB used,  2762.18 MB free, 134217728.00 MB total
[2018.05.03-18.35.19:963][  0]LogInit: Using OS detected language (ko-KR).
[2018.05.03-18.35.19:963][  0]LogInit: Using OS detected locale (ko-KR).
[2018.05.03-18.35.20:225][  0]LogTextLocalizationManager: No specific localization for 'ko-KR' exists, so the 'ko' localization will be used.
[2018.05.03-18.35.21:073][  0]LogStreaming: Display: Took  1.096s to EndInitTextLocalization.
[2018.05.03-18.35.21:103][  0]LogInit: Setting process to per monitor DPI aware
[2018.05.03-18.35.22:464][  0]LogSlate: New Slate User Created.  User Index 0, Is Virtual User: 0
[2018.05.03-18.35.22:464][  0]LogSlate: Slate User Registered.  User Index 0, Is Virtual User: 0
[2018.05.03-18.35.25:439][  0]LogD3D11RHI: D3D11 adapters:
[2018.05.03-18.35.25:646][  0]LogD3D11RHI:    0. 'NVIDIA GeForce GTX 1070' (Feature Level 11_0)
[2018.05.03-18.35.25:646][  0]LogD3D11RHI:       8096/0/4082 MB DedicatedVideo/DedicatedSystem/SharedSystem, Outputs:1, VendorId:0x10de
[2018.05.03-18.35.25:662][  0]LogD3D11RHI:    1. 'Microsoft Basic Render Driver' (Feature Level 11_0)
[2018.05.03-18.35.25:662][  0]LogD3D11RHI:       0/0/4082 MB DedicatedVideo/DedicatedSystem/SharedSystem, Outputs:0, VendorId:0x1414
[2018.05.03-18.35.25:662][  0]LogD3D11RHI: Chosen D3D11 Adapter: 0
[2018.05.03-18.35.25:670][  0]LogD3D11RHI: Creating new Direct3DDevice
[2018.05.03-18.35.25:671][  0]LogD3D11RHI:     GPU DeviceId: 0x1b81 (for the marketing name, search the web for "GPU Device Id")
[2018.05.03-18.35.25:671][  0]LogWindows: EnumDisplayDevices:
[2018.05.03-18.35.25:671][  0]LogWindows:    0. 'NVIDIA GeForce GTX 1070' (P:1 D:1)
[2018.05.03-18.35.25:672][  0]LogWindows:    1. 'NVIDIA GeForce GTX 1070' (P:0 D:0)
[2018.05.03-18.35.25:672][  0]LogWindows:    2. 'NVIDIA GeForce GTX 1070' (P:0 D:0)
[2018.05.03-18.35.25:673][  0]LogWindows:    3. 'NVIDIA GeForce GTX 1070' (P:0 D:0)
[2018.05.03-18.35.25:673][  0]LogWindows: DebugString: GetVideoDriverDetailsInvalid PrimaryIsNotTheChoosenAdapter GetVideoDriverDetailsInvalid PrimaryIsNotTheChoosenAdapter GetVideoDriverDetailsInvalid PrimaryIsNotTheChoosenAdapter GetVideoDriverDetailsInvalid PrimaryIsNotTheChoosenAdapter FoundDriverCount:0 
[2018.05.03-18.35.25:673][  0]LogD3D11RHI:     Adapter Name: NVIDIA GeForce GTX 1070
[2018.05.03-18.35.25:673][  0]LogD3D11RHI:   Driver Version: Unknown (internal:Unknown, unified:Unknown)
[2018.05.03-18.35.25:673][  0]LogD3D11RHI:      Driver Date: Unknown
[2018.05.03-18.35.25:673][  0]LogRHI: Texture pool is 5667 MB (70% of 8096 MB)
[2018.05.03-18.35.25:732][  0]LogD3D11RHI: [Aftermath] Aftermath enabled but failed to initialize
[2018.05.03-18.35.25:732][  0]LogD3D11RHI: [Aftermath] Aftermath enabled and primed
[2018.05.03-18.35.25:732][  0]LogD3D11RHI: Async texture creation enabled
[2018.05.03-18.35.26:029][  0]LogD3D11RHI: GPU Timing Frequency: 1000.000000 (Debug: 2 1)
[2018.05.03-18.35.26:175][  0]LogShaderCompilers: Guid format shader working directory is 1 characters bigger than the processId version (C:/Users/logix/Desktop/RAProject/RA-Git/Ryzen/Intermediate/Shaders/WorkingDirectory/7072/).
[2018.05.03-18.35.26:183][  0]LogShaderCompilers: Cleaned the shader compiler working directory 'C:/Users/logix/AppData/Local/Temp/UnrealShaderWorkingDir/AE9B43CC434A78B0ADCF31A5EC628FA9/'.
[2018.05.03-18.35.27:229][  0]LogTemp: Display: Loaded TP AllDesktopTargetPlatform
[2018.05.03-18.35.27:250][  0]LogTemp: Display: Loaded TP MacClientTargetPlatform
[2018.05.03-18.35.27:270][  0]LogTemp: Display: Loaded TP MacNoEditorTargetPlatform
[2018.05.03-18.35.27:290][  0]LogTemp: Display: Loaded TP MacServerTargetPlatform
[2018.05.03-18.35.27:343][  0]LogTemp: Display: Loaded TP MacTargetPlatform
[2018.05.03-18.35.27:363][  0]LogTemp: Display: Loaded TP WindowsClientTargetPlatform
[2018.05.03-18.35.27:383][  0]LogTemp: Display: Loaded TP WindowsNoEditorTargetPlatform
[2018.05.03-18.35.27:402][  0]LogTemp: Display: Loaded TP WindowsServerTargetPlatform
[2018.05.03-18.35.27:411][  0]LogTemp: Display: Loaded TP WindowsTargetPlatform
[2018.05.03-18.35.27:430][  0]LogTemp: Display: Loaded TP Android_ASTCTargetPlatform
[2018.05.03-18.35.27:448][  0]LogTemp: Display: Loaded TP Android_ATCTargetPlatform
[2018.05.03-18.35.27:467][  0]LogTemp: Display: Loaded TP Android_DXTTargetPlatform
[2018.05.03-18.35.27:486][  0]LogTemp: Display: Loaded TP Android_ETC1aTargetPlatform
[2018.05.03-18.35.27:504][  0]LogTemp: Display: Loaded TP Android_ETC1TargetPlatform
[2018.05.03-18.35.27:522][  0]LogTemp: Display: Loaded TP Android_ETC2TargetPlatform
[2018.05.03-18.35.27:559][  0]LogTemp: Display: Loaded TP Android_MultiTargetPlatform
[2018.05.03-18.35.27:559][  0]LogTemp: Display: Loaded TP Android_PVRTCTargetPlatform
[2018.05.03-18.35.27:593][  0]LogTemp: Display: Loaded TP AndroidTargetPlatform
[2018.05.03-18.35.27:596][  0]LogTemp: Display: Loaded TP HTML5TargetPlatform
[2018.05.03-18.35.27:761][  0]LogTemp: Display: Loaded TP IOSTargetPlatform
[2018.05.03-18.35.27:792][  0]LogTemp: Display: Loaded TP TVOSTargetPlatform
[2018.05.03-18.35.27:810][  0]LogTemp: Display: Loaded TP LinuxClientTargetPlatform
[2018.05.03-18.35.27:829][  0]LogTemp: Display: Loaded TP LinuxNoEditorTargetPlatform
[2018.05.03-18.35.27:848][  0]LogTemp: Display: Loaded TP LinuxServerTargetPlatform
[2018.05.03-18.35.27:872][  0]LogTemp: Display: Loaded TP LinuxTargetPlatform
[2018.05.03-18.35.27:873][  0]LogTargetPlatformManager: Display: Building Assets For Windows
[2018.05.03-18.35.28:985][  0]LogXGEController: Cleaning working directory: C:/Users/logix/AppData/Local/Temp/UnrealXGEWorkingDir/
[2018.05.03-18.35.28:985][  0]LogXGEController: Cannot use XGE Controller as Incredibuild is not installed on this machine.
[2018.05.03-18.35.29:012][  0]LogShaderCompilers: Cannot use XGE Shader Compiler as Incredibuild is not installed on this machine.
[2018.05.03-18.35.29:012][  0]LogShaderCompilers: Display: Using Local Shader Compiler.
[2018.05.03-18.35.32:017][  0]LogDerivedDataCache: Display: Max Cache Size: 512 MB
[2018.05.03-18.35.33:115][  0]LogDerivedDataCache: Loaded boot cache 1.09s 107MB C:/Users/logix/AppData/Local/UnrealEngine/4.19/DerivedDataCache/Boot.ddc.
[2018.05.03-18.35.33:115][  0]LogDerivedDataCache: Display: Loaded Boot cache: C:/Users/logix/AppData/Local/UnrealEngine/4.19/DerivedDataCache/Boot.ddc
[2018.05.03-18.35.33:115][  0]LogDerivedDataCache: FDerivedDataBackendGraph:  Pak pak cache file C:/Users/logix/Desktop/RAProject/RA-Git/Ryzen/DerivedDataCache/DDC.ddp not found, will not use a pak cache.
[2018.05.03-18.35.33:115][  0]LogDerivedDataCache: Unable to find inner node Pak for hierarchical cache Hierarchy.
[2018.05.03-18.35.33:115][  0]LogDerivedDataCache: FDerivedDataBackendGraph:  CompressedPak pak cache file C:/Users/logix/Desktop/RAProject/RA-Git/Ryzen/DerivedDataCache/Compressed.ddp not found, will not use a pak cache.
[2018.05.03-18.35.33:115][  0]LogDerivedDataCache: Unable to find inner node CompressedPak for hierarchical cache Hierarchy.
[2018.05.03-18.35.33:196][  0]LogDerivedDataCache: Display: Pak cache opened for reading ../../../Engine/DerivedDataCache/Compressed.ddp.
[2018.05.03-18.35.33:210][  0]LogDerivedDataCache: Using Local data cache path C:/Users/logix/AppData/Local/UnrealEngine/Common/DerivedDataCache: Writable
[2018.05.03-18.35.33:266][  0]LogMaterial: Verifying Global Shaders for PCD3D_SM5
[2018.05.03-18.35.33:335][  0]LogSlate: Using Freetype 2.6.0
[2018.05.03-18.35.33:416][  0]LogSlate: SlateFontCache - WITH_FREETYPE: 1, WITH_HARFBUZZ: 1
[2018.05.03-18.35.33:416][  0]LogSlate: SlateFontCache - WITH_FREETYPE: 1, WITH_HARFBUZZ: 1
[2018.05.03-18.35.40:160][  0]LogAssetRegistry: FAssetRegistry took 0.0315 seconds to start up
[2018.05.03-18.35.49:853][  0]LogInit: Selected Device Profile: [Windows]
[2018.05.03-18.35.54:438][  0]LogSimplygon: Simplygon DLL not present - disabling.
[2018.05.03-18.35.54:472][  0]LogMeshReduction: Using SimplygonSwarm for distributed automatic mesh merging
[2018.05.03-18.35.54:480][  0]LogMeshReduction: Using QuadricMeshReduction for automatic static mesh reduction
[2018.05.03-18.35.54:488][  0]LogMeshReduction: No automatic skeletal mesh reduction module available
[2018.05.03-18.35.54:488][  0]LogMeshReduction: No automatic mesh merging module available
[2018.05.03-18.35.54:488][  0]LogMeshMerging: No automatic mesh merging module available
[2018.05.03-18.35.55:674][  0]LogNetVersion: Ryzen , NetCL: 3944462, EngineNetVer: 2, GameNetVer: 0 (Checksum: 1119402876)
[2018.05.03-18.36.01:068][  0]LogPackageLocalizationCache: Processed 9 localized package path(s) for 2 prioritized culture(s) in 0.165711 seconds
[2018.05.03-18.36.01:091][  0]LogUObjectArray: 36728 objects as part of root set at end of initial load.
[2018.05.03-18.36.01:091][  0]LogUObjectAllocator: 7314304 out of 0 bytes used by permanent object pool.
[2018.05.03-18.36.01:091][  0]LogUObjectArray: CloseDisregardForGC: 0/0 objects in disregard for GC pool
[2018.05.03-18.36.20:198][  0]LogTcpMessaging: Initializing TcpMessaging bridge
[2018.05.03-18.36.20:231][  0]LogUdpMessaging: Initializing bridge on interface 0.0.0.0:0 to multicast group 230.0.0.1:6666.
[2018.05.03-18.36.24:739][  0]LogSkeletalMesh: Skeletal Mesh found in DDC [31.326500ms] /Game/ParagonMurdock/Characters/Heroes/Murdock/Meshes/Murdock.Murdock
[2018.05.03-18.36.25:389][  0]SourceControl: 소스 콘트롤이 꺼졌습니다.
[2018.05.03-18.36.25:389][  0]SourceControl: 소스 콘트롤이 꺼졌습니다.
[2018.05.03-18.36.25:413][  0]SourceControl: 소스 콘트롤이 꺼졌습니다.
[2018.05.03-18.36.25:435][  0]SourceControl: 소스 콘트롤이 꺼졌습니다.
[2018.05.03-18.36.26:260][  0]LogAndroidPermission: UAndroidPermissionCallbackProxy::GetInstance
[2018.05.03-18.36.26:507][  0]LogOcInput: OculusInput pre-init called
[2018.05.03-18.36.27:020][  0]LogEngine: Initializing Engine...
[2018.05.03-18.36.27:137][  0]LogHMD: Failed to initialize OpenVR with code 126
[2018.05.03-18.36.27:162][  0]LogStats: UGameplayTagsManager::ConstructGameplayTagTree: Construct from data asset -  0.000 s
[2018.05.03-18.36.27:162][  0]LogStats: UGameplayTagsManager::ConstructGameplayTagTree: GameplayTagTreeChangedEvent.Broadcast -  0.000 s
[2018.05.03-18.36.28:720][  0]LogAIModule: Creating AISystem for world Untitled
[2018.05.03-18.36.28:856][  0]LogInit: XAudio2 using 'C27F591-8(NVIDIA High Definition Audio)' : 2 channels at 48 kHz using 16 bits per sample (channel mask 0x3)
[2018.05.03-18.36.28:965][  0]LogInit: FAudioDevice initialized.
[2018.05.03-18.36.29:172][  0]LogDerivedDataCache: Saved boot cache 0.21s 107MB C:/Users/logix/AppData/Local/UnrealEngine/4.19/DerivedDataCache/Boot.ddc.
[2018.05.03-18.36.29:209][  0]LogInit: Texture streaming: Enabled
[2018.05.03-18.36.29:283][  0]LogEngineSessionManager: EngineSessionManager initialized
[2018.05.03-18.36.29:368][  0]LogInit: Transaction tracking system initialized
[2018.05.03-18.36.29:661][  0]BlueprintLog: New page: 에디터 로드
[2018.05.03-18.36.30:610][  0]LocalizationService: 현지화 서비스가 비활성화되었습니다.
[2018.05.03-18.36.31:175][  0]LogConsoleResponse: Display: 
[2018.05.03-18.36.33:801][  0]LogCook: Display: Max memory allowance for cook 16384mb min free memory 0mb
[2018.05.03-18.36.33:801][  0]LogCook: Display: Mobile HDR setting 1
[2018.05.03-18.36.33:801][  0]LogGameplayTags: Display: UGameplayTagsManager::DoneAddingNativeTags. DelegateIsBound: 0
[2018.05.03-18.36.33:801][  0]LogStats: UGameplayTagsManager::ConstructGameplayTagTree: Construct from data asset -  0.000 s
[2018.05.03-18.36.33:801][  0]LogStats: UGameplayTagsManager::ConstructGameplayTagTree: GameplayTagTreeChangedEvent.Broadcast -  0.000 s
[2018.05.03-18.36.34:575][  0]LogFileCache: Scanning file cache for directory 'C:/Users/logix/Desktop/RAProject/RA-Git/Ryzen/Content/' took 0.05s
[2018.05.03-18.36.35:258][  0]SourceControl: 소스 콘트롤이 꺼졌습니다.
[2018.05.03-18.36.35:307][  0]Cmd: MAP LOAD FILE="C:/Users/logix/Desktop/RAProject/RA-Git/Ryzen/Content/ThirdPersonCPP/Maps/ThirdPersonExampleMap.umap" TEMPLATE=0 SHOWPROGRESS=1 FEATURELEVEL=3
[2018.05.03-18.36.35:330][  0]LightingResults: New page: 라이팅 빌드
[2018.05.03-18.36.35:462][  0]MapCheck: New page: 맵 체크
[2018.05.03-18.36.35:462][  0]LightingResults: New page: 라이팅 빌드
[2018.05.03-18.36.38:627][  0]LogBlueprint: Error: [Compiler C_InventorySlot] C_InventorySlot  에 선언된 Item 변수에 유효하지 않은 구조체 유형이 있습니다. 
[2018.05.03-18.36.38:627][  0]LogBlueprint: Error: [Compiler C_InventorySlot] C_InventorySlot  에 선언된 Item 변수에 유효하지 않은 구조체 유형이 있습니다. 
[2018.05.03-18.36.38:660][  0]LogBlueprint: Error: [Compiler C_InventorySlot] C_InventorySlot  에 선언된 Item 변수에 유효하지 않은 구조체 유형이 있습니다. 
[2018.05.03-18.36.38:660][  0]LogBlueprint: Error: [Compiler C_InventorySlot] C_InventorySlot  에 선언된 Item 변수에 유효하지 않은 구조체 유형이 있습니다. 
[2018.05.03-18.36.38:679][  0]LogBlueprint: Warning: [Compiler C_InventorySlot] [0093.76] C_InventorySlot 컴파일에 실패했습니다. 치명적 오류 4 회, 경고 0 회, [소요시간 51 ms] (/Game/UserInterface/C_InventorySlot.C_InventorySlot)
[2018.05.03-18.36.40:608][  0]LogSlate: Took 0.077218 seconds to synchronously load lazily loaded font '../../../Engine/Content/Editor/Slate/Fonts/NanumGothic.ttf' (4243K)
[2018.05.03-18.36.40:628][  0]LogSlate: Took 0.019597 seconds to synchronously load lazily loaded font '../../../Engine/Content/Slate/Fonts/Roboto-Regular.ttf' (155K)
[2018.05.03-18.37.09:506][  0]LogSlate: Window '메시지' being destroyed
[2018.05.03-18.37.09:510][  0]LogWindowsTextInputMethodSystem: Display: IME system now activated using TSF (Microsoft 입력기).
[2018.05.03-18.37.09:636][  0]LogSkeletalMesh: Skeletal Mesh found in DDC [23.334467ms] /Game/AnimStarterPack/UE4_Mannequin/Mesh/SK_Mannequin.SK_Mannequin
[2018.05.03-18.37.09:674][  0]LogAIModule: Creating AISystem for world ThirdPersonExampleMap
[2018.05.03-18.37.10:761][  0]LogEditorServer: Finished looking for orphan Actors (0.000 secs)
[2018.05.03-18.37.10:937][  0]Cmd: MAP CHECKDEP NOCLEARLOG
[2018.05.03-18.37.11:082][  0]MapCheck: 맵 체크 완료: 오류 0 회, 경고 0 회, 소요 시간 145.344ms.
[2018.05.03-18.37.11:082][  0]LogFileHelpers: Loading map 'ThirdPersonExampleMap' took 35.786
[2018.05.03-18.37.11:991][  0]LogWindowsTextInputMethodSystem: Display: IME system now activated using TSF (Microsoft 입력기).
[2018.05.03-18.37.12:834][  0]LogCollectionManager: Loaded 0 collections in 0.001608 seconds
[2018.05.03-18.37.12:979][  0]LogFileCache: Scanning file cache for directory 'C:/Users/logix/Desktop/RAProject/RA-Git/Ryzen/Saved/Collections/' took 0.01s
[2018.05.03-18.37.12:979][  0]LogFileCache: Scanning file cache for directory 'C:/Users/logix/Desktop/RAProject/RA-Git/Ryzen/Content/Developers/logix/Collections/' took 0.01s
[2018.05.03-18.37.12:979][  0]LogFileCache: Scanning file cache for directory 'C:/Users/logix/Desktop/RAProject/RA-Git/Ryzen/Content/Collections/' took 0.01s
[2018.05.03-18.37.12:979][  0]LogCollectionManager: Rebuilt the GUID cache for 0 collections in 0.000000 seconds
[2018.05.03-18.37.13:011][  0]LogContentBrowser: Native class hierarchy populated in 0.0308 seconds. Added 2471 classes and 564 folders.
[2018.05.03-18.37.13:134][  0]LogContentBrowser: Native class hierarchy updated for 'WidgetCarousel' in 0.0026 seconds. Added 0 classes and 0 folders.
[2018.05.03-18.37.14:662][  0]LogContentBrowser: Native class hierarchy updated for 'AddContentDialog' in 0.0027 seconds. Added 0 classes and 0 folders.
[2018.05.03-18.37.14:763][  0]LogContentBrowser: Native class hierarchy updated for 'SceneOutliner' in 0.0029 seconds. Added 1 classes and 2 folders.
[2018.05.03-18.37.15:779][  0]LogSlate: Took 0.061150 seconds to synchronously load lazily loaded font '../../../Engine/Content/Editor/Slate/Fonts/NanumGothicBold.ttf' (4188K)
[2018.05.03-18.37.15:811][  0]LogSlate: Took 0.031870 seconds to synchronously load lazily loaded font '../../../Engine/Content/Slate/Fonts/Roboto-Bold.ttf' (160K)
[2018.05.03-18.37.15:864][  0]LogSlate: Took 0.009532 seconds to synchronously load lazily loaded font '../../../Engine/Content/Editor/Slate/Fonts/FontAwesome.ttf' (139K)
[2018.05.03-18.37.16:445][  0]LogRenderer: Reallocating scene render targets to support 1208x576 Format 10 NumSamples 1 (Frame:1).
[2018.05.03-18.37.16:738][  0]LogSlate: Took 0.017631 seconds to synchronously load lazily loaded font '../../../Engine/Content/Slate/Fonts/Roboto-Light.ttf' (167K)
[2018.05.03-18.37.16:953][  0]LogContentBrowser: Native class hierarchy updated for 'HierarchicalLODOutliner' in 0.0027 seconds. Added 0 classes and 0 folders.
[2018.05.03-18.37.16:953][  0]LogLoad: (Engine Initialization) Total time: 132.03 seconds
[2018.05.03-18.37.16:953][  0]LogLoad: (Engine Initialization) Total Blueprint compile time: 0.00 seconds
[2018.05.03-18.37.17:157][  0]LogContentStreaming: Texture pool size now 1000 MB
[2018.05.03-18.37.17:531][  5]LogAssetRegistry: Asset discovery search completed in 97.3935 seconds
[2018.05.03-18.37.17:538][  5]LogCollectionManager: Rebuilt the object cache for 0 collections in 0.000001 seconds (found 0 objects)
[2018.05.03-18.37.17:538][  5]LogCollectionManager: Fixed up redirectors for 0 collections in 0.000094 seconds (updated 0 objects)
[2018.05.03-18.37.21:195][415]LogSlate: FSceneViewport::OnFocusLost() reason 0
[2018.05.03-18.37.21:410][426]Candidate modules for hot reload:
[2018.05.03-18.37.21:410][426]  Ryzen
[2018.05.03-18.37.21:410][426]Launching UnrealBuildTool... [D:/EpicGames/UE_4.19/Engine/Binaries/DotNET/UnrealBuildTool.exe Ryzen -ModuleWithSuffix=Ryzen,7047 Win64 Development -editorrecompile -canskiplink "C:/Users/logix/Desktop/RAProject/RA-Git/Ryzen/Ryzen.uproject" ]
[2018.05.03-18.37.21:414][426]Warning: Starting HotReload took  0.1s.
[2018.05.03-18.37.59:057][944]CompilerResultsLog: New page: 컴파일 - 2018. 5. 4. 오후 12:37:58
[2018.05.03-18.37.59:071][944]CompilerResultsLog: Using 'git status' to determine working set for adaptive non-unity build.
[2018.05.03-18.37.59:071][944]CompilerResultsLog: Creating makefile for hot reloading Ryzen (game project files are newer)
[2018.05.03-18.37.59:071][944]CompilerResultsLog: Compiling game modules for hot reload
[2018.05.03-18.37.59:071][944]CompilerResultsLog: Target is up to date
[2018.05.03-18.37.59:071][944]CompilerResultsLog: Total build time: 37.19 seconds (NoActionsToExecute executor: 0.00 seconds)
[2018.05.03-18.37.59:083][944]LogMainFrame: MainFrame: Module compiling took 37.717 seconds
[2018.05.03-18.37.59:177][944]LogContentBrowser: Native class hierarchy populated in 0.0179 seconds. Added 2472 classes and 566 folders.
[2018.05.03-18.37.59:185][944]Display: HotReload took 37.9s.
[2018.05.03-18.38.01:628][951]LogTemp: Repeating last play command: 선택된 뷰포트
[2018.05.03-18.38.01:707][951]LogBlueprintUserMessages: Early PlayInEditor Detection: Level '/Game/ThirdPersonCPP/Maps/ThirdPersonExampleMap.ThirdPersonExampleMap:PersistentLevel' has LevelScriptBlueprint '/Game/ThirdPersonCPP/Maps/ThirdPersonExampleMap.ThirdPersonExampleMap:PersistentLevel.ThirdPersonExampleMap' with GeneratedClass '/Game/ThirdPersonCPP/Maps/ThirdPersonExampleMap.ThirdPersonExampleMap_C' with ClassGeneratedBy '/Game/ThirdPersonCPP/Maps/ThirdPersonExampleMap.ThirdPersonExampleMap:PersistentLevel.ThirdPersonExampleMap'
[2018.05.03-18.38.01:764][951]LogPlayLevel: PlayLevel: No blueprints needed recompiling
[2018.05.03-18.38.02:906][951]LogSlate: Window '메시지' being destroyed
[2018.05.03-18.38.04:676][136]LogEditorViewport: Clicking on Actor (LMB): ZombieCharacter_BP_C (ZombieCharacter)
[2018.05.03-18.38.06:912][195]LogSlate: FSceneViewport::OnFocusLost() reason 0
[2018.05.03-18.38.07:065][205]LogSlate: Took 0.000346 seconds to synchronously load lazily loaded font '../../../Engine/Content/Slate/Fonts/Roboto-Light.ttf' (167K)
[2018.05.03-18.38.08:230][205]LogContentBrowser: Native class hierarchy updated for 'BlueprintGraph' in 0.0035 seconds. Added 116 classes and 0 folders.
[2018.05.03-18.38.12:161][284]LogSlate: Window 'ZombieCharacter_BP' being destroyed
[2018.05.03-18.38.13:496][284]LogSlate: Took 0.021134 seconds to synchronously load lazily loaded font '../../../Engine/Content/Slate/Fonts/Roboto-BoldCondensed.ttf' (158K)
[2018.05.03-18.38.16:411][377]LogSlate: Took 0.025019 seconds to synchronously load lazily loaded font '../../../Engine/Content/Slate/Fonts/Roboto-Italic.ttf' (157K)
[2018.05.03-18.38.22:417][614]LogSlate: Took 0.066985 seconds to synchronously load lazily loaded font '../../../Engine/Content/Slate/Fonts/DroidSansFallback.ttf' (3848K)
[2018.05.03-18.38.22:434][614]LogSlate: Took 0.016167 seconds to synchronously load lazily loaded font '../../../Engine/Content/Slate/Fonts/../../Editor/Slate/Fonts/NanumGothic.ttf' (4243K)
[2018.05.03-18.38.22:500][614]LogSlate: Took 0.064602 seconds to synchronously load lazily loaded font '../../../Engine/Content/SlateDebug/Fonts/LastResort.ttf' (5269K)
[2018.05.03-18.38.25:401][809]LogTemp: Repeating last play command: 선택된 뷰포트
[2018.05.03-18.38.25:424][809]LogBlueprintUserMessages: Early PlayInEditor Detection: Level '/Game/ThirdPersonCPP/Maps/ThirdPersonExampleMap.ThirdPersonExampleMap:PersistentLevel' has LevelScriptBlueprint '/Game/ThirdPersonCPP/Maps/ThirdPersonExampleMap.ThirdPersonExampleMap:PersistentLevel.ThirdPersonExampleMap' with GeneratedClass '/Game/ThirdPersonCPP/Maps/ThirdPersonExampleMap.ThirdPersonExampleMap_C' with ClassGeneratedBy '/Game/ThirdPersonCPP/Maps/ThirdPersonExampleMap.ThirdPersonExampleMap:PersistentLevel.ThirdPersonExampleMap'
[2018.05.03-18.38.25:429][809]LogPlayLevel: PlayLevel: No blueprints needed recompiling
[2018.05.03-18.38.26:599][809]LogSlate: Window '메시지' being destroyed
[2018.05.03-18.38.26:675][809]PIE: New page: PIE 세션: ThirdPersonExampleMap (2018. 5. 4. 오후 12:38:26)
[2018.05.03-18.38.26:694][809]LogPlayLevel: Creating play world package: /Game/ThirdPersonCPP/Maps/UEDPIE_0_ThirdPersonExampleMap
[2018.05.03-18.38.26:811][809]LogPlayLevel: PIE: StaticDuplicateObject took: (0.116861s)
[2018.05.03-18.38.26:812][809]LogAIModule: Creating AISystem for world ThirdPersonExampleMap
[2018.05.03-18.38.26:827][809]LogPlayLevel: PIE: World Init took: (0.015342s)
[2018.05.03-18.38.26:827][809]LogPlayLevel: PIE: Created PIE world by copying editor world from /Game/ThirdPersonCPP/Maps/ThirdPersonExampleMap.ThirdPersonExampleMap to /Game/ThirdPersonCPP/Maps/UEDPIE_0_ThirdPersonExampleMap.ThirdPersonExampleMap (0.132693s)
[2018.05.03-18.38.27:010][809]LogInit: XAudio2 using 'C27F591-8(NVIDIA High Definition Audio)' : 2 channels at 48 kHz using 16 bits per sample (channel mask 0x3)
[2018.05.03-18.38.27:031][809]LogInit: FAudioDevice initialized.
[2018.05.03-18.38.27:181][809]LogLoad: Game class is 'RyzenGameMode_BP_C'
[2018.05.03-18.38.27:332][809]LogWorld: Bringing World /Game/ThirdPersonCPP/Maps/UEDPIE_0_ThirdPersonExampleMap.ThirdPersonExampleMap up for play (max tick rate 0) at 2018.05.04-03.38.27
[2018.05.03-18.38.27:544][809]LogWorld: Bringing up level for play took: 0.224469
[2018.05.03-18.38.27:706][809]LogContentBrowser: Native class hierarchy updated for 'MovieSceneCapture' in 0.0029 seconds. Added 11 classes and 0 folders.
[2018.05.03-18.38.27:812][809]PIE: /Game/ThirdPersonCPP/Maps/UEDPIE_0_ThirdPersonExampleMap 에 대한 에디터에서 플레이 시작 시간: 1.763
[2018.05.03-18.38.27:817][809]LogBlueprintUserMessages: Late PlayInEditor Detection: Level '/Game/ThirdPersonCPP/Maps/ThirdPersonExampleMap.ThirdPersonExampleMap:PersistentLevel' has LevelScriptBlueprint '/Game/ThirdPersonCPP/Maps/ThirdPersonExampleMap.ThirdPersonExampleMap:PersistentLevel.ThirdPersonExampleMap' with GeneratedClass '/Game/ThirdPersonCPP/Maps/ThirdPersonExampleMap.ThirdPersonExampleMap_C' with ClassGeneratedBy '/Game/ThirdPersonCPP/Maps/ThirdPersonExampleMap.ThirdPersonExampleMap:PersistentLevel.ThirdPersonExampleMap'
[2018.05.03-18.38.28:253][809]LogScript: Warning: CurrentInteractable 프로퍼티를 읽으려던 중 None 에 접근했습니다.
	WB_ManualPickup_C /Engine/Transient.UnrealEdEngine_0:GameInstance_0.WB_ManualPickup_C_0
	Function /Game/UserInterface/WB_ManualPickup.WB_ManualPickup_C:Get_Interact_Item:00B6
[2018.05.03-18.38.28:393][810]LogScript: Warning: CurrentInteractable 프로퍼티를 읽으려던 중 None 에 접근했습니다.
	WB_ManualPickup_C /Engine/Transient.UnrealEdEngine_0:GameInstance_0.WB_ManualPickup_C_0
	Function /Game/UserInterface/WB_ManualPickup.WB_ManualPickup_C:Get_Interact_Item:00B6
[2018.05.03-18.38.28:449][811]LogScript: Warning: CurrentInteractable 프로퍼티를 읽으려던 중 None 에 접근했습니다.
	WB_ManualPickup_C /Engine/Transient.UnrealEdEngine_0:GameInstance_0.WB_ManualPickup_C_0
	Function /Game/UserInterface/WB_ManualPickup.WB_ManualPickup_C:Get_Interact_Item:00B6
[2018.05.03-18.38.28:457][812]LogScript: Warning: CurrentInteractable 프로퍼티를 읽으려던 중 None 에 접근했습니다.
	WB_ManualPickup_C /Engine/Transient.UnrealEdEngine_0:GameInstance_0.WB_ManualPickup_C_0
	Function /Game/UserInterface/WB_ManualPickup.WB_ManualPickup_C:Get_Interact_Item:00B6
[2018.05.03-18.38.28:525][813]LogScript: Warning: CurrentInteractable 프로퍼티를 읽으려던 중 None 에 접근했습니다.
	WB_ManualPickup_C /Engine/Transient.UnrealEdEngine_0:GameInstance_0.WB_ManualPickup_C_0
	Function /Game/UserInterface/WB_ManualPickup.WB_ManualPickup_C:Get_Interact_Item:00B6
[2018.05.03-18.38.28:532][814]LogScript: Warning: CurrentInteractable 프로퍼티를 읽으려던 중 None 에 접근했습니다.
	WB_ManualPickup_C /Engine/Transient.UnrealEdEngine_0:GameInstance_0.WB_ManualPickup_C_0
	Function /Game/UserInterface/WB_ManualPickup.WB_ManualPickup_C:Get_Interact_Item:00B6
[2018.05.03-18.38.28:541][815]LogScript: Warning: CurrentInteractable 프로퍼티를 읽으려던 중 None 에 접근했습니다.
	WB_ManualPickup_C /Engine/Transient.UnrealEdEngine_0:GameInstance_0.WB_ManualPickup_C_0
	Function /Game/UserInterface/WB_ManualPickup.WB_ManualPickup_C:Get_Interact_Item:00B6
[2018.05.03-18.38.28:549][816]LogScript: Warning: CurrentInteractable 프로퍼티를 읽으려던 중 None 에 접근했습니다.
	WB_ManualPickup_C /Engine/Transient.UnrealEdEngine_0:GameInstance_0.WB_ManualPickup_C_0
	Function /Game/UserInterface/WB_ManualPickup.WB_ManualPickup_C:Get_Interact_Item:00B6
[2018.05.03-18.38.28:557][817]LogScript: Warning: CurrentInteractable 프로퍼티를 읽으려던 중 None 에 접근했습니다.
	WB_ManualPickup_C /Engine/Transient.UnrealEdEngine_0:GameInstance_0.WB_ManualPickup_C_0
	Function /Game/UserInterface/WB_ManualPickup.WB_ManualPickup_C:Get_Interact_Item:00B6
[2018.05.03-18.38.28:566][818]LogScript: Warning: CurrentInteractable 프로퍼티를 읽으려던 중 None 에 접근했습니다.
	WB_ManualPickup_C /Engine/Transient.UnrealEdEngine_0:GameInstance_0.WB_ManualPickup_C_0
	Function /Game/UserInterface/WB_ManualPickup.WB_ManualPickup_C:Get_Interact_Item:00B6
[2018.05.03-18.38.28:575][819]LogScript: Warning: CurrentInteractable 프로퍼티를 읽으려던 중 None 에 접근했습니다.
	WB_ManualPickup_C /Engine/Transient.UnrealEdEngine_0:GameInstance_0.WB_ManualPickup_C_0
	Function /Game/UserInterface/WB_ManualPickup.WB_ManualPickup_C:Get_Interact_Item:00B6
[2018.05.03-18.38.28:585][820]LogScript: Warning: CurrentInteractable 프로퍼티를 읽으려던 중 None 에 접근했습니다.
	WB_ManualPickup_C /Engine/Transient.UnrealEdEngine_0:GameInstance_0.WB_ManualPickup_C_0
	Function /Game/UserInterface/WB_ManualPickup.WB_ManualPickup_C:Get_Interact_Item:00B6
[2018.05.03-18.38.28:596][821]LogScript: Warning: CurrentInteractable 프로퍼티를 읽으려던 중 None 에 접근했습니다.
	WB_ManualPickup_C /Engine/Transient.UnrealEdEngine_0:GameInstance_0.WB_ManualPickup_C_0
	Function /Game/UserInterface/WB_ManualPickup.WB_ManualPickup_C:Get_Interact_Item:00B6
[2018.05.03-18.38.28:606][822]LogScript: Warning: CurrentInteractable 프로퍼티를 읽으려던 중 None 에 접근했습니다.
	WB_ManualPickup_C /Engine/Transient.UnrealEdEngine_0:GameInstance_0.WB_ManualPickup_C_0
	Function /Game/UserInterface/WB_ManualPickup.WB_ManualPickup_C:Get_Interact_Item:00B6
[2018.05.03-18.38.28:615][823]LogScript: Warning: CurrentInteractable 프로퍼티를 읽으려던 중 None 에 접근했습니다.
	WB_ManualPickup_C /Engine/Transient.UnrealEdEngine_0:GameInstance_0.WB_ManualPickup_C_0
	Function /Game/UserInterface/WB_ManualPickup.WB_ManualPickup_C:Get_Interact_Item:00B6
[2018.05.03-18.38.28:624][824]LogScript: Warning: CurrentInteractable 프로퍼티를 읽으려던 중 None 에 접근했습니다.
	WB_ManualPickup_C /Engine/Transient.UnrealEdEngine_0:GameInstance_0.WB_ManualPickup_C_0
	Function /Game/UserInterface/WB_ManualPickup.WB_ManualPickup_C:Get_Interact_Item:00B6
[2018.05.03-18.38.28:632][825]LogScript: Warning: CurrentInteractable 프로퍼티를 읽으려던 중 None 에 접근했습니다.
	WB_ManualPickup_C /Engine/Transient.UnrealEdEngine_0:GameInstance_0.WB_ManualPickup_C_0
	Function /Game/UserInterface/WB_ManualPickup.WB_ManualPickup_C:Get_Interact_Item:00B6
[2018.05.03-18.38.37:887][114]LogWindows: Error: === Critical error: ===
[2018.05.03-18.38.37:887][114]LogWindows: Error: 
[2018.05.03-18.38.37:887][114]LogWindows: Error: Fatal error!
[2018.05.03-18.38.37:887][114]LogWindows: Error: 
[2018.05.03-18.38.37:887][114]LogWindows: Error: Unhandled Exception: EXCEPTION_ACCESS_VIOLATION reading address 0x00000800
[2018.05.03-18.38.37:887][114]LogWindows: Error: 
[2018.05.03-18.38.37:887][114]LogWindows: Error: [Callstack] 0x000000003F50FC63 UE4Editor-Ryzen.dll!ARyzenBaseCharacter::IsAlive() [c:\users\logix\desktop\raproject\ra-git\ryzen\source\ryzen\private\player\ryzenbasecharacter.cpp:15]
[2018.05.03-18.38.37:887][114]LogWindows: Error: [Callstack] 0x000000003F512E54 UE4Editor-Ryzen.dll!AZombieCharacter_2::OnAttackCollisionCompBeginOverlap() [c:\users\logix\desktop\raproject\ra-git\ryzen\source\ryzen\private\zombie\zombiecharacter_2.cpp:121]
[2018.05.03-18.38.37:887][114]LogWindows: Error: [Callstack] 0x000000003F50BEFD UE4Editor-Ryzen.dll!AZombieCharacter_2::execOnAttackCollisionCompBeginOverlap() [c:\users\logix\desktop\raproject\ra-git\ryzen\source\ryzen\public\zombie\zombiecharacter_2.h:13]
[2018.05.03-18.38.37:887][114]LogWindows: Error: [Callstack] 0x000000006523E094 UE4Editor-CoreUObject.dll!UnknownFunction []
[2018.05.03-18.38.37:887][114]LogWindows: Error: [Callstack] 0x0000000065429D63 UE4Editor-CoreUObject.dll!UnknownFunction []
[2018.05.03-18.38.37:887][114]LogWindows: Error: [Callstack] 0x0000000057E0CCFB UE4Editor-Engine.dll!UnknownFunction []
[2018.05.03-18.38.37:887][114]LogWindows: Error: [Callstack] 0x0000000057D96029 UE4Editor-Engine.dll!UnknownFunction []
[2018.05.03-18.38.37:887][114]LogWindows: Error: [Callstack] 0x00000000582B6A0F UE4Editor-Engine.dll!UnknownFunction []
[2018.05.03-18.38.37:887][114]LogWindows: Error: [Callstack] 0x00000000582A1260 UE4Editor-Engine.dll!UnknownFunction []
[2018.05.03-18.38.37:887][114]LogWindows: Error: [Callstack] 0x00000000582F058D UE4Editor-Engine.dll!UnknownFunction []
[2018.05.03-18.38.37:888][114]LogWindows: Error: [Callstack] 0x00000000582F06C8 UE4Editor-Engine.dll!UnknownFunction []
[2018.05.03-18.38.37:888][114]LogWindows: Error: [Callstack] 0x000000005831C167 UE4Editor-Engine.dll!UnknownFunction []
[2018.05.03-18.38.37:888][114]LogWindows: Error: [Callstack] 0x0000000058304299 UE4Editor-Engine.dll!UnknownFunction []
[2018.05.03-18.38.37:888][114]LogWindows: Error: [Callstack] 0x000000005826C4C2 UE4Editor-Engine.dll!UnknownFunction []
[2018.05.03-18.38.37:888][114]LogWindows: Error: [Callstack] 0x0000000058284AE7 UE4Editor-Engine.dll!UnknownFunction []
[2018.05.03-18.38.37:888][114]LogWindows: Error: [Callstack] 0x00000000581DD628 UE4Editor-Engine.dll!UnknownFunction []
[2018.05.03-18.38.37:888][114]LogWindows: Error: [Callstack] 0x0000000058210184 UE4Editor-Engine.dll!UnknownFunction []
[2018.05.03-18.38.37:888][114]LogWindows: Error: [Callstack] 0x0000000058EE690B UE4Editor-Engine.dll!UnknownFunction []
[2018.05.03-18.38.37:888][114]LogWindows: Error: [Callstack] 0x0000000058EEBFE3 UE4Editor-Engine.dll!UnknownFunction []
[2018.05.03-18.38.37:888][114]LogWindows: Error: [Callstack] 0x00000000657FB713 UE4Editor-Core.dll!UnknownFunction []
[2018.05.03-18.38.37:888][114]LogWindows: Error: [Callstack] 0x00000000657FBD3A UE4Editor-Core.dll!UnknownFunction []
[2018.05.03-18.38.37:888][114]LogWindows: Error: [Callstack] 0x000000006581ECFE UE4Editor-Core.dll!UnknownFunction []
[2018.05.03-18.38.37:888][114]LogWindows: Error: [Callstack] 0x0000000058F0CFC1 UE4Editor-Engine.dll!UnknownFunction []
[2018.05.03-18.38.37:888][114]LogWindows: Error: [Callstack] 0x0000000058F12AE2 UE4Editor-Engine.dll!UnknownFunction []
[2018.05.03-18.38.37:888][114]LogWindows: Error: [Callstack] 0x000000005876BF04 UE4Editor-Engine.dll!UnknownFunction []
[2018.05.03-18.38.37:888][114]LogWindows: Error: [Callstack] 0x000000005877716B UE4Editor-Engine.dll!UnknownFunction []
[2018.05.03-18.38.37:888][114]LogWindows: Error: [Callstack] 0x0000000055E1D781 UE4Editor-UnrealEd.dll!UnknownFunction []
[2018.05.03-18.38.37:888][114]LogWindows: Error: [Callstack] 0x00000000566B9516 UE4Editor-UnrealEd.dll!UnknownFunction []
[2018.05.03-18.38.37:888][114]LogWindows: Error: [Callstack] 0x0000000091825EAC UE4Editor.exe!UnknownFunction []
[2018.05.03-18.38.37:888][114]LogWindows: Error: [Callstack] 0x0000000091836BD0 UE4Editor.exe!UnknownFunction []
[2018.05.03-18.38.37:888][114]LogWindows: Error: [Callstack] 0x0000000091836C4A UE4Editor.exe!UnknownFunction []
[2018.05.03-18.38.37:888][114]LogWindows: Error: [Callstack] 0x0000000091844149 UE4Editor.exe!UnknownFunction []
[2018.05.03-18.38.37:888][114]LogWindows: Error: [Callstack] 0x0000000091845B57 UE4Editor.exe!UnknownFunction []
[2018.05.03-18.38.37:888][114]LogWindows: Error: [Callstack] 0x00000000955E1FE4 KERNEL32.DLL!UnknownFunction []
[2018.05.03-18.38.37:888][114]LogWindows: Error: [Callstack] 0x0000000097E9F061 ntdll.dll!UnknownFunction []
[2018.05.03-18.38.37:888][114]LogWindows: Error: [Callstack] 0x0000000097E9F061 ntdll.dll!UnknownFunction []
[2018.05.03-18.38.37:888][114]LogWindows: Error: 
[2018.05.03-18.38.37:907][114]LogExit: Executing StaticShutdownAfterError
[2018.05.03-18.38.38:585][114]LogWindows: FPlatformMisc::RequestExit(1)
[2018.05.03-18.38.38:639][114]Log file closed, 05/04/18 03:38:38
