Log file open, 05/04/18 04:02:47
LogWindows: Failed to load 'aqProf.dll' (GetLastError=126)
LogWindows: File 'aqProf.dll' does not exist
LogWindows: Failed to load 'VtuneApi.dll' (GetLastError=126)
LogWindows: File 'VtuneApi.dll' does not exist
LogWindows: Failed to load 'VtuneApi32e.dll' (GetLastError=126)
LogWindows: File 'VtuneApi32e.dll' does not exist
LogInit: Display: Running engine for game: Ryzen
LogPlatformFile: Not using cached read wrapper
LogInit: Display: RandInit(1009103174) SRandInit(1009103174).
LogInit: Read version file with build ID '3944462'
LogInit: Overriding engine version to CL 3989454, compatible CL 3944462
LogInit: Registered custom module enumerator with build ID '3944462'
LogTaskGraph: Started task graph with 5 named threads and 23 total threads with 3 sets of task threads.
LogStats: Stats thread started at 2.784802
LogD3D11RHI: Aftermath initialized
LogICUInternationalization: Display: ICU TimeZone Detection - Raw Offset: +9:00, Platform Override: ''
LogPluginManager: Mounting plugin Paper2D
LogPluginManager: Mounting plugin LiveLink
LogPluginManager: Mounting plugin LightPropagationVolume
LogPluginManager: Mounting plugin CLionSourceCodeAccess
LogPluginManager: Mounting plugin CodeLiteSourceCodeAccess
LogPluginManager: Mounting plugin GitSourceControl
LogPluginManager: Mounting plugin KDevelopSourceCodeAccess
LogPluginManager: Mounting plugin NullSourceCodeAccess
LogPluginManager: Mounting plugin PerforceSourceControl
LogPluginManager: Mounting plugin SubversionSourceControl
LogPluginManager: Mounting plugin UObjectPlugin
LogPluginManager: Mounting plugin VisualStudioCodeSourceCodeAccess
LogPluginManager: Mounting plugin VisualStudioSourceCodeAccess
LogPluginManager: Mounting plugin XCodeSourceCodeAccess
LogPluginManager: Mounting plugin AssetManagerEditor
LogPluginManager: Mounting plugin CryptoKeys
LogPluginManager: Mounting plugin DataValidation
LogPluginManager: Mounting plugin FacialAnimation
LogPluginManager: Mounting plugin GameplayTagsEditor
LogPluginManager: Mounting plugin MobileLauncherProfileWizard
LogPluginManager: Mounting plugin PluginBrowser
LogPluginManager: Mounting plugin SpeedTreeImporter
LogPluginManager: Mounting plugin DatasmithContent
LogPluginManager: Mounting plugin AlembicImporter
LogPluginManager: Mounting plugin CharacterAI
LogPluginManager: Mounting plugin HTML5Networking
LogPluginManager: Mounting plugin AndroidMedia
LogPluginManager: Mounting plugin AvfMedia
LogPluginManager: Mounting plugin ImgMedia
LogPluginManager: Mounting plugin LinearTimecode
LogPluginManager: Mounting plugin MediaCompositing
LogPluginManager: Mounting plugin MediaPlayerEditor
LogPluginManager: Mounting plugin WmfMedia
LogPluginManager: Mounting plugin TcpMessaging
LogPluginManager: Mounting plugin UdpMessaging
LogPluginManager: Mounting plugin ActorSequence
LogPluginManager: Mounting plugin LevelSequenceEditor
LogPluginManager: Mounting plugin MatineeToLevelSequence
LogPluginManager: Mounting plugin NetcodeUnitTest
LogPluginManager: Mounting plugin NUTUnrealEngine4
LogPluginManager: Mounting plugin OnlineSubsystemGooglePlay
LogPluginManager: Mounting plugin OnlineSubsystemIOS
LogPluginManager: Mounting plugin OnlineSubsystem
LogPluginManager: Mounting plugin OnlineSubsystemNull
LogPluginManager: Mounting plugin OnlineSubsystemUtils
LogPluginManager: Mounting plugin AndroidDeviceProfileSelector
LogPluginManager: Mounting plugin AndroidMoviePlayer
LogPluginManager: Mounting plugin AndroidPermission
LogPluginManager: Mounting plugin AppleARKit
LogPluginManager: Mounting plugin AppleMoviePlayer
LogPluginManager: Mounting plugin ArchVisCharacter
LogPluginManager: Mounting plugin AudioCapture
LogPluginManager: Mounting plugin CableComponent
LogPluginManager: Mounting plugin CustomMeshComponent
LogPluginManager: Mounting plugin ExampleDeviceProfileSelector
LogPluginManager: Mounting plugin GoogleCloudMessaging
LogPluginManager: Mounting plugin ImmediatePhysics
LogPluginManager: Mounting plugin IOSDeviceProfileSelector
LogPluginManager: Mounting plugin LinuxDeviceProfileSelector
LogPluginManager: Mounting plugin LocationServicesBPLibrary
LogPluginManager: Mounting plugin MobilePatchingUtils
LogPluginManager: Mounting plugin OculusVR
LogPluginManager: Plugin shader directory ../../../Engine/Plugins/Runtime/Oculus/OculusVR/Shaders found
LogPluginManager: Mapping shader source directory ../../../Engine/Plugins/Runtime/Oculus/OculusVR/Shaders to virtual directory /Plugin/OculusVR
LogPluginManager: Mounting plugin PhysXVehicles
LogPluginManager: Mounting plugin ProceduralMeshComponent
LogPluginManager: Mounting plugin RuntimePhysXCooking
LogPluginManager: Mounting plugin SteamVR
LogPluginManager: Mounting plugin WindowsMoviePlayer
LogStreaming: Display: Took  0.213s to configure plugins.
LogModuleManager: Warning: Module file C:/Users/logix/Desktop/RAProject/RA-Git/Ryzen/Binaries/Win64/UE4Editor-Ryzen-7047.dll is missing. This is likely a stale module that must be recompiled.
LogModuleManager: Display: Found up-to-date module file ../../../Engine/Plugins/2D/Paper2D/Binaries/Win64/UE4Editor-Paper2D.dll (API version 3944462).
LogModuleManager: Display: Found up-to-date module file ../../../Engine/Plugins/2D/Paper2D/Binaries/Win64/UE4Editor-Paper2DEditor.dll (API version 3944462).
LogModuleManager: Display: Found up-to-date module file ../../../Engine/Plugins/2D/Paper2D/Binaries/Win64/UE4Editor-PaperSpriteSheetImporter.dll (API version 3944462).
LogModuleManager: Display: Found up-to-date module file ../../../Engine/Plugins/2D/Paper2D/Binaries/Win64/UE4Editor-PaperTiledImporter.dll (API version 3944462).
LogModuleManager: Display: Found up-to-date module file ../../../Engine/Plugins/2D/Paper2D/Binaries/Win64/UE4Editor-SmartSnapping.dll (API version 3944462).
LogModuleManager: Display: Found up-to-date module file ../../../Engine/Plugins/Animation/LiveLink/Binaries/Win64/UE4Editor-LiveLink.dll (API version 3944462).
LogModuleManager: Display: Found up-to-date module file ../../../Engine/Plugins/Animation/LiveLink/Binaries/Win64/UE4Editor-LiveLinkEditor.dll (API version 3944462).
LogModuleManager: Display: Found up-to-date module file ../../../Engine/Plugins/Blendables/LightPropagationVolume/Binaries/Win64/UE4Editor-LightPropagationVolumeRuntime.dll (API version 3944462).
LogModuleManager: Display: Found up-to-date module file ../../../Engine/Plugins/Blendables/LightPropagationVolume/Binaries/Win64/UE4Editor-LightPropagationVolumeEditor.dll (API version 3944462).
LogModuleManager: Display: Found up-to-date module file ../../../Engine/Plugins/Developer/CLionSourceCodeAccess/Binaries/Win64/UE4Editor-CLionSourceCodeAccess.dll (API version 3944462).
LogModuleManager: Display: Found up-to-date module file ../../../Engine/Plugins/Developer/GitSourceControl/Binaries/Win64/UE4Editor-GitSourceControl.dll (API version 3944462).
LogModuleManager: Display: Found up-to-date module file ../../../Engine/Plugins/Developer/PerforceSourceControl/Binaries/Win64/UE4Editor-PerforceSourceControl.dll (API version 3944462).
LogModuleManager: Display: Found up-to-date module file ../../../Engine/Plugins/Developer/SubversionSourceControl/Binaries/Win64/UE4Editor-SubversionSourceControl.dll (API version 3944462).
LogModuleManager: Display: Found up-to-date module file ../../../Engine/Plugins/Developer/UObjectPlugin/Binaries/Win64/UE4Editor-UObjectPlugin.dll (API version 3944462).
LogModuleManager: Display: Found up-to-date module file ../../../Engine/Plugins/Developer/VisualStudioCodeSourceCodeAccess/Binaries/Win64/UE4Editor-VisualStudioCodeSourceCodeAccess.dll (API version 3944462).
LogModuleManager: Display: Found up-to-date module file ../../../Engine/Plugins/Developer/VisualStudioSourceCodeAccess/Binaries/Win64/UE4Editor-VisualStudioSourceCodeAccess.dll (API version 3944462).
LogModuleManager: Display: Found up-to-date module file ../../../Engine/Plugins/Editor/AssetManagerEditor/Binaries/Win64/UE4Editor-AssetManagerEditor.dll (API version 3944462).
LogModuleManager: Display: Found up-to-date module file ../../../Engine/Plugins/Editor/CryptoKeys/Binaries/Win64/UE4Editor-CryptoKeys.dll (API version 3944462).
LogModuleManager: Display: Found up-to-date module file ../../../Engine/Plugins/Editor/CryptoKeys/Binaries/Win64/UE4Editor-CryptoKeysOpenSSL.dll (API version 3944462).
LogModuleManager: Display: Found up-to-date module file ../../../Engine/Plugins/Editor/DataValidation/Binaries/Win64/UE4Editor-DataValidation.dll (API version 3944462).
LogModuleManager: Display: Found up-to-date module file ../../../Engine/Plugins/Editor/FacialAnimation/Binaries/Win64/UE4Editor-FacialAnimation.dll (API version 3944462).
LogModuleManager: Display: Found up-to-date module file ../../../Engine/Plugins/Editor/FacialAnimation/Binaries/Win64/UE4Editor-FacialAnimationEditor.dll (API version 3944462).
LogModuleManager: Display: Found up-to-date module file ../../../Engine/Plugins/Editor/GameplayTagsEditor/Binaries/Win64/UE4Editor-GameplayTagsEditor.dll (API version 3944462).
LogModuleManager: Display: Found up-to-date module file ../../../Engine/Plugins/Editor/MobileLauncherProfileWizard/Binaries/Win64/UE4Editor-MobileLauncherProfileWizard.dll (API version 3944462).
LogModuleManager: Display: Found up-to-date module file ../../../Engine/Plugins/Editor/PluginBrowser/Binaries/Win64/UE4Editor-PluginBrowser.dll (API version 3944462).
LogModuleManager: Display: Found up-to-date module file ../../../Engine/Plugins/Editor/SpeedTreeImporter/Binaries/Win64/UE4Editor-SpeedTreeImporter.dll (API version 3944462).
LogModuleManager: Display: Found up-to-date module file ../../../Engine/Plugins/Enterprise/DatasmithContent/Binaries/Win64/UE4Editor-DatasmithContent.dll (API version 3944462).
LogModuleManager: Display: Found up-to-date module file ../../../Engine/Plugins/Experimental/AlembicImporter/Binaries/Win64/UE4Editor-AlembicImporter.dll (API version 3944462).
LogModuleManager: Display: Found up-to-date module file ../../../Engine/Plugins/Experimental/AlembicImporter/Binaries/Win64/UE4Editor-AlembicLibrary.dll (API version 3944462).
LogModuleManager: Display: Found up-to-date module file ../../../Engine/Plugins/Experimental/CharacterAI/Binaries/Win64/UE4Editor-CharacterAI.dll (API version 3944462).
LogModuleManager: Display: Found up-to-date module file ../../../Engine/Plugins/Experimental/HTML5Networking/Binaries/Win64/UE4Editor-HTML5Networking.dll (API version 3944462).
LogModuleManager: Display: Found up-to-date module file ../../../Engine/Plugins/Media/AndroidMedia/Binaries/Win64/UE4Editor-AndroidMediaEditor.dll (API version 3944462).
LogModuleManager: Display: Found up-to-date module file ../../../Engine/Plugins/Media/AndroidMedia/Binaries/Win64/UE4Editor-AndroidMediaFactory.dll (API version 3944462).
LogModuleManager: Display: Found up-to-date module file ../../../Engine/Plugins/Media/AvfMedia/Binaries/Win64/UE4Editor-AvfMediaEditor.dll (API version 3944462).
LogModuleManager: Display: Found up-to-date module file ../../../Engine/Plugins/Media/AvfMedia/Binaries/Win64/UE4Editor-AvfMediaFactory.dll (API version 3944462).
LogModuleManager: Display: Found up-to-date module file ../../../Engine/Plugins/Media/AvfMedia/Binaries/Win64/UE4Editor-AvfMediaFactory.dll (API version 3944462).
LogModuleManager: Display: Found up-to-date module file ../../../Engine/Plugins/Media/ImgMedia/Binaries/Win64/UE4Editor-ImgMedia.dll (API version 3944462).
LogModuleManager: Display: Found up-to-date module file ../../../Engine/Plugins/Media/ImgMedia/Binaries/Win64/UE4Editor-ImgMediaEditor.dll (API version 3944462).
LogModuleManager: Display: Found up-to-date module file ../../../Engine/Plugins/Media/ImgMedia/Binaries/Win64/UE4Editor-ImgMediaFactory.dll (API version 3944462).
LogModuleManager: Display: Found up-to-date module file ../../../Engine/Plugins/Media/ImgMedia/Binaries/Win64/UE4Editor-ImgMediaFactory.dll (API version 3944462).
LogModuleManager: Display: Found up-to-date module file ../../../Engine/Plugins/Media/ImgMedia/Binaries/Win64/UE4Editor-OpenExrWrapper.dll (API version 3944462).
LogModuleManager: Display: Found up-to-date module file ../../../Engine/Plugins/Media/LinearTimecode/Binaries/Win64/UE4Editor-LinearTimecode.dll (API version 3944462).
LogModuleManager: Display: Found up-to-date module file ../../../Engine/Plugins/Media/MediaCompositing/Binaries/Win64/UE4Editor-MediaCompositing.dll (API version 3944462).
LogModuleManager: Display: Found up-to-date module file ../../../Engine/Plugins/Media/MediaCompositing/Binaries/Win64/UE4Editor-MediaCompositingEditor.dll (API version 3944462).
LogModuleManager: Display: Found up-to-date module file ../../../Engine/Plugins/Media/MediaPlayerEditor/Binaries/Win64/UE4Editor-MediaPlayerEditor.dll (API version 3944462).
LogModuleManager: Display: Found up-to-date module file ../../../Engine/Plugins/Media/WmfMedia/Binaries/Win64/UE4Editor-WmfMedia.dll (API version 3944462).
LogModuleManager: Display: Found up-to-date module file ../../../Engine/Plugins/Media/WmfMedia/Binaries/Win64/UE4Editor-WmfMediaEditor.dll (API version 3944462).
LogModuleManager: Display: Found up-to-date module file ../../../Engine/Plugins/Media/WmfMedia/Binaries/Win64/UE4Editor-WmfMediaFactory.dll (API version 3944462).
LogModuleManager: Display: Found up-to-date module file ../../../Engine/Plugins/Media/WmfMedia/Binaries/Win64/UE4Editor-WmfMediaFactory.dll (API version 3944462).
LogModuleManager: Display: Found up-to-date module file ../../../Engine/Plugins/Messaging/TcpMessaging/Binaries/Win64/UE4Editor-TcpMessaging.dll (API version 3944462).
LogModuleManager: Display: Found up-to-date module file ../../../Engine/Plugins/Messaging/UdpMessaging/Binaries/Win64/UE4Editor-UdpMessaging.dll (API version 3944462).
LogModuleManager: Display: Found up-to-date module file ../../../Engine/Plugins/MovieScene/ActorSequence/Binaries/Win64/UE4Editor-ActorSequence.dll (API version 3944462).
LogModuleManager: Display: Found up-to-date module file ../../../Engine/Plugins/MovieScene/LevelSequenceEditor/Binaries/Win64/UE4Editor-LevelSequenceEditor.dll (API version 3944462).
LogModuleManager: Display: Found up-to-date module file ../../../Engine/Plugins/MovieScene/MatineeToLevelSequence/Binaries/Win64/UE4Editor-MatineeToLevelSequence.dll (API version 3944462).
LogModuleManager: Display: Found up-to-date module file ../../../Engine/Plugins/NetcodeUnitTest/NetcodeUnitTest/Binaries/Win64/UE4Editor-NetcodeUnitTest.dll (API version 3944462).
LogModuleManager: Display: Found up-to-date module file ../../../Engine/Plugins/NetcodeUnitTest/NUTUnrealEngine4/Binaries/Win64/UE4Editor-NUTUnrealEngine4.dll (API version 3944462).
LogModuleManager: Display: Found up-to-date module file ../../../Engine/Plugins/Online/OnlineSubsystem/Binaries/Win64/UE4Editor-OnlineSubsystem.dll (API version 3944462).
LogModuleManager: Display: Found up-to-date module file ../../../Engine/Plugins/Online/OnlineSubsystemNull/Binaries/Win64/UE4Editor-OnlineSubsystemNull.dll (API version 3944462).
LogModuleManager: Display: Found up-to-date module file ../../../Engine/Plugins/Online/OnlineSubsystemUtils/Binaries/Win64/UE4Editor-OnlineSubsystemUtils.dll (API version 3944462).
LogModuleManager: Display: Found up-to-date module file ../../../Engine/Plugins/Online/OnlineSubsystemUtils/Binaries/Win64/UE4Editor-OnlineBlueprintSupport.dll (API version 3944462).
LogModuleManager: Display: Found up-to-date module file ../../../Engine/Plugins/Runtime/AndroidDeviceProfileSelector/Binaries/Win64/UE4Editor-AndroidDeviceProfileSelector.dll (API version 3944462).
LogModuleManager: Display: Found up-to-date module file ../../../Engine/Plugins/Runtime/AndroidPermission/Binaries/Win64/UE4Editor-AndroidPermission.dll (API version 3944462).
LogModuleManager: Display: Found up-to-date module file ../../../Engine/Plugins/Runtime/AppleARKit/Binaries/Win64/UE4Editor-AppleARKit.dll (API version 3944462).
LogModuleManager: Display: Found up-to-date module file ../../../Engine/Plugins/Runtime/ArchVisCharacter/Binaries/Win64/UE4Editor-ArchVisCharacter.dll (API version 3944462).
LogModuleManager: Display: Found up-to-date module file ../../../Engine/Plugins/Runtime/AudioCapture/Binaries/Win64/UE4Editor-AudioCapture.dll (API version 3944462).
LogModuleManager: Display: Found up-to-date module file ../../../Engine/Plugins/Runtime/AudioCapture/Binaries/Win64/UE4Editor-AudioCaptureEditor.dll (API version 3944462).
LogModuleManager: Display: Found up-to-date module file ../../../Engine/Plugins/Runtime/CableComponent/Binaries/Win64/UE4Editor-CableComponent.dll (API version 3944462).
LogModuleManager: Display: Found up-to-date module file ../../../Engine/Plugins/Runtime/CustomMeshComponent/Binaries/Win64/UE4Editor-CustomMeshComponent.dll (API version 3944462).
LogModuleManager: Display: Found up-to-date module file ../../../Engine/Plugins/Runtime/ExampleDeviceProfileSelector/Binaries/Win64/UE4Editor-ExampleDeviceProfileSelector.dll (API version 3944462).
LogModuleManager: Display: Found up-to-date module file ../../../Engine/Plugins/Runtime/ImmediatePhysics/Binaries/Win64/UE4Editor-ImmediatePhysics.dll (API version 3944462).
LogModuleManager: Display: Found up-to-date module file ../../../Engine/Plugins/Runtime/ImmediatePhysics/Binaries/Win64/UE4Editor-ImmediatePhysicsEditor.dll (API version 3944462).
LogModuleManager: Display: Found up-to-date module file ../../../Engine/Plugins/Runtime/LocationServicesBPLibrary/Binaries/Win64/UE4Editor-LocationServicesBPLibrary.dll (API version 3944462).
LogModuleManager: Display: Found up-to-date module file ../../../Engine/Plugins/Runtime/MobilePatchingUtils/Binaries/Win64/UE4Editor-MobilePatchingUtils.dll (API version 3944462).
LogModuleManager: Display: Found up-to-date module file ../../../Engine/Plugins/Runtime/Oculus/OculusVR/Binaries/Win64/UE4Editor-OculusHMD.dll (API version 3944462).
LogModuleManager: Display: Found up-to-date module file ../../../Engine/Plugins/Runtime/Oculus/OculusVR/Binaries/Win64/UE4Editor-OculusInput.dll (API version 3944462).
LogModuleManager: Display: Found up-to-date module file ../../../Engine/Plugins/Runtime/Oculus/OculusVR/Binaries/Win64/UE4Editor-OculusEditor.dll (API version 3944462).
LogModuleManager: Display: Found up-to-date module file ../../../Engine/Plugins/Runtime/PhysXVehicles/Binaries/Win64/UE4Editor-PhysXVehicles.dll (API version 3944462).
LogModuleManager: Display: Found up-to-date module file ../../../Engine/Plugins/Runtime/PhysXVehicles/Binaries/Win64/UE4Editor-PhysXVehiclesEditor.dll (API version 3944462).
LogModuleManager: Display: Found up-to-date module file ../../../Engine/Plugins/Runtime/ProceduralMeshComponent/Binaries/Win64/UE4Editor-ProceduralMeshComponent.dll (API version 3944462).
LogModuleManager: Display: Found up-to-date module file ../../../Engine/Plugins/Runtime/ProceduralMeshComponent/Binaries/Win64/UE4Editor-ProceduralMeshComponentEditor.dll (API version 3944462).
LogModuleManager: Display: Found up-to-date module file ../../../Engine/Plugins/Runtime/RuntimePhysXCooking/Binaries/Win64/UE4Editor-RuntimePhysXCooking.dll (API version 3944462).
LogModuleManager: Display: Found up-to-date module file ../../../Engine/Plugins/Runtime/Steam/SteamVR/Binaries/Win64/UE4Editor-SteamVR.dll (API version 3944462).
LogModuleManager: Display: Found up-to-date module file ../../../Engine/Plugins/Runtime/Steam/SteamVR/Binaries/Win64/UE4Editor-SteamVRController.dll (API version 3944462).
LogModuleManager: Display: Found up-to-date module file ../../../Engine/Plugins/Runtime/WindowsMoviePlayer/Binaries/Win64/UE4Editor-WindowsMoviePlayer.dll (API version 3944462).
LogInit: Warning: Incompatible or missing module: UE4Editor-Ryzen.dll
Running D:/EpicGames/UE_4.19/Engine/Binaries/DotNET/UnrealBuildTool.exe Ryzen Development Win64 -project="C:/Users/logix/Desktop/RAProject/RA-Git/Ryzen/Ryzen.uproject" -editorrecompile -progress -NoHotReloadFromIDE
Using 'git status' to determine working set for adaptive non-unity build.
@progress push 5%
@progress pop
Performing 3 actions (4 in parallel)
ZombieCharacter_2.cpp
C:\Users\logix\Desktop\RAProject\RA-Git\Ryzen\Source\Ryzen\Private\Zombie\ZombieCharacter_2.cpp: warning C4828: The file contains a character starting at offset 0x190 that is illegal in the current source character set (codepage 65001).
C:\Users\logix\Desktop\RAProject\RA-Git\Ryzen\Source\Ryzen\Private\Zombie\ZombieCharacter_2.cpp: warning C4828: The file contains a character starting at offset 0x195 that is illegal in the current source character set (codepage 65001).
C:\Users\logix\Desktop\RAProject\RA-Git\Ryzen\Source\Ryzen\Private\Zombie\ZombieCharacter_2.cpp: warning C4828: The file contains a character starting at offset 0x197 that is illegal in the current source character set (codepage 65001).
C:\Users\logix\Desktop\RAProject\RA-Git\Ryzen\Source\Ryzen\Private\Zombie\ZombieCharacter_2.cpp: warning C4828: The file contains a character starting at offset 0x198 that is illegal in the current source character set (codepage 65001).
C:\Users\logix\Desktop\RAProject\RA-Git\Ryzen\Source\Ryzen\Private\Zombie\ZombieCharacter_2.cpp: warning C4828: The file contains a character starting at offset 0x199 that is illegal in the current source character set (codepage 65001).
C:\Users\logix\Desktop\RAProject\RA-Git\Ryzen\Source\Ryzen\Private\Zombie\ZombieCharacter_2.cpp: warning C4828: The file contains a character starting at offset 0x19a that is illegal in the current source character set (codepage 65001).
C:\Users\logix\Desktop\RAProject\RA-Git\Ryzen\Source\Ryzen\Private\Zombie\ZombieCharacter_2.cpp: warning C4828: The file contains a character starting at offset 0x19c that is illegal in the current source character set (codepage 65001).
C:\Users\logix\Desktop\RAProject\RA-Git\Ryzen\Source\Ryzen\Private\Zombie\ZombieCharacter_2.cpp: warning C4828: The file contains a character starting at offset 0x19f that is illegal in the current source character set (codepage 65001).
C:\Users\logix\Desktop\RAProject\RA-Git\Ryzen\Source\Ryzen\Private\Zombie\ZombieCharacter_2.cpp: warning C4828: The file contains a character starting at offset 0x1a1 that is illegal in the current source character set (codepage 65001).
C:\Users\logix\Desktop\RAProject\RA-Git\Ryzen\Source\Ryzen\Private\Zombie\ZombieCharacter_2.cpp: warning C4828: The file contains a character starting at offset 0x1a7 that is illegal in the current source character set (codepage 65001).
C:\Users\logix\Desktop\RAProject\RA-Git\Ryzen\Source\Ryzen\Private\Zombie\ZombieCharacter_2.cpp: warning C4828: The file contains a character starting at offset 0x1a9 that is illegal in the current source character set (codepage 65001).
C:\Users\logix\Desktop\RAProject\RA-Git\Ryzen\Source\Ryzen\Private\Zombie\ZombieCharacter_2.cpp: warning C4828: The file contains a character starting at offset 0x1aa that is illegal in the current source character set (codepage 65001).
C:\Users\logix\Desktop\RAProject\RA-Git\Ryzen\Source\Ryzen\Private\Zombie\ZombieCharacter_2.cpp: warning C4828: The file contains a character starting at offset 0x1ac that is illegal in the current source character set (codepage 65001).
C:\Users\logix\Desktop\RAProject\RA-Git\Ryzen\Source\Ryzen\Private\Zombie\ZombieCharacter_2.cpp: warning C4828: The file contains a character starting at offset 0x1ae that is illegal in the current source character set (codepage 65001).
C:\Users\logix\Desktop\RAProject\RA-Git\Ryzen\Source\Ryzen\Private\Zombie\ZombieCharacter_2.cpp: warning C4828: The file contains a character starting at offset 0x1b0 that is illegal in the current source character set (codepage 65001).
C:\Users\logix\Desktop\RAProject\RA-Git\Ryzen\Source\Ryzen\Private\Zombie\ZombieCharacter_2.cpp: warning C4828: The file contains a character starting at offset 0x1b1 that is illegal in the current source character set (codepage 65001).
C:\Users\logix\Desktop\RAProject\RA-Git\Ryzen\Source\Ryzen\Private\Zombie\ZombieCharacter_2.cpp: warning C4828: The file contains a character starting at offset 0x1b3 that is illegal in the current source character set (codepage 65001).
C:\Users\logix\Desktop\RAProject\RA-Git\Ryzen\Source\Ryzen\Private\Zombie\ZombieCharacter_2.cpp: warning C4828: The file contains a character starting at offset 0x58b that is illegal in the current source character set (codepage 65001).
C:\Users\logix\Desktop\RAProject\RA-Git\Ryzen\Source\Ryzen\Private\Zombie\ZombieCharacter_2.cpp: warning C4828: The file contains a character starting at offset 0x592 that is illegal in the current source character set (codepage 65001).
C:\Users\logix\Desktop\RAProject\RA-Git\Ryzen\Source\Ryzen\Private\Zombie\ZombieCharacter_2.cpp: warning C4828: The file contains a character starting at offset 0x593 that is illegal in the current source character set (codepage 65001).
C:\Users\logix\Desktop\RAProject\RA-Git\Ryzen\Source\Ryzen\Private\Zombie\ZombieCharacter_2.cpp: warning C4828: The file contains a character starting at offset 0x5af that is illegal in the current source character set (codepage 65001).
C:\Users\logix\Desktop\RAProject\RA-Git\Ryzen\Source\Ryzen\Private\Zombie\ZombieCharacter_2.cpp: warning C4828: The file contains a character starting at offset 0x5b0 that is illegal in the current source character set (codepage 65001).
C:\Users\logix\Desktop\RAProject\RA-Git\Ryzen\Source\Ryzen\Private\Zombie\ZombieCharacter_2.cpp: warning C4828: The file contains a character starting at offset 0x5b1 that is illegal in the current source character set (codepage 65001).
C:\Users\logix\Desktop\RAProject\RA-Git\Ryzen\Source\Ryzen\Private\Zombie\ZombieCharacter_2.cpp: warning C4828: The file contains a character starting at offset 0x5b2 that is illegal in the current source character set (codepage 65001).
C:\Users\logix\Desktop\RAProject\RA-Git\Ryzen\Source\Ryzen\Private\Zombie\ZombieCharacter_2.cpp: warning C4828: The file contains a character starting at offset 0x5b6 that is illegal in the current source character set (codepage 65001).
C:\Users\logix\Desktop\RAProject\RA-Git\Ryzen\Source\Ryzen\Private\Zombie\ZombieCharacter_2.cpp: warning C4828: The file contains a character starting at offset 0x5b7 that is illegal in the current source character set (codepage 65001).
C:\Users\logix\Desktop\RAProject\RA-Git\Ryzen\Source\Ryzen\Private\Zombie\ZombieCharacter_2.cpp: warning C4828: The file contains a character starting at offset 0x5b9 that is illegal in the current source character set (codepage 65001).
C:\Users\logix\Desktop\RAProject\RA-Git\Ryzen\Source\Ryzen\Private\Zombie\ZombieCharacter_2.cpp: warning C4828: The file contains a character starting at offset 0x5ba that is illegal in the current source character set (codepage 65001).
C:\Users\logix\Desktop\RAProject\RA-Git\Ryzen\Source\Ryzen\Private\Zombie\ZombieCharacter_2.cpp: warning C4828: The file contains a character starting at offset 0x5bb that is illegal in the current source character set (codepage 65001).
C:\Users\logix\Desktop\RAProject\RA-Git\Ryzen\Source\Ryzen\Private\Zombie\ZombieCharacter_2.cpp: warning C4828: The file contains a character starting at offset 0x5bd that is illegal in the current source character set (codepage 65001).
C:\Users\logix\Desktop\RAProject\RA-Git\Ryzen\Source\Ryzen\Private\Zombie\ZombieCharacter_2.cpp: warning C4828: The file contains a character starting at offset 0x5be that is illegal in the current source character set (codepage 65001).
C:\Users\logix\Desktop\RAProject\RA-Git\Ryzen\Source\Ryzen\Private\Zombie\ZombieCharacter_2.cpp: warning C4828: The file contains a character starting at offset 0x5bf that is illegal in the current source character set (codepage 65001).
C:\Users\logix\Desktop\RAProject\RA-Git\Ryzen\Source\Ryzen\Private\Zombie\ZombieCharacter_2.cpp: warning C4828: The file contains a character starting at offset 0x5c0 that is illegal in the current source character set (codepage 65001).
C:\Users\logix\Desktop\RAProject\RA-Git\Ryzen\Source\Ryzen\Private\Zombie\ZombieCharacter_2.cpp: warning C4828: The file contains a character starting at offset 0x5c4 that is illegal in the current source character set (codepage 65001).
C:\Users\logix\Desktop\RAProject\RA-Git\Ryzen\Source\Ryzen\Private\Zombie\ZombieCharacter_2.cpp: warning C4828: The file contains a character starting at offset 0x5c7 that is illegal in the current source character set (codepage 65001).
C:\Users\logix\Desktop\RAProject\RA-Git\Ryzen\Source\Ryzen\Private\Zombie\ZombieCharacter_2.cpp: warning C4828: The file contains a character starting at offset 0x5c8 that is illegal in the current source character set (codepage 65001).
C:\Users\logix\Desktop\RAProject\RA-Git\Ryzen\Source\Ryzen\Private\Zombie\ZombieCharacter_2.cpp: warning C4828: The file contains a character starting at offset 0x5c9 that is illegal in the current source character set (codepage 65001).
C:\Users\logix\Desktop\RAProject\RA-Git\Ryzen\Source\Ryzen\Private\Zombie\ZombieCharacter_2.cpp: warning C4828: The file contains a character starting at offset 0x5cf that is illegal in the current source character set (codepage 65001).
C:\Users\logix\Desktop\RAProject\RA-Git\Ryzen\Source\Ryzen\Private\Zombie\ZombieCharacter_2.cpp: warning C4828: The file contains a character starting at offset 0x5d1 that is illegal in the current source character set (codepage 65001).
C:\Users\logix\Desktop\RAProject\RA-Git\Ryzen\Source\Ryzen\Private\Zombie\ZombieCharacter_2.cpp: warning C4828: The file contains a character starting at offset 0x5d4 that is illegal in the current source character set (codepage 65001).
C:\Users\logix\Desktop\RAProject\RA-Git\Ryzen\Source\Ryzen\Private\Zombie\ZombieCharacter_2.cpp: warning C4828: The file contains a character starting at offset 0x5d5 that is illegal in the current source character set (codepage 65001).
C:\Users\logix\Desktop\RAProject\RA-Git\Ryzen\Source\Ryzen\Private\Zombie\ZombieCharacter_2.cpp: warning C4828: The file contains a character starting at offset 0x5d6 that is illegal in the current source character set (codepage 65001).
C:\Users\logix\Desktop\RAProject\RA-Git\Ryzen\Source\Ryzen\Private\Zombie\ZombieCharacter_2.cpp: warning C4828: The file contains a character starting at offset 0x5d8 that is illegal in the current source character set (codepage 65001).
C:\Users\logix\Desktop\RAProject\RA-Git\Ryzen\Source\Ryzen\Private\Zombie\ZombieCharacter_2.cpp: warning C4828: The file contains a character starting at offset 0x5db that is illegal in the current source character set (codepage 65001).
C:\Users\logix\Desktop\RAProject\RA-Git\Ryzen\Source\Ryzen\Private\Zombie\ZombieCharacter_2.cpp: warning C4828: The file contains a character starting at offset 0x5e0 that is illegal in the current source character set (codepage 65001).
C:\Users\logix\Desktop\RAProject\RA-Git\Ryzen\Source\Ryzen\Private\Zombie\ZombieCharacter_2.cpp: warning C4828: The file contains a character starting at offset 0x600 that is illegal in the current source character set (codepage 65001).
C:\Users\logix\Desktop\RAProject\RA-Git\Ryzen\Source\Ryzen\Private\Zombie\ZombieCharacter_2.cpp: warning C4828: The file contains a character starting at offset 0x602 that is illegal in the current source character set (codepage 65001).
C:\Users\logix\Desktop\RAProject\RA-Git\Ryzen\Source\Ryzen\Private\Zombie\ZombieCharacter_2.cpp: warning C4828: The file contains a character starting at offset 0x603 that is illegal in the current source character set (codepage 65001).
C:\Users\logix\Desktop\RAProject\RA-Git\Ryzen\Source\Ryzen\Private\Zombie\ZombieCharacter_2.cpp: warning C4828: The file contains a character starting at offset 0x608 that is illegal in the current source character set (codepage 65001).
C:\Users\logix\Desktop\RAProject\RA-Git\Ryzen\Source\Ryzen\Private\Zombie\ZombieCharacter_2.cpp: warning C4828: The file contains a character starting at offset 0x60a that is illegal in the current source character set (codepage 65001).
C:\Users\logix\Desktop\RAProject\RA-Git\Ryzen\Source\Ryzen\Private\Zombie\ZombieCharacter_2.cpp: warning C4828: The file contains a character starting at offset 0x60b that is illegal in the current source character set (codepage 65001).
C:\Users\logix\Desktop\RAProject\RA-Git\Ryzen\Source\Ryzen\Private\Zombie\ZombieCharacter_2.cpp: warning C4828: The file contains a character starting at offset 0x60c that is illegal in the current source character set (codepage 65001).
C:\Users\logix\Desktop\RAProject\RA-Git\Ryzen\Source\Ryzen\Private\Zombie\ZombieCharacter_2.cpp: warning C4828: The file contains a character starting at offset 0x60d that is illegal in the current source character set (codepage 65001).
C:\Users\logix\Desktop\RAProject\RA-Git\Ryzen\Source\Ryzen\Private\Zombie\ZombieCharacter_2.cpp: warning C4828: The file contains a character starting at offset 0x611 that is illegal in the current source character set (codepage 65001).
C:\Users\logix\Desktop\RAProject\RA-Git\Ryzen\Source\Ryzen\Private\Zombie\ZombieCharacter_2.cpp: warning C4828: The file contains a character starting at offset 0x612 that is illegal in the current source character set (codepage 65001).
C:\Users\logix\Desktop\RAProject\RA-Git\Ryzen\Source\Ryzen\Private\Zombie\ZombieCharacter_2.cpp: warning C4828: The file contains a character starting at offset 0x613 that is illegal in the current source character set (codepage 65001).
C:\Users\logix\Desktop\RAProject\RA-Git\Ryzen\Source\Ryzen\Private\Zombie\ZombieCharacter_2.cpp: warning C4828: The file contains a character starting at offset 0x614 that is illegal in the current source character set (codepage 65001).
C:\Users\logix\Desktop\RAProject\RA-Git\Ryzen\Source\Ryzen\Private\Zombie\ZombieCharacter_2.cpp: warning C4828: The file contains a character starting at offset 0x7e7 that is illegal in the current source character set (codepage 65001).
C:\Users\logix\Desktop\RAProject\RA-Git\Ryzen\Source\Ryzen\Private\Zombie\ZombieCharacter_2.cpp: warning C4828: The file contains a character starting at offset 0x7ea that is illegal in the current source character set (codepage 65001).
C:\Users\logix\Desktop\RAProject\RA-Git\Ryzen\Source\Ryzen\Private\Zombie\ZombieCharacter_2.cpp: warning C4828: The file contains a character starting at offset 0x7eb that is illegal in the current source character set (codepage 65001).
C:\Users\logix\Desktop\RAProject\RA-Git\Ryzen\Source\Ryzen\Private\Zombie\ZombieCharacter_2.cpp: warning C4828: The file contains a character starting at offset 0x7ec that is illegal in the current source character set (codepage 65001).
C:\Users\logix\Desktop\RAProject\RA-Git\Ryzen\Source\Ryzen\Private\Zombie\ZombieCharacter_2.cpp: warning C4828: The file contains a character starting at offset 0x7ed that is illegal in the current source character set (codepage 65001).
C:\Users\logix\Desktop\RAProject\RA-Git\Ryzen\Source\Ryzen\Private\Zombie\ZombieCharacter_2.cpp: warning C4828: The file contains a character starting at offset 0x7ef that is illegal in the current source character set (codepage 65001).
C:\Users\logix\Desktop\RAProject\RA-Git\Ryzen\Source\Ryzen\Private\Zombie\ZombieCharacter_2.cpp: warning C4828: The file contains a character starting at offset 0x7f1 that is illegal in the current source character set (codepage 65001).
C:\Users\logix\Desktop\RAProject\RA-Git\Ryzen\Source\Ryzen\Private\Zombie\ZombieCharacter_2.cpp: warning C4828: The file contains a character starting at offset 0x7f2 that is illegal in the current source character set (codepage 65001).
C:\Users\logix\Desktop\RAProject\RA-Git\Ryzen\Source\Ryzen\Private\Zombie\ZombieCharacter_2.cpp: warning C4828: The file contains a character starting at offset 0x7f3 that is illegal in the current source character set (codepage 65001).
C:\Users\logix\Desktop\RAProject\RA-Git\Ryzen\Source\Ryzen\Private\Zombie\ZombieCharacter_2.cpp: warning C4828: The file contains a character starting at offset 0x7fa that is illegal in the current source character set (codepage 65001).
C:\Users\logix\Desktop\RAProject\RA-Git\Ryzen\Source\Ryzen\Private\Zombie\ZombieCharacter_2.cpp: warning C4828: The file contains a character starting at offset 0x7fc that is illegal in the current source character set (codepage 65001).
C:\Users\logix\Desktop\RAProject\RA-Git\Ryzen\Source\Ryzen\Private\Zombie\ZombieCharacter_2.cpp: warning C4828: The file contains a character starting at offset 0x7ff that is illegal in the current source character set (codepage 65001).
C:\Users\logix\Desktop\RAProject\RA-Git\Ryzen\Source\Ryzen\Private\Zombie\ZombieCharacter_2.cpp: warning C4828: The file contains a character starting at offset 0x801 that is illegal in the current source character set (codepage 65001).
C:\Users\logix\Desktop\RAProject\RA-Git\Ryzen\Source\Ryzen\Private\Zombie\ZombieCharacter_2.cpp: warning C4828: The file contains a character starting at offset 0x803 that is illegal in the current source character set (codepage 65001).
C:\Users\logix\Desktop\RAProject\RA-Git\Ryzen\Source\Ryzen\Private\Zombie\ZombieCharacter_2.cpp: warning C4828: The file contains a character starting at offset 0x804 that is illegal in the current source character set (codepage 65001).
C:\Users\logix\Desktop\RAProject\RA-Git\Ryzen\Source\Ryzen\Private\Zombie\ZombieCharacter_2.cpp: warning C4828: The file contains a character starting at offset 0x805 that is illegal in the current source character set (codepage 65001).
C:\Users\logix\Desktop\RAProject\RA-Git\Ryzen\Source\Ryzen\Private\Zombie\ZombieCharacter_2.cpp: warning C4828: The file contains a character starting at offset 0x80c that is illegal in the current source character set (codepage 65001).
C:\Users\logix\Desktop\RAProject\RA-Git\Ryzen\Source\Ryzen\Private\Zombie\ZombieCharacter_2.cpp: warning C4828: The file contains a character starting at offset 0x80e that is illegal in the current source character set (codepage 65001).
C:\Users\logix\Desktop\RAProject\RA-Git\Ryzen\Source\Ryzen\Private\Zombie\ZombieCharacter_2.cpp: warning C4828: The file contains a character starting at offset 0x80f that is illegal in the current source character set (codepage 65001).
C:\Users\logix\Desktop\RAProject\RA-Git\Ryzen\Source\Ryzen\Private\Zombie\ZombieCharacter_2.cpp: warning C4828: The file contains a character starting at offset 0x813 that is illegal in the current source character set (codepage 65001).
C:\Users\logix\Desktop\RAProject\RA-Git\Ryzen\Source\Ryzen\Private\Zombie\ZombieCharacter_2.cpp: warning C4828: The file contains a character starting at offset 0x815 that is illegal in the current source character set (codepage 65001).
C:\Users\logix\Desktop\RAProject\RA-Git\Ryzen\Source\Ryzen\Private\Zombie\ZombieCharacter_2.cpp: warning C4828: The file contains a character starting at offset 0x816 that is illegal in the current source character set (codepage 65001).
C:\Users\logix\Desktop\RAProject\RA-Git\Ryzen\Source\Ryzen\Private\Zombie\ZombieCharacter_2.cpp: warning C4828: The file contains a character starting at offset 0x819 that is illegal in the current source character set (codepage 65001).
C:\Users\logix\Desktop\RAProject\RA-Git\Ryzen\Source\Ryzen\Private\Zombie\ZombieCharacter_2.cpp: warning C4828: The file contains a character starting at offset 0x81a that is illegal in the current source character set (codepage 65001).
C:\Users\logix\Desktop\RAProject\RA-Git\Ryzen\Source\Ryzen\Private\Zombie\ZombieCharacter_2.cpp: warning C4828: The file contains a character starting at offset 0x81b that is illegal in the current source character set (codepage 65001).
C:\Users\logix\Desktop\RAProject\RA-Git\Ryzen\Source\Ryzen\Private\Zombie\ZombieCharacter_2.cpp: warning C4828: The file contains a character starting at offset 0x81d that is illegal in the current source character set (codepage 65001).
C:\Users\logix\Desktop\RAProject\RA-Git\Ryzen\Source\Ryzen\Private\Zombie\ZombieCharacter_2.cpp: warning C4828: The file contains a character starting at offset 0x81f that is illegal in the current source character set (codepage 65001).
C:\Users\logix\Desktop\RAProject\RA-Git\Ryzen\Source\Ryzen\Private\Zombie\ZombieCharacter_2.cpp: warning C4828: The file contains a character starting at offset 0x820 that is illegal in the current source character set (codepage 65001).
C:\Users\logix\Desktop\RAProject\RA-Git\Ryzen\Source\Ryzen\Private\Zombie\ZombieCharacter_2.cpp: warning C4828: The file contains a character starting at offset 0x90c that is illegal in the current source character set (codepage 65001).
C:\Users\logix\Desktop\RAProject\RA-Git\Ryzen\Source\Ryzen\Private\Zombie\ZombieCharacter_2.cpp: warning C4828: The file contains a character starting at offset 0x90d that is illegal in the current source character set (codepage 65001).
C:\Users\logix\Desktop\RAProject\RA-Git\Ryzen\Source\Ryzen\Private\Zombie\ZombieCharacter_2.cpp: warning C4828: The file contains a character starting at offset 0x90f that is illegal in the current source character set (codepage 65001).
C:\Users\logix\Desktop\RAProject\RA-Git\Ryzen\Source\Ryzen\Private\Zombie\ZombieCharacter_2.cpp: warning C4828: The file contains a character starting at offset 0x910 that is illegal in the current source character set (codepage 65001).
C:\Users\logix\Desktop\RAProject\RA-Git\Ryzen\Source\Ryzen\Private\Zombie\ZombieCharacter_2.cpp: warning C4828: The file contains a character starting at offset 0x911 that is illegal in the current source character set (codepage 65001).
C:\Users\logix\Desktop\RAProject\RA-Git\Ryzen\Source\Ryzen\Private\Zombie\ZombieCharacter_2.cpp: warning C4828: The file contains a character starting at offset 0x912 that is illegal in the current source character set (codepage 65001).
C:\Users\logix\Desktop\RAProject\RA-Git\Ryzen\Source\Ryzen\Private\Zombie\ZombieCharacter_2.cpp: warning C4828: The file contains a character starting at offset 0x9d9 that is illegal in the current source character set (codepage 65001).
C:\Users\logix\Desktop\RAProject\RA-Git\Ryzen\Source\Ryzen\Private\Zombie\ZombieCharacter_2.cpp: warning C4828: The file contains a character starting at offset 0x9da that is illegal in the current source character set (codepage 65001).
C:\Users\logix\Desktop\RAProject\RA-Git\Ryzen\Source\Ryzen\Private\Zombie\ZombieCharacter_2.cpp: warning C4828: The file contains a character starting at offset 0x9dc that is illegal in the current source character set (codepage 65001).
C:\Users\logix\Desktop\RAProject\RA-Git\Ryzen\Source\Ryzen\Private\Zombie\ZombieCharacter_2.cpp: warning C4828: The file contains a character starting at offset 0x9de that is illegal in the current source character set (codepage 65001).
C:\Users\logix\Desktop\RAProject\RA-Git\Ryzen\Source\Ryzen\Private\Zombie\ZombieCharacter_2.cpp: warning C4828: The file contains a character starting at offset 0x9e1 that is illegal in the current source character set (codepage 65001).
C:\Users\logix\Desktop\RAProject\RA-Git\Ryzen\Source\Ryzen\Private\Zombie\ZombieCharacter_2.cpp: warning C4828: The file contains a character starting at offset 0x9e3 that is illegal in the current source character set (codepage 65001).
C:\Users\logix\Desktop\RAProject\RA-Git\Ryzen\Source\Ryzen\Private\Zombie\ZombieCharacter_2.cpp: warning C4828: The file contains a character starting at offset 0x9e6 that is illegal in the current source character set (codepage 65001).
C:\Users\logix\Desktop\RAProject\RA-Git\Ryzen\Source\Ryzen\Private\Zombie\ZombieCharacter_2.cpp: warning C4828: The file contains a character starting at offset 0x9e7 that is illegal in the current source character set (codepage 65001).
C:\Users\logix\Desktop\RAProject\RA-Git\Ryzen\Source\Ryzen\Private\Zombie\ZombieCharacter_2.cpp: warning C4828: The file contains a character starting at offset 0x9e9 that is illegal in the current source character set (codepage 65001).
C:\Users\logix\Desktop\RAProject\RA-Git\Ryzen\Source\Ryzen\Private\Zombie\ZombieCharacter_2.cpp: warning C4828: The file contains a character starting at offset 0x9ea that is illegal in the current source character set (codepage 65001).
C:\Users\logix\Desktop\RAProject\RA-Git\Ryzen\Source\Ryzen\Private\Zombie\ZombieCharacter_2.cpp: warning C4828: The file contains a character starting at offset 0x9eb that is illegal in the current source character set (codepage 65001).
C:\Users\logix\Desktop\RAProject\RA-Git\Ryzen\Source\Ryzen\Private\Zombie\ZombieCharacter_2.cpp: warning C4828: The file contains a character starting at offset 0x9ec that is illegal in the current source character set (codepage 65001).
C:\Users\logix\Desktop\RAProject\RA-Git\Ryzen\Source\Ryzen\Private\Zombie\ZombieCharacter_2.cpp: warning C4828: The file contains a character starting at offset 0x9f1 that is illegal in the current source character set (codepage 65001).
C:\Users\logix\Desktop\RAProject\RA-Git\Ryzen\Source\Ryzen\Private\Zombie\ZombieCharacter_2.cpp: warning C4828: The file contains a character starting at offset 0x9f2 that is illegal in the current source character set (codepage 65001).
C:\Users\logix\Desktop\RAProject\RA-Git\Ryzen\Source\Ryzen\Private\Zombie\ZombieCharacter_2.cpp: warning C4828: The file contains a character starting at offset 0x9f3 that is illegal in the current source character set (codepage 65001).
C:\Users\logix\Desktop\RAProject\RA-Git\Ryzen\Source\Ryzen\Private\Zombie\ZombieCharacter_2.cpp: warning C4828: The file contains a character starting at offset 0x9f5 that is illegal in the current source character set (codepage 65001).
C:\Users\logix\Desktop\RAProject\RA-Git\Ryzen\Source\Ryzen\Private\Zombie\ZombieCharacter_2.cpp: warning C4828: The file contains a character starting at offset 0x9f6 that is illegal in the current source character set (codepage 65001).
C:\Users\logix\Desktop\RAProject\RA-Git\Ryzen\Source\Ryzen\Private\Zombie\ZombieCharacter_2.cpp: warning C4828: The file contains a character starting at offset 0x9f8 that is illegal in the current source character set (codepage 65001).
C:\Users\logix\Desktop\RAProject\RA-Git\Ryzen\Source\Ryzen\Private\Zombie\ZombieCharacter_2.cpp(122): error C2065: 'AttackAnimMontage': undeclared identifier
C:\Users\logix\Desktop\RAProject\RA-Git\Ryzen\Source\Ryzen\Private\Zombie\ZombieCharacter_2.cpp(123): error C2065: 'AnimInstance': undeclared identifier
C:\Users\logix\Desktop\RAProject\RA-Git\Ryzen\Source\Ryzen\Private\Zombie\ZombieCharacter_2.cpp(123): error C2227: left of '->GetAnimInstance' must point to class/struct/union/generic type
C:\Users\logix\Desktop\RAProject\RA-Git\Ryzen\Source\Ryzen\Private\Zombie\ZombieCharacter_2.cpp(124): error C2065: 'AnimInstance': undeclared identifier
C:\Users\logix\Desktop\RAProject\RA-Git\Ryzen\Source\Ryzen\Private\Zombie\ZombieCharacter_2.cpp(125): error C2065: 'AttackAnimMontage': undeclared identifier
ERROR: UBT ERROR: Failed to produce item: C:\Users\logix\Desktop\RAProject\RA-Git\Ryzen\Binaries\Win64\UE4Editor-Ryzen.pdb
Total build time: 137.34 seconds (Local executor: 0.00 seconds)
LogModuleManager: Warning: Module file C:/Users/logix/Desktop/RAProject/RA-Git/Ryzen/Binaries/Win64/UE4Editor-Ryzen-7047.dll is missing. This is likely a stale module that must be recompiled.
LogModuleManager: Display: Found up-to-date module file ../../../Engine/Plugins/2D/Paper2D/Binaries/Win64/UE4Editor-Paper2D.dll (API version 3944462).
LogModuleManager: Display: Found up-to-date module file ../../../Engine/Plugins/2D/Paper2D/Binaries/Win64/UE4Editor-Paper2DEditor.dll (API version 3944462).
LogModuleManager: Display: Found up-to-date module file ../../../Engine/Plugins/2D/Paper2D/Binaries/Win64/UE4Editor-PaperSpriteSheetImporter.dll (API version 3944462).
LogModuleManager: Display: Found up-to-date module file ../../../Engine/Plugins/2D/Paper2D/Binaries/Win64/UE4Editor-PaperTiledImporter.dll (API version 3944462).
LogModuleManager: Display: Found up-to-date module file ../../../Engine/Plugins/2D/Paper2D/Binaries/Win64/UE4Editor-SmartSnapping.dll (API version 3944462).
LogModuleManager: Display: Found up-to-date module file ../../../Engine/Plugins/Animation/LiveLink/Binaries/Win64/UE4Editor-LiveLink.dll (API version 3944462).
LogModuleManager: Display: Found up-to-date module file ../../../Engine/Plugins/Animation/LiveLink/Binaries/Win64/UE4Editor-LiveLinkEditor.dll (API version 3944462).
LogModuleManager: Display: Found up-to-date module file ../../../Engine/Plugins/Blendables/LightPropagationVolume/Binaries/Win64/UE4Editor-LightPropagationVolumeRuntime.dll (API version 3944462).
LogModuleManager: Display: Found up-to-date module file ../../../Engine/Plugins/Blendables/LightPropagationVolume/Binaries/Win64/UE4Editor-LightPropagationVolumeEditor.dll (API version 3944462).
LogModuleManager: Display: Found up-to-date module file ../../../Engine/Plugins/Developer/CLionSourceCodeAccess/Binaries/Win64/UE4Editor-CLionSourceCodeAccess.dll (API version 3944462).
LogModuleManager: Display: Found up-to-date module file ../../../Engine/Plugins/Developer/GitSourceControl/Binaries/Win64/UE4Editor-GitSourceControl.dll (API version 3944462).
LogModuleManager: Display: Found up-to-date module file ../../../Engine/Plugins/Developer/PerforceSourceControl/Binaries/Win64/UE4Editor-PerforceSourceControl.dll (API version 3944462).
LogModuleManager: Display: Found up-to-date module file ../../../Engine/Plugins/Developer/SubversionSourceControl/Binaries/Win64/UE4Editor-SubversionSourceControl.dll (API version 3944462).
LogModuleManager: Display: Found up-to-date module file ../../../Engine/Plugins/Developer/UObjectPlugin/Binaries/Win64/UE4Editor-UObjectPlugin.dll (API version 3944462).
LogModuleManager: Display: Found up-to-date module file ../../../Engine/Plugins/Developer/VisualStudioCodeSourceCodeAccess/Binaries/Win64/UE4Editor-VisualStudioCodeSourceCodeAccess.dll (API version 3944462).
LogModuleManager: Display: Found up-to-date module file ../../../Engine/Plugins/Developer/VisualStudioSourceCodeAccess/Binaries/Win64/UE4Editor-VisualStudioSourceCodeAccess.dll (API version 3944462).
LogModuleManager: Display: Found up-to-date module file ../../../Engine/Plugins/Editor/AssetManagerEditor/Binaries/Win64/UE4Editor-AssetManagerEditor.dll (API version 3944462).
LogModuleManager: Display: Found up-to-date module file ../../../Engine/Plugins/Editor/CryptoKeys/Binaries/Win64/UE4Editor-CryptoKeys.dll (API version 3944462).
LogModuleManager: Display: Found up-to-date module file ../../../Engine/Plugins/Editor/CryptoKeys/Binaries/Win64/UE4Editor-CryptoKeysOpenSSL.dll (API version 3944462).
LogModuleManager: Display: Found up-to-date module file ../../../Engine/Plugins/Editor/DataValidation/Binaries/Win64/UE4Editor-DataValidation.dll (API version 3944462).
LogModuleManager: Display: Found up-to-date module file ../../../Engine/Plugins/Editor/FacialAnimation/Binaries/Win64/UE4Editor-FacialAnimation.dll (API version 3944462).
LogModuleManager: Display: Found up-to-date module file ../../../Engine/Plugins/Editor/FacialAnimation/Binaries/Win64/UE4Editor-FacialAnimationEditor.dll (API version 3944462).
LogModuleManager: Display: Found up-to-date module file ../../../Engine/Plugins/Editor/GameplayTagsEditor/Binaries/Win64/UE4Editor-GameplayTagsEditor.dll (API version 3944462).
LogModuleManager: Display: Found up-to-date module file ../../../Engine/Plugins/Editor/MobileLauncherProfileWizard/Binaries/Win64/UE4Editor-MobileLauncherProfileWizard.dll (API version 3944462).
LogModuleManager: Display: Found up-to-date module file ../../../Engine/Plugins/Editor/PluginBrowser/Binaries/Win64/UE4Editor-PluginBrowser.dll (API version 3944462).
LogModuleManager: Display: Found up-to-date module file ../../../Engine/Plugins/Editor/SpeedTreeImporter/Binaries/Win64/UE4Editor-SpeedTreeImporter.dll (API version 3944462).
LogModuleManager: Display: Found up-to-date module file ../../../Engine/Plugins/Enterprise/DatasmithContent/Binaries/Win64/UE4Editor-DatasmithContent.dll (API version 3944462).
LogModuleManager: Display: Found up-to-date module file ../../../Engine/Plugins/Experimental/AlembicImporter/Binaries/Win64/UE4Editor-AlembicImporter.dll (API version 3944462).
LogModuleManager: Display: Found up-to-date module file ../../../Engine/Plugins/Experimental/AlembicImporter/Binaries/Win64/UE4Editor-AlembicLibrary.dll (API version 3944462).
LogModuleManager: Display: Found up-to-date module file ../../../Engine/Plugins/Experimental/CharacterAI/Binaries/Win64/UE4Editor-CharacterAI.dll (API version 3944462).
LogModuleManager: Display: Found up-to-date module file ../../../Engine/Plugins/Experimental/HTML5Networking/Binaries/Win64/UE4Editor-HTML5Networking.dll (API version 3944462).
LogModuleManager: Display: Found up-to-date module file ../../../Engine/Plugins/Media/AndroidMedia/Binaries/Win64/UE4Editor-AndroidMediaEditor.dll (API version 3944462).
LogModuleManager: Display: Found up-to-date module file ../../../Engine/Plugins/Media/AndroidMedia/Binaries/Win64/UE4Editor-AndroidMediaFactory.dll (API version 3944462).
LogModuleManager: Display: Found up-to-date module file ../../../Engine/Plugins/Media/AvfMedia/Binaries/Win64/UE4Editor-AvfMediaEditor.dll (API version 3944462).
LogModuleManager: Display: Found up-to-date module file ../../../Engine/Plugins/Media/AvfMedia/Binaries/Win64/UE4Editor-AvfMediaFactory.dll (API version 3944462).
LogModuleManager: Display: Found up-to-date module file ../../../Engine/Plugins/Media/AvfMedia/Binaries/Win64/UE4Editor-AvfMediaFactory.dll (API version 3944462).
LogModuleManager: Display: Found up-to-date module file ../../../Engine/Plugins/Media/ImgMedia/Binaries/Win64/UE4Editor-ImgMedia.dll (API version 3944462).
LogModuleManager: Display: Found up-to-date module file ../../../Engine/Plugins/Media/ImgMedia/Binaries/Win64/UE4Editor-ImgMediaEditor.dll (API version 3944462).
LogModuleManager: Display: Found up-to-date module file ../../../Engine/Plugins/Media/ImgMedia/Binaries/Win64/UE4Editor-ImgMediaFactory.dll (API version 3944462).
LogModuleManager: Display: Found up-to-date module file ../../../Engine/Plugins/Media/ImgMedia/Binaries/Win64/UE4Editor-ImgMediaFactory.dll (API version 3944462).
LogModuleManager: Display: Found up-to-date module file ../../../Engine/Plugins/Media/ImgMedia/Binaries/Win64/UE4Editor-OpenExrWrapper.dll (API version 3944462).
LogModuleManager: Display: Found up-to-date module file ../../../Engine/Plugins/Media/LinearTimecode/Binaries/Win64/UE4Editor-LinearTimecode.dll (API version 3944462).
LogModuleManager: Display: Found up-to-date module file ../../../Engine/Plugins/Media/MediaCompositing/Binaries/Win64/UE4Editor-MediaCompositing.dll (API version 3944462).
LogModuleManager: Display: Found up-to-date module file ../../../Engine/Plugins/Media/MediaCompositing/Binaries/Win64/UE4Editor-MediaCompositingEditor.dll (API version 3944462).
LogModuleManager: Display: Found up-to-date module file ../../../Engine/Plugins/Media/MediaPlayerEditor/Binaries/Win64/UE4Editor-MediaPlayerEditor.dll (API version 3944462).
LogModuleManager: Display: Found up-to-date module file ../../../Engine/Plugins/Media/WmfMedia/Binaries/Win64/UE4Editor-WmfMedia.dll (API version 3944462).
LogModuleManager: Display: Found up-to-date module file ../../../Engine/Plugins/Media/WmfMedia/Binaries/Win64/UE4Editor-WmfMediaEditor.dll (API version 3944462).
LogModuleManager: Display: Found up-to-date module file ../../../Engine/Plugins/Media/WmfMedia/Binaries/Win64/UE4Editor-WmfMediaFactory.dll (API version 3944462).
LogModuleManager: Display: Found up-to-date module file ../../../Engine/Plugins/Media/WmfMedia/Binaries/Win64/UE4Editor-WmfMediaFactory.dll (API version 3944462).
LogModuleManager: Display: Found up-to-date module file ../../../Engine/Plugins/Messaging/TcpMessaging/Binaries/Win64/UE4Editor-TcpMessaging.dll (API version 3944462).
LogModuleManager: Display: Found up-to-date module file ../../../Engine/Plugins/Messaging/UdpMessaging/Binaries/Win64/UE4Editor-UdpMessaging.dll (API version 3944462).
LogModuleManager: Display: Found up-to-date module file ../../../Engine/Plugins/MovieScene/ActorSequence/Binaries/Win64/UE4Editor-ActorSequence.dll (API version 3944462).
LogModuleManager: Display: Found up-to-date module file ../../../Engine/Plugins/MovieScene/LevelSequenceEditor/Binaries/Win64/UE4Editor-LevelSequenceEditor.dll (API version 3944462).
LogModuleManager: Display: Found up-to-date module file ../../../Engine/Plugins/MovieScene/MatineeToLevelSequence/Binaries/Win64/UE4Editor-MatineeToLevelSequence.dll (API version 3944462).
LogModuleManager: Display: Found up-to-date module file ../../../Engine/Plugins/NetcodeUnitTest/NetcodeUnitTest/Binaries/Win64/UE4Editor-NetcodeUnitTest.dll (API version 3944462).
LogModuleManager: Display: Found up-to-date module file ../../../Engine/Plugins/NetcodeUnitTest/NUTUnrealEngine4/Binaries/Win64/UE4Editor-NUTUnrealEngine4.dll (API version 3944462).
LogModuleManager: Display: Found up-to-date module file ../../../Engine/Plugins/Online/OnlineSubsystem/Binaries/Win64/UE4Editor-OnlineSubsystem.dll (API version 3944462).
LogModuleManager: Display: Found up-to-date module file ../../../Engine/Plugins/Online/OnlineSubsystemNull/Binaries/Win64/UE4Editor-OnlineSubsystemNull.dll (API version 3944462).
LogModuleManager: Display: Found up-to-date module file ../../../Engine/Plugins/Online/OnlineSubsystemUtils/Binaries/Win64/UE4Editor-OnlineSubsystemUtils.dll (API version 3944462).
LogModuleManager: Display: Found up-to-date module file ../../../Engine/Plugins/Online/OnlineSubsystemUtils/Binaries/Win64/UE4Editor-OnlineBlueprintSupport.dll (API version 3944462).
LogModuleManager: Display: Found up-to-date module file ../../../Engine/Plugins/Runtime/AndroidDeviceProfileSelector/Binaries/Win64/UE4Editor-AndroidDeviceProfileSelector.dll (API version 3944462).
LogModuleManager: Display: Found up-to-date module file ../../../Engine/Plugins/Runtime/AndroidPermission/Binaries/Win64/UE4Editor-AndroidPermission.dll (API version 3944462).
LogModuleManager: Display: Found up-to-date module file ../../../Engine/Plugins/Runtime/AppleARKit/Binaries/Win64/UE4Editor-AppleARKit.dll (API version 3944462).
LogModuleManager: Display: Found up-to-date module file ../../../Engine/Plugins/Runtime/ArchVisCharacter/Binaries/Win64/UE4Editor-ArchVisCharacter.dll (API version 3944462).
LogModuleManager: Display: Found up-to-date module file ../../../Engine/Plugins/Runtime/AudioCapture/Binaries/Win64/UE4Editor-AudioCapture.dll (API version 3944462).
LogModuleManager: Display: Found up-to-date module file ../../../Engine/Plugins/Runtime/AudioCapture/Binaries/Win64/UE4Editor-AudioCaptureEditor.dll (API version 3944462).
LogModuleManager: Display: Found up-to-date module file ../../../Engine/Plugins/Runtime/CableComponent/Binaries/Win64/UE4Editor-CableComponent.dll (API version 3944462).
LogModuleManager: Display: Found up-to-date module file ../../../Engine/Plugins/Runtime/CustomMeshComponent/Binaries/Win64/UE4Editor-CustomMeshComponent.dll (API version 3944462).
LogModuleManager: Display: Found up-to-date module file ../../../Engine/Plugins/Runtime/ExampleDeviceProfileSelector/Binaries/Win64/UE4Editor-ExampleDeviceProfileSelector.dll (API version 3944462).
LogModuleManager: Display: Found up-to-date module file ../../../Engine/Plugins/Runtime/ImmediatePhysics/Binaries/Win64/UE4Editor-ImmediatePhysics.dll (API version 3944462).
LogModuleManager: Display: Found up-to-date module file ../../../Engine/Plugins/Runtime/ImmediatePhysics/Binaries/Win64/UE4Editor-ImmediatePhysicsEditor.dll (API version 3944462).
LogModuleManager: Display: Found up-to-date module file ../../../Engine/Plugins/Runtime/LocationServicesBPLibrary/Binaries/Win64/UE4Editor-LocationServicesBPLibrary.dll (API version 3944462).
LogModuleManager: Display: Found up-to-date module file ../../../Engine/Plugins/Runtime/MobilePatchingUtils/Binaries/Win64/UE4Editor-MobilePatchingUtils.dll (API version 3944462).
LogModuleManager: Display: Found up-to-date module file ../../../Engine/Plugins/Runtime/Oculus/OculusVR/Binaries/Win64/UE4Editor-OculusHMD.dll (API version 3944462).
LogModuleManager: Display: Found up-to-date module file ../../../Engine/Plugins/Runtime/Oculus/OculusVR/Binaries/Win64/UE4Editor-OculusInput.dll (API version 3944462).
LogModuleManager: Display: Found up-to-date module file ../../../Engine/Plugins/Runtime/Oculus/OculusVR/Binaries/Win64/UE4Editor-OculusEditor.dll (API version 3944462).
LogModuleManager: Display: Found up-to-date module file ../../../Engine/Plugins/Runtime/PhysXVehicles/Binaries/Win64/UE4Editor-PhysXVehicles.dll (API version 3944462).
LogModuleManager: Display: Found up-to-date module file ../../../Engine/Plugins/Runtime/PhysXVehicles/Binaries/Win64/UE4Editor-PhysXVehiclesEditor.dll (API version 3944462).
LogModuleManager: Display: Found up-to-date module file ../../../Engine/Plugins/Runtime/ProceduralMeshComponent/Binaries/Win64/UE4Editor-ProceduralMeshComponent.dll (API version 3944462).
LogModuleManager: Display: Found up-to-date module file ../../../Engine/Plugins/Runtime/ProceduralMeshComponent/Binaries/Win64/UE4Editor-ProceduralMeshComponentEditor.dll (API version 3944462).
LogModuleManager: Display: Found up-to-date module file ../../../Engine/Plugins/Runtime/RuntimePhysXCooking/Binaries/Win64/UE4Editor-RuntimePhysXCooking.dll (API version 3944462).
LogModuleManager: Display: Found up-to-date module file ../../../Engine/Plugins/Runtime/Steam/SteamVR/Binaries/Win64/UE4Editor-SteamVR.dll (API version 3944462).
LogModuleManager: Display: Found up-to-date module file ../../../Engine/Plugins/Runtime/Steam/SteamVR/Binaries/Win64/UE4Editor-SteamVRController.dll (API version 3944462).
LogModuleManager: Display: Found up-to-date module file ../../../Engine/Plugins/Runtime/WindowsMoviePlayer/Binaries/Win64/UE4Editor-WindowsMoviePlayer.dll (API version 3944462).
LogInit: Warning: Still incompatible or missing module: UE4Editor-Ryzen.dll
LogExit: Preparing to exit.
LogModuleManager: Shutting down and abandoning module DesktopPlatform (38)
LogModuleManager: Shutting down and abandoning module AnimationModifiers (36)
LogModuleManager: Shutting down and abandoning module PropertyEditor (35)
LogModuleManager: Shutting down and abandoning module AudioEditor (32)
LogModuleManager: Shutting down and abandoning module TextureCompressor (30)
LogModuleManager: Shutting down and abandoning module ShaderCore (28)
LogModuleManager: Shutting down and abandoning module Landscape (26)
LogModuleManager: Shutting down and abandoning module SlateRHIRenderer (24)
LogModuleManager: Shutting down and abandoning module OpenGLDrv (22)
LogModuleManager: Shutting down and abandoning module D3D11RHI (20)
LogModuleManager: Shutting down and abandoning module AnimGraphRuntime (18)
LogModuleManager: Shutting down and abandoning module Renderer (16)
LogModuleManager: Shutting down and abandoning module Engine (14)
LogModuleManager: Shutting down and abandoning module CoreUObject (12)
LogModuleManager: Shutting down and abandoning module NetworkFile (10)
LogModuleManager: Shutting down and abandoning module CookedIterativeFile (8)
LogModuleManager: Shutting down and abandoning module StreamingFile (6)
LogModuleManager: Shutting down and abandoning module SandboxFile (4)
LogModuleManager: Shutting down and abandoning module PakFile (2)
LogExit: Exiting.
Log file closed, 05/04/18 04:05:28
