Log file open, 09/16/18 20:46:52
LogWindows: Failed to load 'aqProf.dll' (GetLastError=126)
LogWindows: File 'aqProf.dll' does not exist
LogWindows: Failed to load 'VtuneApi.dll' (GetLastError=126)
LogWindows: File 'VtuneApi.dll' does not exist
LogWindows: Failed to load 'VtuneApi32e.dll' (GetLastError=126)
LogWindows: File 'VtuneApi32e.dll' does not exist
LogInit: Display: Running engine for game: FPS_Game
LogPlatformFile: Not using cached read wrapper
LogInit: Display: RandInit(2046746669) SRandInit(2046746670).
LogInit: Read version file with build ID '3944462'
LogInit: Overriding engine version to CL 4033788, compatible CL 3944462
LogInit: Registered custom module enumerator with build ID '3944462'
LogTaskGraph: Started task graph with 5 named threads and 23 total threads with 3 sets of task threads.
LogStats: Stats thread started at 0.339433
LogD3D11RHI: Aftermath initialized
LogICUInternationalization: Display: ICU TimeZone Detection - Raw Offset: +9:00, Platform Override: ''
LogPluginManager: Mounting plugin Paper2D
LogPluginManager: Mounting plugin LiveLink
LogPluginManager: Mounting plugin LightPropagationVolume
LogPluginManager: Mounting plugin CLionSourceCodeAccess
LogPluginManager: Mounting plugin CodeLiteSourceCodeAccess
LogPluginManager: Mounting plugin GitSourceControl
LogPluginManager: Mounting plugin KDevelopSourceCodeAccess
LogPluginManager: Mounting plugin NullSourceCodeAccess
LogPluginManager: Mounting plugin PerforceSourceControl
LogPluginManager: Mounting plugin SubversionSourceControl
LogPluginManager: Mounting plugin UObjectPlugin
LogPluginManager: Mounting plugin VisualStudioCodeSourceCodeAccess
LogPluginManager: Mounting plugin VisualStudioSourceCodeAccess
LogPluginManager: Mounting plugin XCodeSourceCodeAccess
LogPluginManager: Mounting plugin AssetManagerEditor
LogPluginManager: Mounting plugin CryptoKeys
LogPluginManager: Mounting plugin DataValidation
LogPluginManager: Mounting plugin FacialAnimation
LogPluginManager: Mounting plugin GameplayTagsEditor
LogPluginManager: Mounting plugin MobileLauncherProfileWizard
LogPluginManager: Mounting plugin PluginBrowser
LogPluginManager: Mounting plugin SpeedTreeImporter
LogPluginManager: Mounting plugin DatasmithContent
LogPluginManager: Mounting plugin AlembicImporter
LogPluginManager: Mounting plugin CharacterAI
LogPluginManager: Mounting plugin HTML5Networking
LogPluginManager: Mounting plugin AndroidMedia
LogPluginManager: Mounting plugin AvfMedia
LogPluginManager: Mounting plugin ImgMedia
LogPluginManager: Mounting plugin LinearTimecode
LogPluginManager: Mounting plugin MediaCompositing
LogPluginManager: Mounting plugin MediaPlayerEditor
LogPluginManager: Mounting plugin WmfMedia
LogPluginManager: Mounting plugin TcpMessaging
LogPluginManager: Mounting plugin UdpMessaging
LogPluginManager: Mounting plugin ActorSequence
LogPluginManager: Mounting plugin LevelSequenceEditor
LogPluginManager: Mounting plugin MatineeToLevelSequence
LogPluginManager: Mounting plugin NetcodeUnitTest
LogPluginManager: Mounting plugin NUTUnrealEngine4
LogPluginManager: Mounting plugin OnlineSubsystemGooglePlay
LogPluginManager: Mounting plugin OnlineSubsystemIOS
LogPluginManager: Mounting plugin OnlineSubsystem
LogPluginManager: Mounting plugin OnlineSubsystemNull
LogPluginManager: Mounting plugin OnlineSubsystemUtils
LogPluginManager: Mounting plugin AndroidDeviceProfileSelector
LogPluginManager: Mounting plugin AndroidMoviePlayer
LogPluginManager: Mounting plugin AndroidPermission
LogPluginManager: Mounting plugin AppleARKit
LogPluginManager: Mounting plugin AppleMoviePlayer
LogPluginManager: Mounting plugin ArchVisCharacter
LogPluginManager: Mounting plugin AudioCapture
LogPluginManager: Mounting plugin CableComponent
LogPluginManager: Mounting plugin CustomMeshComponent
LogPluginManager: Mounting plugin ExampleDeviceProfileSelector
LogPluginManager: Mounting plugin GoogleCloudMessaging
LogPluginManager: Mounting plugin ImmediatePhysics
LogPluginManager: Mounting plugin IOSDeviceProfileSelector
LogPluginManager: Mounting plugin LinuxDeviceProfileSelector
LogPluginManager: Mounting plugin LocationServicesBPLibrary
LogPluginManager: Mounting plugin MobilePatchingUtils
LogPluginManager: Mounting plugin OculusVR
LogPluginManager: Plugin shader directory ../../../Engine/Plugins/Runtime/Oculus/OculusVR/Shaders found
LogPluginManager: Mapping shader source directory ../../../Engine/Plugins/Runtime/Oculus/OculusVR/Shaders to virtual directory /Plugin/OculusVR
LogPluginManager: Mounting plugin PhysXVehicles
LogPluginManager: Mounting plugin ProceduralMeshComponent
LogPluginManager: Mounting plugin RuntimePhysXCooking
LogPluginManager: Mounting plugin SteamVR
LogPluginManager: Mounting plugin WindowsMoviePlayer
LogStreaming: Display: Took  0.141s to configure plugins.
LogModuleManager: Display: Found up-to-date module file ../../../../../../FPS_Game/Binaries/Win64/UE4Editor-FPS_Game.dll (API version 3944462).
LogModuleManager: Display: Found up-to-date module file ../../../Engine/Plugins/2D/Paper2D/Binaries/Win64/UE4Editor-Paper2D.dll (API version 3944462).
LogModuleManager: Display: Found up-to-date module file ../../../Engine/Plugins/2D/Paper2D/Binaries/Win64/UE4Editor-Paper2DEditor.dll (API version 3944462).
LogModuleManager: Display: Found up-to-date module file ../../../Engine/Plugins/2D/Paper2D/Binaries/Win64/UE4Editor-PaperSpriteSheetImporter.dll (API version 3944462).
LogModuleManager: Display: Found up-to-date module file ../../../Engine/Plugins/2D/Paper2D/Binaries/Win64/UE4Editor-PaperTiledImporter.dll (API version 3944462).
LogModuleManager: Display: Found up-to-date module file ../../../Engine/Plugins/2D/Paper2D/Binaries/Win64/UE4Editor-SmartSnapping.dll (API version 3944462).
LogModuleManager: Display: Found up-to-date module file ../../../Engine/Plugins/Animation/LiveLink/Binaries/Win64/UE4Editor-LiveLink.dll (API version 3944462).
LogModuleManager: Display: Found up-to-date module file ../../../Engine/Plugins/Animation/LiveLink/Binaries/Win64/UE4Editor-LiveLinkEditor.dll (API version 3944462).
LogModuleManager: Display: Found up-to-date module file ../../../Engine/Plugins/Blendables/LightPropagationVolume/Binaries/Win64/UE4Editor-LightPropagationVolumeRuntime.dll (API version 3944462).
LogModuleManager: Display: Found up-to-date module file ../../../Engine/Plugins/Blendables/LightPropagationVolume/Binaries/Win64/UE4Editor-LightPropagationVolumeEditor.dll (API version 3944462).
LogModuleManager: Display: Found up-to-date module file ../../../Engine/Plugins/Developer/CLionSourceCodeAccess/Binaries/Win64/UE4Editor-CLionSourceCodeAccess.dll (API version 3944462).
LogModuleManager: Display: Found up-to-date module file ../../../Engine/Plugins/Developer/GitSourceControl/Binaries/Win64/UE4Editor-GitSourceControl.dll (API version 3944462).
LogModuleManager: Display: Found up-to-date module file ../../../Engine/Plugins/Developer/PerforceSourceControl/Binaries/Win64/UE4Editor-PerforceSourceControl.dll (API version 3944462).
LogModuleManager: Display: Found up-to-date module file ../../../Engine/Plugins/Developer/SubversionSourceControl/Binaries/Win64/UE4Editor-SubversionSourceControl.dll (API version 3944462).
LogModuleManager: Display: Found up-to-date module file ../../../Engine/Plugins/Developer/UObjectPlugin/Binaries/Win64/UE4Editor-UObjectPlugin.dll (API version 3944462).
LogModuleManager: Display: Found up-to-date module file ../../../Engine/Plugins/Developer/VisualStudioCodeSourceCodeAccess/Binaries/Win64/UE4Editor-VisualStudioCodeSourceCodeAccess.dll (API version 3944462).
LogModuleManager: Display: Found up-to-date module file ../../../Engine/Plugins/Developer/VisualStudioSourceCodeAccess/Binaries/Win64/UE4Editor-VisualStudioSourceCodeAccess.dll (API version 3944462).
LogModuleManager: Display: Found up-to-date module file ../../../Engine/Plugins/Editor/AssetManagerEditor/Binaries/Win64/UE4Editor-AssetManagerEditor.dll (API version 3944462).
LogModuleManager: Display: Found up-to-date module file ../../../Engine/Plugins/Editor/CryptoKeys/Binaries/Win64/UE4Editor-CryptoKeys.dll (API version 3944462).
LogModuleManager: Display: Found up-to-date module file ../../../Engine/Plugins/Editor/CryptoKeys/Binaries/Win64/UE4Editor-CryptoKeysOpenSSL.dll (API version 3944462).
LogModuleManager: Display: Found up-to-date module file ../../../Engine/Plugins/Editor/DataValidation/Binaries/Win64/UE4Editor-DataValidation.dll (API version 3944462).
LogModuleManager: Display: Found up-to-date module file ../../../Engine/Plugins/Editor/FacialAnimation/Binaries/Win64/UE4Editor-FacialAnimation.dll (API version 3944462).
LogModuleManager: Display: Found up-to-date module file ../../../Engine/Plugins/Editor/FacialAnimation/Binaries/Win64/UE4Editor-FacialAnimationEditor.dll (API version 3944462).
LogModuleManager: Display: Found up-to-date module file ../../../Engine/Plugins/Editor/GameplayTagsEditor/Binaries/Win64/UE4Editor-GameplayTagsEditor.dll (API version 3944462).
LogModuleManager: Display: Found up-to-date module file ../../../Engine/Plugins/Editor/MobileLauncherProfileWizard/Binaries/Win64/UE4Editor-MobileLauncherProfileWizard.dll (API version 3944462).
LogModuleManager: Display: Found up-to-date module file ../../../Engine/Plugins/Editor/PluginBrowser/Binaries/Win64/UE4Editor-PluginBrowser.dll (API version 3944462).
LogModuleManager: Display: Found up-to-date module file ../../../Engine/Plugins/Editor/SpeedTreeImporter/Binaries/Win64/UE4Editor-SpeedTreeImporter.dll (API version 3944462).
LogModuleManager: Display: Found up-to-date module file ../../../Engine/Plugins/Enterprise/DatasmithContent/Binaries/Win64/UE4Editor-DatasmithContent.dll (API version 3944462).
LogModuleManager: Display: Found up-to-date module file ../../../Engine/Plugins/Experimental/AlembicImporter/Binaries/Win64/UE4Editor-AlembicImporter.dll (API version 3944462).
LogModuleManager: Display: Found up-to-date module file ../../../Engine/Plugins/Experimental/AlembicImporter/Binaries/Win64/UE4Editor-AlembicLibrary.dll (API version 3944462).
LogModuleManager: Display: Found up-to-date module file ../../../Engine/Plugins/Experimental/CharacterAI/Binaries/Win64/UE4Editor-CharacterAI.dll (API version 3944462).
LogModuleManager: Display: Found up-to-date module file ../../../Engine/Plugins/Experimental/HTML5Networking/Binaries/Win64/UE4Editor-HTML5Networking.dll (API version 3944462).
LogModuleManager: Display: Found up-to-date module file ../../../Engine/Plugins/Media/AndroidMedia/Binaries/Win64/UE4Editor-AndroidMediaEditor.dll (API version 3944462).
LogModuleManager: Display: Found up-to-date module file ../../../Engine/Plugins/Media/AndroidMedia/Binaries/Win64/UE4Editor-AndroidMediaFactory.dll (API version 3944462).
LogModuleManager: Display: Found up-to-date module file ../../../Engine/Plugins/Media/AvfMedia/Binaries/Win64/UE4Editor-AvfMediaEditor.dll (API version 3944462).
LogModuleManager: Display: Found up-to-date module file ../../../Engine/Plugins/Media/AvfMedia/Binaries/Win64/UE4Editor-AvfMediaFactory.dll (API version 3944462).
LogModuleManager: Display: Found up-to-date module file ../../../Engine/Plugins/Media/AvfMedia/Binaries/Win64/UE4Editor-AvfMediaFactory.dll (API version 3944462).
LogModuleManager: Display: Found up-to-date module file ../../../Engine/Plugins/Media/ImgMedia/Binaries/Win64/UE4Editor-ImgMedia.dll (API version 3944462).
LogModuleManager: Display: Found up-to-date module file ../../../Engine/Plugins/Media/ImgMedia/Binaries/Win64/UE4Editor-ImgMediaEditor.dll (API version 3944462).
LogModuleManager: Display: Found up-to-date module file ../../../Engine/Plugins/Media/ImgMedia/Binaries/Win64/UE4Editor-ImgMediaFactory.dll (API version 3944462).
LogModuleManager: Display: Found up-to-date module file ../../../Engine/Plugins/Media/ImgMedia/Binaries/Win64/UE4Editor-ImgMediaFactory.dll (API version 3944462).
LogModuleManager: Display: Found up-to-date module file ../../../Engine/Plugins/Media/ImgMedia/Binaries/Win64/UE4Editor-OpenExrWrapper.dll (API version 3944462).
LogModuleManager: Display: Found up-to-date module file ../../../Engine/Plugins/Media/LinearTimecode/Binaries/Win64/UE4Editor-LinearTimecode.dll (API version 3944462).
LogModuleManager: Display: Found up-to-date module file ../../../Engine/Plugins/Media/MediaCompositing/Binaries/Win64/UE4Editor-MediaCompositing.dll (API version 3944462).
LogModuleManager: Display: Found up-to-date module file ../../../Engine/Plugins/Media/MediaCompositing/Binaries/Win64/UE4Editor-MediaCompositingEditor.dll (API version 3944462).
LogModuleManager: Display: Found up-to-date module file ../../../Engine/Plugins/Media/MediaPlayerEditor/Binaries/Win64/UE4Editor-MediaPlayerEditor.dll (API version 3944462).
LogModuleManager: Display: Found up-to-date module file ../../../Engine/Plugins/Media/WmfMedia/Binaries/Win64/UE4Editor-WmfMedia.dll (API version 3944462).
LogModuleManager: Display: Found up-to-date module file ../../../Engine/Plugins/Media/WmfMedia/Binaries/Win64/UE4Editor-WmfMediaEditor.dll (API version 3944462).
LogModuleManager: Display: Found up-to-date module file ../../../Engine/Plugins/Media/WmfMedia/Binaries/Win64/UE4Editor-WmfMediaFactory.dll (API version 3944462).
LogModuleManager: Display: Found up-to-date module file ../../../Engine/Plugins/Media/WmfMedia/Binaries/Win64/UE4Editor-WmfMediaFactory.dll (API version 3944462).
LogModuleManager: Display: Found up-to-date module file ../../../Engine/Plugins/Messaging/TcpMessaging/Binaries/Win64/UE4Editor-TcpMessaging.dll (API version 3944462).
LogModuleManager: Display: Found up-to-date module file ../../../Engine/Plugins/Messaging/UdpMessaging/Binaries/Win64/UE4Editor-UdpMessaging.dll (API version 3944462).
LogModuleManager: Display: Found up-to-date module file ../../../Engine/Plugins/MovieScene/ActorSequence/Binaries/Win64/UE4Editor-ActorSequence.dll (API version 3944462).
LogModuleManager: Display: Found up-to-date module file ../../../Engine/Plugins/MovieScene/LevelSequenceEditor/Binaries/Win64/UE4Editor-LevelSequenceEditor.dll (API version 3944462).
LogModuleManager: Display: Found up-to-date module file ../../../Engine/Plugins/MovieScene/MatineeToLevelSequence/Binaries/Win64/UE4Editor-MatineeToLevelSequence.dll (API version 3944462).
LogModuleManager: Display: Found up-to-date module file ../../../Engine/Plugins/NetcodeUnitTest/NetcodeUnitTest/Binaries/Win64/UE4Editor-NetcodeUnitTest.dll (API version 3944462).
LogModuleManager: Display: Found up-to-date module file ../../../Engine/Plugins/NetcodeUnitTest/NUTUnrealEngine4/Binaries/Win64/UE4Editor-NUTUnrealEngine4.dll (API version 3944462).
LogModuleManager: Display: Found up-to-date module file ../../../Engine/Plugins/Online/OnlineSubsystem/Binaries/Win64/UE4Editor-OnlineSubsystem.dll (API version 3944462).
LogModuleManager: Display: Found up-to-date module file ../../../Engine/Plugins/Online/OnlineSubsystemNull/Binaries/Win64/UE4Editor-OnlineSubsystemNull.dll (API version 3944462).
LogModuleManager: Display: Found up-to-date module file ../../../Engine/Plugins/Online/OnlineSubsystemUtils/Binaries/Win64/UE4Editor-OnlineSubsystemUtils.dll (API version 3944462).
LogModuleManager: Display: Found up-to-date module file ../../../Engine/Plugins/Online/OnlineSubsystemUtils/Binaries/Win64/UE4Editor-OnlineBlueprintSupport.dll (API version 3944462).
LogModuleManager: Display: Found up-to-date module file ../../../Engine/Plugins/Runtime/AndroidDeviceProfileSelector/Binaries/Win64/UE4Editor-AndroidDeviceProfileSelector.dll (API version 3944462).
LogModuleManager: Display: Found up-to-date module file ../../../Engine/Plugins/Runtime/AndroidPermission/Binaries/Win64/UE4Editor-AndroidPermission.dll (API version 3944462).
LogModuleManager: Display: Found up-to-date module file ../../../Engine/Plugins/Runtime/AppleARKit/Binaries/Win64/UE4Editor-AppleARKit.dll (API version 3944462).
LogModuleManager: Display: Found up-to-date module file ../../../Engine/Plugins/Runtime/ArchVisCharacter/Binaries/Win64/UE4Editor-ArchVisCharacter.dll (API version 3944462).
LogModuleManager: Display: Found up-to-date module file ../../../Engine/Plugins/Runtime/AudioCapture/Binaries/Win64/UE4Editor-AudioCapture.dll (API version 3944462).
LogModuleManager: Display: Found up-to-date module file ../../../Engine/Plugins/Runtime/AudioCapture/Binaries/Win64/UE4Editor-AudioCaptureEditor.dll (API version 3944462).
LogModuleManager: Display: Found up-to-date module file ../../../Engine/Plugins/Runtime/CableComponent/Binaries/Win64/UE4Editor-CableComponent.dll (API version 3944462).
LogModuleManager: Display: Found up-to-date module file ../../../Engine/Plugins/Runtime/CustomMeshComponent/Binaries/Win64/UE4Editor-CustomMeshComponent.dll (API version 3944462).
LogModuleManager: Display: Found up-to-date module file ../../../Engine/Plugins/Runtime/ExampleDeviceProfileSelector/Binaries/Win64/UE4Editor-ExampleDeviceProfileSelector.dll (API version 3944462).
LogModuleManager: Display: Found up-to-date module file ../../../Engine/Plugins/Runtime/ImmediatePhysics/Binaries/Win64/UE4Editor-ImmediatePhysics.dll (API version 3944462).
LogModuleManager: Display: Found up-to-date module file ../../../Engine/Plugins/Runtime/ImmediatePhysics/Binaries/Win64/UE4Editor-ImmediatePhysicsEditor.dll (API version 3944462).
LogModuleManager: Display: Found up-to-date module file ../../../Engine/Plugins/Runtime/LocationServicesBPLibrary/Binaries/Win64/UE4Editor-LocationServicesBPLibrary.dll (API version 3944462).
LogModuleManager: Display: Found up-to-date module file ../../../Engine/Plugins/Runtime/MobilePatchingUtils/Binaries/Win64/UE4Editor-MobilePatchingUtils.dll (API version 3944462).
LogModuleManager: Display: Found up-to-date module file ../../../Engine/Plugins/Runtime/Oculus/OculusVR/Binaries/Win64/UE4Editor-OculusHMD.dll (API version 3944462).
LogModuleManager: Display: Found up-to-date module file ../../../Engine/Plugins/Runtime/Oculus/OculusVR/Binaries/Win64/UE4Editor-OculusInput.dll (API version 3944462).
LogModuleManager: Display: Found up-to-date module file ../../../Engine/Plugins/Runtime/Oculus/OculusVR/Binaries/Win64/UE4Editor-OculusEditor.dll (API version 3944462).
LogModuleManager: Display: Found up-to-date module file ../../../Engine/Plugins/Runtime/PhysXVehicles/Binaries/Win64/UE4Editor-PhysXVehicles.dll (API version 3944462).
LogModuleManager: Display: Found up-to-date module file ../../../Engine/Plugins/Runtime/PhysXVehicles/Binaries/Win64/UE4Editor-PhysXVehiclesEditor.dll (API version 3944462).
LogModuleManager: Display: Found up-to-date module file ../../../Engine/Plugins/Runtime/ProceduralMeshComponent/Binaries/Win64/UE4Editor-ProceduralMeshComponent.dll (API version 3944462).
LogModuleManager: Display: Found up-to-date module file ../../../Engine/Plugins/Runtime/ProceduralMeshComponent/Binaries/Win64/UE4Editor-ProceduralMeshComponentEditor.dll (API version 3944462).
LogModuleManager: Display: Found up-to-date module file ../../../Engine/Plugins/Runtime/RuntimePhysXCooking/Binaries/Win64/UE4Editor-RuntimePhysXCooking.dll (API version 3944462).
LogModuleManager: Display: Found up-to-date module file ../../../Engine/Plugins/Runtime/Steam/SteamVR/Binaries/Win64/UE4Editor-SteamVR.dll (API version 3944462).
LogModuleManager: Display: Found up-to-date module file ../../../Engine/Plugins/Runtime/Steam/SteamVR/Binaries/Win64/UE4Editor-SteamVRController.dll (API version 3944462).
LogModuleManager: Display: Found up-to-date module file ../../../Engine/Plugins/Runtime/WindowsMoviePlayer/Binaries/Win64/UE4Editor-WindowsMoviePlayer.dll (API version 3944462).
LogInit: Using libcurl 7.47.1
LogInit:  - built for x86_64-pc-win32
LogInit:  - supports SSL with OpenSSL/1.0.2g
LogInit:  - supports HTTP deflate (compression) using libz 1.2.8
LogInit:  - other features:
LogInit:      CURL_VERSION_SSL
LogInit:      CURL_VERSION_LIBZ
LogInit:      CURL_VERSION_IPV6
LogInit:      CURL_VERSION_ASYNCHDNS
LogInit:      CURL_VERSION_LARGEFILE
LogInit:      CURL_VERSION_IDN
LogInit:  CurlRequestOptions (configurable via config and command line):
LogInit:  - bVerifyPeer = false  - Libcurl will NOT verify peer certificate
LogInit:  - bUseHttpProxy = false  - Libcurl will NOT use HTTP proxy
LogInit:  - bDontReuseConnections = false  - Libcurl will reuse connections
LogInit:  - CertBundlePath = nullptr  - Libcurl will use whatever was configured at build time.
LogInit:  - MaxHostConnections = 16  - Libcurl will limit the number of connections to a host
LogInit:  - LocalHostAddr = Default
LogInit: WinSock: version 1.1 (2.2), MaxSocks=32767, MaxUdp=65467
LogInit: WinSock: I am DESKTOP-5A88OB5 (192.168.10.101:0)
LogInit: Build: ++UE4+Release-4.19-CL-4033788
LogInit: Engine Version: 4.19.2-4033788+++UE4+Release-4.19
LogInit: Compatible Engine Version: 4.19.0-3944462+++UE4+Release-4.19
LogInit: Net CL: 3944462
LogDevObjectVersion: Number of dev versions registered: 18
LogDevObjectVersion:   Dev-Blueprints (B0D832E4-1F89-4F0D-ACCF-7EB736FD4AA2): 10
LogDevObjectVersion:   Dev-Build (E1C64328-A22C-4D53-A36C-8E866417BD8C): 0
LogDevObjectVersion:   Dev-Core (375EC13C-06E4-48FB-B500-84F0262A717E): 2
LogDevObjectVersion:   Dev-Editor (E4B068ED-F494-42E9-A231-DA0B2E46BB41): 23
LogDevObjectVersion:   Dev-Framework (CFFC743F-43B0-4480-9391-14DF171D2073): 33
LogDevObjectVersion:   Dev-Mobile (B02B49B5-BB20-44E9-A304-32B752E40360): 2
LogDevObjectVersion:   Dev-Networking (A4E4105C-59A1-49B5-A7C5-40C4547EDFEE): 0
LogDevObjectVersion:   Dev-Online (39C831C9-5AE6-47DC-9A44-9C173E1C8E7C): 0
LogDevObjectVersion:   Dev-Physics (78F01B33-EBEA-4F98-B9B4-84EACCB95AA2): 0
LogDevObjectVersion:   Dev-Platform (6631380F-2D4D-43E0-8009-CF276956A95A): 0
LogDevObjectVersion:   Dev-Rendering (12F88B9F-8875-4AFC-A67C-D90C383ABD29): 25
LogDevObjectVersion:   Dev-Sequencer (7B5AE74C-D270-4C10-A958-57980B212A5A): 6
LogDevObjectVersion:   Dev-VR (D7296918-1DD6-4BDD-9DE2-64A83CC13884): 1
LogDevObjectVersion:   Dev-LoadTimes (C2A15278-BFE7-4AFE-6C17-90FF531DF755): 1
LogDevObjectVersion:   Private-Geometry (6EACA3D4-40EC-4CC1-B786-8BED09428FC5): 2
LogDevObjectVersion:   Dev-AnimPhys (29E575DD-E0A3-4627-9D10-D276232CDCEA): 16
LogDevObjectVersion:   Dev-ReflectionCapture (6B266CEC-1EC7-4B8F-A30B-E4D90942FC07): 1
LogDevObjectVersion:   Dev-Automation (0DF73D61-A23F-47EA-B727-89E90C41499A): 1
LogInit: Compiled (64-bit): Apr 27 2018 02:06:57
LogInit: Compiled with Visual C++: 19.00.24215.01
LogInit: Build Configuration: Development
LogInit: Branch Name: ++UE4+Release-4.19
LogInit: Command Line:  -skipcompile
LogInit: Base Directory: C:/Program Files/Epic Games/UE_4.19/Engine/Binaries/Win64/
LogInit: Installed Engine Build: 1
LogStreaming: Display: Took  0.003s to delete old logs.
LogInit: Presizing for max 8388607 objects, including 0 objects not considered by GC, pre-allocating 0 bytes for permanent pool.
LogInit: Object subsystem initialized
[2018.09.16-11.46.56:697][  0]LogInit: Selected Device Profile: [Windows]
[2018.09.16-11.46.56:697][  0]LogInit: Applying CVar settings loaded from the selected device profile: [Windows]
[2018.09.16-11.46.56:716][  0]LogInit: Computer: DESKTOP-5A88OB5
[2018.09.16-11.46.56:716][  0]LogInit: User: 김재원
[2018.09.16-11.46.56:716][  0]LogInit: CPU Page size=4096, Cores=4
[2018.09.16-11.46.56:716][  0]LogInit: High frequency timer resolution =10.000000 MHz
[2018.09.16-11.46.56:716][  0]LogMemory: Memory total: Physical=8.0GB (8GB approx)
[2018.09.16-11.46.56:716][  0]LogMemory: Platform Memory Stats for Windows
[2018.09.16-11.46.56:716][  0]LogMemory: Process Physical Memory: 274.87 MB used, 274.87 MB peak
[2018.09.16-11.46.56:716][  0]LogMemory: Process Virtual Memory: 264.64 MB used, 264.64 MB peak
[2018.09.16-11.46.56:717][  0]LogMemory: Physical Memory: 4775.32 MB used,  3389.05 MB free, 8164.38 MB total
[2018.09.16-11.46.56:717][  0]LogMemory: Virtual Memory: 4790.51 MB used,  3389.05 MB free, 134217728.00 MB total
[2018.09.16-11.46.56:751][  0]LogInit: Using OS detected language (ko-KR).
[2018.09.16-11.46.56:751][  0]LogInit: Using OS detected locale (ko-KR).
[2018.09.16-11.46.56:756][  0]LogTextLocalizationManager: No specific localization for 'ko-KR' exists, so the 'ko' localization will be used.
[2018.09.16-11.46.57:295][  0]LogStreaming: Display: Took  0.544s to EndInitTextLocalization.
[2018.09.16-11.46.57:295][  0]LogInit: Setting process to per monitor DPI aware
[2018.09.16-11.46.57:348][  0]LogSlate: New Slate User Created.  User Index 0, Is Virtual User: 0
[2018.09.16-11.46.57:349][  0]LogSlate: Slate User Registered.  User Index 0, Is Virtual User: 0
[2018.09.16-11.46.57:698][  0]LogD3D11RHI: D3D11 adapters:
[2018.09.16-11.46.57:813][  0]LogD3D11RHI:    0. 'NVIDIA GeForce GTX 1070' (Feature Level 11_0)
[2018.09.16-11.46.57:814][  0]LogD3D11RHI:       8088/0/4082 MB DedicatedVideo/DedicatedSystem/SharedSystem, Outputs:1, VendorId:0x10de
[2018.09.16-11.46.57:816][  0]LogD3D11RHI:    1. 'Microsoft Basic Render Driver' (Feature Level 11_0)
[2018.09.16-11.46.57:816][  0]LogD3D11RHI:       0/0/4082 MB DedicatedVideo/DedicatedSystem/SharedSystem, Outputs:0, VendorId:0x1414
[2018.09.16-11.46.57:816][  0]LogD3D11RHI: Chosen D3D11 Adapter: 0
[2018.09.16-11.46.57:826][  0]LogD3D11RHI: Creating new Direct3DDevice
[2018.09.16-11.46.57:826][  0]LogD3D11RHI:     GPU DeviceId: 0x1b81 (for the marketing name, search the web for "GPU Device Id")
[2018.09.16-11.46.57:826][  0]LogWindows: EnumDisplayDevices:
[2018.09.16-11.46.57:827][  0]LogWindows:    0. 'NVIDIA GeForce GTX 1070' (P:1 D:1)
[2018.09.16-11.46.57:827][  0]LogWindows:    1. 'NVIDIA GeForce GTX 1070' (P:0 D:0)
[2018.09.16-11.46.57:828][  0]LogWindows:    2. 'NVIDIA GeForce GTX 1070' (P:0 D:0)
[2018.09.16-11.46.57:828][  0]LogWindows:    3. 'NVIDIA GeForce GTX 1070' (P:0 D:0)
[2018.09.16-11.46.57:829][  0]LogWindows: DebugString: GetVideoDriverDetailsInvalid PrimaryIsNotTheChoosenAdapter GetVideoDriverDetailsInvalid PrimaryIsNotTheChoosenAdapter GetVideoDriverDetailsInvalid PrimaryIsNotTheChoosenAdapter GetVideoDriverDetailsInvalid PrimaryIsNotTheChoosenAdapter FoundDriverCount:0 
[2018.09.16-11.46.57:829][  0]LogD3D11RHI:     Adapter Name: NVIDIA GeForce GTX 1070
[2018.09.16-11.46.57:829][  0]LogD3D11RHI:   Driver Version: Unknown (internal:Unknown, unified:Unknown)
[2018.09.16-11.46.57:829][  0]LogD3D11RHI:      Driver Date: Unknown
[2018.09.16-11.46.57:829][  0]LogRHI: Texture pool is 5661 MB (70% of 8088 MB)
[2018.09.16-11.46.57:895][  0]LogD3D11RHI: [Aftermath] Aftermath enabled and primed
[2018.09.16-11.46.57:895][  0]LogD3D11RHI: [Aftermath] Aftermath enabled and primed
[2018.09.16-11.46.57:895][  0]LogD3D11RHI: Async texture creation enabled
[2018.09.16-11.46.57:916][  0]LogD3D11RHI: GPU Timing Frequency: 1000.000000 (Debug: 2 2)
[2018.09.16-11.46.57:962][  0]LogShaderCompilers: Guid format shader working directory is 17 characters bigger than the processId version (../../../../../../FPS_Game/Intermediate/Shaders/WorkingDirectory/11896/).
[2018.09.16-11.46.57:962][  0]LogShaderCompilers: Cleaned the shader compiler working directory 'C:/Users/김재원/AppData/Local/Temp/UnrealShaderWorkingDir/345BEE6D4BECD772609481AB8B9EDAAE/'.
[2018.09.16-11.46.58:318][  0]LogTemp: Display: Loaded TP AllDesktopTargetPlatform
[2018.09.16-11.46.58:343][  0]LogTemp: Display: Loaded TP MacClientTargetPlatform
[2018.09.16-11.46.58:368][  0]LogTemp: Display: Loaded TP MacNoEditorTargetPlatform
[2018.09.16-11.46.58:395][  0]LogTemp: Display: Loaded TP MacServerTargetPlatform
[2018.09.16-11.46.58:422][  0]LogTemp: Display: Loaded TP MacTargetPlatform
[2018.09.16-11.46.58:446][  0]LogTemp: Display: Loaded TP WindowsClientTargetPlatform
[2018.09.16-11.46.58:471][  0]LogTemp: Display: Loaded TP WindowsNoEditorTargetPlatform
[2018.09.16-11.46.58:496][  0]LogTemp: Display: Loaded TP WindowsServerTargetPlatform
[2018.09.16-11.46.58:510][  0]LogTemp: Display: Loaded TP WindowsTargetPlatform
[2018.09.16-11.46.58:530][  0]LogTemp: Display: Loaded TP Android_ASTCTargetPlatform
[2018.09.16-11.46.58:550][  0]LogTemp: Display: Loaded TP Android_ATCTargetPlatform
[2018.09.16-11.46.58:571][  0]LogTemp: Display: Loaded TP Android_DXTTargetPlatform
[2018.09.16-11.46.58:591][  0]LogTemp: Display: Loaded TP Android_ETC1aTargetPlatform
[2018.09.16-11.46.58:611][  0]LogTemp: Display: Loaded TP Android_ETC1TargetPlatform
[2018.09.16-11.46.58:631][  0]LogTemp: Display: Loaded TP Android_ETC2TargetPlatform
[2018.09.16-11.46.58:672][  0]LogTemp: Display: Loaded TP Android_MultiTargetPlatform
[2018.09.16-11.46.58:672][  0]LogTemp: Display: Loaded TP Android_PVRTCTargetPlatform
[2018.09.16-11.46.58:693][  0]LogTemp: Display: Loaded TP AndroidTargetPlatform
[2018.09.16-11.46.58:696][  0]LogTemp: Display: Loaded TP HTML5TargetPlatform
[2018.09.16-11.46.58:746][  0]LogTemp: Display: Loaded TP IOSTargetPlatform
[2018.09.16-11.46.58:766][  0]LogTemp: Display: Loaded TP TVOSTargetPlatform
[2018.09.16-11.46.58:788][  0]LogTemp: Display: Loaded TP LinuxClientTargetPlatform
[2018.09.16-11.46.58:810][  0]LogTemp: Display: Loaded TP LinuxNoEditorTargetPlatform
[2018.09.16-11.46.58:832][  0]LogTemp: Display: Loaded TP LinuxServerTargetPlatform
[2018.09.16-11.46.58:855][  0]LogTemp: Display: Loaded TP LinuxTargetPlatform
[2018.09.16-11.46.58:855][  0]LogTargetPlatformManager: Display: Building Assets For Windows
[2018.09.16-11.46.59:113][  0]LogXGEController: Cannot use XGE Controller as Incredibuild is not installed on this machine.
[2018.09.16-11.46.59:113][  0]LogShaderCompilers: Cannot use XGE Shader Compiler as Incredibuild is not installed on this machine.
[2018.09.16-11.46.59:113][  0]LogShaderCompilers: Display: Using Local Shader Compiler.
[2018.09.16-11.47.00:344][  0]LogDerivedDataCache: Display: Max Cache Size: 512 MB
[2018.09.16-11.47.00:509][  0]LogDerivedDataCache: Loaded boot cache 0.16s 101MB C:/Users/김재원/AppData/Local/UnrealEngine/4.19/DerivedDataCache/Boot.ddc.
[2018.09.16-11.47.00:509][  0]LogDerivedDataCache: Display: Loaded Boot cache: C:/Users/김재원/AppData/Local/UnrealEngine/4.19/DerivedDataCache/Boot.ddc
[2018.09.16-11.47.00:509][  0]LogDerivedDataCache: FDerivedDataBackendGraph:  Pak pak cache file ../../../../../../FPS_Game/DerivedDataCache/DDC.ddp not found, will not use a pak cache.
[2018.09.16-11.47.00:510][  0]LogDerivedDataCache: Unable to find inner node Pak for hierarchical cache Hierarchy.
[2018.09.16-11.47.00:510][  0]LogDerivedDataCache: FDerivedDataBackendGraph:  CompressedPak pak cache file ../../../../../../FPS_Game/DerivedDataCache/Compressed.ddp not found, will not use a pak cache.
[2018.09.16-11.47.00:510][  0]LogDerivedDataCache: Unable to find inner node CompressedPak for hierarchical cache Hierarchy.
[2018.09.16-11.47.00:531][  0]LogDerivedDataCache: Display: Pak cache opened for reading ../../../Engine/DerivedDataCache/Compressed.ddp.
[2018.09.16-11.47.00:544][  0]LogDerivedDataCache: Using Local data cache path C:/Users/김재원/AppData/Local/UnrealEngine/Common/DerivedDataCache: Writable
[2018.09.16-11.47.00:544][  0]LogDerivedDataCache: Shared data cache path not found in *engine.ini, will not use an Shared cache.
[2018.09.16-11.47.00:544][  0]LogDerivedDataCache: Unable to find inner node Shared for hierarchical cache Hierarchy.
[2018.09.16-11.47.00:563][  0]LogMaterial: Verifying Global Shaders for PCD3D_SM5
[2018.09.16-11.47.00:563][  0]LogSlate: Using Freetype 2.6.0
[2018.09.16-11.47.00:564][  0]LogSlate: SlateFontCache - WITH_FREETYPE: 1, WITH_HARFBUZZ: 1
[2018.09.16-11.47.00:564][  0]LogSlate: SlateFontCache - WITH_FREETYPE: 1, WITH_HARFBUZZ: 1
[2018.09.16-11.47.00:776][  0]LogAssetRegistry: FAssetRegistry took 0.0300 seconds to start up
[2018.09.16-11.47.01:305][  0]LogInit: Selected Device Profile: [Windows]
[2018.09.16-11.47.01:540][  0]LogSimplygon: Simplygon DLL not present - disabling.
[2018.09.16-11.47.01:547][  0]LogMeshReduction: Using SimplygonSwarm for distributed automatic mesh merging
[2018.09.16-11.47.01:547][  0]LogMeshReduction: Using QuadricMeshReduction for automatic static mesh reduction
[2018.09.16-11.47.01:548][  0]LogMeshReduction: No automatic skeletal mesh reduction module available
[2018.09.16-11.47.01:548][  0]LogMeshReduction: No automatic mesh merging module available
[2018.09.16-11.47.01:548][  0]LogMeshMerging: No automatic mesh merging module available
[2018.09.16-11.47.01:610][  0]LogNetVersion: FPS_Game , NetCL: 3944462, EngineNetVer: 2, GameNetVer: 0 (Checksum: 1628388489)
[2018.09.16-11.47.02:305][  0]LogPackageLocalizationCache: Processed 9 localized package path(s) for 2 prioritized culture(s) in 0.105362 seconds
[2018.09.16-11.47.02:312][  0]LogUObjectArray: 36728 objects as part of root set at end of initial load.
[2018.09.16-11.47.02:312][  0]LogUObjectAllocator: 7314312 out of 0 bytes used by permanent object pool.
[2018.09.16-11.47.02:312][  0]LogUObjectArray: CloseDisregardForGC: 0/0 objects in disregard for GC pool
[2018.09.16-11.47.06:163][  0]LogConfig: Warning: Failed to saved backup for config[InternationalizationExport]
[2018.09.16-11.47.06:708][  0]LogTcpMessaging: Initializing TcpMessaging bridge
[2018.09.16-11.47.06:772][  0]LogUdpMessaging: Initializing bridge on interface 0.0.0.0:0 to multicast group 230.0.0.1:6666.
[2018.09.16-11.47.07:781][  0]SourceControl: 소스 콘트롤이 꺼졌습니다.
[2018.09.16-11.47.07:781][  0]SourceControl: 소스 콘트롤이 꺼졌습니다.
[2018.09.16-11.47.07:842][  0]SourceControl: 소스 콘트롤이 꺼졌습니다.
[2018.09.16-11.47.07:895][  0]SourceControl: 소스 콘트롤이 꺼졌습니다.
[2018.09.16-11.47.09:160][  0]LogAndroidPermission: UAndroidPermissionCallbackProxy::GetInstance
[2018.09.16-11.47.09:629][  0]LogOcInput: OculusInput pre-init called
[2018.09.16-11.47.09:946][  0]LogEngine: Initializing Engine...
[2018.09.16-11.47.09:963][  0]LogHMD: Failed to initialize OpenVR with code 110
[2018.09.16-11.47.09:968][  0]LogStats: UGameplayTagsManager::ConstructGameplayTagTree: Construct from data asset -  0.000 s
[2018.09.16-11.47.09:970][  0]LogStats: UGameplayTagsManager::ConstructGameplayTagTree: GameplayTagTreeChangedEvent.Broadcast -  0.000 s
[2018.09.16-11.47.10:489][  0]LogAIModule: Creating AISystem for world Untitled
[2018.09.16-11.47.10:604][  0]LogInit: XAudio2 using 'C27F591(NVIDIA High Definition Audio)' : 2 channels at 48 kHz using 16 bits per sample (channel mask 0x3)
[2018.09.16-11.47.10:675][  0]LogInit: FAudioDevice initialized.
[2018.09.16-11.47.11:074][  0]LogDerivedDataCache: Saved boot cache 0.40s 101MB C:/Users/김재원/AppData/Local/UnrealEngine/4.19/DerivedDataCache/Boot.ddc.
[2018.09.16-11.47.11:119][  0]LogInit: Texture streaming: Enabled
[2018.09.16-11.47.11:162][  0]LogEngineSessionManager: EngineSessionManager initialized
[2018.09.16-11.47.11:191][  0]LogInit: Transaction tracking system initialized
[2018.09.16-11.47.11:252][  0]BlueprintLog: New page: 에디터 로드
[2018.09.16-11.47.11:516][  0]LocalizationService: 현지화 서비스가 비활성화되었습니다.
[2018.09.16-11.47.11:869][  0]LogConsoleResponse: Display: 
[2018.09.16-11.47.12:580][  0]LogCook: Display: Max memory allowance for cook 16384mb min free memory 0mb
[2018.09.16-11.47.12:581][  0]LogCook: Display: Mobile HDR setting 1
[2018.09.16-11.47.12:581][  0]LogGameplayTags: Display: UGameplayTagsManager::DoneAddingNativeTags. DelegateIsBound: 0
[2018.09.16-11.47.12:581][  0]LogStats: UGameplayTagsManager::ConstructGameplayTagTree: Construct from data asset -  0.000 s
[2018.09.16-11.47.12:581][  0]LogStats: UGameplayTagsManager::ConstructGameplayTagTree: GameplayTagTreeChangedEvent.Broadcast -  0.000 s
[2018.09.16-11.47.13:372][  0]LogFileCache: Scanning file cache for directory 'C:/FPS_Game/Content/' took 0.03s
[2018.09.16-11.47.14:297][  0]SourceControl: 소스 콘트롤이 꺼졌습니다.
[2018.09.16-11.47.14:429][  0]Cmd: MAP LOAD FILE="../../../Engine/Content/Maps/Templates/Template_Default.umap" TEMPLATE=1 SHOWPROGRESS=1 FEATURELEVEL=3
[2018.09.16-11.47.14:462][  0]LightingResults: New page: 라이팅 빌드
[2018.09.16-11.47.14:493][  0]MapCheck: New page: 맵 체크
[2018.09.16-11.47.14:493][  0]LightingResults: New page: 라이팅 빌드
[2018.09.16-11.47.15:143][  0]LogAIModule: Creating AISystem for world Untitled_1
[2018.09.16-11.47.15:225][  0]LogEditorServer: Finished looking for orphan Actors (0.000 secs)
[2018.09.16-11.47.15:271][  0]Cmd: MAP CHECKDEP NOCLEARLOG
[2018.09.16-11.47.15:390][  0]MapCheck: 맵 체크 완료: 오류 0 회, 경고 0 회, 소요 시간 119.317ms.
[2018.09.16-11.47.15:391][  0]LogFileHelpers: Loading map 'Template_Default' took 1.035
[2018.09.16-11.47.15:813][  0]LogCollectionManager: Loaded 0 collections in 0.005981 seconds
[2018.09.16-11.47.15:904][  0]LogFileCache: Scanning file cache for directory 'C:/FPS_Game/Saved/Collections/' took 0.01s
[2018.09.16-11.47.15:904][  0]LogFileCache: Scanning file cache for directory 'C:/FPS_Game/Content/Developers/김재원/Collections/' took 0.01s
[2018.09.16-11.47.15:904][  0]LogFileCache: Scanning file cache for directory 'C:/FPS_Game/Content/Collections/' took 0.01s
[2018.09.16-11.47.15:904][  0]LogCollectionManager: Rebuilt the GUID cache for 0 collections in 0.000000 seconds
[2018.09.16-11.47.15:928][  0]LogContentBrowser: Native class hierarchy populated in 0.0216 seconds. Added 2458 classes and 563 folders.
[2018.09.16-11.47.15:957][  0]LogContentBrowser: Native class hierarchy updated for 'WidgetCarousel' in 0.0032 seconds. Added 0 classes and 0 folders.
[2018.09.16-11.47.16:579][  0]LogContentBrowser: Native class hierarchy updated for 'AddContentDialog' in 0.0034 seconds. Added 0 classes and 0 folders.
[2018.09.16-11.47.16:609][  0]LogContentBrowser: Native class hierarchy updated for 'SceneOutliner' in 0.0037 seconds. Added 1 classes and 2 folders.
[2018.09.16-11.47.16:913][  0]LogSlate: Took 0.010689 seconds to synchronously load lazily loaded font '../../../Engine/Content/Slate/Fonts/Roboto-Regular.ttf' (155K)
[2018.09.16-11.47.16:963][  0]LogSlate: Took 0.048102 seconds to synchronously load lazily loaded font '../../../Engine/Content/Editor/Slate/Fonts/NanumGothic.ttf' (4243K)
[2018.09.16-11.47.17:011][  0]LogSlate: Took 0.046562 seconds to synchronously load lazily loaded font '../../../Engine/Content/Editor/Slate/Fonts/NanumGothicBold.ttf' (4188K)
[2018.09.16-11.47.17:017][  0]LogSlate: Took 0.006465 seconds to synchronously load lazily loaded font '../../../Engine/Content/Slate/Fonts/Roboto-Bold.ttf' (160K)
[2018.09.16-11.47.17:035][  0]LogSlate: Took 0.007935 seconds to synchronously load lazily loaded font '../../../Engine/Content/Editor/Slate/Fonts/FontAwesome.ttf' (139K)
[2018.09.16-11.47.17:348][  0]LogRenderer: Reallocating scene render targets to support 1208x612 Format 10 NumSamples 1 (Frame:1).
[2018.09.16-11.47.17:797][  0]LogContentBrowser: Native class hierarchy updated for 'HierarchicalLODOutliner' in 0.0035 seconds. Added 0 classes and 0 folders.
[2018.09.16-11.47.17:798][  0]LogLoad: (Engine Initialization) Total time: 26.84 seconds
[2018.09.16-11.47.17:798][  0]LogLoad: (Engine Initialization) Total Blueprint compile time: 0.00 seconds
[2018.09.16-11.47.17:818][  0]LogWindowsTextInputMethodSystem: Display: IME system now activated using TSF (Microsoft 입력기).
[2018.09.16-11.47.17:878][  0]LogContentStreaming: Texture pool size now 1000 MB
[2018.09.16-11.47.17:986][  0]LogSlate: Took 0.007606 seconds to synchronously load lazily loaded font '../../../Engine/Content/Slate/Fonts/Roboto-Light.ttf' (167K)
[2018.09.16-11.47.18:058][  2]LogAssetRegistry: Asset discovery search completed in 17.3053 seconds
[2018.09.16-11.47.18:063][  2]LogCollectionManager: Rebuilt the object cache for 0 collections in 0.000000 seconds (found 0 objects)
[2018.09.16-11.47.18:063][  2]LogCollectionManager: Fixed up redirectors for 0 collections in 0.000117 seconds (updated 0 objects)
[2018.09.16-11.47.18:961][ 87]LogSlate: Took 0.000376 seconds to synchronously load lazily loaded font '../../../Engine/Content/Slate/Fonts/Roboto-Light.ttf' (167K)
[2018.09.16-11.48.12:229][420]LogSlate: FSceneViewport::OnFocusLost() reason 0
[2018.09.16-11.48.13:924][543]LogLinker: Error: HOTRELOADED_PlayerCharacter_3 has an inappropriate outermost, it was probably saved with a deprecated outer (file: ../../../../../../FPS_Game/Content/Characters/HeroFPP/HeroFPP_AnimationBlueprint.uasset)
[2018.09.16-11.48.13:926][543]LogLinker: Error: HOTRELOADED_PlayerCharacter_3 has an inappropriate outermost, it was probably saved with a deprecated outer (file: ../../../../../../FPS_Game/Content/Characters/HeroFPP/HeroFPP_AnimationBlueprint.uasset)
[2018.09.16-11.48.13:926][543]LogLinker: Error: HOTRELOADED_PlayerCharacter_3 has an inappropriate outermost, it was probably saved with a deprecated outer (file: ../../../../../../FPS_Game/Content/Characters/HeroFPP/HeroFPP_AnimationBlueprint.uasset)
[2018.09.16-11.48.13:952][543]LogUObjectGlobals: Created PersistentFrame Addr=0x0000019a425c3e40, Size=112, Default__HeroFPP_AnimationBlueprint_C Function /Game/Characters/HeroFPP/HeroFPP_AnimationBlueprint.HeroFPP_AnimationBlueprint_C:ExecuteUbergraph_HeroFPP_AnimationBlueprint
[2018.09.16-11.48.13:952][543]LogLinker: Error: HOTRELOADED_PlayerCharacter_3 has an inappropriate outermost, it was probably saved with a deprecated outer (file: ../../../../../../FPS_Game/Content/Characters/HeroFPP/HeroFPP_AnimationBlueprint.uasset)
[2018.09.16-11.48.13:952][543]LogLinker: Error: HOTRELOADED_PlayerCharacter_3 has an inappropriate outermost, it was probably saved with a deprecated outer (file: ../../../../../../FPS_Game/Content/Characters/HeroFPP/HeroFPP_AnimationBlueprint.uasset)
[2018.09.16-11.48.13:952][543]LogLinker: Error: HOTRELOADED_PlayerCharacter_3 has an inappropriate outermost, it was probably saved with a deprecated outer (file: ../../../../../../FPS_Game/Content/Characters/HeroFPP/HeroFPP_AnimationBlueprint.uasset)
[2018.09.16-11.48.14:089][543]LogUObjectGlobals: Destroyed PersistentFrame Addr=0x0000019a425c3e40, Size=112
[2018.09.16-11.48.14:089][543]LogUObjectGlobals: Created PersistentFrame Addr=0x0000019a094364e0, Size=112, Default__HeroFPP_AnimationBlueprint_C Function /Engine/Transient.REINST_HeroFPP_AnimationBlueprint_C_0:ExecuteUbergraph_HeroFPP_AnimationBlueprint
[2018.09.16-11.48.14:251][543]LogUObjectGlobals: Created PersistentFrame Addr=0x0000019a315c92f0, Size=112, Default__HeroFPP_AnimationBlueprint_C Function /Game/Characters/HeroFPP/HeroFPP_AnimationBlueprint.HeroFPP_AnimationBlueprint_C:ExecuteUbergraph_HeroFPP_AnimationBlueprint
[2018.09.16-11.48.18:417][543]LogSkeletalMesh: Skeletal Mesh found in DDC [33.798500ms] /Game/Characters/HeroFPP/HeroFPP.HeroFPP
[2018.09.16-11.48.18:618][543]LogSkeletalMesh: Skeletal Mesh found in DDC [63.326401ms] /Game/Weapons/Rifle.Rifle
[2018.09.16-11.48.19:638][543]LogAIModule: Creating AISystem for world NewMap
[2018.09.16-11.48.19:860][543]LogUObjectGlobals: Destroyed PersistentFrame Addr=0x0000019a094364e0, Size=112
[2018.09.16-11.48.19:908][543]Cmd: MAP LOAD FILE="../../../../../../FPS_Game/Content/NewMap.umap" TEMPLATE=0 SHOWPROGRESS=1 FEATURELEVEL=3
[2018.09.16-11.48.19:908][543]LightingResults: New page: 라이팅 빌드
[2018.09.16-11.48.19:909][543]LoadErrors: New page: 맵 로드중: NewMap.umap
[2018.09.16-11.48.19:920][543]MapCheck: New page: 맵 체크
[2018.09.16-11.48.19:920][543]LightingResults: New page: 라이팅 빌드
[2018.09.16-11.48.20:284][543]LogEditorServer: Finished looking for orphan Actors (0.000 secs)
[2018.09.16-11.48.20:375][543]Cmd: MAP CHECKDEP NOCLEARLOG
[2018.09.16-11.48.20:515][543]MapCheck: 맵 체크 완료: 오류 0 회, 경고 0 회, 소요 시간 139.265ms.
[2018.09.16-11.48.20:519][543]LogFileHelpers: Loading map 'NewMap' took 0.634
[2018.09.16-11.48.28:368][567]LogEditorViewport: Clicking on Actor (LMB): Rifle_BP_C (Rifle_BP)
[2018.09.16-11.48.28:713][567]LogEditorViewport: Clicking on Actor (LMB): Rifle_BP_C (Rifle_BP)
[2018.09.16-11.48.29:968][643]Cmd: DELETE
[2018.09.16-11.48.29:968][643]Cmd: ACTOR DELETE
[2018.09.16-11.48.30:097][643]LogEditorActor: Actor Rifle_BP is referenced by PlayerCharacter_BP.
[2018.09.16-11.48.30:130][643]LogSlate: FSceneViewport::OnFocusLost() reason 2
[2018.09.16-11.48.31:061][643]LogSlate: Window '메시지' being destroyed
[2018.09.16-11.48.31:181][643]LogEditorActor: Deleted Actor: Rifle_BP_C
[2018.09.16-11.48.31:228][643]LogEditorActor: Deleted 1 Actors (1.181 secs)
[2018.09.16-11.48.31:611][679]LogEditorViewport: Clicking on Actor (LMB): PlayerCharacter_BP_C (PlayerCharacter_BP)
[2018.09.16-11.48.32:837][707]LogSlate: Took 0.029994 seconds to synchronously load lazily loaded font '../../../Engine/Content/Slate/Fonts/Roboto-Italic.ttf' (157K)
[2018.09.16-11.48.33:352][747]LogSlate: FSceneViewport::OnFocusLost() reason 0
[2018.09.16-11.48.34:669][759]LogContentBrowser: Native class hierarchy updated for 'BlueprintGraph' in 0.0035 seconds. Added 116 classes and 0 folders.
[2018.09.16-11.48.35:269][759]LogUObjectGlobals: Created PersistentFrame Addr=0x0000019a8520e5c0, Size=4, Default__SKEL_PROTO_BP_AnimBlueprint_0_C Function /Engine/Transient.SKEL_PROTO_BP_AnimBlueprint_0_C:ExecuteUbergraph_PROTO_BP_AnimBlueprint_0
[2018.09.16-11.48.35:270][759]LogUObjectGlobals: Created PersistentFrame Addr=0x0000019a8520e588, Size=4, Default__PROTO_BP_AnimBlueprint_0_C Function /Engine/Transient.PROTO_BP_AnimBlueprint_0_C:ExecuteUbergraph_PROTO_BP_AnimBlueprint_0
[2018.09.16-11.48.37:323][818]LogSlate: Window 'PlayerCharacter_BP' being destroyed
[2018.09.16-11.48.37:977][818]LogSlate: Took 0.010726 seconds to synchronously load lazily loaded font '../../../Engine/Content/Slate/Fonts/Roboto-BoldCondensed.ttf' (158K)
[2018.09.16-11.48.45:594][219]BlueprintLog: New page: PlayerCharacter_BP 컴파일
[2018.09.16-11.48.49:738][509]LogPlayLevel: PlayLevel: No blueprints needed recompiling
[2018.09.16-11.48.49:748][509]PIE: New page: SIE 세션: NewMap (2018. 9. 17. 오전 5:48:49)
[2018.09.16-11.48.49:749][509]LogPlayLevel: Creating play world package: /Game/UEDPIE_0_NewMap
[2018.09.16-11.48.49:758][509]LogPlayLevel: PIE: StaticDuplicateObject took: (0.008845s)
[2018.09.16-11.48.49:759][509]LogAIModule: Creating AISystem for world NewMap
[2018.09.16-11.48.49:760][509]LogPlayLevel: PIE: World Init took: (0.001467s)
[2018.09.16-11.48.49:760][509]LogPlayLevel: PIE: Created PIE world by copying editor world from /Game/NewMap.NewMap to /Game/UEDPIE_0_NewMap.NewMap (0.010646s)
[2018.09.16-11.48.49:843][509]LogInit: XAudio2 using 'C27F591(NVIDIA High Definition Audio)' : 2 channels at 48 kHz using 16 bits per sample (channel mask 0x3)
[2018.09.16-11.48.49:864][509]LogInit: FAudioDevice initialized.
[2018.09.16-11.48.49:913][509]LogLoad: Game class is 'FPS_GameGameModeBase_BP_C'
[2018.09.16-11.48.49:930][509]LogWorld: Bringing World /Game/UEDPIE_0_NewMap.NewMap up for play (max tick rate 0) at 2018.09.16-20.48.49
[2018.09.16-11.48.49:933][509]LogWorld: Bringing up level for play took: 0.004295
[2018.09.16-11.48.49:938][509]LogGameMode: FindPlayerStart: PATHS NOT DEFINED or NO PLAYERSTART with positive rating
[2018.09.16-11.48.49:966][509]LogContentBrowser: Native class hierarchy updated for 'MovieSceneCapture' in 0.0029 seconds. Added 11 classes and 0 folders.
[2018.09.16-11.48.49:969][509]PIE: /Game/UEDPIE_0_NewMap 에 대한 에디터에서 플레이 시작 시간: -0.148
[2018.09.16-11.48.52:996][783]LogEditorViewport: Clicking on Actor (LMB): StaticMeshActor (Floor)
[2018.09.16-11.48.53:527][822]LogEditorViewport: Clicking on Actor (LMB): PlayerCharacter_BP_C (PlayerCharacter_BP)
[2018.09.16-11.48.58:723][250]LogSlate: FSceneViewport::OnFocusLost() reason 0
[2018.09.16-11.49.09:938][888]LogSlate: FSceneViewport::OnFocusLost() reason 0
[2018.09.16-11.49.10:058][896]BlueprintLog: New page: PlayerCharacter_BP 컴파일
[2018.09.16-11.49.18:717][439]LogSlate: FSceneViewport::OnFocusLost() reason 0
[2018.09.16-11.49.19:674][522]LogEditorViewport: Clicking on Actor (LMB): StaticMeshActor (Floor)
[2018.09.16-11.49.20:267][573]LogEditorViewport: Clicking on Actor (LMB): BP_Sky_Sphere_C (Sky Sphere)
[2018.09.16-11.49.21:245][662]LogEditorViewport: Clicking on Actor (LMB): StaticMeshActor (Floor)
[2018.09.16-11.49.22:184][750]LogEditorViewport: Clicking on Actor (LMB): StaticMeshActor (Floor)
[2018.09.16-11.49.22:860][815]LogEditorViewport: Clicking on Actor (LMB): PlayerCharacter_BP_C (PlayerCharacter_BP)
[2018.09.16-11.49.24:336][938]Cmd: DELETE
[2018.09.16-11.49.24:336][938]Cmd: ACTOR DELETE
[2018.09.16-11.49.24:338][938]LogEditorActor: Deleted Actor: PlayerCharacter_BP_C
[2018.09.16-11.49.24:386][938]LogEditorActor: Deleted 1 Actors (0.050 secs)
[2018.09.16-11.49.27:197][267]LogSlate: FSceneViewport::OnFocusLost() reason 0
[2018.09.16-11.49.29:290][474]LogSlate: FSceneViewport::OnFocusLost() reason 0
[2018.09.16-11.49.29:392][486]LogTemp: Repeating last play command: 시뮬레이트
[2018.09.16-11.49.29:425][486]LogPlayLevel: PlayLevel: No blueprints needed recompiling
[2018.09.16-11.49.29:425][486]PIE: New page: SIE 세션: NewMap (2018. 9. 17. 오전 5:49:29)
[2018.09.16-11.49.29:425][486]LogPlayLevel: Creating play world package: /Game/UEDPIE_0_NewMap
[2018.09.16-11.49.29:428][486]LogPlayLevel: PIE: StaticDuplicateObject took: (0.002795s)
[2018.09.16-11.49.29:429][486]LogAIModule: Creating AISystem for world NewMap
[2018.09.16-11.49.29:429][486]LogPlayLevel: PIE: World Init took: (0.001210s)
[2018.09.16-11.49.29:430][486]LogPlayLevel: PIE: Created PIE world by copying editor world from /Game/NewMap.NewMap to /Game/UEDPIE_0_NewMap.NewMap (0.004338s)
[2018.09.16-11.49.29:508][486]LogInit: XAudio2 using 'C27F591(NVIDIA High Definition Audio)' : 2 channels at 48 kHz using 16 bits per sample (channel mask 0x3)
[2018.09.16-11.49.29:530][486]LogInit: FAudioDevice initialized.
[2018.09.16-11.49.29:567][486]LogLoad: Game class is 'FPS_GameGameModeBase_BP_C'
[2018.09.16-11.49.29:569][486]LogWorld: Bringing World /Game/UEDPIE_0_NewMap.NewMap up for play (max tick rate 0) at 2018.09.16-20.49.29
[2018.09.16-11.49.29:569][486]LogWorld: Bringing up level for play took: 0.000698
[2018.09.16-11.49.29:574][486]PIE: /Game/UEDPIE_0_NewMap 에 대한 에디터에서 플레이 시작 시간: -0.543
[2018.09.16-11.49.36:119][221]LogEditorViewport: Clicking on Actor (LMB): PlayerStart (PlayerStart)
[2018.09.16-11.49.38:923][495]LogSlate: FSceneViewport::OnFocusLost() reason 2
[2018.09.16-11.49.39:605][560]LogSlate: FSceneViewport::OnFocusLost() reason 2
[2018.09.16-11.49.40:155][560]LogSlate: Only BGRA pngs, bmps or icos are supported in by External Image Picker
[2018.09.16-11.49.41:605][562]LogTemp: Executing iPhonePackager certificates Engine -bundlename com.YourCompany.FPSGame
[2018.09.16-11.49.41:605][562]LogTemp: CWD: C:\Program Files\Epic Games\UE_4.19\Engine\Binaries\DotNET\IOS
[2018.09.16-11.49.41:605][562]LogTemp: Initial Dir: C:\Program Files\Epic Games\UE_4.19
[2018.09.16-11.49.41:605][562]LogTemp: Env CWD: C:\Program Files\Epic Games\UE_4.19\Engine\Binaries\DotNET\IOS
[2018.09.16-11.49.41:605][562]LogTemp: BranchPath = DESKTOP-5A88OB5/C/Program Files/Epic Games/UE_4.19/Engine/Binaries --- GameBranchPath = DESKTOP-5A88OB5/C/Program Files/Epic Games/UE_4.19/Engine/Binaries
[2018.09.16-11.49.41:606][562]LogTemp: IPP ERROR: Could not find provision directory 'C:\Users\??????\AppData\Local/Apple Computer/MobileDevice/Provisioning Profiles/'.
[2018.09.16-11.49.42:435][618]LogSlate: Window '프로젝트 세팅' being destroyed
[2018.09.16-11.49.42:441][618]LogSlate: Window '프로젝트 세팅' being destroyed
[2018.09.16-11.49.42:874][655]LogSlate: FSceneViewport::OnFocusLost() reason 0
[2018.09.16-11.49.46:904][ 47]LogSlate: FSceneViewport::OnFocusLost() reason 2
[2018.09.16-11.49.48:004][161]LogPlayLevel: PlayLevel: No blueprints needed recompiling
[2018.09.16-11.49.48:005][161]PIE: New page: PIE 세션: NewMap (2018. 9. 17. 오전 5:49:48)
[2018.09.16-11.49.48:005][161]LogPlayLevel: Creating play world package: /Game/UEDPIE_0_NewMap
[2018.09.16-11.49.48:007][161]LogPlayLevel: PIE: StaticDuplicateObject took: (0.002648s)
[2018.09.16-11.49.48:008][161]LogAIModule: Creating AISystem for world NewMap
[2018.09.16-11.49.48:009][161]LogPlayLevel: PIE: World Init took: (0.001110s)
[2018.09.16-11.49.48:009][161]LogPlayLevel: PIE: Created PIE world by copying editor world from /Game/NewMap.NewMap to /Game/UEDPIE_0_NewMap.NewMap (0.003979s)
[2018.09.16-11.49.48:086][161]LogInit: XAudio2 using 'C27F591(NVIDIA High Definition Audio)' : 2 channels at 48 kHz using 16 bits per sample (channel mask 0x3)
[2018.09.16-11.49.48:109][161]LogInit: FAudioDevice initialized.
[2018.09.16-11.49.48:109][161]LogSlate: FSceneViewport::OnFocusLost() reason 2
[2018.09.16-11.49.48:143][161]LogLoad: Game class is 'FPS_GameGameModeBase_BP_C'
[2018.09.16-11.49.48:145][161]LogWorld: Bringing World /Game/UEDPIE_0_NewMap.NewMap up for play (max tick rate 0) at 2018.09.16-20.49.48
[2018.09.16-11.49.48:145][161]LogWorld: Bringing up level for play took: 0.000700
[2018.09.16-11.50.21:833][161]LogWindows: Error: === Critical error: ===
[2018.09.16-11.50.21:833][161]LogWindows: Error: 
[2018.09.16-11.50.21:833][161]LogWindows: Error: Fatal error!
[2018.09.16-11.50.21:833][161]LogWindows: Error: 
[2018.09.16-11.50.21:833][161]LogWindows: Error: Unhandled Exception: EXCEPTION_ACCESS_VIOLATION reading address 0x00000010
[2018.09.16-11.50.21:833][161]LogWindows: Error: 
[2018.09.16-11.50.21:833][161]LogWindows: Error: [Callstack] 0x000000004CFB54A7 UE4Editor-FPS_Game.dll!APlayerCharacter::OnCameraUpdate() [c:\fps_game\source\fps_game\private\character\playercharacter.cpp:102]
[2018.09.16-11.50.21:834][161]LogWindows: Error: [Callstack] 0x000000004CFB2C32 UE4Editor-FPS_Game.dll!ACameraManager::UpdateCamera() [c:\fps_game\source\fps_game\private\character\cameramanager.cpp:41]
[2018.09.16-11.50.21:834][161]LogWindows: Error: [Callstack] 0x000000004A9B920F UE4Editor-Engine.dll!APlayerController::SpawnPlayerCameraManager() [d:\build\++ue4+release-4.19+compile\sync\engine\source\runtime\engine\private\playercontroller.cpp:2590]
[2018.09.16-11.50.21:834][161]LogWindows: Error: [Callstack] 0x000000004A9A907B UE4Editor-Engine.dll!APlayerController::PostInitializeComponents() [d:\build\++ue4+release-4.19+compile\sync\engine\source\runtime\engine\private\playercontroller.cpp:961]
[2018.09.16-11.50.21:834][161]LogWindows: Error: [Callstack] 0x0000000049C38473 UE4Editor-Engine.dll!AActor::PostActorConstruction() [d:\build\++ue4+release-4.19+compile\sync\engine\source\runtime\engine\private\actor.cpp:2946]
[2018.09.16-11.50.21:834][161]LogWindows: Error: [Callstack] 0x0000000049C1484A UE4Editor-Engine.dll!AActor::FinishSpawning() [d:\build\++ue4+release-4.19+compile\sync\engine\source\runtime\engine\private\actor.cpp:2872]
[2018.09.16-11.50.21:834][161]LogWindows: Error: [Callstack] 0x000000004A37666F UE4Editor-Engine.dll!UGameplayStatics::FinishSpawningActor() [d:\build\++ue4+release-4.19+compile\sync\engine\source\runtime\engine\private\gameplaystatics.cpp:454]
[2018.09.16-11.50.21:834][161]LogWindows: Error: [Callstack] 0x000000004A3A2987 UE4Editor-Engine.dll!AGameModeBase::SpawnPlayerControllerCommon() [d:\build\++ue4+release-4.19+compile\sync\engine\source\runtime\engine\private\gamemodebase.cpp:710]
[2018.09.16-11.50.21:834][161]LogWindows: Error: [Callstack] 0x000000004A3A27CA UE4Editor-Engine.dll!AGameModeBase::SpawnPlayerController() [d:\build\++ue4+release-4.19+compile\sync\engine\source\runtime\engine\private\gamemodebase.cpp:688]
[2018.09.16-11.50.21:834][161]LogWindows: Error: [Callstack] 0x000000004A389B6D UE4Editor-Engine.dll!AGameModeBase::Login() [d:\build\++ue4+release-4.19+compile\sync\engine\source\runtime\engine\private\gamemodebase.cpp:664]
[2018.09.16-11.50.21:834][161]LogWindows: Error: [Callstack] 0x000000004A5A48DB UE4Editor-Engine.dll!UWorld::SpawnPlayActor() [d:\build\++ue4+release-4.19+compile\sync\engine\source\runtime\engine\private\levelactor.cpp:720]
[2018.09.16-11.50.21:834][161]LogWindows: Error: [Callstack] 0x000000004A5A4354 UE4Editor-Engine.dll!ULocalPlayer::SpawnPlayActor() [d:\build\++ue4+release-4.19+compile\sync\engine\source\runtime\engine\private\localplayer.cpp:250]
[2018.09.16-11.50.21:834][161]LogWindows: Error: [Callstack] 0x000000004A3A42FB UE4Editor-Engine.dll!UGameInstance::StartPlayInEditorGameInstance() [d:\build\++ue4+release-4.19+compile\sync\engine\source\runtime\engine\private\gameinstance.cpp:329]
[2018.09.16-11.50.21:834][161]LogWindows: Error: [Callstack] 0x0000000048CA27E0 UE4Editor-UnrealEd.dll!UEditorEngine::CreatePIEGameInstance() [d:\build\++ue4+release-4.19+compile\sync\engine\source\editor\unrealed\private\playlevel.cpp:3274]
[2018.09.16-11.50.21:834][161]LogWindows: Error: [Callstack] 0x0000000048CC1246 UE4Editor-UnrealEd.dll!UEditorEngine::PlayInEditor() [d:\build\++ue4+release-4.19+compile\sync\engine\source\editor\unrealed\private\playlevel.cpp:2410]
[2018.09.16-11.50.21:834][161]LogWindows: Error: [Callstack] 0x0000000048CDBBEF UE4Editor-UnrealEd.dll!UEditorEngine::StartQueuedPlayMapRequest() [d:\build\++ue4+release-4.19+compile\sync\engine\source\editor\unrealed\private\playlevel.cpp:1271]
[2018.09.16-11.50.21:834][161]LogWindows: Error: [Callstack] 0x000000004874C961 UE4Editor-UnrealEd.dll!UEditorEngine::Tick() [d:\build\++ue4+release-4.19+compile\sync\engine\source\editor\unrealed\private\editorengine.cpp:1581]
[2018.09.16-11.50.21:834][161]LogWindows: Error: [Callstack] 0x0000000048FE9626 UE4Editor-UnrealEd.dll!UUnrealEdEngine::Tick() [d:\build\++ue4+release-4.19+compile\sync\engine\source\editor\unrealed\private\unrealedengine.cpp:401]
[2018.09.16-11.50.21:834][161]LogWindows: Error: [Callstack] 0x0000000065C05EAC UE4Editor.exe!FEngineLoop::Tick() [d:\build\++ue4+release-4.19+compile\sync\engine\source\runtime\launch\private\launchengineloop.cpp:3339]
[2018.09.16-11.50.21:834][161]LogWindows: Error: [Callstack] 0x0000000065C16BD0 UE4Editor.exe!GuardedMain() [d:\build\++ue4+release-4.19+compile\sync\engine\source\runtime\launch\private\launch.cpp:166]
[2018.09.16-11.50.21:834][161]LogWindows: Error: [Callstack] 0x0000000065C16C4A UE4Editor.exe!GuardedMainWrapper() [d:\build\++ue4+release-4.19+compile\sync\engine\source\runtime\launch\private\windows\launchwindows.cpp:144]
[2018.09.16-11.50.21:834][161]LogWindows: Error: [Callstack] 0x0000000065C24177 UE4Editor.exe!WinMain() [d:\build\++ue4+release-4.19+compile\sync\engine\source\runtime\launch\private\windows\launchwindows.cpp:223]
[2018.09.16-11.50.21:834][161]LogWindows: Error: [Callstack] 0x0000000065C25B87 UE4Editor.exe!__scrt_common_main_seh() [f:\dd\vctools\crt\vcstartup\src\startup\exe_common.inl:253]
[2018.09.16-11.50.21:834][161]LogWindows: Error: [Callstack] 0x00000000A46C3034 KERNEL32.DLL!UnknownFunction []
[2018.09.16-11.50.21:834][161]LogWindows: Error: [Callstack] 0x00000000A52C1461 ntdll.dll!UnknownFunction []
[2018.09.16-11.50.21:834][161]LogWindows: Error: [Callstack] 0x00000000A52C1461 ntdll.dll!UnknownFunction []
[2018.09.16-11.50.21:834][161]LogWindows: Error: 
[2018.09.16-11.50.21:849][161]LogExit: Executing StaticShutdownAfterError
[2018.09.16-11.50.21:894][161]LogWindows: FPlatformMisc::RequestExit(1)
[2018.09.16-11.50.21:896][161]Log file closed, 09/16/18 20:50:21
