Log file open, 09/18/18 04:34:45
LogWindows: Failed to load 'aqProf.dll' (GetLastError=126)
LogWindows: File 'aqProf.dll' does not exist
LogWindows: Failed to load 'VtuneApi.dll' (GetLastError=126)
LogWindows: File 'VtuneApi.dll' does not exist
LogWindows: Failed to load 'VtuneApi32e.dll' (GetLastError=126)
LogWindows: File 'VtuneApi32e.dll' does not exist
LogInit: Display: Running engine for game: FPS_Game
LogPlatformFile: Not using cached read wrapper
LogInit: Display: RandInit(1006540072) SRandInit(1006540072).
LogInit: Read version file with build ID '3944462'
LogInit: Overriding engine version to CL 4033788, compatible CL 3944462
LogInit: Registered custom module enumerator with build ID '3944462'
LogTaskGraph: Started task graph with 5 named threads and 23 total threads with 3 sets of task threads.
LogStats: Stats thread started at 0.403437
LogD3D11RHI: Aftermath initialized
LogICUInternationalization: Display: ICU TimeZone Detection - Raw Offset: +9:00, Platform Override: ''
LogPluginManager: Mounting plugin Paper2D
LogPluginManager: Mounting plugin LiveLink
LogPluginManager: Mounting plugin LightPropagationVolume
LogPluginManager: Mounting plugin CLionSourceCodeAccess
LogPluginManager: Mounting plugin CodeLiteSourceCodeAccess
LogPluginManager: Mounting plugin GitSourceControl
LogPluginManager: Mounting plugin KDevelopSourceCodeAccess
LogPluginManager: Mounting plugin NullSourceCodeAccess
LogPluginManager: Mounting plugin PerforceSourceControl
LogPluginManager: Mounting plugin SubversionSourceControl
LogPluginManager: Mounting plugin UObjectPlugin
LogPluginManager: Mounting plugin VisualStudioCodeSourceCodeAccess
LogPluginManager: Mounting plugin VisualStudioSourceCodeAccess
LogPluginManager: Mounting plugin XCodeSourceCodeAccess
LogPluginManager: Mounting plugin AssetManagerEditor
LogPluginManager: Mounting plugin CryptoKeys
LogPluginManager: Mounting plugin DataValidation
LogPluginManager: Mounting plugin FacialAnimation
LogPluginManager: Mounting plugin GameplayTagsEditor
LogPluginManager: Mounting plugin MobileLauncherProfileWizard
LogPluginManager: Mounting plugin PluginBrowser
LogPluginManager: Mounting plugin SpeedTreeImporter
LogPluginManager: Mounting plugin DatasmithContent
LogPluginManager: Mounting plugin AlembicImporter
LogPluginManager: Mounting plugin CharacterAI
LogPluginManager: Mounting plugin HTML5Networking
LogPluginManager: Mounting plugin AndroidMedia
LogPluginManager: Mounting plugin AvfMedia
LogPluginManager: Mounting plugin ImgMedia
LogPluginManager: Mounting plugin LinearTimecode
LogPluginManager: Mounting plugin MediaCompositing
LogPluginManager: Mounting plugin MediaPlayerEditor
LogPluginManager: Mounting plugin WmfMedia
LogPluginManager: Mounting plugin TcpMessaging
LogPluginManager: Mounting plugin UdpMessaging
LogPluginManager: Mounting plugin ActorSequence
LogPluginManager: Mounting plugin LevelSequenceEditor
LogPluginManager: Mounting plugin MatineeToLevelSequence
LogPluginManager: Mounting plugin NetcodeUnitTest
LogPluginManager: Mounting plugin NUTUnrealEngine4
LogPluginManager: Mounting plugin OnlineSubsystemGooglePlay
LogPluginManager: Mounting plugin OnlineSubsystemIOS
LogPluginManager: Mounting plugin OnlineSubsystem
LogPluginManager: Mounting plugin OnlineSubsystemNull
LogPluginManager: Mounting plugin OnlineSubsystemUtils
LogPluginManager: Mounting plugin AndroidDeviceProfileSelector
LogPluginManager: Mounting plugin AndroidMoviePlayer
LogPluginManager: Mounting plugin AndroidPermission
LogPluginManager: Mounting plugin AppleARKit
LogPluginManager: Mounting plugin AppleMoviePlayer
LogPluginManager: Mounting plugin ArchVisCharacter
LogPluginManager: Mounting plugin AudioCapture
LogPluginManager: Mounting plugin CableComponent
LogPluginManager: Mounting plugin CustomMeshComponent
LogPluginManager: Mounting plugin ExampleDeviceProfileSelector
LogPluginManager: Mounting plugin GoogleCloudMessaging
LogPluginManager: Mounting plugin ImmediatePhysics
LogPluginManager: Mounting plugin IOSDeviceProfileSelector
LogPluginManager: Mounting plugin LinuxDeviceProfileSelector
LogPluginManager: Mounting plugin LocationServicesBPLibrary
LogPluginManager: Mounting plugin MobilePatchingUtils
LogPluginManager: Mounting plugin OculusVR
LogPluginManager: Plugin shader directory ../../../Engine/Plugins/Runtime/Oculus/OculusVR/Shaders found
LogPluginManager: Mapping shader source directory ../../../Engine/Plugins/Runtime/Oculus/OculusVR/Shaders to virtual directory /Plugin/OculusVR
LogPluginManager: Mounting plugin PhysXVehicles
LogPluginManager: Mounting plugin ProceduralMeshComponent
LogPluginManager: Mounting plugin RuntimePhysXCooking
LogPluginManager: Mounting plugin SteamVR
LogPluginManager: Mounting plugin WindowsMoviePlayer
LogStreaming: Display: Took  0.166s to configure plugins.
LogModuleManager: Display: Found up-to-date module file ../../../../../../FPS_Game/Binaries/Win64/UE4Editor-FPS_Game.dll (API version 3944462).
LogModuleManager: Display: Found up-to-date module file ../../../Engine/Plugins/2D/Paper2D/Binaries/Win64/UE4Editor-Paper2D.dll (API version 3944462).
LogModuleManager: Display: Found up-to-date module file ../../../Engine/Plugins/2D/Paper2D/Binaries/Win64/UE4Editor-Paper2DEditor.dll (API version 3944462).
LogModuleManager: Display: Found up-to-date module file ../../../Engine/Plugins/2D/Paper2D/Binaries/Win64/UE4Editor-PaperSpriteSheetImporter.dll (API version 3944462).
LogModuleManager: Display: Found up-to-date module file ../../../Engine/Plugins/2D/Paper2D/Binaries/Win64/UE4Editor-PaperTiledImporter.dll (API version 3944462).
LogModuleManager: Display: Found up-to-date module file ../../../Engine/Plugins/2D/Paper2D/Binaries/Win64/UE4Editor-SmartSnapping.dll (API version 3944462).
LogModuleManager: Display: Found up-to-date module file ../../../Engine/Plugins/Animation/LiveLink/Binaries/Win64/UE4Editor-LiveLink.dll (API version 3944462).
LogModuleManager: Display: Found up-to-date module file ../../../Engine/Plugins/Animation/LiveLink/Binaries/Win64/UE4Editor-LiveLinkEditor.dll (API version 3944462).
LogModuleManager: Display: Found up-to-date module file ../../../Engine/Plugins/Blendables/LightPropagationVolume/Binaries/Win64/UE4Editor-LightPropagationVolumeRuntime.dll (API version 3944462).
LogModuleManager: Display: Found up-to-date module file ../../../Engine/Plugins/Blendables/LightPropagationVolume/Binaries/Win64/UE4Editor-LightPropagationVolumeEditor.dll (API version 3944462).
LogModuleManager: Display: Found up-to-date module file ../../../Engine/Plugins/Developer/CLionSourceCodeAccess/Binaries/Win64/UE4Editor-CLionSourceCodeAccess.dll (API version 3944462).
LogModuleManager: Display: Found up-to-date module file ../../../Engine/Plugins/Developer/GitSourceControl/Binaries/Win64/UE4Editor-GitSourceControl.dll (API version 3944462).
LogModuleManager: Display: Found up-to-date module file ../../../Engine/Plugins/Developer/PerforceSourceControl/Binaries/Win64/UE4Editor-PerforceSourceControl.dll (API version 3944462).
LogModuleManager: Display: Found up-to-date module file ../../../Engine/Plugins/Developer/SubversionSourceControl/Binaries/Win64/UE4Editor-SubversionSourceControl.dll (API version 3944462).
LogModuleManager: Display: Found up-to-date module file ../../../Engine/Plugins/Developer/UObjectPlugin/Binaries/Win64/UE4Editor-UObjectPlugin.dll (API version 3944462).
LogModuleManager: Display: Found up-to-date module file ../../../Engine/Plugins/Developer/VisualStudioCodeSourceCodeAccess/Binaries/Win64/UE4Editor-VisualStudioCodeSourceCodeAccess.dll (API version 3944462).
LogModuleManager: Display: Found up-to-date module file ../../../Engine/Plugins/Developer/VisualStudioSourceCodeAccess/Binaries/Win64/UE4Editor-VisualStudioSourceCodeAccess.dll (API version 3944462).
LogModuleManager: Display: Found up-to-date module file ../../../Engine/Plugins/Editor/AssetManagerEditor/Binaries/Win64/UE4Editor-AssetManagerEditor.dll (API version 3944462).
LogModuleManager: Display: Found up-to-date module file ../../../Engine/Plugins/Editor/CryptoKeys/Binaries/Win64/UE4Editor-CryptoKeys.dll (API version 3944462).
LogModuleManager: Display: Found up-to-date module file ../../../Engine/Plugins/Editor/CryptoKeys/Binaries/Win64/UE4Editor-CryptoKeysOpenSSL.dll (API version 3944462).
LogModuleManager: Display: Found up-to-date module file ../../../Engine/Plugins/Editor/DataValidation/Binaries/Win64/UE4Editor-DataValidation.dll (API version 3944462).
LogModuleManager: Display: Found up-to-date module file ../../../Engine/Plugins/Editor/FacialAnimation/Binaries/Win64/UE4Editor-FacialAnimation.dll (API version 3944462).
LogModuleManager: Display: Found up-to-date module file ../../../Engine/Plugins/Editor/FacialAnimation/Binaries/Win64/UE4Editor-FacialAnimationEditor.dll (API version 3944462).
LogModuleManager: Display: Found up-to-date module file ../../../Engine/Plugins/Editor/GameplayTagsEditor/Binaries/Win64/UE4Editor-GameplayTagsEditor.dll (API version 3944462).
LogModuleManager: Display: Found up-to-date module file ../../../Engine/Plugins/Editor/MobileLauncherProfileWizard/Binaries/Win64/UE4Editor-MobileLauncherProfileWizard.dll (API version 3944462).
LogModuleManager: Display: Found up-to-date module file ../../../Engine/Plugins/Editor/PluginBrowser/Binaries/Win64/UE4Editor-PluginBrowser.dll (API version 3944462).
LogModuleManager: Display: Found up-to-date module file ../../../Engine/Plugins/Editor/SpeedTreeImporter/Binaries/Win64/UE4Editor-SpeedTreeImporter.dll (API version 3944462).
LogModuleManager: Display: Found up-to-date module file ../../../Engine/Plugins/Enterprise/DatasmithContent/Binaries/Win64/UE4Editor-DatasmithContent.dll (API version 3944462).
LogModuleManager: Display: Found up-to-date module file ../../../Engine/Plugins/Experimental/AlembicImporter/Binaries/Win64/UE4Editor-AlembicImporter.dll (API version 3944462).
LogModuleManager: Display: Found up-to-date module file ../../../Engine/Plugins/Experimental/AlembicImporter/Binaries/Win64/UE4Editor-AlembicLibrary.dll (API version 3944462).
LogModuleManager: Display: Found up-to-date module file ../../../Engine/Plugins/Experimental/CharacterAI/Binaries/Win64/UE4Editor-CharacterAI.dll (API version 3944462).
LogModuleManager: Display: Found up-to-date module file ../../../Engine/Plugins/Experimental/HTML5Networking/Binaries/Win64/UE4Editor-HTML5Networking.dll (API version 3944462).
LogModuleManager: Display: Found up-to-date module file ../../../Engine/Plugins/Media/AndroidMedia/Binaries/Win64/UE4Editor-AndroidMediaEditor.dll (API version 3944462).
LogModuleManager: Display: Found up-to-date module file ../../../Engine/Plugins/Media/AndroidMedia/Binaries/Win64/UE4Editor-AndroidMediaFactory.dll (API version 3944462).
LogModuleManager: Display: Found up-to-date module file ../../../Engine/Plugins/Media/AvfMedia/Binaries/Win64/UE4Editor-AvfMediaEditor.dll (API version 3944462).
LogModuleManager: Display: Found up-to-date module file ../../../Engine/Plugins/Media/AvfMedia/Binaries/Win64/UE4Editor-AvfMediaFactory.dll (API version 3944462).
LogModuleManager: Display: Found up-to-date module file ../../../Engine/Plugins/Media/AvfMedia/Binaries/Win64/UE4Editor-AvfMediaFactory.dll (API version 3944462).
LogModuleManager: Display: Found up-to-date module file ../../../Engine/Plugins/Media/ImgMedia/Binaries/Win64/UE4Editor-ImgMedia.dll (API version 3944462).
LogModuleManager: Display: Found up-to-date module file ../../../Engine/Plugins/Media/ImgMedia/Binaries/Win64/UE4Editor-ImgMediaEditor.dll (API version 3944462).
LogModuleManager: Display: Found up-to-date module file ../../../Engine/Plugins/Media/ImgMedia/Binaries/Win64/UE4Editor-ImgMediaFactory.dll (API version 3944462).
LogModuleManager: Display: Found up-to-date module file ../../../Engine/Plugins/Media/ImgMedia/Binaries/Win64/UE4Editor-ImgMediaFactory.dll (API version 3944462).
LogModuleManager: Display: Found up-to-date module file ../../../Engine/Plugins/Media/ImgMedia/Binaries/Win64/UE4Editor-OpenExrWrapper.dll (API version 3944462).
LogModuleManager: Display: Found up-to-date module file ../../../Engine/Plugins/Media/LinearTimecode/Binaries/Win64/UE4Editor-LinearTimecode.dll (API version 3944462).
LogModuleManager: Display: Found up-to-date module file ../../../Engine/Plugins/Media/MediaCompositing/Binaries/Win64/UE4Editor-MediaCompositing.dll (API version 3944462).
LogModuleManager: Display: Found up-to-date module file ../../../Engine/Plugins/Media/MediaCompositing/Binaries/Win64/UE4Editor-MediaCompositingEditor.dll (API version 3944462).
LogModuleManager: Display: Found up-to-date module file ../../../Engine/Plugins/Media/MediaPlayerEditor/Binaries/Win64/UE4Editor-MediaPlayerEditor.dll (API version 3944462).
LogModuleManager: Display: Found up-to-date module file ../../../Engine/Plugins/Media/WmfMedia/Binaries/Win64/UE4Editor-WmfMedia.dll (API version 3944462).
LogModuleManager: Display: Found up-to-date module file ../../../Engine/Plugins/Media/WmfMedia/Binaries/Win64/UE4Editor-WmfMediaEditor.dll (API version 3944462).
LogModuleManager: Display: Found up-to-date module file ../../../Engine/Plugins/Media/WmfMedia/Binaries/Win64/UE4Editor-WmfMediaFactory.dll (API version 3944462).
LogModuleManager: Display: Found up-to-date module file ../../../Engine/Plugins/Media/WmfMedia/Binaries/Win64/UE4Editor-WmfMediaFactory.dll (API version 3944462).
LogModuleManager: Display: Found up-to-date module file ../../../Engine/Plugins/Messaging/TcpMessaging/Binaries/Win64/UE4Editor-TcpMessaging.dll (API version 3944462).
LogModuleManager: Display: Found up-to-date module file ../../../Engine/Plugins/Messaging/UdpMessaging/Binaries/Win64/UE4Editor-UdpMessaging.dll (API version 3944462).
LogModuleManager: Display: Found up-to-date module file ../../../Engine/Plugins/MovieScene/ActorSequence/Binaries/Win64/UE4Editor-ActorSequence.dll (API version 3944462).
LogModuleManager: Display: Found up-to-date module file ../../../Engine/Plugins/MovieScene/LevelSequenceEditor/Binaries/Win64/UE4Editor-LevelSequenceEditor.dll (API version 3944462).
LogModuleManager: Display: Found up-to-date module file ../../../Engine/Plugins/MovieScene/MatineeToLevelSequence/Binaries/Win64/UE4Editor-MatineeToLevelSequence.dll (API version 3944462).
LogModuleManager: Display: Found up-to-date module file ../../../Engine/Plugins/NetcodeUnitTest/NetcodeUnitTest/Binaries/Win64/UE4Editor-NetcodeUnitTest.dll (API version 3944462).
LogModuleManager: Display: Found up-to-date module file ../../../Engine/Plugins/NetcodeUnitTest/NUTUnrealEngine4/Binaries/Win64/UE4Editor-NUTUnrealEngine4.dll (API version 3944462).
LogModuleManager: Display: Found up-to-date module file ../../../Engine/Plugins/Online/OnlineSubsystem/Binaries/Win64/UE4Editor-OnlineSubsystem.dll (API version 3944462).
LogModuleManager: Display: Found up-to-date module file ../../../Engine/Plugins/Online/OnlineSubsystemNull/Binaries/Win64/UE4Editor-OnlineSubsystemNull.dll (API version 3944462).
LogModuleManager: Display: Found up-to-date module file ../../../Engine/Plugins/Online/OnlineSubsystemUtils/Binaries/Win64/UE4Editor-OnlineSubsystemUtils.dll (API version 3944462).
LogModuleManager: Display: Found up-to-date module file ../../../Engine/Plugins/Online/OnlineSubsystemUtils/Binaries/Win64/UE4Editor-OnlineBlueprintSupport.dll (API version 3944462).
LogModuleManager: Display: Found up-to-date module file ../../../Engine/Plugins/Runtime/AndroidDeviceProfileSelector/Binaries/Win64/UE4Editor-AndroidDeviceProfileSelector.dll (API version 3944462).
LogModuleManager: Display: Found up-to-date module file ../../../Engine/Plugins/Runtime/AndroidPermission/Binaries/Win64/UE4Editor-AndroidPermission.dll (API version 3944462).
LogModuleManager: Display: Found up-to-date module file ../../../Engine/Plugins/Runtime/AppleARKit/Binaries/Win64/UE4Editor-AppleARKit.dll (API version 3944462).
LogModuleManager: Display: Found up-to-date module file ../../../Engine/Plugins/Runtime/ArchVisCharacter/Binaries/Win64/UE4Editor-ArchVisCharacter.dll (API version 3944462).
LogModuleManager: Display: Found up-to-date module file ../../../Engine/Plugins/Runtime/AudioCapture/Binaries/Win64/UE4Editor-AudioCapture.dll (API version 3944462).
LogModuleManager: Display: Found up-to-date module file ../../../Engine/Plugins/Runtime/AudioCapture/Binaries/Win64/UE4Editor-AudioCaptureEditor.dll (API version 3944462).
LogModuleManager: Display: Found up-to-date module file ../../../Engine/Plugins/Runtime/CableComponent/Binaries/Win64/UE4Editor-CableComponent.dll (API version 3944462).
LogModuleManager: Display: Found up-to-date module file ../../../Engine/Plugins/Runtime/CustomMeshComponent/Binaries/Win64/UE4Editor-CustomMeshComponent.dll (API version 3944462).
LogModuleManager: Display: Found up-to-date module file ../../../Engine/Plugins/Runtime/ExampleDeviceProfileSelector/Binaries/Win64/UE4Editor-ExampleDeviceProfileSelector.dll (API version 3944462).
LogModuleManager: Display: Found up-to-date module file ../../../Engine/Plugins/Runtime/ImmediatePhysics/Binaries/Win64/UE4Editor-ImmediatePhysics.dll (API version 3944462).
LogModuleManager: Display: Found up-to-date module file ../../../Engine/Plugins/Runtime/ImmediatePhysics/Binaries/Win64/UE4Editor-ImmediatePhysicsEditor.dll (API version 3944462).
LogModuleManager: Display: Found up-to-date module file ../../../Engine/Plugins/Runtime/LocationServicesBPLibrary/Binaries/Win64/UE4Editor-LocationServicesBPLibrary.dll (API version 3944462).
LogModuleManager: Display: Found up-to-date module file ../../../Engine/Plugins/Runtime/MobilePatchingUtils/Binaries/Win64/UE4Editor-MobilePatchingUtils.dll (API version 3944462).
LogModuleManager: Display: Found up-to-date module file ../../../Engine/Plugins/Runtime/Oculus/OculusVR/Binaries/Win64/UE4Editor-OculusHMD.dll (API version 3944462).
LogModuleManager: Display: Found up-to-date module file ../../../Engine/Plugins/Runtime/Oculus/OculusVR/Binaries/Win64/UE4Editor-OculusInput.dll (API version 3944462).
LogModuleManager: Display: Found up-to-date module file ../../../Engine/Plugins/Runtime/Oculus/OculusVR/Binaries/Win64/UE4Editor-OculusEditor.dll (API version 3944462).
LogModuleManager: Display: Found up-to-date module file ../../../Engine/Plugins/Runtime/PhysXVehicles/Binaries/Win64/UE4Editor-PhysXVehicles.dll (API version 3944462).
LogModuleManager: Display: Found up-to-date module file ../../../Engine/Plugins/Runtime/PhysXVehicles/Binaries/Win64/UE4Editor-PhysXVehiclesEditor.dll (API version 3944462).
LogModuleManager: Display: Found up-to-date module file ../../../Engine/Plugins/Runtime/ProceduralMeshComponent/Binaries/Win64/UE4Editor-ProceduralMeshComponent.dll (API version 3944462).
LogModuleManager: Display: Found up-to-date module file ../../../Engine/Plugins/Runtime/ProceduralMeshComponent/Binaries/Win64/UE4Editor-ProceduralMeshComponentEditor.dll (API version 3944462).
LogModuleManager: Display: Found up-to-date module file ../../../Engine/Plugins/Runtime/RuntimePhysXCooking/Binaries/Win64/UE4Editor-RuntimePhysXCooking.dll (API version 3944462).
LogModuleManager: Display: Found up-to-date module file ../../../Engine/Plugins/Runtime/Steam/SteamVR/Binaries/Win64/UE4Editor-SteamVR.dll (API version 3944462).
LogModuleManager: Display: Found up-to-date module file ../../../Engine/Plugins/Runtime/Steam/SteamVR/Binaries/Win64/UE4Editor-SteamVRController.dll (API version 3944462).
LogModuleManager: Display: Found up-to-date module file ../../../Engine/Plugins/Runtime/WindowsMoviePlayer/Binaries/Win64/UE4Editor-WindowsMoviePlayer.dll (API version 3944462).
LogInit: Using libcurl 7.47.1
LogInit:  - built for x86_64-pc-win32
LogInit:  - supports SSL with OpenSSL/1.0.2g
LogInit:  - supports HTTP deflate (compression) using libz 1.2.8
LogInit:  - other features:
LogInit:      CURL_VERSION_SSL
LogInit:      CURL_VERSION_LIBZ
LogInit:      CURL_VERSION_IPV6
LogInit:      CURL_VERSION_ASYNCHDNS
LogInit:      CURL_VERSION_LARGEFILE
LogInit:      CURL_VERSION_IDN
LogInit:  CurlRequestOptions (configurable via config and command line):
LogInit:  - bVerifyPeer = false  - Libcurl will NOT verify peer certificate
LogInit:  - bUseHttpProxy = false  - Libcurl will NOT use HTTP proxy
LogInit:  - bDontReuseConnections = false  - Libcurl will reuse connections
LogInit:  - CertBundlePath = nullptr  - Libcurl will use whatever was configured at build time.
LogInit:  - MaxHostConnections = 16  - Libcurl will limit the number of connections to a host
LogInit:  - LocalHostAddr = Default
LogInit: WinSock: version 1.1 (2.2), MaxSocks=32767, MaxUdp=65467
LogInit: WinSock: I am DESKTOP-5A88OB5 (192.168.10.101:0)
LogInit: Build: ++UE4+Release-4.19-CL-4033788
LogInit: Engine Version: 4.19.2-4033788+++UE4+Release-4.19
LogInit: Compatible Engine Version: 4.19.0-3944462+++UE4+Release-4.19
LogInit: Net CL: 3944462
LogDevObjectVersion: Number of dev versions registered: 18
LogDevObjectVersion:   Dev-Blueprints (B0D832E4-1F89-4F0D-ACCF-7EB736FD4AA2): 10
LogDevObjectVersion:   Dev-Build (E1C64328-A22C-4D53-A36C-8E866417BD8C): 0
LogDevObjectVersion:   Dev-Core (375EC13C-06E4-48FB-B500-84F0262A717E): 2
LogDevObjectVersion:   Dev-Editor (E4B068ED-F494-42E9-A231-DA0B2E46BB41): 23
LogDevObjectVersion:   Dev-Framework (CFFC743F-43B0-4480-9391-14DF171D2073): 33
LogDevObjectVersion:   Dev-Mobile (B02B49B5-BB20-44E9-A304-32B752E40360): 2
LogDevObjectVersion:   Dev-Networking (A4E4105C-59A1-49B5-A7C5-40C4547EDFEE): 0
LogDevObjectVersion:   Dev-Online (39C831C9-5AE6-47DC-9A44-9C173E1C8E7C): 0
LogDevObjectVersion:   Dev-Physics (78F01B33-EBEA-4F98-B9B4-84EACCB95AA2): 0
LogDevObjectVersion:   Dev-Platform (6631380F-2D4D-43E0-8009-CF276956A95A): 0
LogDevObjectVersion:   Dev-Rendering (12F88B9F-8875-4AFC-A67C-D90C383ABD29): 25
LogDevObjectVersion:   Dev-Sequencer (7B5AE74C-D270-4C10-A958-57980B212A5A): 6
LogDevObjectVersion:   Dev-VR (D7296918-1DD6-4BDD-9DE2-64A83CC13884): 1
LogDevObjectVersion:   Dev-LoadTimes (C2A15278-BFE7-4AFE-6C17-90FF531DF755): 1
LogDevObjectVersion:   Private-Geometry (6EACA3D4-40EC-4CC1-B786-8BED09428FC5): 2
LogDevObjectVersion:   Dev-AnimPhys (29E575DD-E0A3-4627-9D10-D276232CDCEA): 16
LogDevObjectVersion:   Dev-ReflectionCapture (6B266CEC-1EC7-4B8F-A30B-E4D90942FC07): 1
LogDevObjectVersion:   Dev-Automation (0DF73D61-A23F-47EA-B727-89E90C41499A): 1
LogInit: Compiled (64-bit): Apr 27 2018 02:06:57
LogInit: Compiled with Visual C++: 19.00.24215.01
LogInit: Build Configuration: Development
LogInit: Branch Name: ++UE4+Release-4.19
LogInit: Command Line:  -skipcompile
LogInit: Base Directory: C:/Program Files/Epic Games/UE_4.19/Engine/Binaries/Win64/
LogInit: Installed Engine Build: 1
LogStreaming: Display: Took  0.006s to delete old logs.
LogInit: Presizing for max 8388607 objects, including 0 objects not considered by GC, pre-allocating 0 bytes for permanent pool.
LogInit: Object subsystem initialized
[2018.09.17-19.34.49:825][  0]LogInit: Selected Device Profile: [Windows]
[2018.09.17-19.34.49:826][  0]LogInit: Applying CVar settings loaded from the selected device profile: [Windows]
[2018.09.17-19.34.49:864][  0]LogInit: Computer: DESKTOP-5A88OB5
[2018.09.17-19.34.49:865][  0]LogInit: User: 김재원
[2018.09.17-19.34.49:865][  0]LogInit: CPU Page size=4096, Cores=4
[2018.09.17-19.34.49:865][  0]LogInit: High frequency timer resolution =10.000000 MHz
[2018.09.17-19.34.49:865][  0]LogMemory: Memory total: Physical=8.0GB (8GB approx)
[2018.09.17-19.34.49:865][  0]LogMemory: Platform Memory Stats for Windows
[2018.09.17-19.34.49:865][  0]LogMemory: Process Physical Memory: 274.73 MB used, 274.73 MB peak
[2018.09.17-19.34.49:865][  0]LogMemory: Process Virtual Memory: 264.74 MB used, 264.74 MB peak
[2018.09.17-19.34.49:865][  0]LogMemory: Physical Memory: 3791.38 MB used,  4372.99 MB free, 8164.38 MB total
[2018.09.17-19.34.49:865][  0]LogMemory: Virtual Memory: 4790.51 MB used,  4372.99 MB free, 134217728.00 MB total
[2018.09.17-19.34.49:933][  0]LogInit: Using OS detected language (ko-KR).
[2018.09.17-19.34.49:933][  0]LogInit: Using OS detected locale (ko-KR).
[2018.09.17-19.34.50:026][  0]LogTextLocalizationManager: No specific localization for 'ko-KR' exists, so the 'ko' localization will be used.
[2018.09.17-19.34.50:683][  0]LogStreaming: Display: Took  0.749s to EndInitTextLocalization.
[2018.09.17-19.34.50:683][  0]LogInit: Setting process to per monitor DPI aware
[2018.09.17-19.34.50:806][  0]LogSlate: New Slate User Created.  User Index 0, Is Virtual User: 0
[2018.09.17-19.34.50:806][  0]LogSlate: Slate User Registered.  User Index 0, Is Virtual User: 0
[2018.09.17-19.34.53:812][  0]LogD3D11RHI: D3D11 adapters:
[2018.09.17-19.34.53:928][  0]LogD3D11RHI:    0. 'NVIDIA GeForce GTX 1070' (Feature Level 11_0)
[2018.09.17-19.34.53:928][  0]LogD3D11RHI:       8088/0/4082 MB DedicatedVideo/DedicatedSystem/SharedSystem, Outputs:1, VendorId:0x10de
[2018.09.17-19.34.53:933][  0]LogD3D11RHI:    1. 'Microsoft Basic Render Driver' (Feature Level 11_0)
[2018.09.17-19.34.53:933][  0]LogD3D11RHI:       0/0/4082 MB DedicatedVideo/DedicatedSystem/SharedSystem, Outputs:0, VendorId:0x1414
[2018.09.17-19.34.53:933][  0]LogD3D11RHI: Chosen D3D11 Adapter: 0
[2018.09.17-19.34.53:942][  0]LogD3D11RHI: Creating new Direct3DDevice
[2018.09.17-19.34.53:942][  0]LogD3D11RHI:     GPU DeviceId: 0x1b81 (for the marketing name, search the web for "GPU Device Id")
[2018.09.17-19.34.53:942][  0]LogWindows: EnumDisplayDevices:
[2018.09.17-19.34.53:942][  0]LogWindows:    0. 'NVIDIA GeForce GTX 1070' (P:1 D:1)
[2018.09.17-19.34.53:943][  0]LogWindows:    1. 'NVIDIA GeForce GTX 1070' (P:0 D:0)
[2018.09.17-19.34.53:944][  0]LogWindows:    2. 'NVIDIA GeForce GTX 1070' (P:0 D:0)
[2018.09.17-19.34.53:944][  0]LogWindows:    3. 'NVIDIA GeForce GTX 1070' (P:0 D:0)
[2018.09.17-19.34.53:945][  0]LogWindows: DebugString: GetVideoDriverDetailsInvalid PrimaryIsNotTheChoosenAdapter GetVideoDriverDetailsInvalid PrimaryIsNotTheChoosenAdapter GetVideoDriverDetailsInvalid PrimaryIsNotTheChoosenAdapter GetVideoDriverDetailsInvalid PrimaryIsNotTheChoosenAdapter FoundDriverCount:0 
[2018.09.17-19.34.53:945][  0]LogD3D11RHI:     Adapter Name: NVIDIA GeForce GTX 1070
[2018.09.17-19.34.53:945][  0]LogD3D11RHI:   Driver Version: Unknown (internal:Unknown, unified:Unknown)
[2018.09.17-19.34.53:945][  0]LogD3D11RHI:      Driver Date: Unknown
[2018.09.17-19.34.53:945][  0]LogRHI: Texture pool is 5661 MB (70% of 8088 MB)
[2018.09.17-19.34.54:011][  0]LogD3D11RHI: [Aftermath] Aftermath enabled and primed
[2018.09.17-19.34.54:011][  0]LogD3D11RHI: [Aftermath] Aftermath enabled and primed
[2018.09.17-19.34.54:011][  0]LogD3D11RHI: Async texture creation enabled
[2018.09.17-19.34.54:035][  0]LogD3D11RHI: GPU Timing Frequency: 1000.000000 (Debug: 2 2)
[2018.09.17-19.34.54:083][  0]LogShaderCompilers: Guid format shader working directory is 18 characters bigger than the processId version (../../../../../../FPS_Game/Intermediate/Shaders/WorkingDirectory/3012/).
[2018.09.17-19.34.54:083][  0]LogShaderCompilers: Cleaned the shader compiler working directory 'C:/Users/김재원/AppData/Local/Temp/UnrealShaderWorkingDir/CD361A354CA676CFBA84F0B0613B8033/'.
[2018.09.17-19.34.54:448][  0]LogTemp: Display: Loaded TP AllDesktopTargetPlatform
[2018.09.17-19.34.54:472][  0]LogTemp: Display: Loaded TP MacClientTargetPlatform
[2018.09.17-19.34.54:497][  0]LogTemp: Display: Loaded TP MacNoEditorTargetPlatform
[2018.09.17-19.34.54:522][  0]LogTemp: Display: Loaded TP MacServerTargetPlatform
[2018.09.17-19.34.54:551][  0]LogTemp: Display: Loaded TP MacTargetPlatform
[2018.09.17-19.34.54:576][  0]LogTemp: Display: Loaded TP WindowsClientTargetPlatform
[2018.09.17-19.34.54:602][  0]LogTemp: Display: Loaded TP WindowsNoEditorTargetPlatform
[2018.09.17-19.34.54:628][  0]LogTemp: Display: Loaded TP WindowsServerTargetPlatform
[2018.09.17-19.34.54:642][  0]LogTemp: Display: Loaded TP WindowsTargetPlatform
[2018.09.17-19.34.54:664][  0]LogTemp: Display: Loaded TP Android_ASTCTargetPlatform
[2018.09.17-19.34.54:685][  0]LogTemp: Display: Loaded TP Android_ATCTargetPlatform
[2018.09.17-19.34.54:706][  0]LogTemp: Display: Loaded TP Android_DXTTargetPlatform
[2018.09.17-19.34.54:728][  0]LogTemp: Display: Loaded TP Android_ETC1aTargetPlatform
[2018.09.17-19.34.54:749][  0]LogTemp: Display: Loaded TP Android_ETC1TargetPlatform
[2018.09.17-19.34.54:770][  0]LogTemp: Display: Loaded TP Android_ETC2TargetPlatform
[2018.09.17-19.34.54:813][  0]LogTemp: Display: Loaded TP Android_MultiTargetPlatform
[2018.09.17-19.34.54:813][  0]LogTemp: Display: Loaded TP Android_PVRTCTargetPlatform
[2018.09.17-19.34.54:841][  0]LogTemp: Display: Loaded TP AndroidTargetPlatform
[2018.09.17-19.34.54:845][  0]LogTemp: Display: Loaded TP HTML5TargetPlatform
[2018.09.17-19.34.54:946][  0]LogTemp: Display: Loaded TP IOSTargetPlatform
[2018.09.17-19.34.54:966][  0]LogTemp: Display: Loaded TP TVOSTargetPlatform
[2018.09.17-19.34.54:988][  0]LogTemp: Display: Loaded TP LinuxClientTargetPlatform
[2018.09.17-19.34.55:011][  0]LogTemp: Display: Loaded TP LinuxNoEditorTargetPlatform
[2018.09.17-19.34.55:033][  0]LogTemp: Display: Loaded TP LinuxServerTargetPlatform
[2018.09.17-19.34.55:062][  0]LogTemp: Display: Loaded TP LinuxTargetPlatform
[2018.09.17-19.34.55:062][  0]LogTargetPlatformManager: Display: Building Assets For Windows
[2018.09.17-19.34.55:348][  0]LogXGEController: Cleaning working directory: C:/Users/김재원/AppData/Local/Temp/UnrealXGEWorkingDir/
[2018.09.17-19.34.55:348][  0]LogXGEController: Cannot use XGE Controller as Incredibuild is not installed on this machine.
[2018.09.17-19.34.55:348][  0]LogShaderCompilers: Cannot use XGE Shader Compiler as Incredibuild is not installed on this machine.
[2018.09.17-19.34.55:348][  0]LogShaderCompilers: Display: Using Local Shader Compiler.
[2018.09.17-19.34.57:768][  0]LogDerivedDataCache: Display: Max Cache Size: 512 MB
[2018.09.17-19.34.58:449][  0]LogDerivedDataCache: Loaded boot cache 0.68s 74MB C:/Users/김재원/AppData/Local/UnrealEngine/4.19/DerivedDataCache/Boot.ddc.
[2018.09.17-19.34.58:449][  0]LogDerivedDataCache: Display: Loaded Boot cache: C:/Users/김재원/AppData/Local/UnrealEngine/4.19/DerivedDataCache/Boot.ddc
[2018.09.17-19.34.58:450][  0]LogDerivedDataCache: FDerivedDataBackendGraph:  Pak pak cache file ../../../../../../FPS_Game/DerivedDataCache/DDC.ddp not found, will not use a pak cache.
[2018.09.17-19.34.58:450][  0]LogDerivedDataCache: Unable to find inner node Pak for hierarchical cache Hierarchy.
[2018.09.17-19.34.58:450][  0]LogDerivedDataCache: FDerivedDataBackendGraph:  CompressedPak pak cache file ../../../../../../FPS_Game/DerivedDataCache/Compressed.ddp not found, will not use a pak cache.
[2018.09.17-19.34.58:450][  0]LogDerivedDataCache: Unable to find inner node CompressedPak for hierarchical cache Hierarchy.
[2018.09.17-19.34.58:473][  0]LogDerivedDataCache: Display: Pak cache opened for reading ../../../Engine/DerivedDataCache/Compressed.ddp.
[2018.09.17-19.34.58:486][  0]LogDerivedDataCache: Using Local data cache path C:/Users/김재원/AppData/Local/UnrealEngine/Common/DerivedDataCache: Writable
[2018.09.17-19.34.58:486][  0]LogDerivedDataCache: Shared data cache path not found in *engine.ini, will not use an Shared cache.
[2018.09.17-19.34.58:486][  0]LogDerivedDataCache: Unable to find inner node Shared for hierarchical cache Hierarchy.
[2018.09.17-19.34.58:504][  0]LogMaterial: Verifying Global Shaders for PCD3D_SM5
[2018.09.17-19.34.58:506][  0]LogSlate: Using Freetype 2.6.0
[2018.09.17-19.34.58:518][  0]LogSlate: SlateFontCache - WITH_FREETYPE: 1, WITH_HARFBUZZ: 1
[2018.09.17-19.34.58:518][  0]LogSlate: SlateFontCache - WITH_FREETYPE: 1, WITH_HARFBUZZ: 1
[2018.09.17-19.35.00:430][  0]LogAssetRegistry: FAssetRegistry took 0.0295 seconds to start up
[2018.09.17-19.35.01:020][  0]LogInit: Selected Device Profile: [Windows]
[2018.09.17-19.35.01:274][  0]LogSimplygon: Simplygon DLL not present - disabling.
[2018.09.17-19.35.01:282][  0]LogMeshReduction: Using SimplygonSwarm for distributed automatic mesh merging
[2018.09.17-19.35.01:283][  0]LogMeshReduction: Using QuadricMeshReduction for automatic static mesh reduction
[2018.09.17-19.35.01:283][  0]LogMeshReduction: No automatic skeletal mesh reduction module available
[2018.09.17-19.35.01:283][  0]LogMeshReduction: No automatic mesh merging module available
[2018.09.17-19.35.01:283][  0]LogMeshMerging: No automatic mesh merging module available
[2018.09.17-19.35.01:342][  0]LogNetVersion: FPS_Game , NetCL: 3944462, EngineNetVer: 2, GameNetVer: 0 (Checksum: 1628388489)
[2018.09.17-19.35.02:102][  0]LogPackageLocalizationCache: Processed 9 localized package path(s) for 2 prioritized culture(s) in 0.124514 seconds
[2018.09.17-19.35.02:109][  0]LogUObjectArray: 36728 objects as part of root set at end of initial load.
[2018.09.17-19.35.02:109][  0]LogUObjectAllocator: 7314312 out of 0 bytes used by permanent object pool.
[2018.09.17-19.35.02:109][  0]LogUObjectArray: CloseDisregardForGC: 0/0 objects in disregard for GC pool
[2018.09.17-19.35.07:941][  0]LogTcpMessaging: Initializing TcpMessaging bridge
[2018.09.17-19.35.07:994][  0]LogUdpMessaging: Initializing bridge on interface 0.0.0.0:0 to multicast group 230.0.0.1:6666.
[2018.09.17-19.35.08:788][  0]SourceControl: 소스 콘트롤이 꺼졌습니다.
[2018.09.17-19.35.08:788][  0]SourceControl: 소스 콘트롤이 꺼졌습니다.
[2018.09.17-19.35.08:830][  0]SourceControl: 소스 콘트롤이 꺼졌습니다.
[2018.09.17-19.35.08:871][  0]SourceControl: 소스 콘트롤이 꺼졌습니다.
[2018.09.17-19.35.09:877][  0]LogAndroidPermission: UAndroidPermissionCallbackProxy::GetInstance
[2018.09.17-19.35.10:241][  0]LogOcInput: OculusInput pre-init called
[2018.09.17-19.35.10:447][  0]LogEngine: Initializing Engine...
[2018.09.17-19.35.10:450][  0]LogHMD: Failed to initialize OpenVR with code 110
[2018.09.17-19.35.10:452][  0]LogStats: UGameplayTagsManager::ConstructGameplayTagTree: Construct from data asset -  0.000 s
[2018.09.17-19.35.10:453][  0]LogStats: UGameplayTagsManager::ConstructGameplayTagTree: GameplayTagTreeChangedEvent.Broadcast -  0.000 s
[2018.09.17-19.35.10:780][  0]LogAIModule: Creating AISystem for world Untitled
[2018.09.17-19.35.10:935][  0]LogInit: XAudio2 using 'C27F591(NVIDIA High Definition Audio)' : 2 channels at 48 kHz using 16 bits per sample (channel mask 0x3)
[2018.09.17-19.35.11:007][  0]LogInit: FAudioDevice initialized.
[2018.09.17-19.35.11:213][  0]LogDerivedDataCache: Saved boot cache 0.21s 74MB C:/Users/김재원/AppData/Local/UnrealEngine/4.19/DerivedDataCache/Boot.ddc.
[2018.09.17-19.35.11:244][  0]LogInit: Texture streaming: Enabled
[2018.09.17-19.35.11:290][  0]LogEngineSessionManager: EngineSessionManager initialized
[2018.09.17-19.35.11:290][  0]LogEngineSessionManager: EngineSessionManager sent abnormal shutdown report. Type=Crashed, SessionId={9A7E7F34-4760-D333-52D2-33887D27F2A2}
[2018.09.17-19.35.11:327][  0]LogInit: Transaction tracking system initialized
[2018.09.17-19.35.11:400][  0]BlueprintLog: New page: 에디터 로드
[2018.09.17-19.35.11:612][  0]LocalizationService: 현지화 서비스가 비활성화되었습니다.
[2018.09.17-19.35.11:831][  0]LogConsoleResponse: Display: 
[2018.09.17-19.35.12:073][  0]LogCook: Display: Max memory allowance for cook 16384mb min free memory 0mb
[2018.09.17-19.35.12:073][  0]LogCook: Display: Mobile HDR setting 1
[2018.09.17-19.35.12:073][  0]LogGameplayTags: Display: UGameplayTagsManager::DoneAddingNativeTags. DelegateIsBound: 0
[2018.09.17-19.35.12:073][  0]LogStats: UGameplayTagsManager::ConstructGameplayTagTree: Construct from data asset -  0.000 s
[2018.09.17-19.35.12:073][  0]LogStats: UGameplayTagsManager::ConstructGameplayTagTree: GameplayTagTreeChangedEvent.Broadcast -  0.000 s
[2018.09.17-19.35.12:643][  0]LogFileCache: Scanning file cache for directory 'C:/FPS_Game/Content/' took 0.03s
[2018.09.17-19.35.13:020][  0]SourceControl: 소스 콘트롤이 꺼졌습니다.
[2018.09.17-19.35.13:021][  0]Cmd: MAP LOAD FILE="../../../Engine/Content/Maps/Templates/Template_Default.umap" TEMPLATE=1 SHOWPROGRESS=1 FEATURELEVEL=3
[2018.09.17-19.35.13:030][  0]LightingResults: New page: 라이팅 빌드
[2018.09.17-19.35.13:038][  0]MapCheck: New page: 맵 체크
[2018.09.17-19.35.13:038][  0]LightingResults: New page: 라이팅 빌드
[2018.09.17-19.35.13:373][  0]LogAIModule: Creating AISystem for world Untitled_1
[2018.09.17-19.35.13:384][  0]LogEditorServer: Finished looking for orphan Actors (0.000 secs)
[2018.09.17-19.35.13:412][  0]Cmd: MAP CHECKDEP NOCLEARLOG
[2018.09.17-19.35.13:511][  0]MapCheck: 맵 체크 완료: 오류 0 회, 경고 0 회, 소요 시간 98.941ms.
[2018.09.17-19.35.13:511][  0]LogFileHelpers: Loading map 'Template_Default' took 0.490
[2018.09.17-19.35.13:734][  0]LogCollectionManager: Loaded 0 collections in 0.004928 seconds
[2018.09.17-19.35.13:784][  0]LogFileCache: Scanning file cache for directory 'C:/FPS_Game/Saved/Collections/' took 0.01s
[2018.09.17-19.35.13:784][  0]LogFileCache: Scanning file cache for directory 'C:/FPS_Game/Content/Developers/김재원/Collections/' took 0.01s
[2018.09.17-19.35.13:784][  0]LogFileCache: Scanning file cache for directory 'C:/FPS_Game/Content/Collections/' took 0.01s
[2018.09.17-19.35.13:784][  0]LogCollectionManager: Rebuilt the GUID cache for 0 collections in 0.000000 seconds
[2018.09.17-19.35.13:802][  0]LogContentBrowser: Native class hierarchy populated in 0.0176 seconds. Added 2458 classes and 563 folders.
[2018.09.17-19.35.13:822][  0]LogContentBrowser: Native class hierarchy updated for 'WidgetCarousel' in 0.0036 seconds. Added 0 classes and 0 folders.
[2018.09.17-19.35.14:358][  0]LogContentBrowser: Native class hierarchy updated for 'AddContentDialog' in 0.0024 seconds. Added 0 classes and 0 folders.
[2018.09.17-19.35.14:373][  0]LogContentBrowser: Native class hierarchy updated for 'SceneOutliner' in 0.0025 seconds. Added 1 classes and 2 folders.
[2018.09.17-19.35.14:601][  0]LogSlate: Took 0.065149 seconds to synchronously load lazily loaded font '../../../Engine/Content/Slate/Fonts/Roboto-Regular.ttf' (155K)
[2018.09.17-19.35.14:877][  0]LogSlate: Took 0.275338 seconds to synchronously load lazily loaded font '../../../Engine/Content/Editor/Slate/Fonts/NanumGothic.ttf' (4243K)
[2018.09.17-19.35.14:917][  0]LogSlate: Took 0.039402 seconds to synchronously load lazily loaded font '../../../Engine/Content/Editor/Slate/Fonts/NanumGothicBold.ttf' (4188K)
[2018.09.17-19.35.14:924][  0]LogSlate: Took 0.006618 seconds to synchronously load lazily loaded font '../../../Engine/Content/Slate/Fonts/Roboto-Bold.ttf' (160K)
[2018.09.17-19.35.14:938][  0]LogSlate: Took 0.007469 seconds to synchronously load lazily loaded font '../../../Engine/Content/Editor/Slate/Fonts/FontAwesome.ttf' (139K)
[2018.09.17-19.35.15:118][  0]LogRenderer: Reallocating scene render targets to support 1208x612 Format 10 NumSamples 1 (Frame:1).
[2018.09.17-19.35.15:404][  0]LogContentBrowser: Native class hierarchy updated for 'HierarchicalLODOutliner' in 0.0026 seconds. Added 0 classes and 0 folders.
[2018.09.17-19.35.15:404][  0]LogLoad: (Engine Initialization) Total time: 33.82 seconds
[2018.09.17-19.35.15:404][  0]LogLoad: (Engine Initialization) Total Blueprint compile time: 0.00 seconds
[2018.09.17-19.35.15:418][  0]LogWindowsTextInputMethodSystem: Display: IME system now activated using TSF (Microsoft 입력기).
[2018.09.17-19.35.15:444][  0]LogContentStreaming: Texture pool size now 1000 MB
[2018.09.17-19.35.15:630][  2]LogAssetRegistry: Asset discovery search completed in 15.2224 seconds
[2018.09.17-19.35.15:632][  2]LogCollectionManager: Rebuilt the object cache for 0 collections in 0.000000 seconds (found 0 objects)
[2018.09.17-19.35.15:633][  2]LogCollectionManager: Fixed up redirectors for 0 collections in 0.000098 seconds (updated 0 objects)
[2018.09.17-19.35.19:541][445]LogSlate: Took 0.022623 seconds to synchronously load lazily loaded font '../../../Engine/Content/Slate/Fonts/Roboto-Light.ttf' (167K)
[2018.09.17-19.35.28:047][277]LogSlate: FSceneViewport::OnFocusLost() reason 0
[2018.09.17-19.35.29:059][375]LogSlate: Took 0.000330 seconds to synchronously load lazily loaded font '../../../Engine/Content/Slate/Fonts/Roboto-Light.ttf' (167K)
[2018.09.17-19.35.29:147][375]LogUObjectGlobals: Created PersistentFrame Addr=0x000001e7749af000, Size=128, Default__HeroFPP_AnimationBlueprint_C Function /Game/Characters/HeroFPP/HeroFPP_AnimationBlueprint.HeroFPP_AnimationBlueprint_C:ExecuteUbergraph_HeroFPP_AnimationBlueprint
[2018.09.17-19.35.29:177][375]LogUObjectGlobals: Destroyed PersistentFrame Addr=0x000001e7749af000, Size=128
[2018.09.17-19.35.29:177][375]LogUObjectGlobals: Created PersistentFrame Addr=0x000001e7749af000, Size=128, Default__HeroFPP_AnimationBlueprint_C Function /Engine/Transient.REINST_HeroFPP_AnimationBlueprint_C_0:ExecuteUbergraph_HeroFPP_AnimationBlueprint
[2018.09.17-19.35.29:207][375]LogUObjectGlobals: Created PersistentFrame Addr=0x000001e76a82ae80, Size=128, Default__HeroFPP_AnimationBlueprint_C Function /Game/Characters/HeroFPP/HeroFPP_AnimationBlueprint.HeroFPP_AnimationBlueprint_C:ExecuteUbergraph_HeroFPP_AnimationBlueprint
[2018.09.17-19.35.29:791][375]LogSkeletalMesh: Skeletal Mesh found in DDC [8.902600ms] /Game/Characters/HeroFPP/HeroFPP.HeroFPP
[2018.09.17-19.35.29:843][375]LogSkeletalMesh: Skeletal Mesh found in DDC [15.336300ms] /Game/Weapons/Rifle.Rifle
[2018.09.17-19.35.30:550][375]LogAIModule: Creating AISystem for world NewMap
[2018.09.17-19.35.30:590][375]LogUObjectGlobals: Destroyed PersistentFrame Addr=0x000001e7749af000, Size=128
[2018.09.17-19.35.30:593][375]Cmd: MAP LOAD FILE="../../../../../../FPS_Game/Content/NewMap.umap" TEMPLATE=0 SHOWPROGRESS=1 FEATURELEVEL=3
[2018.09.17-19.35.30:593][375]LightingResults: New page: 라이팅 빌드
[2018.09.17-19.35.30:594][375]LoadErrors: New page: 맵 로드중: NewMap.umap
[2018.09.17-19.35.30:594][375]MapCheck: New page: 맵 체크
[2018.09.17-19.35.30:594][375]LightingResults: New page: 라이팅 빌드
[2018.09.17-19.35.30:715][375]LogEditorServer: Finished looking for orphan Actors (0.000 secs)
[2018.09.17-19.35.30:803][375]Cmd: MAP CHECKDEP NOCLEARLOG
[2018.09.17-19.35.30:959][375]MapCheck: 맵 체크 완료: 오류 0 회, 경고 0 회, 소요 시간 156.27ms.
[2018.09.17-19.35.30:959][375]LogFileHelpers: Loading map 'NewMap' took 0.368
[2018.09.17-19.35.32:704][562]LogTemp: Repeating last play command: 선택된 뷰포트
[2018.09.17-19.35.32:738][562]LogPlayLevel: PlayLevel: No blueprints needed recompiling
[2018.09.17-19.35.32:739][562]PIE: New page: PIE 세션: NewMap (2018. 9. 18. 오후 1:35:32)
[2018.09.17-19.35.32:739][562]LogPlayLevel: Creating play world package: /Game/UEDPIE_0_NewMap
[2018.09.17-19.35.32:743][562]LogPlayLevel: PIE: StaticDuplicateObject took: (0.004172s)
[2018.09.17-19.35.32:744][562]LogAIModule: Creating AISystem for world NewMap
[2018.09.17-19.35.32:744][562]LogPlayLevel: PIE: World Init took: (0.000934s)
[2018.09.17-19.35.32:744][562]LogPlayLevel: PIE: Created PIE world by copying editor world from /Game/NewMap.NewMap to /Game/UEDPIE_0_NewMap.NewMap (0.005318s)
[2018.09.17-19.35.32:801][562]LogInit: XAudio2 using 'C27F591(NVIDIA High Definition Audio)' : 2 channels at 48 kHz using 16 bits per sample (channel mask 0x3)
[2018.09.17-19.35.32:823][562]LogInit: FAudioDevice initialized.
[2018.09.17-19.35.32:870][562]LogLoad: Game class is 'FPS_GameGameModeBase_BP_C'
[2018.09.17-19.35.32:872][562]LogWorld: Bringing World /Game/UEDPIE_0_NewMap.NewMap up for play (max tick rate 0) at 2018.09.18-04.35.32
[2018.09.17-19.35.32:872][562]LogWorld: Bringing up level for play took: 0.000757
[2018.09.17-19.35.32:914][562]LogContentBrowser: Native class hierarchy updated for 'MovieSceneCapture' in 0.0026 seconds. Added 11 classes and 0 folders.
[2018.09.17-19.35.32:970][562]PIE: /Game/UEDPIE_0_NewMap 에 대한 에디터에서 플레이 시작 시간: 0.545
[2018.09.17-19.36.47:943][302]LogHotReload: New module detected: UE4Editor-FPS_Game-616.dll
[2018.09.17-19.36.49:297][307]LogHotReload: Starting Hot-Reload from IDE
[2018.09.17-19.36.49:395][307]LogClass: WeaponData HotReload.
[2018.09.17-19.36.49:405][307]LogContentBrowser: Native class hierarchy updated for 'FPS_Game' in 0.0030 seconds. Added 6 classes and 5 folders.
[2018.09.17-19.36.49:409][307]Display: HotReload successful (5 functions remapped  1 scriptstructs remapped)
[2018.09.17-19.36.49:786][307]LogContentBrowser: Native class hierarchy populated in 0.0179 seconds. Added 2459 classes and 565 folders.
[2018.09.17-19.36.49:840][307]Display: HotReload took  0.5s.
[2018.09.17-19.36.53:486][412]LogSlate: FSceneViewport::OnFocusLost() reason 0
[2018.09.17-19.36.53:601][424]LogTemp: Repeating last play command: 선택된 뷰포트
[2018.09.17-19.36.53:634][424]LogPlayLevel: PlayLevel: No blueprints needed recompiling
[2018.09.17-19.36.53:634][424]PIE: New page: PIE 세션: NewMap (2018. 9. 18. 오후 1:36:53)
[2018.09.17-19.36.53:634][424]LogPlayLevel: Creating play world package: /Game/UEDPIE_0_NewMap
[2018.09.17-19.36.53:637][424]LogPlayLevel: PIE: StaticDuplicateObject took: (0.002767s)
[2018.09.17-19.36.53:638][424]LogAIModule: Creating AISystem for world NewMap
[2018.09.17-19.36.53:638][424]LogPlayLevel: PIE: World Init took: (0.000970s)
[2018.09.17-19.36.53:638][424]LogPlayLevel: PIE: Created PIE world by copying editor world from /Game/NewMap.NewMap to /Game/UEDPIE_0_NewMap.NewMap (0.003927s)
[2018.09.17-19.36.53:696][424]LogInit: XAudio2 using 'C27F591(NVIDIA High Definition Audio)' : 2 channels at 48 kHz using 16 bits per sample (channel mask 0x3)
[2018.09.17-19.36.53:717][424]LogInit: FAudioDevice initialized.
[2018.09.17-19.36.53:749][424]LogLoad: Game class is 'FPS_GameGameModeBase_BP_C'
[2018.09.17-19.36.53:751][424]LogWorld: Bringing World /Game/UEDPIE_0_NewMap.NewMap up for play (max tick rate 0) at 2018.09.18-04.36.53
[2018.09.17-19.36.53:751][424]LogWorld: Bringing up level for play took: 0.000658
[2018.09.17-19.36.53:753][424]PIE: /Game/UEDPIE_0_NewMap 에 대한 에디터에서 플레이 시작 시간: -0.671
[2018.09.17-19.37.21:316][130]LogHotReload: New module detected: UE4Editor-FPS_Game-3435.dll
[2018.09.17-19.37.22:673][135]LogHotReload: Starting Hot-Reload from IDE
[2018.09.17-19.37.22:758][135]LogClass: WeaponData HotReload.
[2018.09.17-19.37.22:767][135]LogContentBrowser: Native class hierarchy updated for 'FPS_Game' in 0.0031 seconds. Added 6 classes and 5 folders.
[2018.09.17-19.37.22:769][135]Display: HotReload successful (5 functions remapped  1 scriptstructs remapped)
[2018.09.17-19.37.22:866][135]LogContentBrowser: Native class hierarchy populated in 0.0181 seconds. Added 2459 classes and 565 folders.
[2018.09.17-19.37.22:872][135]Display: HotReload took  0.2s.
[2018.09.17-19.37.26:309][210]LogSlate: FSceneViewport::OnFocusLost() reason 0
[2018.09.17-19.37.26:436][223]LogTemp: Repeating last play command: 선택된 뷰포트
[2018.09.17-19.37.26:469][223]LogPlayLevel: PlayLevel: No blueprints needed recompiling
[2018.09.17-19.37.26:469][223]PIE: New page: PIE 세션: NewMap (2018. 9. 18. 오후 1:37:26)
[2018.09.17-19.37.26:469][223]LogPlayLevel: Creating play world package: /Game/UEDPIE_0_NewMap
[2018.09.17-19.37.26:472][223]LogPlayLevel: PIE: StaticDuplicateObject took: (0.002730s)
[2018.09.17-19.37.26:473][223]LogAIModule: Creating AISystem for world NewMap
[2018.09.17-19.37.26:473][223]LogPlayLevel: PIE: World Init took: (0.001094s)
[2018.09.17-19.37.26:473][223]LogPlayLevel: PIE: Created PIE world by copying editor world from /Game/NewMap.NewMap to /Game/UEDPIE_0_NewMap.NewMap (0.004055s)
[2018.09.17-19.37.26:529][223]LogInit: XAudio2 using 'C27F591(NVIDIA High Definition Audio)' : 2 channels at 48 kHz using 16 bits per sample (channel mask 0x3)
[2018.09.17-19.37.26:551][223]LogInit: FAudioDevice initialized.
[2018.09.17-19.37.26:586][223]LogLoad: Game class is 'FPS_GameGameModeBase_BP_C'
[2018.09.17-19.37.26:588][223]LogWorld: Bringing World /Game/UEDPIE_0_NewMap.NewMap up for play (max tick rate 0) at 2018.09.18-04.37.26
[2018.09.17-19.37.26:588][223]LogWorld: Bringing up level for play took: 0.000733
[2018.09.17-19.37.49:732][223]LogWindows: Error: === Critical error: ===
[2018.09.17-19.37.49:732][223]LogWindows: Error: 
[2018.09.17-19.37.49:732][223]LogWindows: Error: Fatal error!
[2018.09.17-19.37.49:732][223]LogWindows: Error: 
[2018.09.17-19.37.49:732][223]LogWindows: Error: Unhandled Exception: EXCEPTION_ACCESS_VIOLATION reading address 0x00000440
[2018.09.17-19.37.49:732][223]LogWindows: Error: 
[2018.09.17-19.37.49:732][223]LogWindows: Error: [Callstack] 0x00000000A6E24D6A UE4Editor-FPS_Game-3435.dll!APlayerCharacter::OnCameraUpdate() [c:\fps_game\source\fps_game\private\character\playercharacter.cpp:52]
[2018.09.17-19.37.49:732][223]LogWindows: Error: [Callstack] 0x00000000A6E22E92 UE4Editor-FPS_Game-3435.dll!ACameraManager::UpdateCamera() [c:\fps_game\source\fps_game\private\character\cameramanager.cpp:32]
[2018.09.17-19.37.49:732][223]LogWindows: Error: [Callstack] 0x00000000BB2F920F UE4Editor-Engine.dll!APlayerController::SpawnPlayerCameraManager() [d:\build\++ue4+release-4.19+compile\sync\engine\source\runtime\engine\private\playercontroller.cpp:2590]
[2018.09.17-19.37.49:732][223]LogWindows: Error: [Callstack] 0x00000000BB2E907B UE4Editor-Engine.dll!APlayerController::PostInitializeComponents() [d:\build\++ue4+release-4.19+compile\sync\engine\source\runtime\engine\private\playercontroller.cpp:961]
[2018.09.17-19.37.49:732][223]LogWindows: Error: [Callstack] 0x00000000BA578473 UE4Editor-Engine.dll!AActor::PostActorConstruction() [d:\build\++ue4+release-4.19+compile\sync\engine\source\runtime\engine\private\actor.cpp:2946]
[2018.09.17-19.37.49:732][223]LogWindows: Error: [Callstack] 0x00000000BA55484A UE4Editor-Engine.dll!AActor::FinishSpawning() [d:\build\++ue4+release-4.19+compile\sync\engine\source\runtime\engine\private\actor.cpp:2872]
[2018.09.17-19.37.49:732][223]LogWindows: Error: [Callstack] 0x00000000BACB666F UE4Editor-Engine.dll!UGameplayStatics::FinishSpawningActor() [d:\build\++ue4+release-4.19+compile\sync\engine\source\runtime\engine\private\gameplaystatics.cpp:454]
[2018.09.17-19.37.49:732][223]LogWindows: Error: [Callstack] 0x00000000BACE2987 UE4Editor-Engine.dll!AGameModeBase::SpawnPlayerControllerCommon() [d:\build\++ue4+release-4.19+compile\sync\engine\source\runtime\engine\private\gamemodebase.cpp:710]
[2018.09.17-19.37.49:732][223]LogWindows: Error: [Callstack] 0x00000000BACE27CA UE4Editor-Engine.dll!AGameModeBase::SpawnPlayerController() [d:\build\++ue4+release-4.19+compile\sync\engine\source\runtime\engine\private\gamemodebase.cpp:688]
[2018.09.17-19.37.49:732][223]LogWindows: Error: [Callstack] 0x00000000BACC9B6D UE4Editor-Engine.dll!AGameModeBase::Login() [d:\build\++ue4+release-4.19+compile\sync\engine\source\runtime\engine\private\gamemodebase.cpp:664]
[2018.09.17-19.37.49:732][223]LogWindows: Error: [Callstack] 0x00000000BAEE48DB UE4Editor-Engine.dll!UWorld::SpawnPlayActor() [d:\build\++ue4+release-4.19+compile\sync\engine\source\runtime\engine\private\levelactor.cpp:720]
[2018.09.17-19.37.49:732][223]LogWindows: Error: [Callstack] 0x00000000BAEE4354 UE4Editor-Engine.dll!ULocalPlayer::SpawnPlayActor() [d:\build\++ue4+release-4.19+compile\sync\engine\source\runtime\engine\private\localplayer.cpp:250]
[2018.09.17-19.37.49:733][223]LogWindows: Error: [Callstack] 0x00000000BACE42FB UE4Editor-Engine.dll!UGameInstance::StartPlayInEditorGameInstance() [d:\build\++ue4+release-4.19+compile\sync\engine\source\runtime\engine\private\gameinstance.cpp:329]
[2018.09.17-19.37.49:733][223]LogWindows: Error: [Callstack] 0x00000000B87527E0 UE4Editor-UnrealEd.dll!UEditorEngine::CreatePIEGameInstance() [d:\build\++ue4+release-4.19+compile\sync\engine\source\editor\unrealed\private\playlevel.cpp:3274]
[2018.09.17-19.37.49:733][223]LogWindows: Error: [Callstack] 0x00000000B8771246 UE4Editor-UnrealEd.dll!UEditorEngine::PlayInEditor() [d:\build\++ue4+release-4.19+compile\sync\engine\source\editor\unrealed\private\playlevel.cpp:2410]
[2018.09.17-19.37.49:733][223]LogWindows: Error: [Callstack] 0x00000000B878BBEF UE4Editor-UnrealEd.dll!UEditorEngine::StartQueuedPlayMapRequest() [d:\build\++ue4+release-4.19+compile\sync\engine\source\editor\unrealed\private\playlevel.cpp:1271]
[2018.09.17-19.37.49:733][223]LogWindows: Error: [Callstack] 0x00000000B81FC961 UE4Editor-UnrealEd.dll!UEditorEngine::Tick() [d:\build\++ue4+release-4.19+compile\sync\engine\source\editor\unrealed\private\editorengine.cpp:1581]
[2018.09.17-19.37.49:733][223]LogWindows: Error: [Callstack] 0x00000000B8A99626 UE4Editor-UnrealEd.dll!UUnrealEdEngine::Tick() [d:\build\++ue4+release-4.19+compile\sync\engine\source\editor\unrealed\private\unrealedengine.cpp:401]
[2018.09.17-19.37.49:733][223]LogWindows: Error: [Callstack] 0x00000000AF275EAC UE4Editor.exe!FEngineLoop::Tick() [d:\build\++ue4+release-4.19+compile\sync\engine\source\runtime\launch\private\launchengineloop.cpp:3339]
[2018.09.17-19.37.49:733][223]LogWindows: Error: [Callstack] 0x00000000AF286BD0 UE4Editor.exe!GuardedMain() [d:\build\++ue4+release-4.19+compile\sync\engine\source\runtime\launch\private\launch.cpp:166]
[2018.09.17-19.37.49:733][223]LogWindows: Error: [Callstack] 0x00000000AF286C4A UE4Editor.exe!GuardedMainWrapper() [d:\build\++ue4+release-4.19+compile\sync\engine\source\runtime\launch\private\windows\launchwindows.cpp:144]
[2018.09.17-19.37.49:733][223]LogWindows: Error: [Callstack] 0x00000000AF294177 UE4Editor.exe!WinMain() [d:\build\++ue4+release-4.19+compile\sync\engine\source\runtime\launch\private\windows\launchwindows.cpp:223]
[2018.09.17-19.37.49:733][223]LogWindows: Error: [Callstack] 0x00000000AF295B87 UE4Editor.exe!__scrt_common_main_seh() [f:\dd\vctools\crt\vcstartup\src\startup\exe_common.inl:253]
[2018.09.17-19.37.49:733][223]LogWindows: Error: [Callstack] 0x00000000FEC03034 KERNEL32.DLL!UnknownFunction []
[2018.09.17-19.37.49:733][223]LogWindows: Error: [Callstack] 0x00000000FED51461 ntdll.dll!UnknownFunction []
[2018.09.17-19.37.49:733][223]LogWindows: Error: [Callstack] 0x00000000FED51461 ntdll.dll!UnknownFunction []
[2018.09.17-19.37.49:733][223]LogWindows: Error: 
[2018.09.17-19.37.49:760][223]LogExit: Executing StaticShutdownAfterError
[2018.09.17-19.37.49:785][223]LogWindows: FPlatformMisc::RequestExit(1)
[2018.09.17-19.37.49:787][223]Log file closed, 09/18/18 04:37:49
