Log file open, 09/18/18 10:57:22
LogWindows: Failed to load 'aqProf.dll' (GetLastError=126)
LogWindows: File 'aqProf.dll' does not exist
LogWindows: Failed to load 'VtuneApi.dll' (GetLastError=126)
LogWindows: File 'VtuneApi.dll' does not exist
LogWindows: Failed to load 'VtuneApi32e.dll' (GetLastError=126)
LogWindows: File 'VtuneApi32e.dll' does not exist
LogInit: Display: Running engine for game: FPS_Game
LogPlatformFile: Not using cached read wrapper
LogInit: Display: RandInit(-1403659415) SRandInit(-1403659415).
LogInit: Read version file with build ID '3944462'
LogInit: Overriding engine version to CL 4033788, compatible CL 3944462
LogInit: Registered custom module enumerator with build ID '3944462'
LogTaskGraph: Started task graph with 5 named threads and 23 total threads with 3 sets of task threads.
LogStats: Stats thread started at 0.346734
LogD3D11RHI: Aftermath initialized
LogICUInternationalization: Display: ICU TimeZone Detection - Raw Offset: +9:00, Platform Override: ''
LogPluginManager: Mounting plugin Paper2D
LogPluginManager: Mounting plugin LiveLink
LogPluginManager: Mounting plugin LightPropagationVolume
LogPluginManager: Mounting plugin CLionSourceCodeAccess
LogPluginManager: Mounting plugin CodeLiteSourceCodeAccess
LogPluginManager: Mounting plugin GitSourceControl
LogPluginManager: Mounting plugin KDevelopSourceCodeAccess
LogPluginManager: Mounting plugin NullSourceCodeAccess
LogPluginManager: Mounting plugin PerforceSourceControl
LogPluginManager: Mounting plugin SubversionSourceControl
LogPluginManager: Mounting plugin UObjectPlugin
LogPluginManager: Mounting plugin VisualStudioCodeSourceCodeAccess
LogPluginManager: Mounting plugin VisualStudioSourceCodeAccess
LogPluginManager: Mounting plugin XCodeSourceCodeAccess
LogPluginManager: Mounting plugin AssetManagerEditor
LogPluginManager: Mounting plugin CryptoKeys
LogPluginManager: Mounting plugin DataValidation
LogPluginManager: Mounting plugin FacialAnimation
LogPluginManager: Mounting plugin GameplayTagsEditor
LogPluginManager: Mounting plugin MobileLauncherProfileWizard
LogPluginManager: Mounting plugin PluginBrowser
LogPluginManager: Mounting plugin SpeedTreeImporter
LogPluginManager: Mounting plugin DatasmithContent
LogPluginManager: Mounting plugin AlembicImporter
LogPluginManager: Mounting plugin CharacterAI
LogPluginManager: Mounting plugin HTML5Networking
LogPluginManager: Mounting plugin AndroidMedia
LogPluginManager: Mounting plugin AvfMedia
LogPluginManager: Mounting plugin ImgMedia
LogPluginManager: Mounting plugin LinearTimecode
LogPluginManager: Mounting plugin MediaCompositing
LogPluginManager: Mounting plugin MediaPlayerEditor
LogPluginManager: Mounting plugin WmfMedia
LogPluginManager: Mounting plugin TcpMessaging
LogPluginManager: Mounting plugin UdpMessaging
LogPluginManager: Mounting plugin ActorSequence
LogPluginManager: Mounting plugin LevelSequenceEditor
LogPluginManager: Mounting plugin MatineeToLevelSequence
LogPluginManager: Mounting plugin NetcodeUnitTest
LogPluginManager: Mounting plugin NUTUnrealEngine4
LogPluginManager: Mounting plugin OnlineSubsystemGooglePlay
LogPluginManager: Mounting plugin OnlineSubsystemIOS
LogPluginManager: Mounting plugin OnlineSubsystem
LogPluginManager: Mounting plugin OnlineSubsystemNull
LogPluginManager: Mounting plugin OnlineSubsystemUtils
LogPluginManager: Mounting plugin AndroidDeviceProfileSelector
LogPluginManager: Mounting plugin AndroidMoviePlayer
LogPluginManager: Mounting plugin AndroidPermission
LogPluginManager: Mounting plugin AppleARKit
LogPluginManager: Mounting plugin AppleMoviePlayer
LogPluginManager: Mounting plugin ArchVisCharacter
LogPluginManager: Mounting plugin AudioCapture
LogPluginManager: Mounting plugin CableComponent
LogPluginManager: Mounting plugin CustomMeshComponent
LogPluginManager: Mounting plugin ExampleDeviceProfileSelector
LogPluginManager: Mounting plugin GoogleCloudMessaging
LogPluginManager: Mounting plugin ImmediatePhysics
LogPluginManager: Mounting plugin IOSDeviceProfileSelector
LogPluginManager: Mounting plugin LinuxDeviceProfileSelector
LogPluginManager: Mounting plugin LocationServicesBPLibrary
LogPluginManager: Mounting plugin MobilePatchingUtils
LogPluginManager: Mounting plugin OculusVR
LogPluginManager: Plugin shader directory ../../../Engine/Plugins/Runtime/Oculus/OculusVR/Shaders found
LogPluginManager: Mapping shader source directory ../../../Engine/Plugins/Runtime/Oculus/OculusVR/Shaders to virtual directory /Plugin/OculusVR
LogPluginManager: Mounting plugin PhysXVehicles
LogPluginManager: Mounting plugin ProceduralMeshComponent
LogPluginManager: Mounting plugin RuntimePhysXCooking
LogPluginManager: Mounting plugin SteamVR
LogPluginManager: Mounting plugin WindowsMoviePlayer
LogStreaming: Display: Took  0.280s to configure plugins.
LogModuleManager: Display: Found up-to-date module file ../../../../../../FPS_Game/Binaries/Win64/UE4Editor-FPS_Game.dll (API version 3944462).
LogModuleManager: Display: Found up-to-date module file ../../../Engine/Plugins/2D/Paper2D/Binaries/Win64/UE4Editor-Paper2D.dll (API version 3944462).
LogModuleManager: Display: Found up-to-date module file ../../../Engine/Plugins/2D/Paper2D/Binaries/Win64/UE4Editor-Paper2DEditor.dll (API version 3944462).
LogModuleManager: Display: Found up-to-date module file ../../../Engine/Plugins/2D/Paper2D/Binaries/Win64/UE4Editor-PaperSpriteSheetImporter.dll (API version 3944462).
LogModuleManager: Display: Found up-to-date module file ../../../Engine/Plugins/2D/Paper2D/Binaries/Win64/UE4Editor-PaperTiledImporter.dll (API version 3944462).
LogModuleManager: Display: Found up-to-date module file ../../../Engine/Plugins/2D/Paper2D/Binaries/Win64/UE4Editor-SmartSnapping.dll (API version 3944462).
LogModuleManager: Display: Found up-to-date module file ../../../Engine/Plugins/Animation/LiveLink/Binaries/Win64/UE4Editor-LiveLink.dll (API version 3944462).
LogModuleManager: Display: Found up-to-date module file ../../../Engine/Plugins/Animation/LiveLink/Binaries/Win64/UE4Editor-LiveLinkEditor.dll (API version 3944462).
LogModuleManager: Display: Found up-to-date module file ../../../Engine/Plugins/Blendables/LightPropagationVolume/Binaries/Win64/UE4Editor-LightPropagationVolumeRuntime.dll (API version 3944462).
LogModuleManager: Display: Found up-to-date module file ../../../Engine/Plugins/Blendables/LightPropagationVolume/Binaries/Win64/UE4Editor-LightPropagationVolumeEditor.dll (API version 3944462).
LogModuleManager: Display: Found up-to-date module file ../../../Engine/Plugins/Developer/CLionSourceCodeAccess/Binaries/Win64/UE4Editor-CLionSourceCodeAccess.dll (API version 3944462).
LogModuleManager: Display: Found up-to-date module file ../../../Engine/Plugins/Developer/GitSourceControl/Binaries/Win64/UE4Editor-GitSourceControl.dll (API version 3944462).
LogModuleManager: Display: Found up-to-date module file ../../../Engine/Plugins/Developer/PerforceSourceControl/Binaries/Win64/UE4Editor-PerforceSourceControl.dll (API version 3944462).
LogModuleManager: Display: Found up-to-date module file ../../../Engine/Plugins/Developer/SubversionSourceControl/Binaries/Win64/UE4Editor-SubversionSourceControl.dll (API version 3944462).
LogModuleManager: Display: Found up-to-date module file ../../../Engine/Plugins/Developer/UObjectPlugin/Binaries/Win64/UE4Editor-UObjectPlugin.dll (API version 3944462).
LogModuleManager: Display: Found up-to-date module file ../../../Engine/Plugins/Developer/VisualStudioCodeSourceCodeAccess/Binaries/Win64/UE4Editor-VisualStudioCodeSourceCodeAccess.dll (API version 3944462).
LogModuleManager: Display: Found up-to-date module file ../../../Engine/Plugins/Developer/VisualStudioSourceCodeAccess/Binaries/Win64/UE4Editor-VisualStudioSourceCodeAccess.dll (API version 3944462).
LogModuleManager: Display: Found up-to-date module file ../../../Engine/Plugins/Editor/AssetManagerEditor/Binaries/Win64/UE4Editor-AssetManagerEditor.dll (API version 3944462).
LogModuleManager: Display: Found up-to-date module file ../../../Engine/Plugins/Editor/CryptoKeys/Binaries/Win64/UE4Editor-CryptoKeys.dll (API version 3944462).
LogModuleManager: Display: Found up-to-date module file ../../../Engine/Plugins/Editor/CryptoKeys/Binaries/Win64/UE4Editor-CryptoKeysOpenSSL.dll (API version 3944462).
LogModuleManager: Display: Found up-to-date module file ../../../Engine/Plugins/Editor/DataValidation/Binaries/Win64/UE4Editor-DataValidation.dll (API version 3944462).
LogModuleManager: Display: Found up-to-date module file ../../../Engine/Plugins/Editor/FacialAnimation/Binaries/Win64/UE4Editor-FacialAnimation.dll (API version 3944462).
LogModuleManager: Display: Found up-to-date module file ../../../Engine/Plugins/Editor/FacialAnimation/Binaries/Win64/UE4Editor-FacialAnimationEditor.dll (API version 3944462).
LogModuleManager: Display: Found up-to-date module file ../../../Engine/Plugins/Editor/GameplayTagsEditor/Binaries/Win64/UE4Editor-GameplayTagsEditor.dll (API version 3944462).
LogModuleManager: Display: Found up-to-date module file ../../../Engine/Plugins/Editor/MobileLauncherProfileWizard/Binaries/Win64/UE4Editor-MobileLauncherProfileWizard.dll (API version 3944462).
LogModuleManager: Display: Found up-to-date module file ../../../Engine/Plugins/Editor/PluginBrowser/Binaries/Win64/UE4Editor-PluginBrowser.dll (API version 3944462).
LogModuleManager: Display: Found up-to-date module file ../../../Engine/Plugins/Editor/SpeedTreeImporter/Binaries/Win64/UE4Editor-SpeedTreeImporter.dll (API version 3944462).
LogModuleManager: Display: Found up-to-date module file ../../../Engine/Plugins/Enterprise/DatasmithContent/Binaries/Win64/UE4Editor-DatasmithContent.dll (API version 3944462).
LogModuleManager: Display: Found up-to-date module file ../../../Engine/Plugins/Experimental/AlembicImporter/Binaries/Win64/UE4Editor-AlembicImporter.dll (API version 3944462).
LogModuleManager: Display: Found up-to-date module file ../../../Engine/Plugins/Experimental/AlembicImporter/Binaries/Win64/UE4Editor-AlembicLibrary.dll (API version 3944462).
LogModuleManager: Display: Found up-to-date module file ../../../Engine/Plugins/Experimental/CharacterAI/Binaries/Win64/UE4Editor-CharacterAI.dll (API version 3944462).
LogModuleManager: Display: Found up-to-date module file ../../../Engine/Plugins/Experimental/HTML5Networking/Binaries/Win64/UE4Editor-HTML5Networking.dll (API version 3944462).
LogModuleManager: Display: Found up-to-date module file ../../../Engine/Plugins/Media/AndroidMedia/Binaries/Win64/UE4Editor-AndroidMediaEditor.dll (API version 3944462).
LogModuleManager: Display: Found up-to-date module file ../../../Engine/Plugins/Media/AndroidMedia/Binaries/Win64/UE4Editor-AndroidMediaFactory.dll (API version 3944462).
LogModuleManager: Display: Found up-to-date module file ../../../Engine/Plugins/Media/AvfMedia/Binaries/Win64/UE4Editor-AvfMediaEditor.dll (API version 3944462).
LogModuleManager: Display: Found up-to-date module file ../../../Engine/Plugins/Media/AvfMedia/Binaries/Win64/UE4Editor-AvfMediaFactory.dll (API version 3944462).
LogModuleManager: Display: Found up-to-date module file ../../../Engine/Plugins/Media/AvfMedia/Binaries/Win64/UE4Editor-AvfMediaFactory.dll (API version 3944462).
LogModuleManager: Display: Found up-to-date module file ../../../Engine/Plugins/Media/ImgMedia/Binaries/Win64/UE4Editor-ImgMedia.dll (API version 3944462).
LogModuleManager: Display: Found up-to-date module file ../../../Engine/Plugins/Media/ImgMedia/Binaries/Win64/UE4Editor-ImgMediaEditor.dll (API version 3944462).
LogModuleManager: Display: Found up-to-date module file ../../../Engine/Plugins/Media/ImgMedia/Binaries/Win64/UE4Editor-ImgMediaFactory.dll (API version 3944462).
LogModuleManager: Display: Found up-to-date module file ../../../Engine/Plugins/Media/ImgMedia/Binaries/Win64/UE4Editor-ImgMediaFactory.dll (API version 3944462).
LogModuleManager: Display: Found up-to-date module file ../../../Engine/Plugins/Media/ImgMedia/Binaries/Win64/UE4Editor-OpenExrWrapper.dll (API version 3944462).
LogModuleManager: Display: Found up-to-date module file ../../../Engine/Plugins/Media/LinearTimecode/Binaries/Win64/UE4Editor-LinearTimecode.dll (API version 3944462).
LogModuleManager: Display: Found up-to-date module file ../../../Engine/Plugins/Media/MediaCompositing/Binaries/Win64/UE4Editor-MediaCompositing.dll (API version 3944462).
LogModuleManager: Display: Found up-to-date module file ../../../Engine/Plugins/Media/MediaCompositing/Binaries/Win64/UE4Editor-MediaCompositingEditor.dll (API version 3944462).
LogModuleManager: Display: Found up-to-date module file ../../../Engine/Plugins/Media/MediaPlayerEditor/Binaries/Win64/UE4Editor-MediaPlayerEditor.dll (API version 3944462).
LogModuleManager: Display: Found up-to-date module file ../../../Engine/Plugins/Media/WmfMedia/Binaries/Win64/UE4Editor-WmfMedia.dll (API version 3944462).
LogModuleManager: Display: Found up-to-date module file ../../../Engine/Plugins/Media/WmfMedia/Binaries/Win64/UE4Editor-WmfMediaEditor.dll (API version 3944462).
LogModuleManager: Display: Found up-to-date module file ../../../Engine/Plugins/Media/WmfMedia/Binaries/Win64/UE4Editor-WmfMediaFactory.dll (API version 3944462).
LogModuleManager: Display: Found up-to-date module file ../../../Engine/Plugins/Media/WmfMedia/Binaries/Win64/UE4Editor-WmfMediaFactory.dll (API version 3944462).
LogModuleManager: Display: Found up-to-date module file ../../../Engine/Plugins/Messaging/TcpMessaging/Binaries/Win64/UE4Editor-TcpMessaging.dll (API version 3944462).
LogModuleManager: Display: Found up-to-date module file ../../../Engine/Plugins/Messaging/UdpMessaging/Binaries/Win64/UE4Editor-UdpMessaging.dll (API version 3944462).
LogModuleManager: Display: Found up-to-date module file ../../../Engine/Plugins/MovieScene/ActorSequence/Binaries/Win64/UE4Editor-ActorSequence.dll (API version 3944462).
LogModuleManager: Display: Found up-to-date module file ../../../Engine/Plugins/MovieScene/LevelSequenceEditor/Binaries/Win64/UE4Editor-LevelSequenceEditor.dll (API version 3944462).
LogModuleManager: Display: Found up-to-date module file ../../../Engine/Plugins/MovieScene/MatineeToLevelSequence/Binaries/Win64/UE4Editor-MatineeToLevelSequence.dll (API version 3944462).
LogModuleManager: Display: Found up-to-date module file ../../../Engine/Plugins/NetcodeUnitTest/NetcodeUnitTest/Binaries/Win64/UE4Editor-NetcodeUnitTest.dll (API version 3944462).
LogModuleManager: Display: Found up-to-date module file ../../../Engine/Plugins/NetcodeUnitTest/NUTUnrealEngine4/Binaries/Win64/UE4Editor-NUTUnrealEngine4.dll (API version 3944462).
LogModuleManager: Display: Found up-to-date module file ../../../Engine/Plugins/Online/OnlineSubsystem/Binaries/Win64/UE4Editor-OnlineSubsystem.dll (API version 3944462).
LogModuleManager: Display: Found up-to-date module file ../../../Engine/Plugins/Online/OnlineSubsystemNull/Binaries/Win64/UE4Editor-OnlineSubsystemNull.dll (API version 3944462).
LogModuleManager: Display: Found up-to-date module file ../../../Engine/Plugins/Online/OnlineSubsystemUtils/Binaries/Win64/UE4Editor-OnlineSubsystemUtils.dll (API version 3944462).
LogModuleManager: Display: Found up-to-date module file ../../../Engine/Plugins/Online/OnlineSubsystemUtils/Binaries/Win64/UE4Editor-OnlineBlueprintSupport.dll (API version 3944462).
LogModuleManager: Display: Found up-to-date module file ../../../Engine/Plugins/Runtime/AndroidDeviceProfileSelector/Binaries/Win64/UE4Editor-AndroidDeviceProfileSelector.dll (API version 3944462).
LogModuleManager: Display: Found up-to-date module file ../../../Engine/Plugins/Runtime/AndroidPermission/Binaries/Win64/UE4Editor-AndroidPermission.dll (API version 3944462).
LogModuleManager: Display: Found up-to-date module file ../../../Engine/Plugins/Runtime/AppleARKit/Binaries/Win64/UE4Editor-AppleARKit.dll (API version 3944462).
LogModuleManager: Display: Found up-to-date module file ../../../Engine/Plugins/Runtime/ArchVisCharacter/Binaries/Win64/UE4Editor-ArchVisCharacter.dll (API version 3944462).
LogModuleManager: Display: Found up-to-date module file ../../../Engine/Plugins/Runtime/AudioCapture/Binaries/Win64/UE4Editor-AudioCapture.dll (API version 3944462).
LogModuleManager: Display: Found up-to-date module file ../../../Engine/Plugins/Runtime/AudioCapture/Binaries/Win64/UE4Editor-AudioCaptureEditor.dll (API version 3944462).
LogModuleManager: Display: Found up-to-date module file ../../../Engine/Plugins/Runtime/CableComponent/Binaries/Win64/UE4Editor-CableComponent.dll (API version 3944462).
LogModuleManager: Display: Found up-to-date module file ../../../Engine/Plugins/Runtime/CustomMeshComponent/Binaries/Win64/UE4Editor-CustomMeshComponent.dll (API version 3944462).
LogModuleManager: Display: Found up-to-date module file ../../../Engine/Plugins/Runtime/ExampleDeviceProfileSelector/Binaries/Win64/UE4Editor-ExampleDeviceProfileSelector.dll (API version 3944462).
LogModuleManager: Display: Found up-to-date module file ../../../Engine/Plugins/Runtime/ImmediatePhysics/Binaries/Win64/UE4Editor-ImmediatePhysics.dll (API version 3944462).
LogModuleManager: Display: Found up-to-date module file ../../../Engine/Plugins/Runtime/ImmediatePhysics/Binaries/Win64/UE4Editor-ImmediatePhysicsEditor.dll (API version 3944462).
LogModuleManager: Display: Found up-to-date module file ../../../Engine/Plugins/Runtime/LocationServicesBPLibrary/Binaries/Win64/UE4Editor-LocationServicesBPLibrary.dll (API version 3944462).
LogModuleManager: Display: Found up-to-date module file ../../../Engine/Plugins/Runtime/MobilePatchingUtils/Binaries/Win64/UE4Editor-MobilePatchingUtils.dll (API version 3944462).
LogModuleManager: Display: Found up-to-date module file ../../../Engine/Plugins/Runtime/Oculus/OculusVR/Binaries/Win64/UE4Editor-OculusHMD.dll (API version 3944462).
LogModuleManager: Display: Found up-to-date module file ../../../Engine/Plugins/Runtime/Oculus/OculusVR/Binaries/Win64/UE4Editor-OculusInput.dll (API version 3944462).
LogModuleManager: Display: Found up-to-date module file ../../../Engine/Plugins/Runtime/Oculus/OculusVR/Binaries/Win64/UE4Editor-OculusEditor.dll (API version 3944462).
LogModuleManager: Display: Found up-to-date module file ../../../Engine/Plugins/Runtime/PhysXVehicles/Binaries/Win64/UE4Editor-PhysXVehicles.dll (API version 3944462).
LogModuleManager: Display: Found up-to-date module file ../../../Engine/Plugins/Runtime/PhysXVehicles/Binaries/Win64/UE4Editor-PhysXVehiclesEditor.dll (API version 3944462).
LogModuleManager: Display: Found up-to-date module file ../../../Engine/Plugins/Runtime/ProceduralMeshComponent/Binaries/Win64/UE4Editor-ProceduralMeshComponent.dll (API version 3944462).
LogModuleManager: Display: Found up-to-date module file ../../../Engine/Plugins/Runtime/ProceduralMeshComponent/Binaries/Win64/UE4Editor-ProceduralMeshComponentEditor.dll (API version 3944462).
LogModuleManager: Display: Found up-to-date module file ../../../Engine/Plugins/Runtime/RuntimePhysXCooking/Binaries/Win64/UE4Editor-RuntimePhysXCooking.dll (API version 3944462).
LogModuleManager: Display: Found up-to-date module file ../../../Engine/Plugins/Runtime/Steam/SteamVR/Binaries/Win64/UE4Editor-SteamVR.dll (API version 3944462).
LogModuleManager: Display: Found up-to-date module file ../../../Engine/Plugins/Runtime/Steam/SteamVR/Binaries/Win64/UE4Editor-SteamVRController.dll (API version 3944462).
LogModuleManager: Display: Found up-to-date module file ../../../Engine/Plugins/Runtime/WindowsMoviePlayer/Binaries/Win64/UE4Editor-WindowsMoviePlayer.dll (API version 3944462).
LogInit: Using libcurl 7.47.1
LogInit:  - built for x86_64-pc-win32
LogInit:  - supports SSL with OpenSSL/1.0.2g
LogInit:  - supports HTTP deflate (compression) using libz 1.2.8
LogInit:  - other features:
LogInit:      CURL_VERSION_SSL
LogInit:      CURL_VERSION_LIBZ
LogInit:      CURL_VERSION_IPV6
LogInit:      CURL_VERSION_ASYNCHDNS
LogInit:      CURL_VERSION_LARGEFILE
LogInit:      CURL_VERSION_IDN
LogInit:  CurlRequestOptions (configurable via config and command line):
LogInit:  - bVerifyPeer = false  - Libcurl will NOT verify peer certificate
LogInit:  - bUseHttpProxy = false  - Libcurl will NOT use HTTP proxy
LogInit:  - bDontReuseConnections = false  - Libcurl will reuse connections
LogInit:  - CertBundlePath = nullptr  - Libcurl will use whatever was configured at build time.
LogInit:  - MaxHostConnections = 16  - Libcurl will limit the number of connections to a host
LogInit:  - LocalHostAddr = Default
LogInit: WinSock: version 1.1 (2.2), MaxSocks=32767, MaxUdp=65467
LogInit: WinSock: I am DESKTOP-5A88OB5 (192.168.10.101:0)
LogInit: Build: ++UE4+Release-4.19-CL-4033788
LogInit: Engine Version: 4.19.2-4033788+++UE4+Release-4.19
LogInit: Compatible Engine Version: 4.19.0-3944462+++UE4+Release-4.19
LogInit: Net CL: 3944462
LogDevObjectVersion: Number of dev versions registered: 18
LogDevObjectVersion:   Dev-Blueprints (B0D832E4-1F89-4F0D-ACCF-7EB736FD4AA2): 10
LogDevObjectVersion:   Dev-Build (E1C64328-A22C-4D53-A36C-8E866417BD8C): 0
LogDevObjectVersion:   Dev-Core (375EC13C-06E4-48FB-B500-84F0262A717E): 2
LogDevObjectVersion:   Dev-Editor (E4B068ED-F494-42E9-A231-DA0B2E46BB41): 23
LogDevObjectVersion:   Dev-Framework (CFFC743F-43B0-4480-9391-14DF171D2073): 33
LogDevObjectVersion:   Dev-Mobile (B02B49B5-BB20-44E9-A304-32B752E40360): 2
LogDevObjectVersion:   Dev-Networking (A4E4105C-59A1-49B5-A7C5-40C4547EDFEE): 0
LogDevObjectVersion:   Dev-Online (39C831C9-5AE6-47DC-9A44-9C173E1C8E7C): 0
LogDevObjectVersion:   Dev-Physics (78F01B33-EBEA-4F98-B9B4-84EACCB95AA2): 0
LogDevObjectVersion:   Dev-Platform (6631380F-2D4D-43E0-8009-CF276956A95A): 0
LogDevObjectVersion:   Dev-Rendering (12F88B9F-8875-4AFC-A67C-D90C383ABD29): 25
LogDevObjectVersion:   Dev-Sequencer (7B5AE74C-D270-4C10-A958-57980B212A5A): 6
LogDevObjectVersion:   Dev-VR (D7296918-1DD6-4BDD-9DE2-64A83CC13884): 1
LogDevObjectVersion:   Dev-LoadTimes (C2A15278-BFE7-4AFE-6C17-90FF531DF755): 1
LogDevObjectVersion:   Private-Geometry (6EACA3D4-40EC-4CC1-B786-8BED09428FC5): 2
LogDevObjectVersion:   Dev-AnimPhys (29E575DD-E0A3-4627-9D10-D276232CDCEA): 16
LogDevObjectVersion:   Dev-ReflectionCapture (6B266CEC-1EC7-4B8F-A30B-E4D90942FC07): 1
LogDevObjectVersion:   Dev-Automation (0DF73D61-A23F-47EA-B727-89E90C41499A): 1
LogInit: Compiled (64-bit): Apr 27 2018 02:06:57
LogInit: Compiled with Visual C++: 19.00.24215.01
LogInit: Build Configuration: Development
LogInit: Branch Name: ++UE4+Release-4.19
LogInit: Command Line:  
LogInit: Base Directory: C:/Program Files/Epic Games/UE_4.19/Engine/Binaries/Win64/
LogInit: Installed Engine Build: 1
LogStreaming: Display: Took  0.017s to delete old logs.
LogInit: Presizing for max 8388607 objects, including 0 objects not considered by GC, pre-allocating 0 bytes for permanent pool.
LogInit: Object subsystem initialized
[2018.09.18-01.57.30:682][  0]LogInit: Selected Device Profile: [Windows]
[2018.09.18-01.57.30:682][  0]LogInit: Applying CVar settings loaded from the selected device profile: [Windows]
[2018.09.18-01.57.30:722][  0]LogInit: Computer: DESKTOP-5A88OB5
[2018.09.18-01.57.30:722][  0]LogInit: User: 김재원
[2018.09.18-01.57.30:722][  0]LogInit: CPU Page size=4096, Cores=4
[2018.09.18-01.57.30:722][  0]LogInit: High frequency timer resolution =10.000000 MHz
[2018.09.18-01.57.30:722][  0]LogMemory: Memory total: Physical=8.0GB (8GB approx)
[2018.09.18-01.57.30:722][  0]LogMemory: Platform Memory Stats for Windows
[2018.09.18-01.57.30:722][  0]LogMemory: Process Physical Memory: 275.31 MB used, 275.31 MB peak
[2018.09.18-01.57.30:722][  0]LogMemory: Process Virtual Memory: 264.70 MB used, 264.70 MB peak
[2018.09.18-01.57.30:722][  0]LogMemory: Physical Memory: 3975.79 MB used,  4188.58 MB free, 8164.38 MB total
[2018.09.18-01.57.30:722][  0]LogMemory: Virtual Memory: 4790.51 MB used,  4188.58 MB free, 134217728.00 MB total
[2018.09.18-01.57.30:872][  0]LogInit: Using OS detected language (ko-KR).
[2018.09.18-01.57.30:872][  0]LogInit: Using OS detected locale (ko-KR).
[2018.09.18-01.57.30:960][  0]LogTextLocalizationManager: No specific localization for 'ko-KR' exists, so the 'ko' localization will be used.
[2018.09.18-01.57.31:907][  0]LogStreaming: Display: Took  1.035s to EndInitTextLocalization.
[2018.09.18-01.57.31:907][  0]LogInit: Setting process to per monitor DPI aware
[2018.09.18-01.57.32:527][  0]LogSlate: New Slate User Created.  User Index 0, Is Virtual User: 0
[2018.09.18-01.57.32:527][  0]LogSlate: Slate User Registered.  User Index 0, Is Virtual User: 0
[2018.09.18-01.57.37:469][  0]LogD3D11RHI: D3D11 adapters:
[2018.09.18-01.57.37:660][  0]LogD3D11RHI:    0. 'NVIDIA GeForce GTX 1070' (Feature Level 11_0)
[2018.09.18-01.57.37:660][  0]LogD3D11RHI:       8088/0/4082 MB DedicatedVideo/DedicatedSystem/SharedSystem, Outputs:1, VendorId:0x10de
[2018.09.18-01.57.37:677][  0]LogD3D11RHI:    1. 'Microsoft Basic Render Driver' (Feature Level 11_0)
[2018.09.18-01.57.37:678][  0]LogD3D11RHI:       0/0/4082 MB DedicatedVideo/DedicatedSystem/SharedSystem, Outputs:0, VendorId:0x1414
[2018.09.18-01.57.37:678][  0]LogD3D11RHI: Chosen D3D11 Adapter: 0
[2018.09.18-01.57.37:687][  0]LogD3D11RHI: Creating new Direct3DDevice
[2018.09.18-01.57.37:687][  0]LogD3D11RHI:     GPU DeviceId: 0x1b81 (for the marketing name, search the web for "GPU Device Id")
[2018.09.18-01.57.37:687][  0]LogWindows: EnumDisplayDevices:
[2018.09.18-01.57.37:687][  0]LogWindows:    0. 'NVIDIA GeForce GTX 1070' (P:1 D:1)
[2018.09.18-01.57.37:688][  0]LogWindows:    1. 'NVIDIA GeForce GTX 1070' (P:0 D:0)
[2018.09.18-01.57.37:688][  0]LogWindows:    2. 'NVIDIA GeForce GTX 1070' (P:0 D:0)
[2018.09.18-01.57.37:689][  0]LogWindows:    3. 'NVIDIA GeForce GTX 1070' (P:0 D:0)
[2018.09.18-01.57.37:689][  0]LogWindows: DebugString: GetVideoDriverDetailsInvalid PrimaryIsNotTheChoosenAdapter GetVideoDriverDetailsInvalid PrimaryIsNotTheChoosenAdapter GetVideoDriverDetailsInvalid PrimaryIsNotTheChoosenAdapter GetVideoDriverDetailsInvalid PrimaryIsNotTheChoosenAdapter FoundDriverCount:0 
[2018.09.18-01.57.37:689][  0]LogD3D11RHI:     Adapter Name: NVIDIA GeForce GTX 1070
[2018.09.18-01.57.37:689][  0]LogD3D11RHI:   Driver Version: Unknown (internal:Unknown, unified:Unknown)
[2018.09.18-01.57.37:689][  0]LogD3D11RHI:      Driver Date: Unknown
[2018.09.18-01.57.37:690][  0]LogRHI: Texture pool is 5661 MB (70% of 8088 MB)
[2018.09.18-01.57.37:759][  0]LogD3D11RHI: [Aftermath] Aftermath enabled and primed
[2018.09.18-01.57.37:760][  0]LogD3D11RHI: [Aftermath] Aftermath enabled and primed
[2018.09.18-01.57.37:760][  0]LogD3D11RHI: Async texture creation enabled
[2018.09.18-01.57.37:787][  0]LogD3D11RHI: GPU Timing Frequency: 1000.000000 (Debug: 2 2)
[2018.09.18-01.57.37:833][  0]LogShaderCompilers: Guid format shader working directory is 18 characters bigger than the processId version (../../../../../../FPS_Game/Intermediate/Shaders/WorkingDirectory/4332/).
[2018.09.18-01.57.37:833][  0]LogShaderCompilers: Cleaned the shader compiler working directory 'C:/Users/김재원/AppData/Local/Temp/UnrealShaderWorkingDir/049621814A305805EA7C76ACF5537EBD/'.
[2018.09.18-01.57.39:210][  0]LogTemp: Display: Loaded TP AllDesktopTargetPlatform
[2018.09.18-01.57.39:235][  0]LogTemp: Display: Loaded TP MacClientTargetPlatform
[2018.09.18-01.57.39:261][  0]LogTemp: Display: Loaded TP MacNoEditorTargetPlatform
[2018.09.18-01.57.39:286][  0]LogTemp: Display: Loaded TP MacServerTargetPlatform
[2018.09.18-01.57.39:321][  0]LogTemp: Display: Loaded TP MacTargetPlatform
[2018.09.18-01.57.39:350][  0]LogTemp: Display: Loaded TP WindowsClientTargetPlatform
[2018.09.18-01.57.39:379][  0]LogTemp: Display: Loaded TP WindowsNoEditorTargetPlatform
[2018.09.18-01.57.39:406][  0]LogTemp: Display: Loaded TP WindowsServerTargetPlatform
[2018.09.18-01.57.39:425][  0]LogTemp: Display: Loaded TP WindowsTargetPlatform
[2018.09.18-01.57.39:454][  0]LogTemp: Display: Loaded TP Android_ASTCTargetPlatform
[2018.09.18-01.57.39:484][  0]LogTemp: Display: Loaded TP Android_ATCTargetPlatform
[2018.09.18-01.57.39:510][  0]LogTemp: Display: Loaded TP Android_DXTTargetPlatform
[2018.09.18-01.57.39:536][  0]LogTemp: Display: Loaded TP Android_ETC1aTargetPlatform
[2018.09.18-01.57.39:562][  0]LogTemp: Display: Loaded TP Android_ETC1TargetPlatform
[2018.09.18-01.57.39:589][  0]LogTemp: Display: Loaded TP Android_ETC2TargetPlatform
[2018.09.18-01.57.39:643][  0]LogTemp: Display: Loaded TP Android_MultiTargetPlatform
[2018.09.18-01.57.39:643][  0]LogTemp: Display: Loaded TP Android_PVRTCTargetPlatform
[2018.09.18-01.57.39:678][  0]LogTemp: Display: Loaded TP AndroidTargetPlatform
[2018.09.18-01.57.39:685][  0]LogTemp: Display: Loaded TP HTML5TargetPlatform
[2018.09.18-01.57.39:763][  0]LogTemp: Display: Loaded TP IOSTargetPlatform
[2018.09.18-01.57.39:783][  0]LogTemp: Display: Loaded TP TVOSTargetPlatform
[2018.09.18-01.57.39:807][  0]LogTemp: Display: Loaded TP LinuxClientTargetPlatform
[2018.09.18-01.57.39:834][  0]LogTemp: Display: Loaded TP LinuxNoEditorTargetPlatform
[2018.09.18-01.57.39:861][  0]LogTemp: Display: Loaded TP LinuxServerTargetPlatform
[2018.09.18-01.57.39:895][  0]LogTemp: Display: Loaded TP LinuxTargetPlatform
[2018.09.18-01.57.39:895][  0]LogTargetPlatformManager: Display: Building Assets For Windows
[2018.09.18-01.57.40:353][  0]LogXGEController: Cleaning working directory: C:/Users/김재원/AppData/Local/Temp/UnrealXGEWorkingDir/
[2018.09.18-01.57.40:353][  0]LogXGEController: Cannot use XGE Controller as Incredibuild is not installed on this machine.
[2018.09.18-01.57.40:354][  0]LogShaderCompilers: Cannot use XGE Shader Compiler as Incredibuild is not installed on this machine.
[2018.09.18-01.57.40:354][  0]LogShaderCompilers: Display: Using Local Shader Compiler.
[2018.09.18-01.57.43:473][  0]LogDerivedDataCache: Display: Max Cache Size: 512 MB
[2018.09.18-01.57.44:656][  0]LogDerivedDataCache: Loaded boot cache 1.18s 101MB C:/Users/김재원/AppData/Local/UnrealEngine/4.19/DerivedDataCache/Boot.ddc.
[2018.09.18-01.57.44:656][  0]LogDerivedDataCache: Display: Loaded Boot cache: C:/Users/김재원/AppData/Local/UnrealEngine/4.19/DerivedDataCache/Boot.ddc
[2018.09.18-01.57.44:657][  0]LogDerivedDataCache: FDerivedDataBackendGraph:  Pak pak cache file ../../../../../../FPS_Game/DerivedDataCache/DDC.ddp not found, will not use a pak cache.
[2018.09.18-01.57.44:657][  0]LogDerivedDataCache: Unable to find inner node Pak for hierarchical cache Hierarchy.
[2018.09.18-01.57.44:657][  0]LogDerivedDataCache: FDerivedDataBackendGraph:  CompressedPak pak cache file ../../../../../../FPS_Game/DerivedDataCache/Compressed.ddp not found, will not use a pak cache.
[2018.09.18-01.57.44:657][  0]LogDerivedDataCache: Unable to find inner node CompressedPak for hierarchical cache Hierarchy.
[2018.09.18-01.57.44:681][  0]LogDerivedDataCache: Display: Pak cache opened for reading ../../../Engine/DerivedDataCache/Compressed.ddp.
[2018.09.18-01.57.44:694][  0]LogDerivedDataCache: Using Local data cache path C:/Users/김재원/AppData/Local/UnrealEngine/Common/DerivedDataCache: Writable
[2018.09.18-01.57.44:694][  0]LogDerivedDataCache: Shared data cache path not found in *engine.ini, will not use an Shared cache.
[2018.09.18-01.57.44:694][  0]LogDerivedDataCache: Unable to find inner node Shared for hierarchical cache Hierarchy.
[2018.09.18-01.57.44:713][  0]LogMaterial: Verifying Global Shaders for PCD3D_SM5
[2018.09.18-01.57.44:713][  0]LogSlate: Using Freetype 2.6.0
[2018.09.18-01.57.44:725][  0]LogSlate: SlateFontCache - WITH_FREETYPE: 1, WITH_HARFBUZZ: 1
[2018.09.18-01.57.44:726][  0]LogSlate: SlateFontCache - WITH_FREETYPE: 1, WITH_HARFBUZZ: 1
[2018.09.18-01.57.46:498][  0]LogAssetRegistry: FAssetRegistry took 0.0293 seconds to start up
[2018.09.18-01.57.47:234][  0]LogInit: Selected Device Profile: [Windows]
[2018.09.18-01.57.47:484][  0]LogSimplygon: Simplygon DLL not present - disabling.
[2018.09.18-01.57.47:492][  0]LogMeshReduction: Using SimplygonSwarm for distributed automatic mesh merging
[2018.09.18-01.57.47:492][  0]LogMeshReduction: Using QuadricMeshReduction for automatic static mesh reduction
[2018.09.18-01.57.47:492][  0]LogMeshReduction: No automatic skeletal mesh reduction module available
[2018.09.18-01.57.47:492][  0]LogMeshReduction: No automatic mesh merging module available
[2018.09.18-01.57.47:492][  0]LogMeshMerging: No automatic mesh merging module available
[2018.09.18-01.57.47:554][  0]LogNetVersion: FPS_Game , NetCL: 3944462, EngineNetVer: 2, GameNetVer: 0 (Checksum: 1628388489)
[2018.09.18-01.57.48:408][  0]LogPackageLocalizationCache: Processed 9 localized package path(s) for 2 prioritized culture(s) in 0.122877 seconds
[2018.09.18-01.57.48:415][  0]LogUObjectArray: 36728 objects as part of root set at end of initial load.
[2018.09.18-01.57.48:415][  0]LogUObjectAllocator: 7314304 out of 0 bytes used by permanent object pool.
[2018.09.18-01.57.48:415][  0]LogUObjectArray: CloseDisregardForGC: 0/0 objects in disregard for GC pool
[2018.09.18-01.57.54:441][  0]LogTcpMessaging: Initializing TcpMessaging bridge
[2018.09.18-01.57.54:492][  0]LogUdpMessaging: Initializing bridge on interface 0.0.0.0:0 to multicast group 230.0.0.1:6666.
[2018.09.18-01.57.55:270][  0]SourceControl: 소스 콘트롤이 꺼졌습니다.
[2018.09.18-01.57.55:270][  0]SourceControl: 소스 콘트롤이 꺼졌습니다.
[2018.09.18-01.57.55:312][  0]SourceControl: 소스 콘트롤이 꺼졌습니다.
[2018.09.18-01.57.55:353][  0]SourceControl: 소스 콘트롤이 꺼졌습니다.
[2018.09.18-01.57.56:314][  0]LogAndroidPermission: UAndroidPermissionCallbackProxy::GetInstance
[2018.09.18-01.57.56:681][  0]LogOcInput: OculusInput pre-init called
[2018.09.18-01.57.56:998][  0]LogEngine: Initializing Engine...
[2018.09.18-01.57.57:001][  0]LogHMD: Failed to initialize OpenVR with code 110
[2018.09.18-01.57.57:005][  0]LogStats: UGameplayTagsManager::ConstructGameplayTagTree: Construct from data asset -  0.000 s
[2018.09.18-01.57.57:005][  0]LogStats: UGameplayTagsManager::ConstructGameplayTagTree: GameplayTagTreeChangedEvent.Broadcast -  0.000 s
[2018.09.18-01.57.57:331][  0]LogAIModule: Creating AISystem for world Untitled
[2018.09.18-01.57.57:595][  0]LogInit: XAudio2 using 'C27F591(NVIDIA High Definition Audio)' : 2 channels at 48 kHz using 16 bits per sample (channel mask 0x3)
[2018.09.18-01.57.57:680][  0]LogInit: FAudioDevice initialized.
[2018.09.18-01.57.57:901][  0]LogDerivedDataCache: Saved boot cache 0.22s 101MB C:/Users/김재원/AppData/Local/UnrealEngine/4.19/DerivedDataCache/Boot.ddc.
[2018.09.18-01.57.57:945][  0]LogInit: Texture streaming: Enabled
[2018.09.18-01.57.57:990][  0]LogEngineSessionManager: EngineSessionManager initialized
[2018.09.18-01.57.57:991][  0]LogEngineSessionManager: EngineSessionManager sent abnormal shutdown report. Type=Crashed, SessionId={690B4591-4C39-E3FF-0B60-36B23EEC00E5}
[2018.09.18-01.57.58:028][  0]LogInit: Transaction tracking system initialized
[2018.09.18-01.57.58:101][  0]BlueprintLog: New page: 에디터 로드
[2018.09.18-01.57.58:310][  0]LocalizationService: 현지화 서비스가 비활성화되었습니다.
[2018.09.18-01.57.58:523][  0]LogConsoleResponse: Display: 
[2018.09.18-01.57.58:756][  0]LogCook: Display: Max memory allowance for cook 16384mb min free memory 0mb
[2018.09.18-01.57.58:756][  0]LogCook: Display: Mobile HDR setting 1
[2018.09.18-01.57.58:756][  0]LogGameplayTags: Display: UGameplayTagsManager::DoneAddingNativeTags. DelegateIsBound: 0
[2018.09.18-01.57.58:756][  0]LogStats: UGameplayTagsManager::ConstructGameplayTagTree: Construct from data asset -  0.000 s
[2018.09.18-01.57.58:756][  0]LogStats: UGameplayTagsManager::ConstructGameplayTagTree: GameplayTagTreeChangedEvent.Broadcast -  0.000 s
[2018.09.18-01.57.59:324][  0]LogFileCache: Scanning file cache for directory 'C:/FPS_Game/Content/' took 0.03s
[2018.09.18-01.57.59:699][  0]SourceControl: 소스 콘트롤이 꺼졌습니다.
[2018.09.18-01.57.59:699][  0]Cmd: MAP LOAD FILE="../../../Engine/Content/Maps/Templates/Template_Default.umap" TEMPLATE=1 SHOWPROGRESS=1 FEATURELEVEL=3
[2018.09.18-01.57.59:708][  0]LightingResults: New page: 라이팅 빌드
[2018.09.18-01.57.59:716][  0]MapCheck: New page: 맵 체크
[2018.09.18-01.57.59:716][  0]LightingResults: New page: 라이팅 빌드
[2018.09.18-01.58.00:049][  0]LogAIModule: Creating AISystem for world Untitled_1
[2018.09.18-01.58.00:069][  0]LogEditorServer: Finished looking for orphan Actors (0.000 secs)
[2018.09.18-01.58.00:099][  0]Cmd: MAP CHECKDEP NOCLEARLOG
[2018.09.18-01.58.00:205][  0]MapCheck: 맵 체크 완료: 오류 0 회, 경고 0 회, 소요 시간 105.163ms.
[2018.09.18-01.58.00:205][  0]LogFileHelpers: Loading map 'Template_Default' took 0.505
[2018.09.18-01.58.00:418][  0]LogCollectionManager: Loaded 0 collections in 0.005280 seconds
[2018.09.18-01.58.00:467][  0]LogFileCache: Scanning file cache for directory 'C:/FPS_Game/Saved/Collections/' took 0.01s
[2018.09.18-01.58.00:468][  0]LogFileCache: Scanning file cache for directory 'C:/FPS_Game/Content/Developers/김재원/Collections/' took 0.01s
[2018.09.18-01.58.00:468][  0]LogFileCache: Scanning file cache for directory 'C:/FPS_Game/Content/Collections/' took 0.01s
[2018.09.18-01.58.00:468][  0]LogCollectionManager: Rebuilt the GUID cache for 0 collections in 0.000000 seconds
[2018.09.18-01.58.00:486][  0]LogContentBrowser: Native class hierarchy populated in 0.0182 seconds. Added 2458 classes and 563 folders.
[2018.09.18-01.58.00:505][  0]LogContentBrowser: Native class hierarchy updated for 'WidgetCarousel' in 0.0026 seconds. Added 0 classes and 0 folders.
[2018.09.18-01.58.01:022][  0]LogContentBrowser: Native class hierarchy updated for 'AddContentDialog' in 0.0025 seconds. Added 0 classes and 0 folders.
[2018.09.18-01.58.01:038][  0]LogContentBrowser: Native class hierarchy updated for 'SceneOutliner' in 0.0025 seconds. Added 1 classes and 2 folders.
[2018.09.18-01.58.01:158][  0]LogSlate: Took 0.009742 seconds to synchronously load lazily loaded font '../../../Engine/Content/Slate/Fonts/Roboto-Regular.ttf' (155K)
[2018.09.18-01.58.01:201][  0]LogSlate: Took 0.041857 seconds to synchronously load lazily loaded font '../../../Engine/Content/Editor/Slate/Fonts/NanumGothic.ttf' (4243K)
[2018.09.18-01.58.01:241][  0]LogSlate: Took 0.039409 seconds to synchronously load lazily loaded font '../../../Engine/Content/Editor/Slate/Fonts/NanumGothicBold.ttf' (4188K)
[2018.09.18-01.58.01:248][  0]LogSlate: Took 0.006462 seconds to synchronously load lazily loaded font '../../../Engine/Content/Slate/Fonts/Roboto-Bold.ttf' (160K)
[2018.09.18-01.58.01:262][  0]LogSlate: Took 0.007228 seconds to synchronously load lazily loaded font '../../../Engine/Content/Editor/Slate/Fonts/FontAwesome.ttf' (139K)
[2018.09.18-01.58.01:487][  0]LogRenderer: Reallocating scene render targets to support 1208x612 Format 10 NumSamples 1 (Frame:1).
[2018.09.18-01.58.01:828][  0]LogContentBrowser: Native class hierarchy updated for 'HierarchicalLODOutliner' in 0.0027 seconds. Added 0 classes and 0 folders.
[2018.09.18-01.58.01:828][  0]LogLoad: (Engine Initialization) Total time: 48.38 seconds
[2018.09.18-01.58.01:828][  0]LogLoad: (Engine Initialization) Total Blueprint compile time: 0.00 seconds
[2018.09.18-01.58.02:196][  0]LogContentStreaming: Texture pool size now 1000 MB
[2018.09.18-01.58.02:353][  0]LogSlate: Took 0.063343 seconds to synchronously load lazily loaded font '../../../Engine/Content/Slate/Fonts/Roboto-Light.ttf' (167K)
[2018.09.18-01.58.02:849][  2]LogAssetRegistry: Asset discovery search completed in 16.3731 seconds
[2018.09.18-01.58.02:851][  2]LogCollectionManager: Rebuilt the object cache for 0 collections in 0.000001 seconds (found 0 objects)
[2018.09.18-01.58.02:851][  2]LogCollectionManager: Fixed up redirectors for 0 collections in 0.000076 seconds (updated 0 objects)
[2018.09.18-02.00.00:647][706]LogSlate: FSceneViewport::OnFocusLost() reason 0
[2018.09.18-02.21.31:815][ 40]LogSlate: Window 'FPS_Game - 언리얼 에디터' being destroyed
[2018.09.18-02.21.31:823][ 40]LogWindowsTextInputMethodSystem: Display: IME system now activated using TSF (Microsoft 입력기).
[2018.09.18-02.21.32:136][ 41]Cmd: QUIT_EDITOR
[2018.09.18-02.21.32:234][ 41]LogSlate: Slate User Destroyed.  User Index 0, Is Virtual User: 0
[2018.09.18-02.21.32:236][ 41]LogExit: Preparing to exit.
[2018.09.18-02.21.32:670][ 41]LogDirectoryWatcher: A directory notification for 'C:/FPS_Game/Content/' was aborted.
[2018.09.18-02.21.32:745][ 41]LogExit: Editor shut down
[2018.09.18-02.21.32:765][ 41]LogExit: Transaction tracking system shut down
[2018.09.18-02.21.32:846][ 41]LogDirectoryWatcher: A directory notification for '../../../Engine/Content/' was aborted.
[2018.09.18-02.21.32:846][ 41]LogDirectoryWatcher: A directory notification for '../../../../../../FPS_Game/Content/' was aborted.
[2018.09.18-02.21.32:846][ 41]LogDirectoryWatcher: A directory notification for '../../Plugins/2D/Paper2D/Content/' was aborted.
[2018.09.18-02.21.32:846][ 41]LogDirectoryWatcher: A directory notification for '../../Plugins/Enterprise/DatasmithContent/Content/' was aborted.
[2018.09.18-02.21.32:846][ 41]LogDirectoryWatcher: A directory notification for '../../Plugins/Media/MediaCompositing/Content/' was aborted.
[2018.09.18-02.21.32:846][ 41]LogDirectoryWatcher: A directory notification for '../../Plugins/Runtime/AppleARKit/Content/' was aborted.
[2018.09.18-02.21.32:846][ 41]LogDirectoryWatcher: A directory notification for '../../Plugins/Runtime/Oculus/OculusVR/Content/' was aborted.
[2018.09.18-02.21.32:847][ 41]LogDirectoryWatcher: A directory notification for '../../Plugins/Runtime/Steam/SteamVR/Content/' was aborted.
[2018.09.18-02.21.33:092][ 41]LogExit: Object subsystem successfully closed.
[2018.09.18-02.21.33:144][ 41]LogShaderCompilers: Display: Shaders left to compile 0
[2018.09.18-02.21.33:152][ 41]LogD3D11RHI: Shutdown
[2018.09.18-02.21.33:152][ 41]LogD3D11RHI: CleanupD3DDevice
[2018.09.18-02.21.33:159][ 41]LogD3D11RHI: ~FD3D11DynamicRHI
[2018.09.18-02.21.33:264][ 41]LogModuleManager: Shutting down and abandoning module HierarchicalLODOutliner (578)
[2018.09.18-02.21.33:264][ 41]LogModuleManager: Shutting down and abandoning module DesktopPlatform (576)
[2018.09.18-02.21.33:265][ 41]LogModuleManager: Shutting down and abandoning module SceneOutliner (574)
[2018.09.18-02.21.33:266][ 41]LogModuleManager: Shutting down and abandoning module AddContentDialog (572)
[2018.09.18-02.21.33:268][ 41]LogDirectoryWatcher: A directory notification for 'C:/Program Files/Epic Games/UE_4.19/FeaturePacks/' was aborted.
[2018.09.18-02.21.33:272][ 41]LogModuleManager: Shutting down and abandoning module WidgetCarousel (571)
[2018.09.18-02.21.33:272][ 41]LogModuleManager: Shutting down and abandoning module EditorWidgets (568)
[2018.09.18-02.21.33:272][ 41]LogModuleManager: Shutting down and abandoning module CollectionManager (566)
[2018.09.18-02.21.33:273][ 41]LogDirectoryWatcher: A directory notification for 'C:/FPS_Game/Content/Collections/' was aborted.
[2018.09.18-02.21.33:274][ 41]LogDirectoryWatcher: A directory notification for 'C:/FPS_Game/Content/Developers/김재원/Collections/' was aborted.
[2018.09.18-02.21.33:274][ 41]LogDirectoryWatcher: A directory notification for 'C:/FPS_Game/Saved/Collections/' was aborted.
[2018.09.18-02.21.33:274][ 41]LogModuleManager: Shutting down and abandoning module HierarchicalLODUtilities (564)
[2018.09.18-02.21.33:275][ 41]LogModuleManager: Shutting down and abandoning module StatsViewer (562)
[2018.09.18-02.21.33:275][ 41]LogModuleManager: Shutting down and abandoning module FoliageEdit (560)
[2018.09.18-02.21.33:275][ 41]LogModuleManager: Shutting down and abandoning module LandscapeEditor (558)
[2018.09.18-02.21.33:277][ 41]LogModuleManager: Shutting down and abandoning module MeshPaintMode (556)
[2018.09.18-02.21.33:278][ 41]LogModuleManager: Shutting down and abandoning module SceneDepthPickerMode (554)
[2018.09.18-02.21.33:278][ 41]LogModuleManager: Shutting down and abandoning module ActorPickerMode (552)
[2018.09.18-02.21.33:278][ 41]LogModuleManager: Shutting down and abandoning module GeometryMode (550)
[2018.09.18-02.21.33:279][ 41]LogModuleManager: Shutting down and abandoning module TextureAlignMode (548)
[2018.09.18-02.21.33:279][ 41]LogModuleManager: Shutting down and abandoning module BspMode (546)
[2018.09.18-02.21.33:279][ 41]LogModuleManager: Shutting down and abandoning module PIEPreviewDeviceProfileSelector (544)
[2018.09.18-02.21.33:279][ 41]LogModuleManager: Shutting down and abandoning module HardwareSurvey (542)
[2018.09.18-02.21.33:279][ 41]LogModuleManager: Shutting down and abandoning module SequenceRecorderSections (540)
[2018.09.18-02.21.33:279][ 41]LogModuleManager: Shutting down and abandoning module AutomationWorker (538)
[2018.09.18-02.21.33:279][ 41]LogModuleManager: Shutting down and abandoning module AudioCaptureEditor (536)
[2018.09.18-02.21.33:279][ 41]LogModuleManager: Shutting down and abandoning module SequenceRecorder (535)
[2018.09.18-02.21.33:280][ 41]LogModuleManager: Shutting down and abandoning module MatineeToLevelSequence (532)
[2018.09.18-02.21.33:281][ 41]LogModuleManager: Shutting down and abandoning module LevelSequenceEditor (530)
[2018.09.18-02.21.33:286][ 41]LogModuleManager: Shutting down and abandoning module PlacementMode (529)
[2018.09.18-02.21.33:286][ 41]LogModuleManager: Shutting down and abandoning module MaterialEditor (528)
[2018.09.18-02.21.33:291][ 41]LogModuleManager: Shutting down and abandoning module WmfMediaFactory (524)
[2018.09.18-02.21.33:291][ 41]LogModuleManager: Shutting down and abandoning module WmfMediaEditor (522)
[2018.09.18-02.21.33:291][ 41]LogModuleManager: Shutting down and abandoning module MediaPlayerEditor (520)
[2018.09.18-02.21.33:294][ 41]LogModuleManager: Shutting down and abandoning module OpenExrWrapper (518)
[2018.09.18-02.21.33:294][ 41]LogModuleManager: Shutting down and abandoning module ImgMediaFactory (516)
[2018.09.18-02.21.33:294][ 41]LogModuleManager: Shutting down and abandoning module ImgMediaEditor (514)
[2018.09.18-02.21.33:294][ 41]LogModuleManager: Shutting down and abandoning module AvfMediaFactory (512)
[2018.09.18-02.21.33:294][ 41]LogModuleManager: Shutting down and abandoning module AvfMediaEditor (510)
[2018.09.18-02.21.33:294][ 41]LogModuleManager: Shutting down and abandoning module AndroidMediaFactory (508)
[2018.09.18-02.21.33:294][ 41]LogModuleManager: Shutting down and abandoning module AndroidMediaEditor (506)
[2018.09.18-02.21.33:294][ 41]LogModuleManager: Shutting down and abandoning module CharacterAI (504)
[2018.09.18-02.21.33:294][ 41]LogModuleManager: Shutting down and abandoning module SmartSnapping (502)
[2018.09.18-02.21.33:294][ 41]LogModuleManager: Shutting down and abandoning module SessionServices (500)
[2018.09.18-02.21.33:294][ 41]LogModuleManager: Shutting down and abandoning module ViewportSnapping (498)
[2018.09.18-02.21.33:294][ 41]LogModuleManager: Shutting down and abandoning module ViewportInteraction (496)
[2018.09.18-02.21.33:294][ 41]LogModuleManager: Shutting down and abandoning module ClothPainter (494)
[2018.09.18-02.21.33:297][ 41]LogModuleManager: Shutting down and abandoning module SkeletalMeshEditor (493)
[2018.09.18-02.21.33:299][ 41]LogModuleManager: Shutting down and abandoning module LogVisualizer (490)
[2018.09.18-02.21.33:302][ 41]LogModuleManager: Shutting down and abandoning module IntroTutorials (488)
[2018.09.18-02.21.33:304][ 41]LogModuleManager: Shutting down and abandoning module GameProjectGeneration (487)
[2018.09.18-02.21.33:306][ 41]LogModuleManager: Shutting down and abandoning module IOSPlatformEditor (484)
[2018.09.18-02.21.33:307][ 41]LogModuleManager: Shutting down and abandoning module HTML5PlatformEditor (482)
[2018.09.18-02.21.33:307][ 41]LogModuleManager: Shutting down and abandoning module AndroidPlatformEditor (480)
[2018.09.18-02.21.33:307][ 41]LogModuleManager: Shutting down and abandoning module AndroidDeviceDetection (479)
[2018.09.18-02.21.33:729][ 41]LogModuleManager: Shutting down and abandoning module WindowsPlatformEditor (476)
[2018.09.18-02.21.33:729][ 41]LogModuleManager: Shutting down and abandoning module IOSRuntimeSettings (474)
[2018.09.18-02.21.33:729][ 41]LogModuleManager: Shutting down and abandoning module AndroidRuntimeSettings (472)
[2018.09.18-02.21.33:729][ 41]LogModuleManager: Shutting down and abandoning module InputBindingEditor (470)
[2018.09.18-02.21.33:732][ 41]LogModuleManager: Shutting down and abandoning module MergeActors (468)
[2018.09.18-02.21.33:734][ 41]LogModuleManager: Shutting down and abandoning module LocalizationDashboard (466)
[2018.09.18-02.21.33:735][ 41]LogModuleManager: Shutting down and abandoning module LocalizationService (465)
[2018.09.18-02.21.33:735][ 41]LogModuleManager: Shutting down and abandoning module HardwareTargeting (462)
[2018.09.18-02.21.33:735][ 41]LogModuleManager: Shutting down and abandoning module DeviceProfileEditor (460)
[2018.09.18-02.21.33:736][ 41]LogModuleManager: Shutting down and abandoning module UndoHistory (458)
[2018.09.18-02.21.33:736][ 41]LogModuleManager: Shutting down and abandoning module XmlParser (456)
[2018.09.18-02.21.33:737][ 41]LogModuleManager: Shutting down and abandoning module Blutility (454)
[2018.09.18-02.21.33:737][ 41]LogModuleManager: Shutting down and abandoning module ProjectSettingsViewer (452)
[2018.09.18-02.21.33:737][ 41]LogModuleManager: Shutting down and abandoning module ProjectTargetPlatformEditor (451)
[2018.09.18-02.21.33:738][ 41]LogModuleManager: Shutting down and abandoning module EditorSettingsViewer (448)
[2018.09.18-02.21.33:738][ 41]LogModuleManager: Shutting down and abandoning module SettingsEditor (446)
[2018.09.18-02.21.33:742][ 41]LogModuleManager: Shutting down and abandoning module ProjectLauncher (444)
[2018.09.18-02.21.33:743][ 41]LogModuleManager: Shutting down and abandoning module SessionFrontend (442)
[2018.09.18-02.21.33:743][ 41]LogModuleManager: Shutting down and abandoning module ProfilerClient (440)
[2018.09.18-02.21.33:744][ 41]LogModuleManager: Shutting down and abandoning module DeviceManager (438)
[2018.09.18-02.21.33:745][ 41]LogModuleManager: Shutting down and abandoning module TargetDeviceServices (437)
[2018.09.18-02.21.33:800][ 41]LogModuleManager: Shutting down and abandoning module AutomationController (434)
[2018.09.18-02.21.33:801][ 41]LogModuleManager: Shutting down and abandoning module AutomationWindow (432)
[2018.09.18-02.21.33:804][ 41]LogModuleManager: Shutting down and abandoning module Layers (430)
[2018.09.18-02.21.33:810][ 41]LogModuleManager: Shutting down and abandoning module ComponentVisualizers (428)
[2018.09.18-02.21.33:810][ 41]LogModuleManager: Shutting down and abandoning module DetailCustomizations (426)
[2018.09.18-02.21.33:810][ 41]LogModuleManager: Shutting down and abandoning module PackagesDialog (424)
[2018.09.18-02.21.33:814][ 41]LogModuleManager: Shutting down and abandoning module Persona (422)
[2018.09.18-02.21.33:816][ 41]LogModuleManager: Shutting down and abandoning module AdvancedPreviewScene (421)
[2018.09.18-02.21.33:816][ 41]LogModuleManager: Shutting down and abandoning module AnimGraph (419)
[2018.09.18-02.21.33:816][ 41]LogModuleManager: Shutting down and abandoning module Kismet (416)
[2018.09.18-02.21.33:818][ 41]LogModuleManager: Shutting down and abandoning module GraphEditor (414)
[2018.09.18-02.21.33:822][ 41]LogModuleManager: Shutting down and abandoning module ClassViewer (412)
[2018.09.18-02.21.33:822][ 41]LogModuleManager: Shutting down and abandoning module Toolbox (410)
[2018.09.18-02.21.33:822][ 41]LogModuleManager: Shutting down and abandoning module ModuleUI (408)
[2018.09.18-02.21.33:822][ 41]LogModuleManager: Shutting down and abandoning module MovieSceneTools (406)
[2018.09.18-02.21.33:825][ 41]LogModuleManager: Shutting down and abandoning module OutputLog (404)
[2018.09.18-02.21.33:825][ 41]LogModuleManager: Shutting down and abandoning module GammaUI (402)
[2018.09.18-02.21.33:825][ 41]LogModuleManager: Shutting down and abandoning module Documentation (400)
[2018.09.18-02.21.33:826][ 41]LogModuleManager: Shutting down and abandoning module MovieSceneTracks (398)
[2018.09.18-02.21.33:826][ 41]LogModuleManager: Shutting down and abandoning module MovieScene (396)
[2018.09.18-02.21.33:826][ 41]LogModuleManager: Shutting down and abandoning module StreamingPauseRendering (394)
[2018.09.18-02.21.33:826][ 41]LogModuleManager: Shutting down and abandoning module LauncherPlatform (392)
[2018.09.18-02.21.33:826][ 41]LogModuleManager: Shutting down and abandoning module AnalyticsET (390)
[2018.09.18-02.21.33:826][ 41]LogModuleManager: Shutting down and abandoning module PortalServices (388)
[2018.09.18-02.21.33:826][ 41]LogModuleManager: Shutting down and abandoning module PortalRpc (386)
[2018.09.18-02.21.33:826][ 41]LogModuleManager: Shutting down and abandoning module MessagingRpc (384)
[2018.09.18-02.21.33:826][ 41]LogModuleManager: Shutting down and abandoning module AIModule (382)
[2018.09.18-02.21.33:826][ 41]LogModuleManager: Shutting down and abandoning module GameplayDebugger (381)
[2018.09.18-02.21.33:826][ 41]LogModuleManager: Shutting down and abandoning module AITestSuite (379)
[2018.09.18-02.21.33:827][ 41]LogModuleManager: Shutting down and abandoning module ProfilerService (376)
[2018.09.18-02.21.33:953][ 41]LogModuleManager: Shutting down and abandoning module TaskGraph (374)
[2018.09.18-02.21.33:955][ 41]LogModuleManager: Shutting down and abandoning module SteamVRController (372)
[2018.09.18-02.21.33:955][ 41]LogModuleManager: Shutting down and abandoning module ProceduralMeshComponentEditor (370)
[2018.09.18-02.21.33:955][ 41]LogModuleManager: Shutting down and abandoning module ProceduralMeshComponent (368)
[2018.09.18-02.21.33:956][ 41]LogModuleManager: Shutting down and abandoning module OculusInput (366)
[2018.09.18-02.21.33:957][ 41]LogModuleManager: Shutting down and abandoning module MobilePatchingUtils (364)
[2018.09.18-02.21.33:957][ 41]LogModuleManager: Shutting down and abandoning module CustomMeshComponent (362)
[2018.09.18-02.21.33:957][ 41]LogModuleManager: Shutting down and abandoning module CableComponent (360)
[2018.09.18-02.21.33:957][ 41]LogModuleManager: Shutting down and abandoning module AudioCapture (358)
[2018.09.18-02.21.33:958][ 41]LogModuleManager: Shutting down and abandoning module ArchVisCharacter (356)
[2018.09.18-02.21.33:958][ 41]LogModuleManager: Shutting down and abandoning module AndroidPermission (354)
[2018.09.18-02.21.33:958][ 41]LogModuleManager: Shutting down and abandoning module NUTUnrealEngine4 (350)
[2018.09.18-02.21.33:958][ 41]LogModuleManager: Shutting down and abandoning module NetcodeUnitTest (348)
[2018.09.18-02.21.33:960][ 41]LogModuleManager: Shutting down and abandoning module MediaCompositingEditor (346)
[2018.09.18-02.21.33:960][ 41]LogModuleManager: Shutting down and abandoning module MediaCompositing (344)
[2018.09.18-02.21.33:960][ 41]LogModuleManager: Shutting down and abandoning module LinearTimecode (342)
[2018.09.18-02.21.33:960][ 41]LogModuleManager: Shutting down and abandoning module ImgMedia (340)
[2018.09.18-02.21.33:966][ 41]LogModuleManager: Shutting down and abandoning module HTML5Networking (338)
[2018.09.18-02.21.33:966][ 41]LogModuleManager: Shutting down and abandoning module AlembicImporter (336)
[2018.09.18-02.21.33:966][ 41]LogModuleManager: Shutting down and abandoning module AlembicLibrary (335)
[2018.09.18-02.21.33:966][ 41]LogModuleManager: Shutting down and abandoning module GeometryCache (334)
[2018.09.18-02.21.33:966][ 41]LogModuleManager: Shutting down and abandoning module GeometryCacheEd (333)
[2018.09.18-02.21.33:966][ 41]LogModuleManager: Shutting down and abandoning module DatasmithContent (328)
[2018.09.18-02.21.33:966][ 41]LogModuleManager: Shutting down and abandoning module SpeedTreeImporter (326)
[2018.09.18-02.21.33:966][ 41]LogModuleManager: Shutting down and abandoning module PluginBrowser (324)
[2018.09.18-02.21.33:971][ 41]LogModuleManager: Shutting down and abandoning module MobileLauncherProfileWizard (322)
[2018.09.18-02.21.33:972][ 41]LogModuleManager: Shutting down and abandoning module CryptoKeysOpenSSL (320)
[2018.09.18-02.21.33:976][ 41]LogModuleManager: Shutting down and abandoning module CryptoKeys (318)
[2018.09.18-02.21.33:976][ 41]LogModuleManager: Shutting down and abandoning module VisualStudioSourceCodeAccess (316)
[2018.09.18-02.21.33:976][ 41]LogModuleManager: Shutting down and abandoning module VisualStudioCodeSourceCodeAccess (314)
[2018.09.18-02.21.33:976][ 41]LogModuleManager: Shutting down and abandoning module UObjectPlugin (312)
[2018.09.18-02.21.33:976][ 41]LogModuleManager: Shutting down and abandoning module SubversionSourceControl (310)
[2018.09.18-02.21.33:977][ 41]LogModuleManager: Shutting down and abandoning module PerforceSourceControl (308)
[2018.09.18-02.21.33:979][ 41]LogModuleManager: Shutting down and abandoning module GitSourceControl (306)
[2018.09.18-02.21.33:983][ 41]LogModuleManager: Shutting down and abandoning module SourceControl (305)
[2018.09.18-02.21.33:984][ 41]LogModuleManager: Shutting down and abandoning module CLionSourceCodeAccess (302)
[2018.09.18-02.21.33:985][ 41]LogModuleManager: Shutting down and abandoning module LightPropagationVolumeEditor (300)
[2018.09.18-02.21.33:985][ 41]LogModuleManager: Shutting down and abandoning module PaperTiledImporter (298)
[2018.09.18-02.21.33:985][ 41]LogModuleManager: Shutting down and abandoning module PaperSpriteSheetImporter (296)
[2018.09.18-02.21.33:985][ 41]LogModuleManager: Shutting down and abandoning module Paper2DEditor (294)
[2018.09.18-02.21.33:987][ 41]LogModuleManager: Shutting down and abandoning module MeshPaint (293)
[2018.09.18-02.21.33:989][ 41]LogModuleManager: Shutting down and abandoning module FPS_Game (290)
[2018.09.18-02.21.33:989][ 41]LogModuleManager: Shutting down and abandoning module RuntimePhysXCooking (288)
[2018.09.18-02.21.33:989][ 41]LogModuleManager: Shutting down and abandoning module PhysXVehiclesEditor (286)
[2018.09.18-02.21.33:989][ 41]LogModuleManager: Shutting down and abandoning module PhysXVehicles (284)
[2018.09.18-02.21.33:989][ 41]LogModuleManager: Shutting down and abandoning module OculusEditor (282)
[2018.09.18-02.21.33:989][ 41]LogModuleManager: Shutting down and abandoning module LocationServicesBPLibrary (280)
[2018.09.18-02.21.33:989][ 41]LogModuleManager: Shutting down and abandoning module ImmediatePhysicsEditor (278)
[2018.09.18-02.21.33:989][ 41]LogModuleManager: Shutting down and abandoning module ImmediatePhysics (276)
[2018.09.18-02.21.33:991][ 41]LogModuleManager: Shutting down and abandoning module ActorSequence (274)
[2018.09.18-02.21.33:991][ 41]LogModuleManager: Shutting down and abandoning module UdpMessaging (272)
[2018.09.18-02.21.34:093][ 41]LogModuleManager: Shutting down and abandoning module TcpMessaging (270)
[2018.09.18-02.21.34:194][ 41]LogModuleManager: Shutting down and abandoning module GameplayTagsEditor (268)
[2018.09.18-02.21.34:196][ 41]LogModuleManager: Shutting down and abandoning module FacialAnimationEditor (266)
[2018.09.18-02.21.34:196][ 41]LogModuleManager: Shutting down and abandoning module FacialAnimation (264)
[2018.09.18-02.21.34:196][ 41]LogModuleManager: Shutting down and abandoning module DataValidation (262)
[2018.09.18-02.21.34:197][ 41]LogModuleManager: Shutting down and abandoning module AssetManagerEditor (260)
[2018.09.18-02.21.34:198][ 41]LogModuleManager: Shutting down and abandoning module LevelEditor (259)
[2018.09.18-02.21.34:201][ 41]LogModuleManager: Shutting down and abandoning module PixelInspectorModule (258)
[2018.09.18-02.21.34:202][ 41]LogModuleManager: Shutting down and abandoning module CommonMenuExtensions (256)
[2018.09.18-02.21.34:202][ 41]LogModuleManager: Shutting down and abandoning module MainFrame (254)
[2018.09.18-02.21.34:202][ 41]LogModuleManager: Shutting down and abandoning module HotReload (253)
[2018.09.18-02.21.34:203][ 41]LogDirectoryWatcher: A directory notification for 'C:/FPS_Game/Binaries/Win64' was aborted.
[2018.09.18-02.21.34:204][ 41]LogModuleManager: Shutting down and abandoning module ContentBrowser (249)
[2018.09.18-02.21.34:206][ 41]LogModuleManager: Shutting down and abandoning module TreeMap (247)
[2018.09.18-02.21.34:207][ 41]LogModuleManager: Shutting down and abandoning module LightPropagationVolumeRuntime (244)
[2018.09.18-02.21.34:207][ 41]LogModuleManager: Shutting down and abandoning module LiveLinkEditor (242)
[2018.09.18-02.21.34:208][ 41]LogModuleManager: Shutting down and abandoning module LiveLink (240)
[2018.09.18-02.21.35:162][ 41]LogModuleManager: Shutting down and abandoning module Paper2D (238)
[2018.09.18-02.21.35:164][ 41]LogModuleManager: Shutting down and abandoning module WindowsMoviePlayer (236)
[2018.09.18-02.21.35:164][ 41]LogModuleManager: Shutting down and abandoning module WmfMedia (234)
[2018.09.18-02.21.35:167][ 41]LogModuleManager: Shutting down and abandoning module Media (233)
[2018.09.18-02.21.35:173][ 41]LogModuleManager: Shutting down and abandoning module PacketHandler (230)
[2018.09.18-02.21.35:173][ 41]LogModuleManager: Shutting down and abandoning module ClothingSystemEditor (228)
[2018.09.18-02.21.35:173][ 41]LogModuleManager: Shutting down and abandoning module ClothingSystemRuntime (226)
[2018.09.18-02.21.35:174][ 41]LogModuleManager: Shutting down and abandoning module MediaAssets (224)
[2018.09.18-02.21.35:174][ 41]LogModuleManager: Shutting down and abandoning module Overlay (222)
[2018.09.18-02.21.35:174][ 41]LogModuleManager: Shutting down and abandoning module OverlayEditor (221)
[2018.09.18-02.21.35:174][ 41]LogModuleManager: Shutting down and abandoning module VREditor (218)
[2018.09.18-02.21.35:178][ 41]LogModuleManager: Shutting down and abandoning module StringTableEditor (216)
[2018.09.18-02.21.35:178][ 41]LogModuleManager: Shutting down and abandoning module GameplayTasksEditor (214)
[2018.09.18-02.21.35:178][ 41]LogModuleManager: Shutting down and abandoning module BehaviorTreeEditor (212)
[2018.09.18-02.21.35:181][ 41]LogModuleManager: Shutting down and abandoning module FunctionalTesting (210)
[2018.09.18-02.21.35:185][ 41]LogModuleManager: Shutting down and abandoning module CollisionAnalyzer (208)
[2018.09.18-02.21.35:186][ 41]LogModuleManager: Shutting down and abandoning module WorkspaceMenuStructure (207)
[2018.09.18-02.21.35:186][ 41]LogModuleManager: Shutting down and abandoning module UMG (204)
[2018.09.18-02.21.35:189][ 41]LogModuleManager: Shutting down and abandoning module UMGEditor (203)
[2018.09.18-02.21.35:196][ 41]LogModuleManager: Shutting down and abandoning module Sequencer (202)
[2018.09.18-02.21.35:198][ 41]LogModuleManager: Shutting down and abandoning module MessageLog (199)
[2018.09.18-02.21.35:198][ 41]LogModuleManager: Shutting down and abandoning module SlateReflector (194)
[2018.09.18-02.21.35:204][ 41]LogModuleManager: Shutting down and abandoning module Slate (192)
[2018.09.18-02.21.35:204][ 41]LogModuleManager: Shutting down and abandoning module EditorStyle (190)
[2018.09.18-02.21.35:210][ 41]LogModuleManager: Shutting down and abandoning module MRMesh (188)
[2018.09.18-02.21.35:210][ 41]LogModuleManager: Shutting down and abandoning module SourceCodeAccess (186)
[2018.09.18-02.21.35:210][ 41]LogModuleManager: Shutting down and abandoning module HeadMountedDisplay (184)
[2018.09.18-02.21.35:210][ 41]LogModuleManager: Shutting down and abandoning module XAudio2 (182)
[2018.09.18-02.21.35:210][ 41]LogModuleManager: Shutting down and abandoning module Networking (180)
[2018.09.18-02.21.35:210][ 41]LogModuleManager: Shutting down and abandoning module Core (178)
[2018.09.18-02.21.35:210][ 41]LogModuleManager: Shutting down and abandoning module LevelSequence (176)
[2018.09.18-02.21.35:211][ 41]LogModuleManager: Shutting down and abandoning module KismetCompiler (174)
[2018.09.18-02.21.35:211][ 41]LogModuleManager: Shutting down and abandoning module MeshUtilities (172)
[2018.09.18-02.21.35:213][ 41]LogModuleManager: Shutting down and abandoning module MeshMergeUtilities (171)
[2018.09.18-02.21.35:213][ 41]LogModuleManager: Shutting down and abandoning module MeshReductionInterface (170)
[2018.09.18-02.21.35:213][ 41]LogModuleManager: Shutting down and abandoning module SimplygonSwarm (169)
[2018.09.18-02.21.35:214][ 41]LogModuleManager: Shutting down and abandoning module SimplygonMeshReduction (167)
[2018.09.18-02.21.35:215][ 41]LogModuleManager: Shutting down and abandoning module QuadricMeshReduction (165)
[2018.09.18-02.21.35:216][ 41]LogModuleManager: Shutting down and abandoning module MaterialBaking (161)
[2018.09.18-02.21.35:217][ 41]LogModuleManager: Shutting down and abandoning module DirectoryWatcher (157)
[2018.09.18-02.21.35:222][ 41]LogModuleManager: Shutting down and abandoning module DerivedDataCache (154)
[2018.09.18-02.21.35:316][ 41]LogDerivedDataCache: Shutdown
[2018.09.18-02.21.35:317][ 41]LogModuleManager: Shutting down and abandoning module XGEController (152)
[2018.09.18-02.21.35:317][ 41]LogXGEController: Cleaning working directory: C:/Users/김재원/AppData/Local/Temp/UnrealXGEWorkingDir/
[2018.09.18-02.21.35:317][ 41]LogModuleManager: Shutting down and abandoning module TargetPlatform (150)
[2018.09.18-02.21.35:317][ 41]LogModuleManager: Shutting down and abandoning module VulkanShaderFormat (149)
[2018.09.18-02.21.35:318][ 41]LogModuleManager: Shutting down and abandoning module ShaderFormatVectorVM (147)
[2018.09.18-02.21.35:318][ 41]LogModuleManager: Shutting down and abandoning module ShaderFormatOpenGL (145)
[2018.09.18-02.21.35:319][ 41]LogModuleManager: Shutting down and abandoning module ShaderFormatD3D (143)
[2018.09.18-02.21.35:320][ 41]LogModuleManager: Shutting down and abandoning module MetalShaderFormat (141)
[2018.09.18-02.21.35:322][ 41]LogModuleManager: Shutting down and abandoning module TextureFormatUncompressed (139)
[2018.09.18-02.21.35:322][ 41]LogModuleManager: Shutting down and abandoning module TextureFormatPVR (137)
[2018.09.18-02.21.35:323][ 41]LogModuleManager: Shutting down and abandoning module TextureFormatDXT (135)
[2018.09.18-02.21.35:324][ 41]LogModuleManager: Shutting down and abandoning module TextureFormatIntelISPCTexComp (133)
[2018.09.18-02.21.35:325][ 41]LogModuleManager: Shutting down and abandoning module TextureFormatASTC (131)
[2018.09.18-02.21.35:325][ 41]LogModuleManager: Shutting down and abandoning module ImageWrapper (130)
[2018.09.18-02.21.35:325][ 41]LogModuleManager: Shutting down and abandoning module TextureFormatAndroid (127)
[2018.09.18-02.21.35:325][ 41]LogModuleManager: Shutting down and abandoning module AudioFormatOpus (125)
[2018.09.18-02.21.35:325][ 41]LogModuleManager: Shutting down and abandoning module AudioFormatOgg (123)
[2018.09.18-02.21.35:325][ 41]LogModuleManager: Shutting down and abandoning module AudioFormatADPCM (121)
[2018.09.18-02.21.35:325][ 41]LogModuleManager: Shutting down and abandoning module LinuxTargetPlatform (119)
[2018.09.18-02.21.35:325][ 41]LogModuleManager: Shutting down and abandoning module LinuxServerTargetPlatform (117)
[2018.09.18-02.21.35:325][ 41]LogModuleManager: Shutting down and abandoning module LinuxNoEditorTargetPlatform (115)
[2018.09.18-02.21.35:325][ 41]LogModuleManager: Shutting down and abandoning module LinuxClientTargetPlatform (113)
[2018.09.18-02.21.35:325][ 41]LogModuleManager: Shutting down and abandoning module TVOSTargetPlatform (111)
[2018.09.18-02.21.35:325][ 41]LogModuleManager: Shutting down and abandoning module Messaging (109)
[2018.09.18-02.21.35:325][ 41]LogModuleManager: Shutting down and abandoning module IOSTargetPlatform (107)
[2018.09.18-02.21.35:325][ 41]LogModuleManager: Shutting down and abandoning module HTML5TargetPlatform (105)
[2018.09.18-02.21.35:325][ 41]LogModuleManager: Shutting down and abandoning module AndroidTargetPlatform (103)
[2018.09.18-02.21.35:325][ 41]LogModuleManager: Shutting down and abandoning module Android_PVRTCTargetPlatform (101)
[2018.09.18-02.21.35:325][ 41]LogModuleManager: Shutting down and abandoning module Android_MultiTargetPlatform (99)
[2018.09.18-02.21.35:325][ 41]LogModuleManager: Shutting down and abandoning module Android_ETC2TargetPlatform (97)
[2018.09.18-02.21.35:325][ 41]LogModuleManager: Shutting down and abandoning module Android_ETC1TargetPlatform (95)
[2018.09.18-02.21.35:325][ 41]LogModuleManager: Shutting down and abandoning module Android_ETC1aTargetPlatform (93)
[2018.09.18-02.21.35:325][ 41]LogModuleManager: Shutting down and abandoning module Android_DXTTargetPlatform (91)
[2018.09.18-02.21.35:325][ 41]LogModuleManager: Shutting down and abandoning module Android_ATCTargetPlatform (89)
[2018.09.18-02.21.35:325][ 41]LogModuleManager: Shutting down and abandoning module Android_ASTCTargetPlatform (87)
[2018.09.18-02.21.35:325][ 41]LogModuleManager: Shutting down and abandoning module WindowsTargetPlatform (85)
[2018.09.18-02.21.35:325][ 41]LogModuleManager: Shutting down and abandoning module WindowsServerTargetPlatform (83)
[2018.09.18-02.21.35:325][ 41]LogModuleManager: Shutting down and abandoning module WindowsNoEditorTargetPlatform (81)
[2018.09.18-02.21.35:325][ 41]LogModuleManager: Shutting down and abandoning module WindowsClientTargetPlatform (79)
[2018.09.18-02.21.35:326][ 41]LogModuleManager: Shutting down and abandoning module MacTargetPlatform (77)
[2018.09.18-02.21.35:326][ 41]LogModuleManager: Shutting down and abandoning module MacServerTargetPlatform (75)
[2018.09.18-02.21.35:326][ 41]LogModuleManager: Shutting down and abandoning module MacNoEditorTargetPlatform (73)
[2018.09.18-02.21.35:326][ 41]LogModuleManager: Shutting down and abandoning module MacClientTargetPlatform (71)
[2018.09.18-02.21.35:326][ 41]LogModuleManager: Shutting down and abandoning module AllDesktopTargetPlatform (69)
[2018.09.18-02.21.35:326][ 41]LogModuleManager: Shutting down and abandoning module InputCore (66)
[2018.09.18-02.21.35:326][ 41]LogModuleManager: Shutting down and abandoning module Settings (64)
[2018.09.18-02.21.35:326][ 41]LogModuleManager: Shutting down and abandoning module PhysXCooking (62)
[2018.09.18-02.21.35:326][ 41]LogModuleManager: Shutting down and abandoning module SteamVR (60)
[2018.09.18-02.21.35:326][ 41]LogModuleManager: Shutting down and abandoning module OculusHMD (58)
[2018.09.18-02.21.35:326][ 41]LogModuleManager: Shutting down and abandoning module ExampleDeviceProfileSelector (56)
[2018.09.18-02.21.35:326][ 41]LogModuleManager: Shutting down and abandoning module AppleARKit (54)
[2018.09.18-02.21.35:327][ 41]LogModuleManager: Shutting down and abandoning module AugmentedReality (51)
[2018.09.18-02.21.35:327][ 41]LogModuleManager: Shutting down and abandoning module OnlineBlueprintSupport (48)
[2018.09.18-02.21.35:327][ 41]LogModuleManager: Shutting down and abandoning module OnlineSubsystem (44)
[2018.09.18-02.21.35:332][ 41]LogModuleManager: Shutting down and abandoning module XMPP (43)
[2018.09.18-02.21.35:336][ 41]LogModuleManager: Shutting down and abandoning module HTTP (41)
[2018.09.18-02.21.35:337][ 41]LogHttp: Display: Http module shutting down, but needs to wait on 1 outstanding Http requests:
[2018.09.18-02.21.35:337][ 41]LogHttp: Display: 	verb=[POST] url=[https://datarouter.ol.epicgames.com/datarouter/api/v1/public/data?SessionID=%7B76E1D3F4-4D6A-F60D-A4B4-D0B307D8D8FE%7D&AppID=UEEditor.Rocket.Release&AppVersion=4.19.2-4033788%2B%2B%2BUE4%2BRelease-4.19&UserID=fb696bb049af9a4b4de108847f062a9e%7C08d7164c659843878d142b90a225840e%7C8875a4d1-f228-4ecc-8b55-bfdbc7fc7442&AppEnvironment=datacollector-binary&UploadType=eteventstream] status=Processing
[2018.09.18-02.21.35:372][ 41]LogModuleManager: Shutting down and abandoning module SSL (40)
[2018.09.18-02.21.35:378][ 41]LogModuleManager: Shutting down and abandoning module AnimationModifiers (36)
[2018.09.18-02.21.35:381][ 41]LogModuleManager: Shutting down and abandoning module PropertyEditor (35)
[2018.09.18-02.21.35:383][ 41]LogModuleManager: Shutting down and abandoning module AudioEditor (32)
[2018.09.18-02.21.35:386][ 41]LogModuleManager: Shutting down and abandoning module TextureCompressor (30)
[2018.09.18-02.21.35:390][ 41]LogModuleManager: Shutting down and abandoning module ShaderCore (28)
[2018.09.18-02.21.35:390][ 41]LogModuleManager: Shutting down and abandoning module Landscape (26)
[2018.09.18-02.21.35:390][ 41]LogModuleManager: Shutting down and abandoning module SlateRHIRenderer (24)
[2018.09.18-02.21.35:402][ 41]LogModuleManager: Shutting down and abandoning module OpenGLDrv (22)
[2018.09.18-02.21.35:405][ 41]LogModuleManager: Shutting down and abandoning module D3D11RHI (20)
[2018.09.18-02.21.35:405][ 41]LogModuleManager: Shutting down and abandoning module AnimGraphRuntime (18)
[2018.09.18-02.21.35:406][ 41]LogModuleManager: Shutting down and abandoning module Renderer (16)
[2018.09.18-02.21.35:406][ 41]LogModuleManager: Shutting down and abandoning module Engine (14)
[2018.09.18-02.21.35:406][ 41]LogModuleManager: Shutting down and abandoning module CoreUObject (12)
[2018.09.18-02.21.35:406][ 41]LogModuleManager: Shutting down and abandoning module NetworkFile (10)
[2018.09.18-02.21.35:407][ 41]LogModuleManager: Shutting down and abandoning module CookedIterativeFile (8)
[2018.09.18-02.21.35:407][ 41]LogModuleManager: Shutting down and abandoning module StreamingFile (6)
[2018.09.18-02.21.35:408][ 41]LogModuleManager: Shutting down and abandoning module SandboxFile (4)
[2018.09.18-02.21.35:408][ 41]LogModuleManager: Shutting down and abandoning module PakFile (2)
[2018.09.18-02.21.35:424][ 41]LogExit: Exiting.
[2018.09.18-02.21.35:475][ 41]Log file closed, 09/18/18 11:21:35
